
     Program SCTK v.6.4.1 starts on 22Nov2019 at 21: 2: 3 

     This program is part of the open-source Quantum ESPRESSO suite
     for quantum simulation of materials; please cite
         "P. Giannozzi et al., J. Phys.:Condens. Matter 21 395502 (2009);
         "P. Giannozzi et al., J. Phys.:Condens. Matter 29 465901 (2017);
          URL http://www.quantum-espresso.org", 
     in publications or presentations arising from this work. More details at
     http://www.quantum-espresso.org/quote

     Parallel version (MPI & OpenMP), running on      32 processor cores
     Number of MPI processes:                32
     Threads/MPI process:                     1

     MPI processes distributed on     1 nodes
     K-points division:     npool     =      32

     Reading xml data from directory:

     ./pwscf.save/

     IMPORTANT: XC functional enforced from input :
     Exchange-correlation= PBE
                           (   1   4   3   4   0   0   0)
     Any further DFT definition will be discarded
     Please, verify this is what you really want


     G-vector sticks info
     --------------------
     sticks:   dense  smooth     PW     G-vecs:    dense   smooth      PW
     Sum         511     511    163                 7799     7799    1411


     Check: negative core charge=   -0.000002
     Dense k-grid : 16  16  16
     Number of k(dense) : 145
     [opt_tetra]  Optimized tetrahedron method is used.

     Number of bands :      10
     Number of k times spin :     145
     Number of symmetries :      48
     Lowest band which contains FS :       2
     Highest band which contains FS :       3
     [opt_tetra]  Optimized tetrahedron method is used.

     #####  Read from STDIN  #####

                      q grid : 4  4  4
         # of Chebyshev int. : 5
                 The first q : 1
                  The last q : 0
                      laddxc : 0
                         lsf : 1
       Cutoff kinetic energy :  0.65000E+02


     Dynamical matrices for ( 4, 4, 4)  uniform grid of q-points
     With a half shift
     (  10 q-points):
       N         xq(1)         xq(2)         xq(3) 
       1   0.088388348   0.088388348   0.088388348
       2   0.265165043   0.265165043  -0.088388348
       3  -0.265165043  -0.265165043   0.441941738
       4  -0.088388348  -0.088388348   0.265165043
       5   0.441941738   0.088388348   0.088388348
       6  -0.088388348  -0.441941738   0.618718434
       7   0.088388348  -0.265165043   0.441941738
       8  -0.618718434   0.088388348   0.088388348
       9   0.265165043   0.265165043   0.265165043
      10  -0.265165043  -0.265165043   0.795495129
     Because shifted q grid is used, q2r will not work !

     #####  Read gvectors.dat & evc.dat  #####

       k-point per PE : 2
       Total RAM for input WFC :   0.20E-01 GB

     #####  FFT wfc(G) -> wfc(r)  #####

       Grid :  15  15  15
       Total RAM for WFC(r) :   0.14E+00 GB

     #####  Generate f_xc  #####


     #####  Set frequency grid  #####

       RAM for Kel per process :   0.92E-03 GB
       Index, Frequency [Ry]
         0       0.0000000E+00
         1       0.8070090E-01
         2       0.2360680E+00
         3       0.5095254E+00
         4       0.1000000E+01
         5       0.1962611E+01
         6       0.4236068E+01
         7       0.1239144E+02
         8     Infinity

     #####  Compute K_el  #####


       q-point : 1

         Number of PWs for W : 953
         Total RAM for Vscr :   0.23E+00 GB

         Stoner factor:

            0.21205E+00

         Averaged potential (mu)

           DOS(EF) =     0.5412E+01 [/Ry]
           Frequency [Ry], Coulomb parameter(mu)
                        0  0.2887E+00
               0.8070E-01  0.3578E+00
               0.2361E+00  0.5524E+00
               0.5095E+00  0.1000E+01
               0.1000E+01  0.1929E+01
               0.1963E+01  0.3363E+01
               0.4236E+01  0.4581E+01
               0.1239E+02  0.5067E+01
                 Infinity  0.5142E+01
           Frequency [Ry], Spin-F. parameter(mu)
                        0  0.7155E-01
               0.8070E-01  0.5741E-01
               0.2361E+00  0.4197E-01
               0.5095E+00  0.2890E-01
               0.1000E+01  0.1754E-01
               0.1963E+01  0.8243E-02
               0.4236E+01  0.2459E-02
               0.1239E+02  0.3224E-03
                 Infinity  0.0000E+00

         Verify the Chebyshev interpolation for Coulom

            Frequency   Max. Err.[%]   Ave. Err.[%]
                 0.00000E+00          0.000          0.000
                 0.80701E-01         20.315          3.391
                 0.23607E+00          0.000          0.000
                 0.50953E+00          4.074          0.977
                 0.10000E+01          0.000          0.000
                 0.19626E+01          1.150          0.315
                 0.42361E+01          0.000          0.000
                 0.12391E+02          1.974          0.672
               Infinity          0.000          0.000

         Verify the Chebyshev interpolation for S-F

            Frequency   Max. Err.[%]   Ave. Err.[%]
                 0.00000E+00          0.000          0.000
                 0.80701E-01          4.041          0.923
                 0.23607E+00          0.000          0.000
                 0.50953E+00         23.246          1.913
                 0.10000E+01          0.000          0.000
                 0.19626E+01         74.663          4.911
                 0.42361E+01          0.000          0.000
                 0.12391E+02        200.000        129.441

       q-point : 2

         Number of PWs for W : 964
         Total RAM for Vscr :   0.24E+00 GB

         Stoner factor:

            0.22032E+00

         Averaged potential (mu)

           DOS(EF) =     0.5412E+01 [/Ry]
           Frequency [Ry], Coulomb parameter(mu)
                        0  0.2558E+00
               0.8070E-01  0.2732E+00
               0.2361E+00  0.3117E+00
               0.5095E+00  0.3866E+00
               0.1000E+01  0.5164E+00
               0.1963E+01  0.6820E+00
               0.4236E+01  0.8033E+00
               0.1239E+02  0.8485E+00
                 Infinity  0.8552E+00
           Frequency [Ry], Spin-F. parameter(mu)
                        0  0.6775E-01
               0.8070E-01  0.5931E-01
               0.2361E+00  0.4679E-01
               0.5095E+00  0.3263E-01
               0.1000E+01  0.1931E-01
               0.1963E+01  0.8828E-02
               0.4236E+01  0.2597E-02
               0.1239E+02  0.3393E-03
                 Infinity  0.0000E+00

         Verify the Chebyshev interpolation for Coulom

            Frequency   Max. Err.[%]   Ave. Err.[%]
                 0.00000E+00          0.000          0.000
                 0.80701E-01          1.351          0.275
                 0.23607E+00          0.000          0.000
                 0.50953E+00          0.613          0.155
                 0.10000E+01          0.000          0.000
                 0.19626E+01          1.630          0.424
                 0.42361E+01          0.000          0.000
                 0.12391E+02          1.641          0.585
               Infinity          0.000          0.000

         Verify the Chebyshev interpolation for S-F

            Frequency   Max. Err.[%]   Ave. Err.[%]
                 0.00000E+00          0.000          0.000
                 0.80701E-01          1.258          0.275
                 0.23607E+00          0.000          0.000
                 0.50953E+00          1.241          0.273
                 0.10000E+01          0.000          0.000
                 0.19626E+01          5.802          1.028
                 0.42361E+01          0.000          0.000
                 0.12391E+02        175.292         84.397

       q-point : 3

         Number of PWs for W : 976
         Total RAM for Vscr :   0.24E+00 GB

         Stoner factor:

            0.21167E+00

         Averaged potential (mu)

           DOS(EF) =     0.5412E+01 [/Ry]
           Frequency [Ry], Coulomb parameter(mu)
                        0  0.2457E+00
               0.8070E-01  0.2557E+00
               0.2361E+00  0.2760E+00
               0.5095E+00  0.3127E+00
               0.1000E+01  0.3709E+00
               0.1963E+01  0.4423E+00
               0.4236E+01  0.4965E+00
               0.1239E+02  0.5179E+00
                 Infinity  0.5211E+00
           Frequency [Ry], Spin-F. parameter(mu)
                        0  0.6797E-01
               0.8070E-01  0.6084E-01
               0.2361E+00  0.4948E-01
               0.5095E+00  0.3531E-01
               0.1000E+01  0.2103E-01
               0.1963E+01  0.9541E-02
               0.4236E+01  0.2783E-02
               0.1239E+02  0.3625E-03
                 Infinity  0.0000E+00

         Verify the Chebyshev interpolation for Coulom

            Frequency   Max. Err.[%]   Ave. Err.[%]
                 0.00000E+00          0.000          0.000
                 0.80701E-01          0.625          0.173
                 0.23607E+00          0.000          0.000
                 0.50953E+00          0.266          0.077
                 0.10000E+01          0.000          0.000
                 0.19626E+01          0.869          0.228
                 0.42361E+01          0.000          0.000
                 0.12391E+02          1.140          0.438
               Infinity          0.000          0.000

         Verify the Chebyshev interpolation for S-F

            Frequency   Max. Err.[%]   Ave. Err.[%]
                 0.00000E+00          0.000          0.000
                 0.80701E-01          0.790          0.134
                 0.23607E+00          0.000          0.000
                 0.50953E+00          0.813          0.152
                 0.10000E+01          0.000          0.000
                 0.19626E+01          2.649          1.076
                 0.42361E+01          0.000          0.000
                 0.12391E+02        188.212         88.123

       q-point : 4

         Number of PWs for W : 962
         Total RAM for Vscr :   0.24E+00 GB

         Stoner factor:

            0.21322E+00

         Averaged potential (mu)

           DOS(EF) =     0.5412E+01 [/Ry]
           Frequency [Ry], Coulomb parameter(mu)
                        0  0.2783E+00
               0.8070E-01  0.3078E+00
               0.2361E+00  0.3746E+00
               0.5095E+00  0.5173E+00
               0.1000E+01  0.7859E+00
               0.1963E+01  0.1147E+01
               0.4236E+01  0.1416E+01
               0.1239E+02  0.1516E+01
                 Infinity  0.1531E+01
           Frequency [Ry], Spin-F. parameter(mu)
                        0  0.7065E-01
               0.8070E-01  0.6013E-01
               0.2361E+00  0.4602E-01
               0.5095E+00  0.3141E-01
               0.1000E+01  0.1852E-01
               0.1963E+01  0.8513E-02
               0.4236E+01  0.2514E-02
               0.1239E+02  0.3288E-03
                 Infinity  0.0000E+00

         Verify the Chebyshev interpolation for Coulom

            Frequency   Max. Err.[%]   Ave. Err.[%]
                 0.00000E+00          0.000          0.000
                 0.80701E-01          2.183          0.432
                 0.23607E+00          0.000          0.000
                 0.50953E+00          0.527          0.156
                 0.10000E+01          0.000          0.000
                 0.19626E+01          1.897          0.554
                 0.42361E+01          0.000          0.000
                 0.12391E+02          1.892          0.706
               Infinity          0.000          0.000

         Verify the Chebyshev interpolation for S-F

            Frequency   Max. Err.[%]   Ave. Err.[%]
                 0.00000E+00          0.000          0.000
                 0.80701E-01          1.003          0.179
                 0.23607E+00          0.000          0.000
                 0.50953E+00          1.774          0.345
                 0.10000E+01          0.000          0.000
                 0.19626E+01          6.679          1.270
                 0.42361E+01          0.000          0.000
                 0.12391E+02        200.000        101.147

       q-point : 5

         Number of PWs for W : 981
         Total RAM for Vscr :   0.25E+00 GB

         Stoner factor:

            0.21258E+00

         Averaged potential (mu)

           DOS(EF) =     0.5412E+01 [/Ry]
           Frequency [Ry], Coulomb parameter(mu)
                        0  0.2566E+00
               0.8070E-01  0.2712E+00
               0.2361E+00  0.3017E+00
               0.5095E+00  0.3581E+00
               0.1000E+01  0.4519E+00
               0.1963E+01  0.5700E+00
               0.4236E+01  0.6578E+00
               0.1239E+02  0.6912E+00
                 Infinity  0.6963E+00
           Frequency [Ry], Spin-F. parameter(mu)
                        0  0.6872E-01
               0.8070E-01  0.6074E-01
               0.2361E+00  0.4849E-01
               0.5095E+00  0.3412E-01
               0.1000E+01  0.2015E-01
               0.1963E+01  0.9100E-02
               0.4236E+01  0.2647E-02
               0.1239E+02  0.3441E-03
                 Infinity  0.0000E+00

         Verify the Chebyshev interpolation for Coulom

            Frequency   Max. Err.[%]   Ave. Err.[%]
                 0.00000E+00          0.000          0.000
                 0.80701E-01          1.019          0.253
                 0.23607E+00          0.000          0.000
                 0.50953E+00          0.337          0.100
                 0.10000E+01          0.000          0.000
                 0.19626E+01          1.317          0.314
                 0.42361E+01          0.000          0.000
                 0.12391E+02          1.456          0.505
               Infinity          0.000          0.000

         Verify the Chebyshev interpolation for S-F

            Frequency   Max. Err.[%]   Ave. Err.[%]
                 0.00000E+00          0.000          0.000
                 0.80701E-01          1.012          0.304
                 0.23607E+00          0.000          0.000
                 0.50953E+00          1.124          0.232
                 0.10000E+01          0.000          0.000
                 0.19626E+01          3.355          1.149
                 0.42361E+01          0.000          0.000
                 0.12391E+02        200.000         92.771

       q-point : 6

         Number of PWs for W : 977
         Total RAM for Vscr :   0.24E+00 GB

         Stoner factor:

            0.20241E+00

         Averaged potential (mu)

           DOS(EF) =     0.5412E+01 [/Ry]
           Frequency [Ry], Coulomb parameter(mu)
                        0  0.2511E+00
               0.8070E-01  0.2617E+00
               0.2361E+00  0.2817E+00
               0.5095E+00  0.3152E+00
               0.1000E+01  0.3664E+00
               0.1963E+01  0.4292E+00
               0.4236E+01  0.4783E+00
               0.1239E+02  0.4983E+00
                 Infinity  0.5013E+00
           Frequency [Ry], Spin-F. parameter(mu)
                        0  0.7049E-01
               0.8070E-01  0.6302E-01
               0.2361E+00  0.5144E-01
               0.5095E+00  0.3705E-01
               0.1000E+01  0.2215E-01
               0.1963E+01  0.9975E-02
               0.4236E+01  0.2877E-02
               0.1239E+02  0.3726E-03
                 Infinity  0.0000E+00

         Verify the Chebyshev interpolation for Coulom

            Frequency   Max. Err.[%]   Ave. Err.[%]
                 0.00000E+00          0.000          0.000
                 0.80701E-01          0.698          0.213
                 0.23607E+00          0.000          0.000
                 0.50953E+00          0.380          0.113
                 0.10000E+01          0.000          0.000
                 0.19626E+01          0.517          0.154
                 0.42361E+01          0.000          0.000
                 0.12391E+02          0.908          0.399
               Infinity          0.000          0.000

         Verify the Chebyshev interpolation for S-F

            Frequency   Max. Err.[%]   Ave. Err.[%]
                 0.00000E+00          0.000          0.000
                 0.80701E-01          0.672          0.156
                 0.23607E+00          0.000          0.000
                 0.50953E+00          0.980          0.275
                 0.10000E+01          0.000          0.000
                 0.19626E+01          3.674          1.592
                 0.42361E+01          0.000          0.000
                 0.12391E+02        200.000        109.583

       q-point : 7

         Number of PWs for W : 977
         Total RAM for Vscr :   0.24E+00 GB

         Stoner factor:

            0.20976E+00

         Averaged potential (mu)

           DOS(EF) =     0.5412E+01 [/Ry]
           Frequency [Ry], Coulomb parameter(mu)
                        0  0.2509E+00
               0.8070E-01  0.2620E+00
               0.2361E+00  0.2848E+00
               0.5095E+00  0.3260E+00
               0.1000E+01  0.3923E+00
               0.1963E+01  0.4743E+00
               0.4236E+01  0.5361E+00
               0.1239E+02  0.5602E+00
                 Infinity  0.5639E+00
           Frequency [Ry], Spin-F. parameter(mu)
                        0  0.6852E-01
               0.8070E-01  0.6130E-01
               0.2361E+00  0.4974E-01
               0.5095E+00  0.3548E-01
               0.1000E+01  0.2114E-01
               0.1963E+01  0.9589E-02
               0.4236E+01  0.2795E-02
               0.1239E+02  0.3637E-03
                 Infinity  0.0000E+00

         Verify the Chebyshev interpolation for Coulom

            Frequency   Max. Err.[%]   Ave. Err.[%]
                 0.00000E+00          0.000          0.000
                 0.80701E-01          0.683          0.207
                 0.23607E+00          0.000          0.000
                 0.50953E+00          0.310          0.093
                 0.10000E+01          0.000          0.000
                 0.19626E+01          1.071          0.261
                 0.42361E+01          0.000          0.000
                 0.12391E+02          1.280          0.475
               Infinity          0.000          0.000

         Verify the Chebyshev interpolation for S-F

            Frequency   Max. Err.[%]   Ave. Err.[%]
                 0.00000E+00          0.000          0.000
                 0.80701E-01          0.662          0.151
                 0.23607E+00          0.000          0.000
                 0.50953E+00          0.765          0.160
                 0.10000E+01          0.000          0.000
                 0.19626E+01          3.135          1.130
                 0.42361E+01          0.000          0.000
                 0.12391E+02        191.126         88.828

       q-point : 8

         Number of PWs for W : 978
         Total RAM for Vscr :   0.24E+00 GB

         Stoner factor:

            0.20713E+00

         Averaged potential (mu)

           DOS(EF) =     0.5412E+01 [/Ry]
           Frequency [Ry], Coulomb parameter(mu)
                        0  0.2482E+00
               0.8070E-01  0.2574E+00
               0.2361E+00  0.2761E+00
               0.5095E+00  0.3087E+00
               0.1000E+01  0.3589E+00
               0.1963E+01  0.4203E+00
               0.4236E+01  0.4681E+00
               0.1239E+02  0.4875E+00
                 Infinity  0.4904E+00
           Frequency [Ry], Spin-F. parameter(mu)
                        0  0.6789E-01
               0.8070E-01  0.6128E-01
               0.2361E+00  0.5032E-01
               0.5095E+00  0.3635E-01
               0.1000E+01  0.2184E-01
               0.1963E+01  0.9902E-02
               0.4236E+01  0.2872E-02
               0.1239E+02  0.3728E-03
                 Infinity  0.0000E+00

         Verify the Chebyshev interpolation for Coulom

            Frequency   Max. Err.[%]   Ave. Err.[%]
                 0.00000E+00          0.000          0.000
                 0.80701E-01          0.754          0.205
                 0.23607E+00          0.000          0.000
                 0.50953E+00          0.351          0.113
                 0.10000E+01          0.000          0.000
                 0.19626E+01          0.628          0.147
                 0.42361E+01          0.000          0.000
                 0.12391E+02          0.997          0.379
               Infinity          0.000          0.000

         Verify the Chebyshev interpolation for S-F

            Frequency   Max. Err.[%]   Ave. Err.[%]
                 0.00000E+00          0.000          0.000
                 0.80701E-01          0.813          0.134
                 0.23607E+00          0.000          0.000
                 0.50953E+00          0.907          0.156
                 0.10000E+01          0.000          0.000
                 0.19626E+01          2.525          1.361
                 0.42361E+01          0.000          0.000
                 0.12391E+02        174.766        101.118

       q-point : 9

         Number of PWs for W : 972
         Total RAM for Vscr :   0.24E+00 GB

         Stoner factor:

            0.23220E+00

         Averaged potential (mu)

           DOS(EF) =     0.5412E+01 [/Ry]
           Frequency [Ry], Coulomb parameter(mu)
                        0  0.2722E+00
               0.8070E-01  0.2900E+00
               0.2361E+00  0.3304E+00
               0.5095E+00  0.4069E+00
               0.1000E+01  0.5344E+00
               0.1963E+01  0.6950E+00
               0.4236E+01  0.8138E+00
               0.1239E+02  0.8585E+00
                 Infinity  0.8652E+00
           Frequency [Ry], Spin-F. parameter(mu)
                        0  0.7538E-01
               0.8070E-01  0.6635E-01
               0.2361E+00  0.5194E-01
               0.5095E+00  0.3546E-01
               0.1000E+01  0.2028E-01
               0.1963E+01  0.8919E-02
               0.4236E+01  0.2555E-02
               0.1239E+02  0.3306E-03
                 Infinity  0.0000E+00

         Verify the Chebyshev interpolation for Coulom

            Frequency   Max. Err.[%]   Ave. Err.[%]
                 0.00000E+00          0.000          0.000
                 0.80701E-01          1.286          0.242
                 0.23607E+00          0.000          0.000
                 0.50953E+00          0.237          0.068
                 0.10000E+01          0.000          0.000
                 0.19626E+01          1.314          0.293
                 0.42361E+01          0.000          0.000
                 0.12391E+02          1.454          0.465
               Infinity          0.000          0.000

         Verify the Chebyshev interpolation for S-F

            Frequency   Max. Err.[%]   Ave. Err.[%]
                 0.00000E+00          0.000          0.000
                 0.80701E-01          1.125          0.396
                 0.23607E+00          0.000          0.000
                 0.50953E+00          1.283          0.375
                 0.10000E+01          0.000          0.000
                 0.19626E+01          3.416          0.800
                 0.42361E+01          0.000          0.000
                 0.12391E+02        155.474         78.317

       q-point : 10

         Number of PWs for W : 974
         Total RAM for Vscr :   0.24E+00 GB

         Stoner factor:

            0.19653E+00

         Averaged potential (mu)

           DOS(EF) =     0.5412E+01 [/Ry]
           Frequency [Ry], Coulomb parameter(mu)
                        0  0.2485E+00
               0.8070E-01  0.2583E+00
               0.2361E+00  0.2784E+00
               0.5095E+00  0.3128E+00
               0.1000E+01  0.3661E+00
               0.1963E+01  0.4314E+00
               0.4236E+01  0.4819E+00
               0.1239E+02  0.5021E+00
                 Infinity  0.5051E+00
           Frequency [Ry], Spin-F. parameter(mu)
                        0  0.6935E-01
               0.8070E-01  0.6231E-01
               0.2361E+00  0.5076E-01
               0.5095E+00  0.3638E-01
               0.1000E+01  0.2171E-01
               0.1963E+01  0.9804E-02
               0.4236E+01  0.2841E-02
               0.1239E+02  0.3688E-03
                 Infinity  0.0000E+00

         Verify the Chebyshev interpolation for Coulom

            Frequency   Max. Err.[%]   Ave. Err.[%]
                 0.00000E+00          0.000          0.000
                 0.80701E-01          0.854          0.244
                 0.23607E+00          0.000          0.000
                 0.50953E+00          0.379          0.113
                 0.10000E+01          0.000          0.000
                 0.19626E+01          0.647          0.177
                 0.42361E+01          0.000          0.000
                 0.12391E+02          1.000          0.409
               Infinity          0.000          0.000

         Verify the Chebyshev interpolation for S-F

            Frequency   Max. Err.[%]   Ave. Err.[%]
                 0.00000E+00          0.000          0.000
                 0.80701E-01          0.808          0.183
                 0.23607E+00          0.000          0.000
                 0.50953E+00          0.890          0.182
                 0.10000E+01          0.000          0.000
                 0.19626E+01          3.244          1.242
                 0.42361E+01          0.000          0.000
                 0.12391E+02        181.993         95.245

     #####  Clock summary  #####

     make_scrn    :     56.15s CPU     57.06s WALL (      10 calls)
     invert       :    168.09s CPU    181.73s WALL (      20 calls)
     lambda_sf    :     99.57s CPU    107.52s WALL (      10 calls)

     SCTK         :   5m52.63s CPU   6m 9.12s WALL


   This run was terminated on:  21: 8:12  22Nov2019            

=------------------------------------------------------------------------------=
   JOB DONE.
=------------------------------------------------------------------------------=
