
     Program SCTK v.6.4.1 starts on 22Nov2019 at 22:35: 0 

     This program is part of the open-source Quantum ESPRESSO suite
     for quantum simulation of materials; please cite
         "P. Giannozzi et al., J. Phys.:Condens. Matter 21 395502 (2009);
         "P. Giannozzi et al., J. Phys.:Condens. Matter 29 465901 (2017);
          URL http://www.quantum-espresso.org", 
     in publications or presentations arising from this work. More details at
     http://www.quantum-espresso.org/quote

     Parallel version (MPI & OpenMP), running on      32 processor cores
     Number of MPI processes:                 1
     Threads/MPI process:                    32

     MPI processes distributed on     1 nodes

     Reading xml data from directory:

     ./pwscf.save/

     IMPORTANT: XC functional enforced from input :
     Exchange-correlation= PBE
                           (   1   4   3   4   0   0   0)
     Any further DFT definition will be discarded
     Please, verify this is what you really want


     G-vector sticks info
     --------------------
     sticks:   dense  smooth     PW     G-vecs:    dense   smooth      PW
     Sum         511     511    163                 7799     7799    1411


     Check: negative core charge=   -0.000002
     Dense k-grid : 16  16  16
     Number of k(dense) : 145
     [opt_tetra]  Optimized tetrahedron method is used.

     Number of bands :      10
     Number of k times spin :     145
     Number of symmetries :      48
     Lowest band which contains FS :       2
     Highest band which contains FS :       3
     [opt_tetra]  Optimized tetrahedron method is used.

     #####  Read from STDIN  #####

                    Temparature[K] : -0.10000E+01
                         Xi cutoff : -0.10000E+01
                        First band : 1
                         Last band : 10
        # of Matsubara frequencies : 10
                           # of xi : 100
            # of energy for QP-DOS : 50
              Minimum energy scale :  0.10000E-06
       Max energy for QP-DOS [meV] :  0.50000E+01
             Convergense threshold :  0.10000E-14
                      Max itration : 100
                  Spin-fluvtuation : T

     #####  Read from elph*.dat  #####

       k grid for MEs : 4  4  4
       Number of modes : 3


     Dynamical matrices for ( 4, 4, 4)  uniform grid of q-points
     With a half shift
     (  10 q-points):
       N         xq(1)         xq(2)         xq(3) 
       1   0.088388348   0.088388348   0.088388348
       2   0.265165043   0.265165043  -0.088388348
       3  -0.265165043  -0.265165043   0.441941738
       4  -0.088388348  -0.088388348   0.265165043
       5   0.441941738   0.088388348   0.088388348
       6  -0.088388348  -0.441941738   0.618718434
       7   0.088388348  -0.265165043   0.441941738
       8  -0.618718434   0.088388348   0.088388348
       9   0.265165043   0.265165043   0.265165043
      10  -0.265165043  -0.265165043   0.795495129
     Because shifted q grid is used, q2r will not work !

     #####  Read from vc*.dat  #####

       Dimention of Chebyshev interpolation : 5

     #####  Set or read initial delta  #####

       Initial delta is theta function
       DOS(E_F)[/Ry/cell/spin] :  0.27060E+01
       DOS(E_F)[/Ry/cell/spin] :  0.27060E+01
       Number of total points for gap equation : 10659  10354

     #####  Average matrix in grid  #####

         Total RAM for Vc per process :   0.33E-01 GB
         Total RAM for gg per process :   0.39E-03 GB
         Total RAM for Vc (temporary) per process :   0.51E-02 GB
         Total RAM for gg (temporary) per process :   0.61E-04 GB

     #####  Compute renormalization factor : Z  #####

       Averaged Z_{FS} :  0.46736E+00   0.46908E+00

     #####  Compute effective interaction  #####


     #####  Solve gap equation  #####


       Iteration 0

         Residual[Ry] :  0.31947E-04
          Delta [meV] :  0.19393E+02   0.20382E+02

       Iteration 1

         Residual[Ry] :  0.15712E-04
          Delta [meV] :  0.98856E+01   0.10595E+02

       Iteration 2

         Residual[Ry] :  0.50162E-05
          Delta [meV] :  0.47862E+01   0.53543E+01

       Iteration 3

         Residual[Ry] :  0.39839E-05
          Delta [meV] :  0.40985E+01   0.46813E+01

       Iteration 4

         Residual[Ry] :  0.69648E-06
          Delta [meV] :  0.12946E+01   0.20484E+01

       Iteration 5

         Residual[Ry] :  0.80186E-06
          Delta [meV] :  0.77721E+00   0.17882E+01

       Iteration 6

         Residual[Ry] :  0.89596E-06
          Delta [meV] :  0.72704E+00   0.18210E+01

       Iteration 7

         Residual[Ry] :  0.39132E-06
          Delta [meV] :  0.10898E+01   0.15348E+01

       Iteration 8

         Residual[Ry] :  0.22787E-06
          Delta [meV] :  0.12383E+01   0.13061E+01

       Iteration 9

         Residual[Ry] :  0.20628E-06
          Delta [meV] :  0.11267E+01   0.12300E+01

       Iteration 10

         Residual[Ry] :  0.16953E-06
          Delta [meV] :  0.10016E+01   0.10565E+01

       Iteration 11

         Residual[Ry] :  0.10676E-06
          Delta [meV] :  0.60155E+00   0.56845E+00

       Iteration 12

         Residual[Ry] :  0.91226E-07
          Delta [meV] :  0.51748E+00   0.51612E+00

       Iteration 13

         Residual[Ry] :  0.66325E-07
          Delta [meV] :  0.48386E+00   0.46160E+00

       Iteration 14

         Residual[Ry] :  0.53559E-07
          Delta [meV] :  0.36188E+00   0.32428E+00

       Iteration 15

         Residual[Ry] :  0.33418E-07
          Delta [meV] :  0.33469E+00   0.31668E+00

       Iteration 16

         Residual[Ry] :  0.15420E-07
          Delta [meV] :  0.26438E+00   0.26487E+00

       Iteration 17

         Residual[Ry] :  0.92279E-08
          Delta [meV] :  0.21957E+00   0.22887E+00

       Iteration 18

         Residual[Ry] :  0.79703E-08
          Delta [meV] :  0.21457E+00   0.21999E+00

       Iteration 19

         Residual[Ry] :  0.49609E-08
          Delta [meV] :  0.18708E+00   0.18656E+00

       Iteration 20

         Residual[Ry] :  0.35796E-08
          Delta [meV] :  0.16802E+00   0.16854E+00

       Iteration 21

         Residual[Ry] :  0.18814E-08
          Delta [meV] :  0.15164E+00   0.14945E+00

       Iteration 22

         Residual[Ry] :  0.16782E-08
          Delta [meV] :  0.15050E+00   0.14881E+00

       Iteration 23

         Residual[Ry] :  0.11961E-08
          Delta [meV] :  0.15345E+00   0.15160E+00

       Iteration 24

         Residual[Ry] :  0.12310E-08
          Delta [meV] :  0.15947E+00   0.15766E+00

       Iteration 25

         Residual[Ry] :  0.11006E-08
          Delta [meV] :  0.15970E+00   0.15806E+00

       Iteration 26

         Residual[Ry] :  0.41831E-09
          Delta [meV] :  0.16253E+00   0.16191E+00

       Iteration 27

         Residual[Ry] :  0.27357E-09
          Delta [meV] :  0.16244E+00   0.16216E+00

       Iteration 28

         Residual[Ry] :  0.23365E-09
          Delta [meV] :  0.16189E+00   0.16145E+00

       Iteration 29

         Residual[Ry] :  0.19242E-09
          Delta [meV] :  0.16117E+00   0.16062E+00

       Iteration 30

         Residual[Ry] :  0.11614E-09
          Delta [meV] :  0.15976E+00   0.15900E+00

       Iteration 31

         Residual[Ry] :  0.94973E-10
          Delta [meV] :  0.15961E+00   0.15882E+00

       Iteration 32

         Residual[Ry] :  0.58955E-10
          Delta [meV] :  0.15983E+00   0.15907E+00

       Iteration 33

         Residual[Ry] :  0.26552E-10
          Delta [meV] :  0.16009E+00   0.15938E+00

       Iteration 34

         Residual[Ry] :  0.19301E-10
          Delta [meV] :  0.15994E+00   0.15921E+00

       Iteration 35

         Residual[Ry] :  0.13823E-10
          Delta [meV] :  0.15985E+00   0.15911E+00

       Iteration 36

         Residual[Ry] :  0.60220E-11
          Delta [meV] :  0.15976E+00   0.15901E+00

       Iteration 37

         Residual[Ry] :  0.41798E-11
          Delta [meV] :  0.15976E+00   0.15902E+00

       Iteration 38

         Residual[Ry] :  0.30666E-11
          Delta [meV] :  0.15976E+00   0.15902E+00

       Iteration 39

         Residual[Ry] :  0.16597E-11
          Delta [meV] :  0.15976E+00   0.15902E+00

       Iteration 40

         Residual[Ry] :  0.11354E-11
          Delta [meV] :  0.15976E+00   0.15902E+00

       Iteration 41

         Residual[Ry] :  0.95563E-12
          Delta [meV] :  0.15976E+00   0.15902E+00

       Iteration 42

         Residual[Ry] :  0.48665E-12
          Delta [meV] :  0.15976E+00   0.15902E+00

       Iteration 43

         Residual[Ry] :  0.42963E-12
          Delta [meV] :  0.15976E+00   0.15902E+00

       Iteration 44

         Residual[Ry] :  0.20202E-12
          Delta [meV] :  0.15976E+00   0.15902E+00

       Iteration 45

         Residual[Ry] :  0.85806E-13
          Delta [meV] :  0.15976E+00   0.15902E+00

       Iteration 46

         Residual[Ry] :  0.69049E-13
          Delta [meV] :  0.15976E+00   0.15902E+00

       Iteration 47

         Residual[Ry] :  0.30981E-13
          Delta [meV] :  0.15976E+00   0.15902E+00

       Iteration 48

         Residual[Ry] :  0.15408E-13
          Delta [meV] :  0.15976E+00   0.15902E+00

       Iteration 49

         Residual[Ry] :  0.10610E-13
          Delta [meV] :  0.15976E+00   0.15902E+00

       Iteration 50

         Residual[Ry] :  0.72342E-14
          Delta [meV] :  0.15976E+00   0.15902E+00

       Iteration 51

         Residual[Ry] :  0.14582E-14
          Delta [meV] :  0.15976E+00   0.15902E+00

       Iteration 52

         Residual[Ry] :  0.11820E-14
          Delta [meV] :  0.15976E+00   0.15902E+00

       Iteration 53

         Residual[Ry] :  0.40144E-15
          Delta [meV] :  0.15976E+00   0.15902E+00

       Converged ! iter = 53


     T[K]-D[meV]     0.00000E+00    0.15939E+00

       Number of total points for gap equation : 10659  10354
       Initial delta is read from file (delta.dat)
       DOS(E_F)[Ry^-1/cell/spin] :  0.27061E+01
       DOS(E_F)[Ry^-1/cell/spin] :  0.27065E+01

     #####  Compute renormalization factor : Z  #####

       Averaged Z_{FS} :  0.46430E+00   0.46603E+00

     #####  Compute effective interaction  #####


     #####  Solve gap equation  #####


       Iteration 0

         Residual[Ry] :  0.55361E-08
          Delta [meV] :  0.15976E+00   0.15902E+00

       Iteration 1

         Residual[Ry] :  0.43592E-08
          Delta [meV] :  0.15895E+00   0.15823E+00

       Iteration 2

         Residual[Ry] :  0.38272E-08
          Delta [meV] :  0.15686E+00   0.15609E+00

       Iteration 3

         Residual[Ry] :  0.36370E-08
          Delta [meV] :  0.15253E+00   0.15154E+00

       Iteration 4

         Residual[Ry] :  0.41139E-08
          Delta [meV] :  0.13438E+00   0.13199E+00

       Iteration 5

         Residual[Ry] :  0.41698E-08
          Delta [meV] :  0.13496E+00   0.13248E+00

       Iteration 6

         Residual[Ry] :  0.44217E-08
          Delta [meV] :  0.10644E+00   0.10998E+00

       Iteration 7

         Residual[Ry] :  0.15783E-08
          Delta [meV] :  0.10928E+00   0.10967E+00

       Iteration 8

         Residual[Ry] :  0.14114E-08
          Delta [meV] :  0.10339E+00   0.10374E+00

       Iteration 9

         Residual[Ry] :  0.71815E-09
          Delta [meV] :  0.74056E-01   0.73892E-01

       Iteration 10

         Residual[Ry] :  0.26620E-09
          Delta [meV] :  0.57593E-01   0.57722E-01

       Iteration 11

         Residual[Ry] :  0.30053E-09
          Delta [meV] :  0.46263E-01   0.46522E-01

       Iteration 12

         Residual[Ry] :  0.27351E-09
          Delta [meV] :  0.45110E-01   0.45338E-01

       Iteration 13

         Residual[Ry] :  0.76184E-10
          Delta [meV] :  0.34074E-01   0.34053E-01

       Iteration 14

         Residual[Ry] :  0.63916E-10
          Delta [meV] :  0.31983E-01   0.31961E-01

       Iteration 15

         Residual[Ry] :  0.44853E-10
          Delta [meV] :  0.27723E-01   0.27647E-01

       Iteration 16

         Residual[Ry] :  0.39106E-10
          Delta [meV] :  0.25659E-01   0.25578E-01

       Iteration 17

         Residual[Ry] :  0.23166E-10
          Delta [meV] :  0.24641E-01   0.24574E-01

       Iteration 18

         Residual[Ry] :  0.89538E-11
          Delta [meV] :  0.23099E-01   0.23050E-01

       Iteration 19

         Residual[Ry] :  0.78085E-11
          Delta [meV] :  0.22821E-01   0.22774E-01

       Iteration 20

         Residual[Ry] :  0.39096E-11
          Delta [meV] :  0.21543E-01   0.21496E-01

       Iteration 21

         Residual[Ry] :  0.34723E-11
          Delta [meV] :  0.21026E-01   0.20980E-01

       Iteration 22

         Residual[Ry] :  0.29874E-11
          Delta [meV] :  0.20727E-01   0.20682E-01

       Iteration 23

         Residual[Ry] :  0.13960E-11
          Delta [meV] :  0.19243E-01   0.19200E-01

       Iteration 24

         Residual[Ry] :  0.53847E-12
          Delta [meV] :  0.18116E-01   0.18074E-01

       Iteration 25

         Residual[Ry] :  0.45840E-12
          Delta [meV] :  0.17824E-01   0.17783E-01

       Iteration 26

         Residual[Ry] :  0.40456E-12
          Delta [meV] :  0.17947E-01   0.17906E-01

       Iteration 27

         Residual[Ry] :  0.33187E-12
          Delta [meV] :  0.18087E-01   0.18045E-01

       Iteration 28

         Residual[Ry] :  0.28856E-12
          Delta [meV] :  0.17962E-01   0.17921E-01

       Iteration 29

         Residual[Ry] :  0.23909E-12
          Delta [meV] :  0.17913E-01   0.17872E-01

       Iteration 30

         Residual[Ry] :  0.11619E-12
          Delta [meV] :  0.17858E-01   0.17817E-01

       Iteration 31

         Residual[Ry] :  0.69784E-13
          Delta [meV] :  0.17886E-01   0.17845E-01

       Iteration 32

         Residual[Ry] :  0.26679E-13
          Delta [meV] :  0.17892E-01   0.17851E-01

       Iteration 33

         Residual[Ry] :  0.15627E-13
          Delta [meV] :  0.17885E-01   0.17844E-01

       Iteration 34

         Residual[Ry] :  0.59716E-14
          Delta [meV] :  0.17882E-01   0.17841E-01

       Iteration 35

         Residual[Ry] :  0.46798E-14
          Delta [meV] :  0.17882E-01   0.17841E-01

       Iteration 36

         Residual[Ry] :  0.20087E-14
          Delta [meV] :  0.17883E-01   0.17842E-01

       Iteration 37

         Residual[Ry] :  0.73784E-15
          Delta [meV] :  0.17884E-01   0.17843E-01

       Converged ! iter = 37


     T[K]-D[meV]:     0.10450E+01    0.17863E-01

       Number of total points for gap equation : 10659  10354
       Initial delta is read from file (delta.dat)
       DOS(E_F)[Ry^-1/cell/spin] :  0.27061E+01
       DOS(E_F)[Ry^-1/cell/spin] :  0.27065E+01

     #####  Compute renormalization factor : Z  #####

       Averaged Z_{FS} :  0.46129E+00   0.46302E+00

     #####  Compute effective interaction  #####


     #####  Solve gap equation  #####


       Iteration 0

         Residual[Ry] :  0.15564E-07
          Delta [meV] :  0.15976E+00   0.15902E+00

       Iteration 1

         Residual[Ry] :  0.12243E-07
          Delta [meV] :  0.15769E+00   0.15693E+00

       Iteration 2

         Residual[Ry] :  0.10653E-07
          Delta [meV] :  0.15205E+00   0.15103E+00

       Iteration 3

         Residual[Ry] :  0.10060E-07
          Delta [meV] :  0.14008E+00   0.13817E+00

       Iteration 4

         Residual[Ry] :  0.11446E-07
          Delta [meV] :  0.99840E-01   0.93527E-01

       Iteration 5

         Residual[Ry] :  0.11602E-07
          Delta [meV] :  0.10110E+00   0.94618E-01

       Iteration 6

         Residual[Ry] :  0.87247E-08
          Delta [meV] :  0.25277E-01   0.32926E-01

       Iteration 7

         Residual[Ry] :  0.30734E-08
          Delta [meV] :  0.34924E-01   0.35958E-01

       Iteration 8

         Residual[Ry] :  0.25684E-08
          Delta [meV] :  0.25455E-01   0.26473E-01

       Iteration 9

         Residual[Ry] :  0.10894E-08
          Delta [meV] :  0.59130E-02   0.61876E-02

       Iteration 10

         Residual[Ry] :  0.33126E-09
          Delta [meV] : -0.16058E-03  -0.26356E-03

       Iteration 11

         Residual[Ry] :  0.12218E-09
          Delta [meV] : -0.10755E-02  -0.11271E-02

       Iteration 12

         Residual[Ry] :  0.86944E-10
          Delta [meV] : -0.48350E-03  -0.49739E-03

       Iteration 13

         Residual[Ry] :  0.55084E-10
          Delta [meV] : -0.21812E-03  -0.21274E-03

       Iteration 14

         Residual[Ry] :  0.37255E-10
          Delta [meV] : -0.87807E-04  -0.85690E-04

       Iteration 15

         Residual[Ry] :  0.14999E-10
          Delta [meV] :  0.11819E-03   0.12001E-03

       Iteration 16

         Residual[Ry] :  0.11989E-10
          Delta [meV] :  0.66830E-04   0.67277E-04

       Iteration 17

         Residual[Ry] :  0.36177E-11
          Delta [meV] : -0.88418E-05  -0.11344E-04

       Iteration 18

         Residual[Ry] :  0.12422E-11
          Delta [meV] : -0.24280E-04  -0.26448E-04

       Iteration 19

         Residual[Ry] :  0.92210E-12
          Delta [meV] : -0.14955E-04  -0.16264E-04

       Iteration 20

         Residual[Ry] :  0.42428E-12
          Delta [meV] :  0.16778E-05   0.19782E-05

       Iteration 21

         Residual[Ry] :  0.35844E-12
          Delta [meV] :  0.67740E-06   0.87717E-06

       Iteration 22

         Residual[Ry] :  0.10308E-12
          Delta [meV] : -0.11455E-05  -0.11936E-05

       Iteration 23

         Residual[Ry] :  0.75413E-13
          Delta [meV] : -0.77394E-06  -0.80393E-06

       Iteration 24

         Residual[Ry] :  0.23794E-13
          Delta [meV] : -0.23381E-06  -0.24386E-06

       Iteration 25

         Residual[Ry] :  0.44890E-14
          Delta [meV] :  0.35308E-07   0.36333E-07

       Iteration 26

         Residual[Ry] :  0.35062E-14
          Delta [meV] :  0.15106E-07   0.15360E-07

       Iteration 27

         Residual[Ry] :  0.22173E-14
          Delta [meV] :  0.91981E-08   0.93241E-08

       Iteration 28

         Residual[Ry] :  0.76085E-15
          Delta [meV] :  0.24687E-10  -0.39908E-10

       Converged ! iter = 28


     T[K]-D[meV]:     0.20900E+01    0.13939E-08

       Number of total points for gap equation : 10659  10354
       Initial delta is read from file (delta.dat)
       DOS(E_F)[Ry^-1/cell/spin] :  0.27061E+01
       DOS(E_F)[Ry^-1/cell/spin] :  0.27065E+01

     #####  Compute renormalization factor : Z  #####

       Averaged Z_{FS} :  0.46430E+00   0.46603E+00

     #####  Compute effective interaction  #####


     #####  Solve gap equation  #####


       Iteration 0

         Residual[Ry] :  0.55361E-08
          Delta [meV] :  0.15976E+00   0.15902E+00

       Iteration 1

         Residual[Ry] :  0.43592E-08
          Delta [meV] :  0.15895E+00   0.15823E+00

       Iteration 2

         Residual[Ry] :  0.38272E-08
          Delta [meV] :  0.15686E+00   0.15609E+00

       Iteration 3

         Residual[Ry] :  0.36370E-08
          Delta [meV] :  0.15253E+00   0.15154E+00

       Iteration 4

         Residual[Ry] :  0.41139E-08
          Delta [meV] :  0.13438E+00   0.13199E+00

       Iteration 5

         Residual[Ry] :  0.41698E-08
          Delta [meV] :  0.13496E+00   0.13248E+00

       Iteration 6

         Residual[Ry] :  0.44217E-08
          Delta [meV] :  0.10644E+00   0.10998E+00

       Iteration 7

         Residual[Ry] :  0.15783E-08
          Delta [meV] :  0.10928E+00   0.10967E+00

       Iteration 8

         Residual[Ry] :  0.14114E-08
          Delta [meV] :  0.10339E+00   0.10374E+00

       Iteration 9

         Residual[Ry] :  0.71815E-09
          Delta [meV] :  0.74056E-01   0.73892E-01

       Iteration 10

         Residual[Ry] :  0.26620E-09
          Delta [meV] :  0.57593E-01   0.57722E-01

       Iteration 11

         Residual[Ry] :  0.30053E-09
          Delta [meV] :  0.46263E-01   0.46522E-01

       Iteration 12

         Residual[Ry] :  0.27351E-09
          Delta [meV] :  0.45110E-01   0.45338E-01

       Iteration 13

         Residual[Ry] :  0.76184E-10
          Delta [meV] :  0.34074E-01   0.34053E-01

       Iteration 14

         Residual[Ry] :  0.63916E-10
          Delta [meV] :  0.31983E-01   0.31961E-01

       Iteration 15

         Residual[Ry] :  0.44853E-10
          Delta [meV] :  0.27723E-01   0.27647E-01

       Iteration 16

         Residual[Ry] :  0.39106E-10
          Delta [meV] :  0.25659E-01   0.25578E-01

       Iteration 17

         Residual[Ry] :  0.23166E-10
          Delta [meV] :  0.24641E-01   0.24574E-01

       Iteration 18

         Residual[Ry] :  0.89538E-11
          Delta [meV] :  0.23099E-01   0.23050E-01

       Iteration 19

         Residual[Ry] :  0.78085E-11
          Delta [meV] :  0.22821E-01   0.22774E-01

       Iteration 20

         Residual[Ry] :  0.39096E-11
          Delta [meV] :  0.21543E-01   0.21496E-01

       Iteration 21

         Residual[Ry] :  0.34723E-11
          Delta [meV] :  0.21026E-01   0.20980E-01

       Iteration 22

         Residual[Ry] :  0.29874E-11
          Delta [meV] :  0.20727E-01   0.20682E-01

       Iteration 23

         Residual[Ry] :  0.13960E-11
          Delta [meV] :  0.19243E-01   0.19200E-01

       Iteration 24

         Residual[Ry] :  0.53847E-12
          Delta [meV] :  0.18116E-01   0.18074E-01

       Iteration 25

         Residual[Ry] :  0.45840E-12
          Delta [meV] :  0.17824E-01   0.17783E-01

       Iteration 26

         Residual[Ry] :  0.40456E-12
          Delta [meV] :  0.17947E-01   0.17906E-01

       Iteration 27

         Residual[Ry] :  0.33187E-12
          Delta [meV] :  0.18087E-01   0.18045E-01

       Iteration 28

         Residual[Ry] :  0.28856E-12
          Delta [meV] :  0.17962E-01   0.17921E-01

       Iteration 29

         Residual[Ry] :  0.23909E-12
          Delta [meV] :  0.17913E-01   0.17872E-01

       Iteration 30

         Residual[Ry] :  0.11619E-12
          Delta [meV] :  0.17858E-01   0.17817E-01

       Iteration 31

         Residual[Ry] :  0.69784E-13
          Delta [meV] :  0.17886E-01   0.17845E-01

       Iteration 32

         Residual[Ry] :  0.26679E-13
          Delta [meV] :  0.17892E-01   0.17851E-01

       Iteration 33

         Residual[Ry] :  0.15627E-13
          Delta [meV] :  0.17885E-01   0.17844E-01

       Iteration 34

         Residual[Ry] :  0.59716E-14
          Delta [meV] :  0.17882E-01   0.17841E-01

       Iteration 35

         Residual[Ry] :  0.46798E-14
          Delta [meV] :  0.17882E-01   0.17841E-01

       Iteration 36

         Residual[Ry] :  0.20087E-14
          Delta [meV] :  0.17883E-01   0.17842E-01

       Iteration 37

         Residual[Ry] :  0.73784E-15
          Delta [meV] :  0.17884E-01   0.17843E-01

       Converged ! iter = 37


     T[K]-D[meV]:     0.10450E+01    0.17863E-01

       Number of total points for gap equation : 10659  10354
       Initial delta is read from file (delta.dat)
       DOS(E_F)[Ry^-1/cell/spin] :  0.27061E+01
       DOS(E_F)[Ry^-1/cell/spin] :  0.27065E+01

     #####  Compute renormalization factor : Z  #####

       Averaged Z_{FS} :  0.46279E+00   0.46452E+00

     #####  Compute effective interaction  #####


     #####  Solve gap equation  #####


       Iteration 0

         Residual[Ry] :  0.10905E-07
          Delta [meV] :  0.15976E+00   0.15902E+00

       Iteration 1

         Residual[Ry] :  0.85962E-08
          Delta [meV] :  0.15827E+00   0.15754E+00

       Iteration 2

         Residual[Ry] :  0.75306E-08
          Delta [meV] :  0.15427E+00   0.15338E+00

       Iteration 3

         Residual[Ry] :  0.71988E-08
          Delta [meV] :  0.14571E+00   0.14424E+00

       Iteration 4

         Residual[Ry] :  0.81532E-08
          Delta [meV] :  0.11922E+00   0.11509E+00

       Iteration 5

         Residual[Ry] :  0.81900E-08
          Delta [meV] :  0.11967E+00   0.11549E+00

       Iteration 6

         Residual[Ry] :  0.80724E-08
          Delta [meV] :  0.51508E-01   0.58713E-01

       Iteration 7

         Residual[Ry] :  0.29445E-08
          Delta [meV] :  0.58896E-01   0.60701E-01

       Iteration 8

         Residual[Ry] :  0.24662E-08
          Delta [meV] :  0.48020E-01   0.49369E-01

       Iteration 9

         Residual[Ry] :  0.11127E-08
          Delta [meV] :  0.16772E-01   0.16952E-01

       Iteration 10

         Residual[Ry] :  0.50553E-09
          Delta [meV] :  0.50102E-02   0.48860E-02

       Iteration 11

         Residual[Ry] :  0.18508E-09
          Delta [meV] :  0.11488E-02   0.11263E-02

       Iteration 12

         Residual[Ry] :  0.86388E-10
          Delta [meV] : -0.13981E-02  -0.14268E-02

       Iteration 13

         Residual[Ry] :  0.71596E-10
          Delta [meV] : -0.66440E-03  -0.67332E-03

       Iteration 14

         Residual[Ry] :  0.54523E-10
          Delta [meV] : -0.50773E-03  -0.52149E-03

       Iteration 15

         Residual[Ry] :  0.21697E-10
          Delta [meV] :  0.30848E-03   0.31338E-03

       Iteration 16

         Residual[Ry] :  0.14456E-10
          Delta [meV] :  0.26941E-03   0.27764E-03

       Iteration 17

         Residual[Ry] :  0.10010E-10
          Delta [meV] :  0.11802E-03   0.12116E-03

       Iteration 18

         Residual[Ry] :  0.53109E-11
          Delta [meV] :  0.47441E-05   0.28523E-05

       Iteration 19

         Residual[Ry] :  0.16877E-11
          Delta [meV] : -0.58279E-04  -0.62007E-04

       Iteration 20

         Residual[Ry] :  0.11589E-11
          Delta [meV] : -0.38291E-04  -0.40675E-04

       Iteration 21

         Residual[Ry] :  0.41793E-12
          Delta [meV] : -0.39669E-05  -0.40740E-05

       Iteration 22

         Residual[Ry] :  0.33498E-12
          Delta [meV] : -0.11895E-05  -0.11166E-05

       Iteration 23

         Residual[Ry] :  0.21045E-12
          Delta [meV] : -0.74642E-06  -0.67730E-06

       Iteration 24

         Residual[Ry] :  0.75469E-13
          Delta [meV] : -0.80629E-06  -0.80281E-06

       Iteration 25

         Residual[Ry] :  0.50099E-13
          Delta [meV] : -0.61219E-06  -0.61760E-06

       Iteration 26

         Residual[Ry] :  0.21126E-13
          Delta [meV] : -0.24426E-06  -0.24707E-06

       Iteration 27

         Residual[Ry] :  0.31792E-14
          Delta [meV] :  0.79809E-08   0.77708E-08

       Iteration 28

         Residual[Ry] :  0.24542E-14
          Delta [meV] :  0.14872E-07   0.14776E-07

       Iteration 29

         Residual[Ry] :  0.14163E-14
          Delta [meV] :  0.86471E-08   0.85885E-08

       Iteration 30

         Residual[Ry] :  0.51704E-15
          Delta [meV] :  0.18849E-08   0.18746E-08

       Converged ! iter = 30


     T[K]-D[meV]:     0.15675E+01    0.19082E-08

       Number of total points for gap equation : 10659  10354
       Initial delta is read from file (delta.dat)
       DOS(E_F)[Ry^-1/cell/spin] :  0.27061E+01
       DOS(E_F)[Ry^-1/cell/spin] :  0.27065E+01

     #####  Compute renormalization factor : Z  #####

       Averaged Z_{FS} :  0.46355E+00   0.46528E+00

     #####  Compute effective interaction  #####


     #####  Solve gap equation  #####


       Iteration 0

         Residual[Ry] :  0.82852E-08
          Delta [meV] :  0.15976E+00   0.15902E+00

       Iteration 1

         Residual[Ry] :  0.65321E-08
          Delta [meV] :  0.15860E+00   0.15788E+00

       Iteration 2

         Residual[Ry] :  0.57341E-08
          Delta [meV] :  0.15553E+00   0.15471E+00

       Iteration 3

         Residual[Ry] :  0.54873E-08
          Delta [meV] :  0.14900E+00   0.14777E+00

       Iteration 4

         Residual[Ry] :  0.62108E-08
          Delta [meV] :  0.12762E+00   0.12441E+00

       Iteration 5

         Residual[Ry] :  0.62402E-08
          Delta [meV] :  0.12800E+00   0.12476E+00

       Iteration 6

         Residual[Ry] :  0.65834E-08
          Delta [meV] :  0.75705E-01   0.81480E-01

       Iteration 7

         Residual[Ry] :  0.24851E-08
          Delta [meV] :  0.80555E-01   0.82055E-01

       Iteration 8

         Residual[Ry] :  0.21232E-08
          Delta [meV] :  0.70904E-01   0.72038E-01

       Iteration 9

         Residual[Ry] :  0.11609E-08
          Delta [meV] :  0.39944E-01   0.40231E-01

       Iteration 10

         Residual[Ry] :  0.59028E-09
          Delta [meV] :  0.20345E-01   0.20573E-01

       Iteration 11

         Residual[Ry] :  0.15622E-09
          Delta [meV] : -0.24553E-02  -0.24705E-02

       Iteration 12

         Residual[Ry] :  0.20753E-09
          Delta [meV] : -0.61903E-03  -0.48401E-03

       Iteration 13

         Residual[Ry] :  0.14293E-09
          Delta [meV] : -0.14638E-02  -0.13899E-02

       Iteration 14

         Residual[Ry] :  0.81086E-10
          Delta [meV] : -0.12788E-02  -0.12751E-02

       Iteration 15

         Residual[Ry] :  0.62001E-10
          Delta [meV] : -0.77009E-03  -0.79012E-03

       Iteration 16

         Residual[Ry] :  0.49714E-10
          Delta [meV] : -0.47834E-03  -0.49431E-03

       Iteration 17

         Residual[Ry] :  0.11549E-10
          Delta [meV] :  0.25506E-03   0.25881E-03

       Iteration 18

         Residual[Ry] :  0.85857E-11
          Delta [meV] :  0.22543E-03   0.22918E-03

       Iteration 19

         Residual[Ry] :  0.57864E-11
          Delta [meV] :  0.11194E-03   0.11323E-03

       Iteration 20

         Residual[Ry] :  0.13566E-11
          Delta [meV] : -0.74996E-04  -0.77467E-04

       Iteration 21

         Residual[Ry] :  0.10021E-11
          Delta [meV] : -0.57635E-04  -0.59446E-04

       Iteration 22

         Residual[Ry] :  0.32504E-12
          Delta [meV] : -0.65234E-05  -0.66015E-05

       Iteration 23

         Residual[Ry] :  0.25662E-12
          Delta [meV] : -0.75137E-06  -0.64831E-06

       Iteration 24

         Residual[Ry] :  0.17631E-12
          Delta [meV] : -0.87512E-06  -0.80677E-06

       Iteration 25

         Residual[Ry] :  0.46557E-13
          Delta [meV] : -0.10717E-05  -0.10803E-05

       Iteration 26

         Residual[Ry] :  0.34387E-13
          Delta [meV] : -0.77902E-06  -0.78635E-06

       Iteration 27

         Residual[Ry] :  0.36959E-14
          Delta [meV] :  0.39875E-08   0.33423E-08

       Iteration 28

         Residual[Ry] :  0.25650E-14
          Delta [meV] :  0.45904E-07   0.45885E-07

       Iteration 29

         Residual[Ry] :  0.18879E-14
          Delta [meV] :  0.32396E-07   0.32401E-07

       Iteration 30

         Residual[Ry] :  0.54999E-15
          Delta [meV] :  0.28625E-08   0.28038E-08

       Converged ! iter = 30


     T[K]-D[meV]:     0.13063E+01    0.28459E-08

       Number of total points for gap equation : 10659  10354
       Initial delta is read from file (delta.dat)
       DOS(E_F)[Ry^-1/cell/spin] :  0.27061E+01
       DOS(E_F)[Ry^-1/cell/spin] :  0.27065E+01

     #####  Compute renormalization factor : Z  #####

       Averaged Z_{FS} :  0.46392E+00   0.46565E+00

     #####  Compute effective interaction  #####


     #####  Solve gap equation  #####


       Iteration 0

         Residual[Ry] :  0.69188E-08
          Delta [meV] :  0.15976E+00   0.15902E+00

       Iteration 1

         Residual[Ry] :  0.54526E-08
          Delta [meV] :  0.15877E+00   0.15805E+00

       Iteration 2

         Residual[Ry] :  0.47883E-08
          Delta [meV] :  0.15619E+00   0.15540E+00

       Iteration 3

         Residual[Ry] :  0.45723E-08
          Delta [meV] :  0.15075E+00   0.14964E+00

       Iteration 4

         Residual[Ry] :  0.51809E-08
          Delta [meV] :  0.13120E+00   0.12841E+00

       Iteration 5

         Residual[Ry] :  0.52185E-08
          Delta [meV] :  0.13167E+00   0.12882E+00

       Iteration 6

         Residual[Ry] :  0.56187E-08
          Delta [meV] :  0.90367E-01   0.95142E-01

       Iteration 7

         Residual[Ry] :  0.20583E-08
          Delta [meV] :  0.94408E-01   0.95427E-01

       Iteration 8

         Residual[Ry] :  0.18041E-08
          Delta [meV] :  0.86379E-01   0.87185E-01

       Iteration 9

         Residual[Ry] :  0.95759E-09
          Delta [meV] :  0.53044E-01   0.53106E-01

       Iteration 10

         Residual[Ry] :  0.63818E-09
          Delta [meV] :  0.38543E-01   0.38939E-01

       Iteration 11

         Residual[Ry] :  0.27652E-09
          Delta [meV] :  0.19926E-01   0.20098E-01

       Iteration 12

         Residual[Ry] :  0.31361E-09
          Delta [meV] :  0.87777E-02   0.91195E-02

       Iteration 13

         Residual[Ry] :  0.33067E-09
          Delta [meV] :  0.63935E-02   0.67273E-02

       Iteration 14

         Residual[Ry] :  0.42477E-09
          Delta [meV] :  0.82898E-02   0.87250E-02

       Iteration 15

         Residual[Ry] :  0.60673E-10
          Delta [meV] : -0.60746E-03  -0.62618E-03

       Iteration 16

         Residual[Ry] :  0.52704E-10
          Delta [meV] : -0.60524E-03  -0.62521E-03

       Iteration 17

         Residual[Ry] :  0.12323E-10
          Delta [meV] :  0.10916E-03   0.10297E-03

       Iteration 18

         Residual[Ry] :  0.65568E-11
          Delta [meV] :  0.22203E-03   0.22292E-03

       Iteration 19

         Residual[Ry] :  0.48880E-11
          Delta [meV] :  0.15606E-03   0.15708E-03

       Iteration 20

         Residual[Ry] :  0.27883E-11
          Delta [meV] :  0.31095E-04   0.31024E-04

       Iteration 21

         Residual[Ry] :  0.72699E-12
          Delta [meV] : -0.81697E-04  -0.82426E-04

       Iteration 22

         Residual[Ry] :  0.55876E-12
          Delta [meV] : -0.50150E-04  -0.50591E-04

       Iteration 23

         Residual[Ry] :  0.30841E-12
          Delta [meV] : -0.20237E-04  -0.20370E-04

       Iteration 24

         Residual[Ry] :  0.15963E-12
          Delta [meV] :  0.12541E-05   0.13308E-05

       Iteration 25

         Residual[Ry] :  0.12539E-12
          Delta [meV] :  0.96996E-06   0.10303E-05

       Iteration 26

         Residual[Ry] :  0.24619E-13
          Delta [meV] : -0.15715E-06  -0.15567E-06

       Iteration 27

         Residual[Ry] :  0.18293E-13
          Delta [meV] : -0.78615E-07  -0.77628E-07

       Iteration 28

         Residual[Ry] :  0.23280E-14
          Delta [meV] :  0.51694E-07   0.51189E-07

       Iteration 29

         Residual[Ry] :  0.18768E-14
          Delta [meV] :  0.47063E-07   0.46628E-07

       Iteration 30

         Residual[Ry] :  0.63467E-15
          Delta [meV] :  0.16022E-07   0.15992E-07

       Converged ! iter = 30


     T[K]-D[meV]:     0.11756E+01    0.16007E-07

       Number of total points for gap equation : 10659  10354
       Initial delta is read from file (delta.dat)
       DOS(E_F)[Ry^-1/cell/spin] :  0.27061E+01
       DOS(E_F)[Ry^-1/cell/spin] :  0.27065E+01

     #####  Compute renormalization factor : Z  #####

       Averaged Z_{FS} :  0.46411E+00   0.46584E+00

     #####  Compute effective interaction  #####


     #####  Solve gap equation  #####


       Iteration 0

         Residual[Ry] :  0.62279E-08
          Delta [meV] :  0.15976E+00   0.15902E+00

       Iteration 1

         Residual[Ry] :  0.49064E-08
          Delta [meV] :  0.15886E+00   0.15814E+00

       Iteration 2

         Residual[Ry] :  0.43084E-08
          Delta [meV] :  0.15652E+00   0.15574E+00

       Iteration 3

         Residual[Ry] :  0.41058E-08
          Delta [meV] :  0.15163E+00   0.15059E+00

       Iteration 4

         Residual[Ry] :  0.46523E-08
          Delta [meV] :  0.13283E+00   0.13024E+00

       Iteration 5

         Residual[Ry] :  0.46975E-08
          Delta [meV] :  0.13336E+00   0.13070E+00

       Iteration 6

         Residual[Ry] :  0.50591E-08
          Delta [meV] :  0.98251E-01   0.10244E+00

       Iteration 7

         Residual[Ry] :  0.18166E-08
          Delta [meV] :  0.10181E+00   0.10252E+00

       Iteration 8

         Residual[Ry] :  0.16130E-08
          Delta [meV] :  0.94808E-01   0.95397E-01

       Iteration 9

         Residual[Ry] :  0.85376E-09
          Delta [meV] :  0.59968E-01   0.59861E-01

       Iteration 10

         Residual[Ry] :  0.51786E-09
          Delta [meV] :  0.47799E-01   0.48138E-01

       Iteration 11

         Residual[Ry] :  0.26995E-09
          Delta [meV] :  0.33952E-01   0.34191E-01

       Iteration 12

         Residual[Ry] :  0.32186E-09
          Delta [meV] :  0.20791E-01   0.21148E-01

       Iteration 13

         Residual[Ry] :  0.32784E-09
          Delta [meV] :  0.18901E-01   0.19255E-01

       Iteration 14

         Residual[Ry] :  0.38813E-09
          Delta [meV] :  0.22052E-01   0.22479E-01

       Iteration 15

         Residual[Ry] :  0.73483E-10
          Delta [meV] :  0.25275E-02   0.24926E-02

       Iteration 16

         Residual[Ry] :  0.49165E-10
          Delta [meV] :  0.17360E-02   0.17305E-02

       Iteration 17

         Residual[Ry] :  0.40516E-10
          Delta [meV] :  0.68507E-03   0.66882E-03

       Iteration 18

         Residual[Ry] :  0.19569E-10
          Delta [meV] : -0.30408E-03  -0.31821E-03

       Iteration 19

         Residual[Ry] :  0.57763E-11
          Delta [meV] : -0.21083E-03  -0.21463E-03

       Iteration 20

         Residual[Ry] :  0.29458E-11
          Delta [meV] : -0.10315E-03  -0.10330E-03

       Iteration 21

         Residual[Ry] :  0.23857E-11
          Delta [meV] : -0.70799E-04  -0.70719E-04

       Iteration 22

         Residual[Ry] :  0.56947E-12
          Delta [meV] :  0.15770E-04   0.15991E-04

       Iteration 23

         Residual[Ry] :  0.35425E-12
          Delta [meV] :  0.19066E-04   0.19251E-04

       Iteration 24

         Residual[Ry] :  0.25496E-12
          Delta [meV] :  0.96932E-05   0.98199E-05

       Iteration 25

         Residual[Ry] :  0.96585E-13
          Delta [meV] : -0.70452E-05  -0.70395E-05

       Iteration 26

         Residual[Ry] :  0.74062E-13
          Delta [meV] : -0.54609E-05  -0.54581E-05

       Iteration 27

         Residual[Ry] :  0.97668E-14
          Delta [meV] :  0.15762E-06   0.15631E-06

       Iteration 28

         Residual[Ry] :  0.74649E-14
          Delta [meV] :  0.22353E-06   0.22199E-06

       Iteration 29

         Residual[Ry] :  0.39298E-14
          Delta [meV] :  0.11294E-06   0.11211E-06

       Iteration 30

         Residual[Ry] :  0.13615E-14
          Delta [meV] :  0.41626E-07   0.41453E-07

       Iteration 31

         Residual[Ry] :  0.10987E-14
          Delta [meV] :  0.39552E-07   0.39378E-07

       Iteration 32

         Residual[Ry] :  0.40753E-15
          Delta [meV] :  0.16646E-07   0.16582E-07

       Converged ! iter = 32


     T[K]-D[meV]:     0.11103E+01    0.16614E-07

       Number of total points for gap equation : 10659  10354
       Initial delta is read from file (delta.dat)
       DOS(E_F)[Ry^-1/cell/spin] :  0.27061E+01
       DOS(E_F)[Ry^-1/cell/spin] :  0.27065E+01

     #####  Compute renormalization factor : Z  #####

       Averaged Z_{FS} :  0.46421E+00   0.46594E+00

     #####  Compute effective interaction  #####


     #####  Solve gap equation  #####


       Iteration 0

         Residual[Ry] :  0.58819E-08
          Delta [meV] :  0.15976E+00   0.15902E+00

       Iteration 1

         Residual[Ry] :  0.46327E-08
          Delta [meV] :  0.15890E+00   0.15818E+00

       Iteration 2

         Residual[Ry] :  0.40678E-08
          Delta [meV] :  0.15669E+00   0.15592E+00

       Iteration 3

         Residual[Ry] :  0.38714E-08
          Delta [meV] :  0.15208E+00   0.15107E+00

       Iteration 4

         Residual[Ry] :  0.43844E-08
          Delta [meV] :  0.13362E+00   0.13112E+00

       Iteration 5

         Residual[Ry] :  0.44345E-08
          Delta [meV] :  0.13417E+00   0.13160E+00

       Iteration 6

         Residual[Ry] :  0.47515E-08
          Delta [meV] :  0.10231E+00   0.10619E+00

       Iteration 7

         Residual[Ry] :  0.16958E-08
          Delta [meV] :  0.10555E+00   0.10610E+00

       Iteration 8

         Residual[Ry] :  0.15128E-08
          Delta [meV] :  0.99097E-01   0.99570E-01

       Iteration 9

         Residual[Ry] :  0.79804E-09
          Delta [meV] :  0.65549E-01   0.65389E-01

       Iteration 10

         Residual[Ry] :  0.38224E-09
          Delta [meV] :  0.52001E-01   0.52247E-01

       Iteration 11

         Residual[Ry] :  0.25152E-09
          Delta [meV] :  0.39465E-01   0.39711E-01

       Iteration 12

         Residual[Ry] :  0.29465E-09
          Delta [meV] :  0.29941E-01   0.30241E-01

       Iteration 13

         Residual[Ry] :  0.29660E-09
          Delta [meV] :  0.30086E-01   0.30389E-01

       Iteration 14

         Residual[Ry] :  0.16245E-09
          Delta [meV] :  0.11168E-01   0.11043E-01

       Iteration 15

         Residual[Ry] :  0.60781E-10
          Delta [meV] :  0.12212E-01   0.12214E-01

       Iteration 16

         Residual[Ry] :  0.52081E-10
          Delta [meV] :  0.96303E-02   0.96164E-02

       Iteration 17

         Residual[Ry] :  0.36073E-10
          Delta [meV] :  0.64302E-02   0.64143E-02

       Iteration 18

         Residual[Ry] :  0.12946E-10
          Delta [meV] :  0.26364E-02   0.26289E-02

       Iteration 19

         Residual[Ry] :  0.71307E-11
          Delta [meV] :  0.16831E-02   0.16806E-02

       Iteration 20

         Residual[Ry] :  0.52355E-11
          Delta [meV] :  0.13505E-02   0.13494E-02

       Iteration 21

         Residual[Ry] :  0.30515E-11
          Delta [meV] :  0.10133E-02   0.10132E-02

       Iteration 22

         Residual[Ry] :  0.14805E-11
          Delta [meV] :  0.60552E-03   0.60567E-03

       Iteration 23

         Residual[Ry] :  0.10712E-11
          Delta [meV] :  0.44747E-03   0.44758E-03

       Iteration 24

         Residual[Ry] :  0.44880E-12
          Delta [meV] :  0.15259E-03   0.15265E-03

       Iteration 25

         Residual[Ry] :  0.20176E-12
          Delta [meV] :  0.67846E-04   0.67846E-04

       Iteration 26

         Residual[Ry] :  0.10632E-12
          Delta [meV] : -0.74992E-05  -0.75228E-05

       Iteration 27

         Residual[Ry] :  0.92001E-13
          Delta [meV] :  0.87465E-05   0.87234E-05

       Iteration 28

         Residual[Ry] :  0.73443E-13
          Delta [meV] :  0.70724E-05   0.70471E-05

       Iteration 29

         Residual[Ry] :  0.44207E-13
          Delta [meV] :  0.50797E-05   0.50561E-05

       Iteration 30

         Residual[Ry] :  0.35092E-13
          Delta [meV] :  0.40945E-05   0.40762E-05

       Iteration 31

         Residual[Ry] :  0.23101E-14
          Delta [meV] : -0.83612E-07  -0.82625E-07

       Iteration 32

         Residual[Ry] :  0.20486E-14
          Delta [meV] : -0.11309E-06  -0.11242E-06

       Iteration 33

         Residual[Ry] :  0.99302E-15
          Delta [meV] : -0.79918E-07  -0.79569E-07

       Converged ! iter = 33


     T[K]-D[meV]:     0.10777E+01    0.79744E-07

       Number of total points for gap equation : 10659  10354
       Initial delta is read from file (delta.dat)
       DOS(E_F)[Ry^-1/cell/spin] :  0.27061E+01
       DOS(E_F)[Ry^-1/cell/spin] :  0.27065E+01

     #####  Compute renormalization factor : Z  #####

       Averaged Z_{FS} :  0.46426E+00   0.46599E+00

     #####  Compute effective interaction  #####


     #####  Solve gap equation  #####


       Iteration 0

         Residual[Ry] :  0.57089E-08
          Delta [meV] :  0.15976E+00   0.15902E+00

       Iteration 1

         Residual[Ry] :  0.44959E-08
          Delta [meV] :  0.15892E+00   0.15820E+00

       Iteration 2

         Residual[Ry] :  0.39475E-08
          Delta [meV] :  0.15678E+00   0.15600E+00

       Iteration 3

         Residual[Ry] :  0.37542E-08
          Delta [meV] :  0.15230E+00   0.15130E+00

       Iteration 4

         Residual[Ry] :  0.42495E-08
          Delta [meV] :  0.13400E+00   0.13156E+00

       Iteration 5

         Residual[Ry] :  0.43024E-08
          Delta [meV] :  0.13456E+00   0.13205E+00

       Iteration 6

         Residual[Ry] :  0.45896E-08
          Delta [meV] :  0.10437E+00   0.10808E+00

       Iteration 7

         Residual[Ry] :  0.16365E-08
          Delta [meV] :  0.10742E+00   0.10789E+00

       Iteration 8

         Residual[Ry] :  0.14622E-08
          Delta [meV] :  0.10125E+00   0.10166E+00

       Iteration 9

         Residual[Ry] :  0.75952E-09
          Delta [meV] :  0.69432E-01   0.69264E-01

       Iteration 10

         Residual[Ry] :  0.31633E-09
          Delta [meV] :  0.54506E-01   0.54695E-01

       Iteration 11

         Residual[Ry] :  0.26375E-09
          Delta [meV] :  0.42537E-01   0.42790E-01

       Iteration 12

         Residual[Ry] :  0.26184E-09
          Delta [meV] :  0.38456E-01   0.38702E-01

       Iteration 13

         Residual[Ry] :  0.23927E-09
          Delta [meV] :  0.37264E-01   0.37482E-01

       Iteration 14

         Residual[Ry] :  0.11265E-09
          Delta [meV] :  0.22445E-01   0.22358E-01

       Iteration 15

         Residual[Ry] :  0.61274E-10
          Delta [meV] :  0.20692E-01   0.20665E-01

       Iteration 16

         Residual[Ry] :  0.48241E-10
          Delta [meV] :  0.17752E-01   0.17722E-01

       Iteration 17

         Residual[Ry] :  0.24442E-10
          Delta [meV] :  0.10925E-01   0.10894E-01

       Iteration 18

         Residual[Ry] :  0.14023E-10
          Delta [meV] :  0.86208E-02   0.86037E-02

       Iteration 19

         Residual[Ry] :  0.11270E-10
          Delta [meV] :  0.81260E-02   0.81139E-02

       Iteration 20

         Residual[Ry] :  0.86896E-11
          Delta [meV] :  0.70266E-02   0.70174E-02

       Iteration 21

         Residual[Ry] :  0.64599E-11
          Delta [meV] :  0.53545E-02   0.53479E-02

       Iteration 22

         Residual[Ry] :  0.50116E-11
          Delta [meV] :  0.43615E-02   0.43556E-02

       Iteration 23

         Residual[Ry] :  0.29695E-11
          Delta [meV] :  0.20304E-02   0.20273E-02

       Iteration 24

         Residual[Ry] :  0.21702E-11
          Delta [meV] :  0.16131E-02   0.16110E-02

       Iteration 25

         Residual[Ry] :  0.62380E-12
          Delta [meV] :  0.44258E-03   0.44194E-03

       Iteration 26

         Residual[Ry] :  0.41855E-12
          Delta [meV] :  0.82935E-04   0.82726E-04

       Iteration 27

         Residual[Ry] :  0.36036E-12
          Delta [meV] :  0.57364E-04   0.57195E-04

       Iteration 28

         Residual[Ry] :  0.26653E-12
          Delta [meV] :  0.70917E-04   0.70709E-04

       Iteration 29

         Residual[Ry] :  0.15021E-12
          Delta [meV] :  0.22231E-04   0.22102E-04

       Iteration 30

         Residual[Ry] :  0.10935E-12
          Delta [meV] :  0.14031E-04   0.13947E-04

       Iteration 31

         Residual[Ry] :  0.19438E-13
          Delta [meV] : -0.61413E-06  -0.61022E-06

       Iteration 32

         Residual[Ry] :  0.10025E-13
          Delta [meV] : -0.83533E-06  -0.83114E-06

       Iteration 33

         Residual[Ry] :  0.60889E-14
          Delta [meV] : -0.10553E-05  -0.10512E-05

       Iteration 34

         Residual[Ry] :  0.42748E-14
          Delta [meV] : -0.87836E-06  -0.87530E-06

       Iteration 35

         Residual[Ry] :  0.11977E-14
          Delta [meV] : -0.36277E-06  -0.36222E-06

       Iteration 36

         Residual[Ry] :  0.92087E-15
          Delta [meV] : -0.29543E-06  -0.29491E-06

       Converged ! iter = 36


     T[K]-D[meV]:     0.10613E+01    0.29517E-06

       Number of total points for gap equation : 10659  10354
       Initial delta is read from file (delta.dat)
       DOS(E_F)[Ry^-1/cell/spin] :  0.27061E+01
       DOS(E_F)[Ry^-1/cell/spin] :  0.27065E+01

     #####  Compute renormalization factor : Z  #####

       Averaged Z_{FS} :  0.46428E+00   0.46601E+00

     #####  Compute effective interaction  #####


     #####  Solve gap equation  #####


       Iteration 0

         Residual[Ry] :  0.56225E-08
          Delta [meV] :  0.15976E+00   0.15902E+00

       Iteration 1

         Residual[Ry] :  0.44276E-08
          Delta [meV] :  0.15894E+00   0.15822E+00

       Iteration 2

         Residual[Ry] :  0.38873E-08
          Delta [meV] :  0.15682E+00   0.15605E+00

       Iteration 3

         Residual[Ry] :  0.36956E-08
          Delta [meV] :  0.15242E+00   0.15142E+00

       Iteration 4

         Residual[Ry] :  0.41818E-08
          Delta [meV] :  0.13419E+00   0.13177E+00

       Iteration 5

         Residual[Ry] :  0.42361E-08
          Delta [meV] :  0.13476E+00   0.13227E+00

       Iteration 6

         Residual[Ry] :  0.45064E-08
          Delta [meV] :  0.10541E+00   0.10903E+00

       Iteration 7

         Residual[Ry] :  0.16073E-08
          Delta [meV] :  0.10835E+00   0.10878E+00

       Iteration 8

         Residual[Ry] :  0.14368E-08
          Delta [meV] :  0.10232E+00   0.10270E+00

       Iteration 9

         Residual[Ry] :  0.73863E-09
          Delta [meV] :  0.71661E-01   0.71494E-01

       Iteration 10

         Residual[Ry] :  0.28882E-09
          Delta [meV] :  0.55966E-01   0.56125E-01

       Iteration 11

         Residual[Ry] :  0.27944E-09
          Delta [meV] :  0.44292E-01   0.44548E-01

       Iteration 12

         Residual[Ry] :  0.26276E-09
          Delta [meV] :  0.42119E-01   0.42353E-01

       Iteration 13

         Residual[Ry] :  0.73843E-10
          Delta [meV] :  0.28357E-01   0.28313E-01

       Iteration 14

         Residual[Ry] :  0.63560E-10
          Delta [meV] :  0.25451E-01   0.25406E-01

       Iteration 15

         Residual[Ry] :  0.43327E-10
          Delta [meV] :  0.20653E-01   0.20644E-01

       Iteration 16

         Residual[Ry] :  0.24781E-10
          Delta [meV] :  0.18658E-01   0.18630E-01

       Iteration 17

         Residual[Ry] :  0.16887E-10
          Delta [meV] :  0.16467E-01   0.16430E-01

       Iteration 18

         Residual[Ry] :  0.13411E-10
          Delta [meV] :  0.15941E-01   0.15909E-01

       Iteration 19

         Residual[Ry] :  0.96179E-11
          Delta [meV] :  0.14527E-01   0.14501E-01

       Iteration 20

         Residual[Ry] :  0.80166E-11
          Delta [meV] :  0.13681E-01   0.13657E-01

       Iteration 21

         Residual[Ry] :  0.55206E-11
          Delta [meV] :  0.11828E-01   0.11806E-01

       Iteration 22

         Residual[Ry] :  0.46505E-11
          Delta [meV] :  0.10163E-01   0.10144E-01

       Iteration 23

         Residual[Ry] :  0.39533E-11
          Delta [meV] :  0.93621E-02   0.93450E-02

       Iteration 24

         Residual[Ry] :  0.22999E-11
          Delta [meV] :  0.55421E-02   0.55308E-02

       Iteration 25

         Residual[Ry] :  0.16313E-11
          Delta [meV] :  0.81901E-03   0.81663E-03

       Iteration 26

         Residual[Ry] :  0.87900E-12
          Delta [meV] : -0.16614E-02  -0.16581E-02

       Iteration 27

         Residual[Ry] :  0.86786E-12
          Delta [meV] : -0.72844E-03  -0.72686E-03

       Iteration 28

         Residual[Ry] :  0.76459E-12
          Delta [meV] : -0.37037E-03  -0.36958E-03

       Iteration 29

         Residual[Ry] :  0.54887E-12
          Delta [meV] :  0.57124E-03   0.56990E-03

       Iteration 30

         Residual[Ry] :  0.48394E-12
          Delta [meV] :  0.53555E-03   0.53427E-03

       Iteration 31

         Residual[Ry] :  0.17480E-12
          Delta [meV] :  0.11174E-03   0.11140E-03

       Iteration 32

         Residual[Ry] :  0.10762E-12
          Delta [meV] :  0.15994E-04   0.15899E-04

       Iteration 33

         Residual[Ry] :  0.49975E-13
          Delta [meV] :  0.10947E-05   0.10702E-05

       Iteration 34

         Residual[Ry] :  0.17619E-13
          Delta [meV] :  0.75652E-05   0.75501E-05

       Iteration 35

         Residual[Ry] :  0.13451E-13
          Delta [meV] :  0.72129E-05   0.72007E-05

       Iteration 36

         Residual[Ry] :  0.82831E-14
          Delta [meV] :  0.36286E-05   0.36232E-05

       Iteration 37

         Residual[Ry] :  0.19719E-14
          Delta [meV] : -0.13031E-05  -0.13001E-05

       Iteration 38

         Residual[Ry] :  0.14597E-14
          Delta [meV] : -0.13663E-05  -0.13634E-05

       Iteration 39

         Residual[Ry] :  0.81874E-15
          Delta [meV] : -0.76025E-06  -0.75860E-06

       Converged ! iter = 39


     T[K]-D[meV]:     0.10532E+01    0.75942E-06

       Number of total points for gap equation : 10659  10354
       Initial delta is read from file (delta.dat)
       DOS(E_F)[Ry^-1/cell/spin] :  0.27061E+01
       DOS(E_F)[Ry^-1/cell/spin] :  0.27065E+01

     #####  Compute renormalization factor : Z  #####

       Averaged Z_{FS} :  0.46429E+00   0.46602E+00

     #####  Compute effective interaction  #####


     #####  Solve gap equation  #####


       Iteration 0

         Residual[Ry] :  0.55793E-08
          Delta [meV] :  0.15976E+00   0.15902E+00

       Iteration 1

         Residual[Ry] :  0.43934E-08
          Delta [meV] :  0.15894E+00   0.15822E+00

       Iteration 2

         Residual[Ry] :  0.38573E-08
          Delta [meV] :  0.15684E+00   0.15607E+00

       Iteration 3

         Residual[Ry] :  0.36663E-08
          Delta [meV] :  0.15247E+00   0.15148E+00

       Iteration 4

         Residual[Ry] :  0.41479E-08
          Delta [meV] :  0.13429E+00   0.13188E+00

       Iteration 5

         Residual[Ry] :  0.42030E-08
          Delta [meV] :  0.13486E+00   0.13238E+00

       Iteration 6

         Residual[Ry] :  0.44643E-08
          Delta [meV] :  0.10592E+00   0.10950E+00

       Iteration 7

         Residual[Ry] :  0.15928E-08
          Delta [meV] :  0.10882E+00   0.10922E+00

       Iteration 8

         Residual[Ry] :  0.14241E-08
          Delta [meV] :  0.10285E+00   0.10322E+00

       Iteration 9

         Residual[Ry] :  0.72825E-09
          Delta [meV] :  0.72840E-01   0.72674E-01

       Iteration 10

         Residual[Ry] :  0.27687E-09
          Delta [meV] :  0.56758E-01   0.56902E-01

       Iteration 11

         Residual[Ry] :  0.28947E-09
          Delta [meV] :  0.45247E-01   0.45505E-01

       Iteration 12

         Residual[Ry] :  0.26731E-09
          Delta [meV] :  0.43671E-01   0.43902E-01

       Iteration 13

         Residual[Ry] :  0.76545E-10
          Delta [meV] :  0.29660E-01   0.29601E-01

       Iteration 14

         Residual[Ry] :  0.61826E-10
          Delta [meV] :  0.28886E-01   0.28865E-01

       Iteration 15

         Residual[Ry] :  0.50212E-10
          Delta [meV] :  0.27152E-01   0.27115E-01

       Iteration 16

         Residual[Ry] :  0.31052E-10
          Delta [meV] :  0.23362E-01   0.23309E-01

       Iteration 17

         Residual[Ry] :  0.18542E-10
          Delta [meV] :  0.21705E-01   0.21662E-01

       Iteration 18

         Residual[Ry] :  0.10370E-10
          Delta [meV] :  0.19114E-01   0.19077E-01

       Iteration 19

         Residual[Ry] :  0.93490E-11
          Delta [meV] :  0.18837E-01   0.18802E-01

       Iteration 20

         Residual[Ry] :  0.73097E-11
          Delta [meV] :  0.18076E-01   0.18041E-01

       Iteration 21

         Residual[Ry] :  0.44179E-11
          Delta [meV] :  0.16236E-01   0.16203E-01

       Iteration 22

         Residual[Ry] :  0.39420E-11
          Delta [meV] :  0.15669E-01   0.15638E-01

       Iteration 23

         Residual[Ry] :  0.33399E-11
          Delta [meV] :  0.14637E-01   0.14608E-01

       Iteration 24

         Residual[Ry] :  0.23800E-11
          Delta [meV] :  0.12918E-01   0.12892E-01

       Iteration 25

         Residual[Ry] :  0.13153E-11
          Delta [meV] :  0.93617E-02   0.93408E-02

       Iteration 26

         Residual[Ry] :  0.11895E-11
          Delta [meV] :  0.65819E-02   0.65666E-02

       Iteration 27

         Residual[Ry] :  0.10388E-11
          Delta [meV] :  0.47157E-02   0.47047E-02

       Iteration 28

         Residual[Ry] :  0.87306E-12
          Delta [meV] :  0.29614E-02   0.29547E-02

       Iteration 29

         Residual[Ry] :  0.72521E-12
          Delta [meV] :  0.32756E-02   0.32682E-02

       Iteration 30

         Residual[Ry] :  0.47054E-12
          Delta [meV] :  0.56303E-02   0.56174E-02

       Iteration 31

         Residual[Ry] :  0.39961E-12
          Delta [meV] :  0.68940E-02   0.68783E-02

       Iteration 32

         Residual[Ry] :  0.32109E-12
          Delta [meV] :  0.68337E-02   0.68181E-02

       Iteration 33

         Residual[Ry] :  0.21809E-12
          Delta [meV] :  0.59653E-02   0.59517E-02

       Iteration 34

         Residual[Ry] :  0.11555E-12
          Delta [meV] :  0.58700E-02   0.58567E-02

       Iteration 35

         Residual[Ry] :  0.65927E-13
          Delta [meV] :  0.57798E-02   0.57667E-02

       Iteration 36

         Residual[Ry] :  0.50392E-13
          Delta [meV] :  0.57469E-02   0.57339E-02

       Iteration 37

         Residual[Ry] :  0.10857E-13
          Delta [meV] :  0.56166E-02   0.56039E-02

       Iteration 38

         Residual[Ry] :  0.75739E-14
          Delta [meV] :  0.55917E-02   0.55790E-02

       Iteration 39

         Residual[Ry] :  0.18511E-14
          Delta [meV] :  0.55436E-02   0.55311E-02

       Iteration 40

         Residual[Ry] :  0.14328E-14
          Delta [meV] :  0.55415E-02   0.55289E-02

       Iteration 41

         Residual[Ry] :  0.71419E-15
          Delta [meV] :  0.55421E-02   0.55295E-02

       Converged ! iter = 41


     T[K]-D[meV]:     0.10491E+01    0.55358E-02

       Number of total points for gap equation : 10659  10354
       Initial delta is read from file (delta.dat)
       DOS(E_F)[Ry^-1/cell/spin] :  0.27061E+01
       DOS(E_F)[Ry^-1/cell/spin] :  0.27065E+01

     #####  Compute renormalization factor : Z  #####

       Averaged Z_{FS} :  0.46429E+00   0.46601E+00

     #####  Compute effective interaction  #####


     #####  Solve gap equation  #####


       Iteration 0

         Residual[Ry] :  0.56009E-08
          Delta [meV] :  0.15976E+00   0.15902E+00

       Iteration 1

         Residual[Ry] :  0.44105E-08
          Delta [meV] :  0.15894E+00   0.15822E+00

       Iteration 2

         Residual[Ry] :  0.38723E-08
          Delta [meV] :  0.15683E+00   0.15606E+00

       Iteration 3

         Residual[Ry] :  0.36810E-08
          Delta [meV] :  0.15244E+00   0.15145E+00

       Iteration 4

         Residual[Ry] :  0.41649E-08
          Delta [meV] :  0.13424E+00   0.13183E+00

       Iteration 5

         Residual[Ry] :  0.42196E-08
          Delta [meV] :  0.13481E+00   0.13232E+00

       Iteration 6

         Residual[Ry] :  0.44854E-08
          Delta [meV] :  0.10566E+00   0.10927E+00

       Iteration 7

         Residual[Ry] :  0.16000E-08
          Delta [meV] :  0.10859E+00   0.10900E+00

       Iteration 8

         Residual[Ry] :  0.14305E-08
          Delta [meV] :  0.10259E+00   0.10296E+00

       Iteration 9

         Residual[Ry] :  0.73341E-09
          Delta [meV] :  0.72245E-01   0.72079E-01

       Iteration 10

         Residual[Ry] :  0.28269E-09
          Delta [meV] :  0.56356E-01   0.56508E-01

       Iteration 11

         Residual[Ry] :  0.28430E-09
          Delta [meV] :  0.44762E-01   0.45019E-01

       Iteration 12

         Residual[Ry] :  0.26478E-09
          Delta [meV] :  0.42913E-01   0.43145E-01

       Iteration 13

         Residual[Ry] :  0.80804E-10
          Delta [meV] :  0.28074E-01   0.28006E-01

       Iteration 14

         Residual[Ry] :  0.59969E-10
          Delta [meV] :  0.27161E-01   0.27132E-01

       Iteration 15

         Residual[Ry] :  0.48515E-10
          Delta [meV] :  0.25195E-01   0.25159E-01

       Iteration 16

         Residual[Ry] :  0.25653E-10
          Delta [meV] :  0.19129E-01   0.19076E-01

       Iteration 17

         Residual[Ry] :  0.13682E-10
          Delta [meV] :  0.18165E-01   0.18128E-01

       Iteration 18

         Residual[Ry] :  0.11025E-10
          Delta [meV] :  0.17105E-01   0.17073E-01

       Iteration 19

         Residual[Ry] :  0.93908E-11
          Delta [meV] :  0.16463E-01   0.16433E-01

       Iteration 20

         Residual[Ry] :  0.64932E-11
          Delta [meV] :  0.15198E-01   0.15169E-01

       Iteration 21

         Residual[Ry] :  0.50015E-11
          Delta [meV] :  0.13390E-01   0.13365E-01

       Iteration 22

         Residual[Ry] :  0.45446E-11
          Delta [meV] :  0.12972E-01   0.12948E-01

       Iteration 23

         Residual[Ry] :  0.32542E-11
          Delta [meV] :  0.11085E-01   0.11063E-01

       Iteration 24

         Residual[Ry] :  0.24685E-11
          Delta [meV] :  0.66798E-02   0.66651E-02

       Iteration 25

         Residual[Ry] :  0.22802E-11
          Delta [meV] :  0.36294E-02   0.36208E-02

       Iteration 26

         Residual[Ry] :  0.14810E-11
          Delta [meV] :  0.65331E-03   0.65149E-03

       Iteration 27

         Residual[Ry] :  0.96167E-12
          Delta [meV] : -0.19354E-02  -0.19311E-02

       Iteration 28

         Residual[Ry] :  0.83359E-12
          Delta [meV] : -0.10188E-02  -0.10166E-02

       Iteration 29

         Residual[Ry] :  0.57984E-12
          Delta [meV] :  0.14608E-02   0.14574E-02

       Iteration 30

         Residual[Ry] :  0.51295E-12
          Delta [meV] :  0.11489E-02   0.11462E-02

       Iteration 31

         Residual[Ry] :  0.16891E-12
          Delta [meV] : -0.88170E-04  -0.88057E-04

       Iteration 32

         Residual[Ry] :  0.11651E-12
          Delta [meV] : -0.53669E-04  -0.53604E-04

       Iteration 33

         Residual[Ry] :  0.48727E-13
          Delta [meV] :  0.12010E-03   0.11981E-03

       Iteration 34

         Residual[Ry] :  0.27467E-13
          Delta [meV] :  0.51572E-04   0.51458E-04

       Iteration 35

         Residual[Ry] :  0.19761E-13
          Delta [meV] :  0.43662E-04   0.43566E-04

       Iteration 36

         Residual[Ry] :  0.99762E-14
          Delta [meV] :  0.21951E-04   0.21905E-04

       Iteration 37

         Residual[Ry] :  0.38061E-14
          Delta [meV] :  0.26359E-05   0.26306E-05

       Iteration 38

         Residual[Ry] :  0.18742E-14
          Delta [meV] : -0.47601E-05  -0.47494E-05

       Iteration 39

         Residual[Ry] :  0.14747E-14
          Delta [meV] : -0.25421E-05  -0.25362E-05

       Iteration 40

         Residual[Ry] :  0.89827E-15
          Delta [meV] : -0.14597E-05  -0.14564E-05

       Converged ! iter = 40


     T[K]-D[meV]:     0.10511E+01    0.14581E-05


     Transition temperature [K]     0.10501E+01


     #####  Clock summary  #####

     read_elph    :      0.01s CPU      0.01s WALL (       1 calls)
     read_Coulomb :      0.00s CPU      0.01s WALL (       1 calls)

     SCTK         :      1h39m CPU   5m57.16s WALL


   This run was terminated on:  22:40:57  22Nov2019            

=------------------------------------------------------------------------------=
   JOB DONE.
=------------------------------------------------------------------------------=
