 &plot nbnd=  15, nks=    63 /
            0.000000  0.000000  0.000000
   -3.208   20.641   20.641   20.641   22.146   22.146   22.146   24.497   27.467   27.467
   30.356   32.701   32.701   32.701   41.706
            0.000000  0.050507  0.000000
   -3.162   20.099   20.099   20.285   22.032   22.756   22.756   24.947   26.850   27.509
   30.287   32.753   32.753   33.488   41.898
            0.000000  0.101016  0.000000
   -3.022   19.219   19.219   19.501   21.716   23.839   23.839   25.378   26.008   27.638
   30.511   32.914   32.914   34.986   42.494
            0.000000  0.151523  0.000000
   -2.791   18.347   18.347   18.609   21.258   23.595   25.040   25.040   27.365   27.854
   31.048   33.189   33.189   36.522   43.541
            0.000000  0.202030  0.000000
   -2.467   17.533   17.533   17.728   20.720   21.733   26.294   26.294   28.152   28.895
   31.773   33.591   33.591   37.898   45.055
            0.000000  0.252538  0.000000
   -2.051   16.789   16.789   16.901   19.867   20.156   27.565   27.565   28.532   30.554
   32.618   34.140   34.140   39.092   46.976
            0.000000  0.303046  0.000000
   -1.545   16.121   16.121   16.147   18.043   19.589   28.815   28.815   28.991   32.327
   33.549   34.864   34.864   40.158   49.183
            0.000000  0.353553  0.000000
   -0.950   15.474   15.531   15.531   16.268   19.054   29.524   30.006   30.006   34.201
   34.547   35.791   35.791   41.139   49.094
            0.000000  0.404061  0.000000
   -0.266   14.554   14.887   15.018   15.018   18.564   30.126   31.102   31.102   35.598
   36.173   36.937   36.937   42.048   47.317
            0.000000  0.454569  0.000000
    0.505   12.908   14.387   14.585   14.585   18.133   30.782   32.090   32.090   36.699
   38.238   38.283   38.283   42.854   45.661
            0.000000  0.505076  0.000000
    1.359   11.334   13.977   14.230   14.230   17.770   31.476   32.970   32.970   37.837
   39.747   39.747   40.393   43.486   44.151
            0.000000  0.555584  0.000000
    2.294    9.839   13.657   13.954   13.954   17.482   32.173   33.741   33.741   39.000
   41.084   41.084   42.633   42.819   43.832
            0.000000  0.606091  0.000000
    3.299    8.433   13.428   13.757   13.757   17.273   32.809   34.374   34.374   40.159
   41.722   41.722   41.727   43.778   44.948
            0.000000  0.656600  0.000000
    4.336    7.155   13.290   13.639   13.639   17.146   33.284   34.813   34.813   40.980
   41.260   41.662   41.662   43.320   47.040
            0.000000  0.707107  0.000000
    5.033    6.377   13.244   13.600   13.600   17.103   33.465   34.973   34.973   40.708
   41.567   41.567   41.971   42.813   48.584
            0.044194  0.707107  0.044194
    5.099    6.446   11.793   13.660   14.576   17.755   33.097   34.434   34.587   40.602
   41.191   42.045   42.201   43.448   47.868
            0.088388  0.707107  0.088388
    5.294    6.649   10.060   13.843   15.193   19.398   32.191   33.201   33.641   39.101
   42.239   42.383   43.277   43.740   47.332
            0.132583  0.707107  0.132583
    5.620    6.964    8.381   14.147   15.680   21.477   31.047   31.733   32.451   37.546
   41.784   43.071   43.373   44.915   47.747
            0.176777  0.707107  0.176777
    6.077    6.603    7.594   14.573   16.221   23.724   29.849   30.232   31.202   36.039
   40.644   41.913   44.434   46.675   48.152
            0.530330  0.530330  0.000000
    6.077    6.603    7.594   14.573   16.221   23.724   29.849   30.232   31.202   36.039
   40.644   41.913   44.434   46.675   48.152
            0.494975  0.494975  0.000000
    5.427    6.536    8.023   15.002   16.727   25.551   28.912   29.066   30.220   34.918
   39.628   40.916   45.243   47.975   48.335
            0.459619  0.459619  0.000000
    4.279    7.080    8.579   15.509   17.305   27.298   27.951   28.017   29.278   33.938
   38.618   39.975   46.047   48.216   48.995
            0.424264  0.424264  0.000000
    3.199    7.707    9.224   16.094   17.957   26.900   27.176   28.388   28.744   33.244
   37.648   39.202   46.870   47.679   48.751
            0.388909  0.388909  0.000000
    2.197    8.419    9.949   16.758   18.680   25.921   26.396   27.558   29.430   33.117
   36.734   38.793   46.678   46.724   47.735
            0.353553  0.353553  0.000000
    1.274    9.216   10.751   17.498   19.471   25.019   25.684   26.792   29.219   33.362
   35.879   39.089   44.330   45.458   48.655
            0.318198  0.318198  0.000000
    0.433   10.096   11.625   18.315   20.325   24.196   25.041   26.093   28.601   33.296
   35.074   40.278   41.953   44.011   47.674
            0.282843  0.282843  0.000000
   -0.323   11.060   12.565   19.205   21.234   23.456   24.470   25.463   27.877   32.876
   34.300   39.657   41.920   42.670   45.800
            0.247487  0.247487  0.000000
   -0.994   12.108   13.565   20.160   22.189   22.800   23.980   24.903   27.143   32.300
   33.501   37.529   40.815   43.779   44.404
            0.212132  0.212132  0.000000
   -1.578   13.238   14.617   21.158   22.229   23.175   23.588   24.412   26.424   31.689
   32.544   35.721   39.280      Bands written to file bands.out

     BANDS        :      0.72s CPU      0.87s WALL


   This run was terminated on:  11:47:35  29Jun2022            

=------------------------------------------------------------------------------=
   JOB DONE.
=------------------------------------------------------------------------------=
[macloud2:996735] 23 more processes have sent help message help-common-ofi.txt / package_rank failed
[macloud2:996735] Set MCA parameter "orte_base_help_aggregate" to 0 to see all help / error messages
[macloud2:996735] 23 more processes have sent help message help-mpi-btl-openib.txt / error in device init
  23.022   23.424   26.065   26.241   26.885
   30.083   32.913   33.985   34.463   42.433
            0.035355  0.035355  0.000000
   -3.163   19.822   20.080   20.686   22.176   22.601   22.632   24.976   27.039   27.332
   30.209   32.752   33.091   33.220   41.891
            0.000000  0.000000  0.000000
   -3.208   20.641   20.641   20.641   22.146   22.146   22.146   24.497   27.467   27.467
   30.356   32.701   32.701   32.701   41.706
            0.029463  0.029463  0.029463
   -3.161   19.641   20.448   20.448   22.414   22.414   22.604   25.006   27.177   27.177
   30.163   32.965   33.087   33.087   41.898
            0.058925  0.058925  0.058925
   -3.019   18.019   20.073   20.073   22.807   23.004   23.004   26.330   26.490   26.490
   29.682   33.676   34.064   34.064   42.448
            0.088388  0.088388  0.088388
   -2.782   16.325   19.697   19.697   22.752   23.691   23.691   25.707   25.707   27.936
   29.043   34.749   35.374   35.374   43.296
            0.117851  0.117851  0.117851
   -2.451   14.646   19.372   19.372   22.622   24.069   24.069   25.312   25.312   28.321
   29.572   36.148   36.878   36.878   44.377
            0.147314  0.147314  0.147314
   -2.027   13.010   19.114   19.114   22.490   23.541   23.541   25.942   25.942   27.563
   31.167   37.838   38.505   38.505   45.629
            0.176777  0.176777  0.176777
   -1.511   11.431   18.929   18.929   22.391   22.791   22.791   26.804   26.927   26.927
   32.710   39.763   40.190   40.190   46.992
            0.206240  0.206240  0.206240
   -0.903    9.918   18.821   18.821   22.061   22.061   22.345   26.069   28.027   28.027
   34.210   41.787   41.787   41.854   47.024
            0.235702  0.235702  0.235702
   -0.204    8.475   18.790   18.790   21.391   21.391   22.366   25.376   29.192   29.192
   35.671   42.630   42.630   44.016   46.194
            0.265165  0.265165  0.265165
    0.583    7.107   18.838   18.838   20.792   20.792   22.463   24.740   30.383   30.383
   37.076   41.842   41.842   46.056   47.208
            0.294628  0.294628  0.294628
    1.458    5.817   18.965   18.965   20.269   20.269   22.637   24.170   31.528   31.528
   38.360   40.519   40.519   46.920   48.989
            0.324090  0.324090  0.324090
    2.417    4.608   19.172   19.172   19.824   19.824   22.890   23.676   32.460   32.460
   39.363   39.408   39.408   46.307   50.681
            0.353553  0.353553  0.353553
    3.352    3.590   19.441   19.441   19.475   19.475   23.149   23.337   32.851   32.851
   38.951   38.951   39.771   45.956   51.473
            0.353553  0.388909  0.318198
    3.394    3.635   18.342   18.409   20.105   20.194   23.734   23.743   32.543   32.742
   38.905   39.096   40.030   46.201   51.378
            0.353553  0.424264  0.282843
    3.520    3.768   16.994   17.193   20.432   20.649   24.735   25.136   31.772   32.424
   38.826   39.319   40.850   46.838   50.824
            0.353553  0.459619  0.247487
    3.731    3.989   15.606   15.930   20.693   21.002   26.020   26.881   30.786   31.939
   38.817   39.547   42.027   47.529   50.021
            0.353553  0.494975  0.212132
    4.026    4.296   14.253   14.679   20.984   21.360   27.344   28.794   29.743   31.399
   38.947   39.821   43.279   47.573   49.302
            0.353553  0.530330  0.176777
    4.404    4.686   12.961   13.469   21.331   21.761   28.358   28.661   30.866   31.125
   39.238   40.164   44.279   46.875   48.944
            0.353553  0.565685  0.141421
    4.865    5.155   11.746   12.319   21.744   22.215   27.644   28.469   31.701   32.990
   39.692   40.585   44.615   45.951   49.269
            0.353553  0.601041  0.106066
    5.406    5.693   10.613   11.246   22.226   22.712   26.678   27.932   32.854   35.162
   40.309   41.100   44.298   45.029   48.409
            0.353553  0.636396  0.070711
    6.021    6.277    9.575   10.277   22.775   23.221   25.776   27.266   34.011   37.298
   41.094   41.747   43.693   44.221   46.769
            0.353553  0.671751  0.035355
    6.680    6.837    8.662    9.485   23.381   23.663   24.956   26.702   34.869   39.154
   42.019   42.618   43.039   43.648   45.234
            0.353553  0.707107  0.000000
    7.122    7.122    8.135    9.123   23.858   23.858   24.407   26.462   35.191   40.019
   42.670   42.670   43.463   43.463   44.332
            0.294627  0.707107  0.000000
    6.483    7.809    7.877    9.557   21.855   23.394   25.948   27.505   35.177   40.008
   42.362   42.775   43.054   44.191   44.401
            0.235703  0.707107  0.000000
    5.961    7.327    8.750   10.359   19.950   21.818   28.102   29.149   35.135   40.003
   42.086   42.289   43.271   44.543   45.035
            0.176777  0.707107  0.000000
    5.555    6.919    9.740   11.286   18.151   20.255   30.277   30.769   35.081   40.093
   41.862   41.867   43.296   44.593   45.988
            0.117851  0.707107  0.000000
    5.265    6.620   10.847   12.265   16.464   18.813   32.165   32.381   35.026   40.395
   41.500   41.699   42.892   44.290   47.045
            0.058926  0.707107  0.000000
    5.091    6.438   12.067   13.164   14.893   17.633   33.123   34.166   34.987   40.999
   41.062   41.600   42.234   43.502   48.015
            0.000000  0.707107  0.000000
    5.033    6.377   13.244   13.600   13.600   17.103   33.465   34.973   34.973   40.708
   41.567   41.567   41.971   42.813   48.584
