
     Program SCTK v.7.4.1 starts on 13Mar2026 at  2:40:12 

     This program is part of the open-source Quantum ESPRESSO suite
     for quantum simulation of materials; please cite
         "P. Giannozzi et al., J. Phys.:Condens. Matter 21 395502 (2009);
         "P. Giannozzi et al., J. Phys.:Condens. Matter 29 465901 (2017);
         "P. Giannozzi et al., J. Chem. Phys. 152 154105 (2020);
          URL http://www.quantum-espresso.org", 
     in publications or presentations arising from this work. More details at
     http://www.quantum-espresso.org/quote

     Parallel version (MPI & OpenMP), running on      64 processor cores
     Number of MPI processes:                 1
     Threads/MPI process:                    64

     MPI processes distributed on     1 nodes
     228815 MiB available memory on the printing compute node when the environment starts
 

     git hash : 9a2374026cdeae3bd0a3457996eb8bceae8760dd


     Reading xml data from directory:

     ./pwscf.save/

     IMPORTANT: XC functional enforced from input :
     Exchange-correlation= PBE
                           (   1   4   3   4   0   0   0)
     Any further DFT definition will be discarded
     Please, verify this is what you really want

 
     G-vector sticks info
     --------------------
     sticks:   dense  smooth     PW     G-vecs:    dense   smooth      PW
     Sum         559     283     91                 8801     3119     609
 
     Using Slab Decomposition
 

     Check: negative core charge=   -0.000003
     Dense k-grid : 16  16  16
     Number of k(dense) : 145
     [opt_tetra]  Optimized tetrahedron method is used.
 
     Number of bands :      10
     Number of k times spin :     145
     Number of symmetries :      48
     Lowest band which contains FS :       2
     Highest band which contains FS :       3
     [opt_tetra]  Optimized tetrahedron method is used.

     #####  Read from STDIN  #####

                      q grid : 4  4  4
         # of Chebyshev int. : 5
                 The first q : 1
                  The last q : 0
                      laddxc : 0
                         lsf : 1
       Cutoff kinetic energy :  0.70000E+02


     Dynamical matrices for ( 4, 4, 4)  uniform grid of q-points
     With a half shift
     (  10 q-points):
       N         xq(1)         xq(2)         xq(3) 
       1   0.088388348   0.088388348   0.088388348
       2   0.265165043   0.265165043  -0.088388348
       3  -0.265165043  -0.265165043   0.441941738
       4  -0.088388348  -0.088388348   0.265165043
       5   0.441941738   0.088388348   0.088388348
       6  -0.088388348  -0.441941738   0.618718434
       7   0.088388348  -0.265165043   0.441941738
       8  -0.618718434   0.088388348   0.088388348
       9   0.265165043   0.265165043   0.265165043
      10  -0.265165043  -0.265165043   0.795495129
     Because shifted q grid is used, q2r will not work !

     EXX grid:     1067 G-vectors     FFT dimensions: (  15,  15,  15)
     Real-space augmentation: initializing EXX grid
     Message from routine real_space_q:
     integrated real space q too different from target q
     Largest difference:   0.065913 for atom type # 1

     #####  Read gvectors.dat & evc.dat  #####

       Total RAM for input WFC :   0.81E-02 GB

     #####  FFT wfc(G) -> wfc(r)  #####

       Total RAM for WFC(r) :   0.14E+00 GB
       Total RAM for <beta|WFC> :   0.33E-03 GB

     #####  Generate f_xc  #####


     #####  Set frequency grid  #####

       Index, Frequency [Ry]
         0       0.0000000E+00
         1       0.8070090E-01
         2       0.2360680E+00
         3       0.5095254E+00
         4       0.1000000E+01
         5       0.1962611E+01
         6       0.4236068E+01
         7       0.1239144E+02
         8     Infinity

     #####  Compute K_el  #####


       q-point : 1

         Number of PWs for W : 1085
         Total RAM for Vscr :   0.30E+00 GB
         Total RAM for rho  :   0.57E-01 GB
         Total RAM for weight on coarse grid :   0.82E-03 GB
         Total RAM for Weight on dense grid :   0.52E-01 GB

         Stoner criteria:
           (I_{xc} Pi_0)_{00} :  0.21135E+00
           EigMax(I_{xc} Pi_0) :  0.22431E+00
             Iteration for power method :     18
         Total RAM for Kel :   0.92E-03 GB

         Averaged potential (mu)

           DOS(EF) =     0.5459E+01 [/Ry]
           Frequency [Ry], Coulomb parameter(mu)
                        0  0.2896E+00
               0.8070E-01  0.3592E+00
               0.2361E+00  0.5553E+00
               0.5095E+00  0.1008E+01
               0.1000E+01  0.1947E+01
               0.1963E+01  0.3389E+01
               0.4236E+01  0.4601E+01
               0.1239E+02  0.5081E+01
                 Infinity  0.5154E+01
           Frequency [Ry], Spin-F. parameter(mu)
                        0  0.7213E-01
               0.8070E-01  0.5799E-01
               0.2361E+00  0.4253E-01
               0.5095E+00  0.2937E-01
               0.1000E+01  0.1786E-01
               0.1963E+01  0.8399E-02
               0.4236E+01  0.2505E-02
               0.1239E+02  0.3283E-03
                 Infinity  0.0000E+00

         Verify the Chebyshev interpolation for Coulom

            Frequency   Max. Err.[%]   Ave. Err.[%]
                 0.00000E+00          0.000          0.000
                 0.80701E-01         19.631          3.361
                 0.23607E+00          0.000          0.000
                 0.50953E+00          3.694          0.917
                 0.10000E+01          0.000          0.000
                 0.19626E+01          1.279          0.357
                 0.42361E+01          0.000          0.000
                 0.12391E+02          2.012          0.694
               Infinity          0.000          0.000

         Verify the Chebyshev interpolation for S-F

            Frequency   Max. Err.[%]   Ave. Err.[%]
                 0.00000E+00          0.000          0.000
                 0.80701E-01          4.075          0.924
                 0.23607E+00          0.000          0.000
                 0.50953E+00         23.684          1.876
                 0.10000E+01          0.000          0.000
                 0.19626E+01         77.162          4.810
                 0.42361E+01          0.000          0.000
                 0.12391E+02        200.000        131.619

       q-point : 2

         Number of PWs for W : 1094
         Total RAM for Vscr :   0.31E+00 GB
         Total RAM for rho  :   0.57E-01 GB
         Total RAM for weight on coarse grid :   0.82E-03 GB
         Total RAM for Weight on dense grid :   0.52E-01 GB

         Stoner criteria:
           (I_{xc} Pi_0)_{00} :  0.22011E+00
           EigMax(I_{xc} Pi_0) :  0.22978E+00
             Iteration for power method :     22
         Total RAM for Kel :   0.92E-03 GB

         Averaged potential (mu)

           DOS(EF) =     0.5459E+01 [/Ry]
           Frequency [Ry], Coulomb parameter(mu)
                        0  0.2584E+00
               0.8070E-01  0.2768E+00
               0.2361E+00  0.3166E+00
               0.5095E+00  0.3942E+00
               0.1000E+01  0.5294E+00
               0.1963E+01  0.7013E+00
               0.4236E+01  0.8263E+00
               0.1239E+02  0.8726E+00
                 Infinity  0.8795E+00
           Frequency [Ry], Spin-F. parameter(mu)
                        0  0.6903E-01
               0.8070E-01  0.6030E-01
               0.2361E+00  0.4753E-01
               0.5095E+00  0.3313E-01
               0.1000E+01  0.1959E-01
               0.1963E+01  0.8952E-02
               0.4236E+01  0.2632E-02
               0.1239E+02  0.3437E-03
                 Infinity  0.0000E+00

         Verify the Chebyshev interpolation for Coulom

            Frequency   Max. Err.[%]   Ave. Err.[%]
                 0.00000E+00          0.000          0.000
                 0.80701E-01          1.119          0.249
                 0.23607E+00          0.000          0.000
                 0.50953E+00          0.756          0.187
                 0.10000E+01          0.000          0.000
                 0.19626E+01          1.703          0.457
                 0.42361E+01          0.000          0.000
                 0.12391E+02          1.663          0.607
               Infinity          0.000          0.000

         Verify the Chebyshev interpolation for S-F

            Frequency   Max. Err.[%]   Ave. Err.[%]
                 0.00000E+00          0.000          0.000
                 0.80701E-01          1.175          0.267
                 0.23607E+00          0.000          0.000
                 0.50953E+00          1.304          0.276
                 0.10000E+01          0.000          0.000
                 0.19626E+01          5.941          1.050
                 0.42361E+01          0.000          0.000
                 0.12391E+02        200.000         86.093

       q-point : 3

         Number of PWs for W : 1101
         Total RAM for Vscr :   0.31E+00 GB
         Total RAM for rho  :   0.57E-01 GB
         Total RAM for weight on coarse grid :   0.82E-03 GB
         Total RAM for Weight on dense grid :   0.52E-01 GB

         Stoner criteria:
           (I_{xc} Pi_0)_{00} :  0.21253E+00
           EigMax(I_{xc} Pi_0) :  0.21967E+00
             Iteration for power method :     22
         Total RAM for Kel :   0.92E-03 GB

         Averaged potential (mu)

           DOS(EF) =     0.5459E+01 [/Ry]
           Frequency [Ry], Coulomb parameter(mu)
                        0  0.2472E+00
               0.8070E-01  0.2573E+00
               0.2361E+00  0.2779E+00
               0.5095E+00  0.3149E+00
               0.1000E+01  0.3736E+00
               0.1963E+01  0.4455E+00
               0.4236E+01  0.5003E+00
               0.1239E+02  0.5218E+00
                 Infinity  0.5251E+00
           Frequency [Ry], Spin-F. parameter(mu)
                        0  0.6958E-01
               0.8070E-01  0.6227E-01
               0.2361E+00  0.5065E-01
               0.5095E+00  0.3616E-01
               0.1000E+01  0.2155E-01
               0.1963E+01  0.9773E-02
               0.4236E+01  0.2849E-02
               0.1239E+02  0.3709E-03
                 Infinity  0.0000E+00

         Verify the Chebyshev interpolation for Coulom

            Frequency   Max. Err.[%]   Ave. Err.[%]
                 0.00000E+00          0.000          0.000
                 0.80701E-01          0.665          0.184
                 0.23607E+00          0.000          0.000
                 0.50953E+00          0.296          0.082
                 0.10000E+01          0.000          0.000
                 0.19626E+01          0.877          0.234
                 0.42361E+01          0.000          0.000
                 0.12391E+02          1.141          0.451
               Infinity          0.000          0.000

         Verify the Chebyshev interpolation for S-F

            Frequency   Max. Err.[%]   Ave. Err.[%]
                 0.00000E+00          0.000          0.000
                 0.80701E-01          0.790          0.138
                 0.23607E+00          0.000          0.000
                 0.50953E+00          0.825          0.144
                 0.10000E+01          0.000          0.000
                 0.19626E+01          2.856          1.102
                 0.42361E+01          0.000          0.000
                 0.12391E+02        195.927         89.456

       q-point : 4

         Number of PWs for W : 1097
         Total RAM for Vscr :   0.31E+00 GB
         Total RAM for rho  :   0.57E-01 GB
         Total RAM for weight on coarse grid :   0.82E-03 GB
         Total RAM for Weight on dense grid :   0.52E-01 GB

         Stoner criteria:
           (I_{xc} Pi_0)_{00} :  0.21495E+00
           EigMax(I_{xc} Pi_0) :  0.22588E+00
             Iteration for power method :     22
         Total RAM for Kel :   0.92E-03 GB

         Averaged potential (mu)

           DOS(EF) =     0.5459E+01 [/Ry]
           Frequency [Ry], Coulomb parameter(mu)
                        0  0.2795E+00
               0.8070E-01  0.3103E+00
               0.2361E+00  0.3801E+00
               0.5095E+00  0.5283E+00
               0.1000E+01  0.8065E+00
               0.1963E+01  0.1179E+01
               0.4236E+01  0.1455E+01
               0.1239E+02  0.1558E+01
                 Infinity  0.1573E+01
           Frequency [Ry], Spin-F. parameter(mu)
                        0  0.7160E-01
               0.8070E-01  0.6077E-01
               0.2361E+00  0.4640E-01
               0.5095E+00  0.3163E-01
               0.1000E+01  0.1865E-01
               0.1963E+01  0.8570E-02
               0.4236E+01  0.2531E-02
               0.1239E+02  0.3310E-03
                 Infinity  0.0000E+00

         Verify the Chebyshev interpolation for Coulom

            Frequency   Max. Err.[%]   Ave. Err.[%]
                 0.00000E+00          0.000          0.000
                 0.80701E-01          2.067          0.425
                 0.23607E+00          0.000          0.000
                 0.50953E+00          0.597          0.178
                 0.10000E+01          0.000          0.000
                 0.19626E+01          1.908          0.571
                 0.42361E+01          0.000          0.000
                 0.12391E+02          1.888          0.719
               Infinity          0.000          0.000

         Verify the Chebyshev interpolation for S-F

            Frequency   Max. Err.[%]   Ave. Err.[%]
                 0.00000E+00          0.000          0.000
                 0.80701E-01          1.017          0.154
                 0.23607E+00          0.000          0.000
                 0.50953E+00          1.389          0.303
                 0.10000E+01          0.000          0.000
                 0.19626E+01          4.734          1.130
                 0.42361E+01          0.000          0.000
                 0.12391E+02        200.000        102.483

       q-point : 5

         Number of PWs for W : 1087
         Total RAM for Vscr :   0.30E+00 GB
         Total RAM for rho  :   0.57E-01 GB
         Total RAM for weight on coarse grid :   0.82E-03 GB
         Total RAM for Weight on dense grid :   0.52E-01 GB

         Stoner criteria:
           (I_{xc} Pi_0)_{00} :  0.21191E+00
           EigMax(I_{xc} Pi_0) :  0.22367E+00
             Iteration for power method :     25
         Total RAM for Kel :   0.92E-03 GB

         Averaged potential (mu)

           DOS(EF) =     0.5459E+01 [/Ry]
           Frequency [Ry], Coulomb parameter(mu)
                        0  0.2572E+00
               0.8070E-01  0.2717E+00
               0.2361E+00  0.3020E+00
               0.5095E+00  0.3582E+00
               0.1000E+01  0.4516E+00
               0.1963E+01  0.5689E+00
               0.4236E+01  0.6560E+00
               0.1239E+02  0.6891E+00
                 Infinity  0.6940E+00
           Frequency [Ry], Spin-F. parameter(mu)
                        0  0.6947E-01
               0.8070E-01  0.6148E-01
               0.2361E+00  0.4917E-01
               0.5095E+00  0.3466E-01
               0.1000E+01  0.2051E-01
               0.1963E+01  0.9282E-02
               0.4236E+01  0.2701E-02
               0.1239E+02  0.3512E-03
                 Infinity  0.0000E+00

         Verify the Chebyshev interpolation for Coulom

            Frequency   Max. Err.[%]   Ave. Err.[%]
                 0.00000E+00          0.000          0.000
                 0.80701E-01          0.963          0.254
                 0.23607E+00          0.000          0.000
                 0.50953E+00          0.351          0.108
                 0.10000E+01          0.000          0.000
                 0.19626E+01          1.338          0.327
                 0.42361E+01          0.000          0.000
                 0.12391E+02          1.460          0.520
               Infinity          0.000          0.000

         Verify the Chebyshev interpolation for S-F

            Frequency   Max. Err.[%]   Ave. Err.[%]
                 0.00000E+00          0.000          0.000
                 0.80701E-01          1.015          0.302
                 0.23607E+00          0.000          0.000
                 0.50953E+00          1.107          0.235
                 0.10000E+01          0.000          0.000
                 0.19626E+01          3.753          1.163
                 0.42361E+01          0.000          0.000
                 0.12391E+02        200.000         93.954

       q-point : 6

         Number of PWs for W : 1097
         Total RAM for Vscr :   0.31E+00 GB
         Total RAM for rho  :   0.57E-01 GB
         Total RAM for weight on coarse grid :   0.82E-03 GB
         Total RAM for Weight on dense grid :   0.52E-01 GB

         Stoner criteria:
           (I_{xc} Pi_0)_{00} :  0.20616E+00
           EigMax(I_{xc} Pi_0) :  0.22483E+00
             Iteration for power method :     49
         Total RAM for Kel :   0.92E-03 GB

         Averaged potential (mu)

           DOS(EF) =     0.5459E+01 [/Ry]
           Frequency [Ry], Coulomb parameter(mu)
                        0  0.2524E+00
               0.8070E-01  0.2628E+00
               0.2361E+00  0.2827E+00
               0.5095E+00  0.3162E+00
               0.1000E+01  0.3674E+00
               0.1963E+01  0.4303E+00
               0.4236E+01  0.4796E+00
               0.1239E+02  0.4996E+00
                 Infinity  0.5027E+00
           Frequency [Ry], Spin-F. parameter(mu)
                        0  0.7189E-01
               0.8070E-01  0.6437E-01
               0.2361E+00  0.5260E-01
               0.5095E+00  0.3789E-01
               0.1000E+01  0.2266E-01
               0.1963E+01  0.1021E-01
               0.4236E+01  0.2945E-02
               0.1239E+02  0.3813E-03
                 Infinity  0.0000E+00

         Verify the Chebyshev interpolation for Coulom

            Frequency   Max. Err.[%]   Ave. Err.[%]
                 0.00000E+00          0.000          0.000
                 0.80701E-01          0.724          0.224
                 0.23607E+00          0.000          0.000
                 0.50953E+00          0.443          0.125
                 0.10000E+01          0.000          0.000
                 0.19626E+01          0.508          0.151
                 0.42361E+01          0.000          0.000
                 0.12391E+02          0.906          0.406
               Infinity          0.000          0.000

         Verify the Chebyshev interpolation for S-F

            Frequency   Max. Err.[%]   Ave. Err.[%]
                 0.00000E+00          0.000          0.000
                 0.80701E-01          0.639          0.143
                 0.23607E+00          0.000          0.000
                 0.50953E+00          0.859          0.241
                 0.10000E+01          0.000          0.000
                 0.19626E+01          3.395          1.559
                 0.42361E+01          0.000          0.000
                 0.12391E+02        188.870        108.952

       q-point : 7

         Number of PWs for W : 1090
         Total RAM for Vscr :   0.30E+00 GB
         Total RAM for rho  :   0.57E-01 GB
         Total RAM for weight on coarse grid :   0.82E-03 GB
         Total RAM for Weight on dense grid :   0.52E-01 GB

         Stoner criteria:
           (I_{xc} Pi_0)_{00} :  0.21245E+00
           EigMax(I_{xc} Pi_0) :  0.22269E+00
             Iteration for power method :     39
         Total RAM for Kel :   0.92E-03 GB

         Averaged potential (mu)

           DOS(EF) =     0.5459E+01 [/Ry]
           Frequency [Ry], Coulomb parameter(mu)
                        0  0.2533E+00
               0.8070E-01  0.2651E+00
               0.2361E+00  0.2891E+00
               0.5095E+00  0.3324E+00
               0.1000E+01  0.4021E+00
               0.1963E+01  0.4881E+00
               0.4236E+01  0.5529E+00
               0.1239E+02  0.5781E+00
                 Infinity  0.5819E+00
           Frequency [Ry], Spin-F. parameter(mu)
                        0  0.7001E-01
               0.8070E-01  0.6253E-01
               0.2361E+00  0.5064E-01
               0.5095E+00  0.3605E-01
               0.1000E+01  0.2144E-01
               0.1963E+01  0.9710E-02
               0.4236E+01  0.2826E-02
               0.1239E+02  0.3676E-03
                 Infinity  0.0000E+00

         Verify the Chebyshev interpolation for Coulom

            Frequency   Max. Err.[%]   Ave. Err.[%]
                 0.00000E+00          0.000          0.000
                 0.80701E-01          0.661          0.206
                 0.23607E+00          0.000          0.000
                 0.50953E+00          0.327          0.100
                 0.10000E+01          0.000          0.000
                 0.19626E+01          1.086          0.270
                 0.42361E+01          0.000          0.000
                 0.12391E+02          1.278          0.485
               Infinity          0.000          0.000

         Verify the Chebyshev interpolation for S-F

            Frequency   Max. Err.[%]   Ave. Err.[%]
                 0.00000E+00          0.000          0.000
                 0.80701E-01          0.687          0.143
                 0.23607E+00          0.000          0.000
                 0.50953E+00          0.823          0.138
                 0.10000E+01          0.000          0.000
                 0.19626E+01          2.648          1.089
                 0.42361E+01          0.000          0.000
                 0.12391E+02        175.265         89.628

       q-point : 8

         Number of PWs for W : 1098
         Total RAM for Vscr :   0.31E+00 GB
         Total RAM for rho  :   0.57E-01 GB
         Total RAM for weight on coarse grid :   0.82E-03 GB
         Total RAM for Weight on dense grid :   0.52E-01 GB

         Stoner criteria:
           (I_{xc} Pi_0)_{00} :  0.20677E+00
           EigMax(I_{xc} Pi_0) :  0.22162E+00
             Iteration for power method :     27
         Total RAM for Kel :   0.92E-03 GB

         Averaged potential (mu)

           DOS(EF) =     0.5459E+01 [/Ry]
           Frequency [Ry], Coulomb parameter(mu)
                        0  0.2497E+00
               0.8070E-01  0.2589E+00
               0.2361E+00  0.2777E+00
               0.5095E+00  0.3105E+00
               0.1000E+01  0.3611E+00
               0.1963E+01  0.4230E+00
               0.4236E+01  0.4715E+00
               0.1239E+02  0.4910E+00
                 Infinity  0.4940E+00
           Frequency [Ry], Spin-F. parameter(mu)
                        0  0.6909E-01
               0.8070E-01  0.6239E-01
               0.2361E+00  0.5129E-01
               0.5095E+00  0.3709E-01
               0.1000E+01  0.2230E-01
               0.1963E+01  0.1011E-01
               0.4236E+01  0.2933E-02
               0.1239E+02  0.3806E-03
                 Infinity  0.0000E+00

         Verify the Chebyshev interpolation for Coulom

            Frequency   Max. Err.[%]   Ave. Err.[%]
                 0.00000E+00          0.000          0.000
                 0.80701E-01          0.742          0.212
                 0.23607E+00          0.000          0.000
                 0.50953E+00          0.370          0.119
                 0.10000E+01          0.000          0.000
                 0.19626E+01          0.625          0.149
                 0.42361E+01          0.000          0.000
                 0.12391E+02          0.997          0.390
               Infinity          0.000          0.000

         Verify the Chebyshev interpolation for S-F

            Frequency   Max. Err.[%]   Ave. Err.[%]
                 0.00000E+00          0.000          0.000
                 0.80701E-01          0.825          0.134
                 0.23607E+00          0.000          0.000
                 0.50953E+00          0.928          0.161
                 0.10000E+01          0.000          0.000
                 0.19626E+01          2.459          1.361
                 0.42361E+01          0.000          0.000
                 0.12391E+02        184.594        102.512

       q-point : 9

         Number of PWs for W : 1101
         Total RAM for Vscr :   0.31E+00 GB
         Total RAM for rho  :   0.57E-01 GB
         Total RAM for weight on coarse grid :   0.82E-03 GB
         Total RAM for Weight on dense grid :   0.52E-01 GB

         Stoner criteria:
           (I_{xc} Pi_0)_{00} :  0.23306E+00
           EigMax(I_{xc} Pi_0) :  0.24115E+00
             Iteration for power method :     21
         Total RAM for Kel :   0.92E-03 GB

         Averaged potential (mu)

           DOS(EF) =     0.5459E+01 [/Ry]
           Frequency [Ry], Coulomb parameter(mu)
                        0  0.2732E+00
               0.8070E-01  0.2914E+00
               0.2361E+00  0.3323E+00
               0.5095E+00  0.4094E+00
               0.1000E+01  0.5380E+00
               0.1963E+01  0.6998E+00
               0.4236E+01  0.8191E+00
               0.1239E+02  0.8638E+00
                 Infinity  0.8705E+00
           Frequency [Ry], Spin-F. parameter(mu)
                        0  0.7654E-01
               0.8070E-01  0.6731E-01
               0.2361E+00  0.5269E-01
               0.5095E+00  0.3600E-01
               0.1000E+01  0.2061E-01
               0.1963E+01  0.9076E-02
               0.4236E+01  0.2601E-02
               0.1239E+02  0.3365E-03
                 Infinity  0.0000E+00

         Verify the Chebyshev interpolation for Coulom

            Frequency   Max. Err.[%]   Ave. Err.[%]
                 0.00000E+00          0.000          0.000
                 0.80701E-01          1.234          0.246
                 0.23607E+00          0.000          0.000
                 0.50953E+00          0.245          0.077
                 0.10000E+01          0.000          0.000
                 0.19626E+01          1.337          0.305
                 0.42361E+01          0.000          0.000
                 0.12391E+02          1.460          0.480
               Infinity          0.000          0.000

         Verify the Chebyshev interpolation for S-F

            Frequency   Max. Err.[%]   Ave. Err.[%]
                 0.00000E+00          0.000          0.000
                 0.80701E-01          1.052          0.392
                 0.23607E+00          0.000          0.000
                 0.50953E+00          1.235          0.364
                 0.10000E+01          0.000          0.000
                 0.19626E+01          3.130          0.771
                 0.42361E+01          0.000          0.000
                 0.12391E+02        153.809         79.098

       q-point : 10

         Number of PWs for W : 1102
         Total RAM for Vscr :   0.31E+00 GB
         Total RAM for rho  :   0.57E-01 GB
         Total RAM for weight on coarse grid :   0.82E-03 GB
         Total RAM for Weight on dense grid :   0.52E-01 GB

         Stoner criteria:
           (I_{xc} Pi_0)_{00} :  0.19948E+00
           EigMax(I_{xc} Pi_0) :  0.22183E+00
             Iteration for power method :    102
         Total RAM for Kel :   0.92E-03 GB

         Averaged potential (mu)

           DOS(EF) =     0.5459E+01 [/Ry]
           Frequency [Ry], Coulomb parameter(mu)
                        0  0.2517E+00
               0.8070E-01  0.2618E+00
               0.2361E+00  0.2824E+00
               0.5095E+00  0.3178E+00
               0.1000E+01  0.3724E+00
               0.1963E+01  0.4396E+00
               0.4236E+01  0.4918E+00
               0.1239E+02  0.5126E+00
                 Infinity  0.5158E+00
           Frequency [Ry], Spin-F. parameter(mu)
                        0  0.7177E-01
               0.8070E-01  0.6445E-01
               0.2361E+00  0.5245E-01
               0.5095E+00  0.3756E-01
               0.1000E+01  0.2240E-01
               0.1963E+01  0.1010E-01
               0.4236E+01  0.2925E-02
               0.1239E+02  0.3794E-03
                 Infinity  0.0000E+00

         Verify the Chebyshev interpolation for Coulom

            Frequency   Max. Err.[%]   Ave. Err.[%]
                 0.00000E+00          0.000          0.000
                 0.80701E-01          0.923          0.266
                 0.23607E+00          0.000          0.000
                 0.50953E+00          0.472          0.130
                 0.10000E+01          0.000          0.000
                 0.19626E+01          0.649          0.173
                 0.42361E+01          0.000          0.000
                 0.12391E+02          1.007          0.420
               Infinity          0.000          0.000

         Verify the Chebyshev interpolation for S-F

            Frequency   Max. Err.[%]   Ave. Err.[%]
                 0.00000E+00          0.000          0.000
                 0.80701E-01          0.782          0.196
                 0.23607E+00          0.000          0.000
                 0.50953E+00          0.861          0.185
                 0.10000E+01          0.000          0.000
                 0.19626E+01          3.291          1.238
                 0.42361E+01          0.000          0.000
                 0.12391E+02        168.350         96.253

     #####  Clock summary  #####

     make_scrn    :    746.89s CPU     20.66s WALL (      10 calls)
     invert       :    924.01s CPU     14.60s WALL (      20 calls)
     make_kel     :    472.46s CPU      8.23s WALL (      10 calls)
     lambda_sf    :   4556.64s CPU     72.60s WALL (      10 calls)

     #####  In make_scrn #####

     fermi_factor :    283.37s CPU     12.92s WALL (      10 calls)
     zgemm(make_s :    120.20s CPU      1.86s WALL (     800 calls)

     #####  In make_kel #####

     zgemm(make_k :    237.39s CPU      4.55s WALL (    1600 calls)

     #####  In make_scrn and make_kel #####

     wfc*wfc=rho  :    214.86s CPU      3.40s WALL (     200 calls)
     fft[rho]     :    154.68s CPU      2.49s WALL (     200 calls)

     #####  In wfc*wfc=rho #####

 
     SCTK         :      1h47m CPU   1m52.58s WALL

 
   This run was terminated on:   2:42: 5  13Mar2026            

=------------------------------------------------------------------------------=
   JOB DONE.
=------------------------------------------------------------------------------=
