--------------------------------------------------------------------------
Open MPI's OFI driver detected multiple equidistant NICs from the current process,
but had insufficient information to ensure MPI processes fairly pick a NIC for use.
This may negatively impact performance. A more modern PMIx server is necessary to
resolve this issue.

Note: This message is displayed only when the OFI component's verbosity level is
730978480 or higher.
--------------------------------------------------------------------------
--------------------------------------------------------------------------
WARNING: There was an error initializing an OpenFabrics device.

  Local host:   macloud2
  Local device: mlx4_0
--------------------------------------------------------------------------

     Program SCTK v.6.7GPU starts on 29Jun2022 at 11:50:46 

     This program is part of the open-source Quantum ESPRESSO suite
     for quantum simulation of materials; please cite
         "P. Giannozzi et al., J. Phys.:Condens. Matter 21 395502 (2009);
         "P. Giannozzi et al., J. Phys.:Condens. Matter 29 465901 (2017);
         "P. Giannozzi et al., J. Chem. Phys. 152 154105 (2020);
          URL http://www.quantum-espresso.org", 
     in publications or presentations arising from this work. More details at
     http://www.quantum-espresso.org/quote

     Parallel version (MPI & OpenMP), running on      24 processor cores
     Number of MPI processes:                 1
     Threads/MPI process:                    24

     MPI processes distributed on     1 nodes

     Reading xml data from directory:

     ./pwscf.save/

     IMPORTANT: XC functional enforced from input :
     Exchange-correlation= PBE
                           (   1   4   3   4   0   0   0)
     Any further DFT definition will be discarded
     Please, verify this is what you really want


     G-vector sticks info
     --------------------
     sticks:   dense  smooth     PW     G-vecs:    dense   smooth      PW
     Sum         559     283     91                 8801     3119     609

     Using Slab Decomposition


     Check: negative core charge=   -0.000003
     Dense k-grid : 16  16  16
     Number of k(dense) : 145
     [opt_tetra]  Optimized tetrahedron method is used.

     Number of bands :      10
     Number of k times spin :     145
     Number of symmetries :      48
     Lowest band which contains FS :       2
     Highest band which contains FS :       3
     [opt_tetra]  Optimized tetrahedron method is used.

     #####  Read from STDIN  #####

                    Temparature[K] : -0.10000E+01
                         Xi cutoff : -0.10000E+01
                        First band : 1
                         Last band : 10
        # of Matsubara frequencies : 10
                           # of xi : 100
            # of energy for QP-DOS : 50
              Minimum energy scale :  0.10000E-06
       Max energy for QP-DOS [meV] :  0.70000E+00
             Convergense threshold :  0.10000E-14
                      Max itration : 100
                  Spin-fluctuation : T
                      SCDFT kernel : 1
                         Z_Coulomb : F
                   Min. freq.[THz] :  0.00000E+00
                  Min. freq. ratio : -0.10000E+01

     #####  Read from elph*.dat  #####

       k grid for MEs : 4  4  4
       Number of modes : 3


     Dynamical matrices for ( 4, 4, 4)  uniform grid of q-points
     With a half shift
     (  10 q-points):
       N         xq(1)         xq(2)         xq(3) 
       1   0.088388348   0.088388348   0.088388348
       2   0.265165043   0.265165043  -0.088388348
       3  -0.265165043  -0.265165043   0.441941738
       4  -0.088388348  -0.088388348   0.265165043
       5   0.441941738   0.088388348   0.088388348
       6  -0.088388348  -0.441941738   0.618718434
       7   0.088388348  -0.265165043   0.441941738
       8  -0.618718434   0.088388348   0.088388348
       9   0.265165043   0.265165043   0.265165043
      10  -0.265165043  -0.265165043   0.795495129
     Because shifted q grid is used, q2r will not work !

     #####  Read from vc*.dat  #####

       Dimention of Chebyshev interpolation : 5

     #####  Average matrix in grid  #####

       nindmax : 6
         Total RAM for Vc per process :   0.42E+00 GB
         Total RAM for gg per process :   0.84E-01 GB
         Total RAM for Vc (temporary) per process :   0.10E-02 GB
         Total RAM for gg (temporary) per process :   0.20E-03 GB
       DOS(E_F)[/Ry/cell/spin] :  0.27293E+01
       Number of total points for gap equation : 128

     #####  Integrate gapeq  #####

           mu :     0.27739E+00
       lambda :     0.42097E+00

     #####  Write mu.frmsf and lambda_frmsf  #####

     Max :         0.28909032     Min :         0.22437809
     Max :         0.54927229     Min :         0.30993107

     #####  Clock summary  #####

     read_elph    :      0.01s CPU      0.03s WALL (       1 calls)
     read_Coulomb :      0.00s CPU      0.03s WALL (       1 calls)
     expand_g_v_f :     11.95s CPU      1.17s WALL (       1 calls)
     make_lambda_ :      1.41s CPU      0.13s WALL (       1 calls)

     SCTK         :     17.14s CPU      4.82s WALL


   This run was terminated on:  11:50:51  29Jun2022            

=------------------------------------------------------------------------------=
   JOB DONE.
=------------------------------------------------------------------------------=
