
     Program SCTK v.7.4.1 starts on 13Mar2026 at 12:11: 8 

     This program is part of the open-source Quantum ESPRESSO suite
     for quantum simulation of materials; please cite
         "P. Giannozzi et al., J. Phys.:Condens. Matter 21 395502 (2009);
         "P. Giannozzi et al., J. Phys.:Condens. Matter 29 465901 (2017);
         "P. Giannozzi et al., J. Chem. Phys. 152 154105 (2020);
          URL http://www.quantum-espresso.org", 
     in publications or presentations arising from this work. More details at
     http://www.quantum-espresso.org/quote

     Parallel version (MPI & OpenMP), running on      64 processor cores
     Number of MPI processes:                 1
     Threads/MPI process:                    64

     MPI processes distributed on     1 nodes
     229033 MiB available memory on the printing compute node when the environment starts
 

     git hash : 9a2374026cdeae3bd0a3457996eb8bceae8760dd


     Reading xml data from directory:

     ./pwscf.save/

     IMPORTANT: XC functional enforced from input :
     Exchange-correlation= PBE
                           (   1   4   3   4   0   0   0)
     Any further DFT definition will be discarded
     Please, verify this is what you really want

 
     G-vector sticks info
     --------------------
     sticks:   dense  smooth     PW     G-vecs:    dense   smooth      PW
     Sum         559     283     91                 8801     3119     609
 
     Using Slab Decomposition
 

     Check: negative core charge=   -0.000003
     Dense k-grid : 16  16  16
     Number of k(dense) : 145
     [opt_tetra]  Optimized tetrahedron method is used.
 
     Number of bands :      10
     Number of k times spin :     145
     Number of symmetries :      48
     Lowest band which contains FS :       2
     Highest band which contains FS :       3
     [opt_tetra]  Optimized tetrahedron method is used.

     #####  Read from STDIN  #####

                    Temparature[K] : -0.10000E+01
                         Xi cutoff : -0.10000E+01
                        First band : 1
                         Last band : 10
        # of Matsubara frequencies : 10
                           # of xi : 100
            # of energy for QP-DOS : 50
              Minimum energy scale :  0.10000E-06
       Max energy for QP-DOS [meV] :  0.70000E+00
             Convergense threshold :  0.10000E-14
                      Max itration : 100
                  Spin-fluctuation :  T
                      SCDFT kernel : 1
                         Z_Coulomb :  F
                   Min. freq.[THz] :  0.00000E+00
                  Min. freq. ratio : -0.10000E+01
                   Bisection steps : 10
                Bisection min. [K] : -0.10000E+01
                Bisection max. [K] : -0.10000E+01
             Q_{FFLO} [fractional] :  0.00000E+00 0.00000E+00 0.00000E+00
                 Q_{FFLO} [Ang^-1] :  0.00000E+00
               Delta initial guess : random-nodeless

     #####  Read from elph*.dat  #####

       k grid for MEs : 4  4  4
       Number of modes : 3


     Dynamical matrices for ( 4, 4, 4)  uniform grid of q-points
     With a half shift
     (  10 q-points):
       N         xq(1)         xq(2)         xq(3) 
       1   0.088388348   0.088388348   0.088388348
       2   0.265165043   0.265165043  -0.088388348
       3  -0.265165043  -0.265165043   0.441941738
       4  -0.088388348  -0.088388348   0.265165043
       5   0.441941738   0.088388348   0.088388348
       6  -0.088388348  -0.441941738   0.618718434
       7   0.088388348  -0.265165043   0.441941738
       8  -0.618718434   0.088388348   0.088388348
       9   0.265165043   0.265165043   0.265165043
      10  -0.265165043  -0.265165043   0.795495129
     Because shifted q grid is used, q2r will not work !

     #####  Read from vc*.dat  #####

       Dimention of Chebyshev interpolation : 5

     #####  Average matrix in grid  #####

       nindmax : 12
         Total RAM for Vc per process :   0.42E+00 GB
         Total RAM for gg per process :   0.84E-01 GB
         Total RAM for Vc (temporary) per process :   0.10E-02 GB
         Total RAM for gg (temporary) per process :   0.20E-03 GB

     #####  Read gap function  #####

       Number of total points for gap equation : 10671  10348

     #####  Compute renormalization factor : Z  #####


     #####  Integrate gapeq  #####

       10348                     NaN   2.23292064627678     
   3.09416099176982     

     #####  Compute qpdos  #####


     #####  Clock summary  #####

     read_elph    :      0.91s CPU      0.01s WALL (       1 calls)
     read_Coulomb :      3.29s CPU      0.06s WALL (       1 calls)
     expand_g_v_f :    538.69s CPU      8.75s WALL (       1 calls)
     make_Z_qpdos :   3132.37s CPU     66.98s WALL (       1 calls)
     gapeq_rhs_qp :   3050.55s CPU     65.37s WALL (       1 calls)
 
     SCTK         :      1h54m CPU   2m24.18s WALL

 
   This run was terminated on:  12:13:33  13Mar2026            

=------------------------------------------------------------------------------=
   JOB DONE.
=------------------------------------------------------------------------------=
