--------------------------------------------------------------------------
Open MPI's OFI driver detected multiple equidistant NICs from the current process,
but had insufficient information to ensure MPI processes fairly pick a NIC for use.
This may negatively impact performance. A more modern PMIx server is necessary to
resolve this issue.

Note: This message is displayed only when the OFI component's verbosity level is
-738072400 or higher.
--------------------------------------------------------------------------
--------------------------------------------------------------------------
WARNING: There was an error initializing an OpenFabrics device.

  Local host:   macloud1
  Local device: mlx4_0
--------------------------------------------------------------------------

     Program FERMI_VELOCITY v.6.7GPU starts on 28Jun2022 at  1:28:56 

     This program is part of the open-source Quantum ESPRESSO suite
     for quantum simulation of materials; please cite
         "P. Giannozzi et al., J. Phys.:Condens. Matter 21 395502 (2009);
         "P. Giannozzi et al., J. Phys.:Condens. Matter 29 465901 (2017);
         "P. Giannozzi et al., J. Chem. Phys. 152 154105 (2020);
          URL http://www.quantum-espresso.org", 
     in publications or presentations arising from this work. More details at
     http://www.quantum-espresso.org/quote

     Parallel version (MPI & OpenMP), running on       1 processor cores
     Number of MPI processes:                 1
     Threads/MPI process:                     1

     MPI processes distributed on     1 nodes
     Reading input from nscf.in

     Reading xml data from directory:

     ./pwscf.save/

     IMPORTANT: XC functional enforced from input :
     Exchange-correlation= PBE
                           (   1   4   3   4   0   0   0)
     Any further DFT definition will be discarded
     Please, verify this is what you really want


     G-vector sticks info
     --------------------
     sticks:   dense  smooth     PW     G-vecs:    dense   smooth      PW
     Sum         559     283     97                 8801     3119     645

     Using Slab Decomposition


     Check: negative core charge=   -0.000003

     Number of bands :      10
     Number of k times spin :     145
     Number of symmetries :      48
     Lowest band which contains FS :       2
     Highest band which contains FS :       3
     Max :         2.12616872     Min :         0.00000000

     FERMI_VELOCI :      0.42s CPU      0.76s WALL


   This run was terminated on:   1:28:57  28Jun2022            

=------------------------------------------------------------------------------=
   JOB DONE.
=------------------------------------------------------------------------------=
