
     Program SCTK v.6.4.1 starts on 23Nov2019 at  2:37:28 

     This program is part of the open-source Quantum ESPRESSO suite
     for quantum simulation of materials; please cite
         "P. Giannozzi et al., J. Phys.:Condens. Matter 21 395502 (2009);
         "P. Giannozzi et al., J. Phys.:Condens. Matter 29 465901 (2017);
          URL http://www.quantum-espresso.org", 
     in publications or presentations arising from this work. More details at
     http://www.quantum-espresso.org/quote

     Parallel version (MPI & OpenMP), running on      32 processor cores
     Number of MPI processes:                32
     Threads/MPI process:                     1

     MPI processes distributed on     1 nodes
     K-points division:     npool     =      32

     Reading xml data from directory:

     ./pwscf.save/

     IMPORTANT: XC functional enforced from input :
     Exchange-correlation= PBE
                           (   1   4   3   4   0   0   0)
     Any further DFT definition will be discarded
     Please, verify this is what you really want


     G-vector sticks info
     --------------------
     sticks:   dense  smooth     PW     G-vecs:    dense   smooth      PW
     Sum         559     559    187                12183    12183    2305

     Dense k-grid : 16  16  12
     Number of k(dense) : 210
     [opt_tetra]  Optimized tetrahedron method is used.

     Number of bands :      15
     Number of k times spin :     210
     Number of symmetries :      24
     Lowest band which contains FS :       3
     Highest band which contains FS :       5
     [opt_tetra]  Optimized tetrahedron method is used.

     #####  Read from STDIN  #####

                      q grid : 4  4  3
         # of Chebyshev int. : 5
                 The first q : 1
                  The last q : 0
                      laddxc : 0
                         lsf : 1
       Cutoff kinetic energy :  0.60000E+02


     Dynamical matrices for ( 4, 4, 3)  uniform grid of q-points
     With a half shift
     (  12 q-points):
       N         xq(1)         xq(2)         xq(3) 
       1   0.125000000   0.216506381   0.145819693
       2   0.125000000   0.216506381  -0.437459078
       3   0.125000000   0.505181556   0.145819693
       4   0.125000000   0.505181556  -0.437459078
       5   0.125000000  -0.360843969   0.145819693
       6   0.125000000  -0.360843969  -0.437459078
       7   0.125000000  -0.072168794   0.145819693
       8   0.125000000  -0.072168794  -0.437459078
       9   0.375000000   0.649519144   0.145819693
      10   0.375000000   0.649519144  -0.437459078
      11   0.375000000  -0.216506381   0.145819693
      12   0.375000000  -0.216506381  -0.437459078
     Because shifted q grid is used, q2r will not work !

     #####  Read gvectors.dat & evc.dat  #####

       k-point per PE : 2
       Total RAM for input WFC :   0.35E-01 GB

     #####  FFT wfc(G) -> wfc(r)  #####

       Grid :  16  16  16
       Total RAM for WFC(r) :   0.19E+00 GB

     #####  Generate f_xc  #####


     #####  Set frequency grid  #####

       RAM for Kel per process :   0.16E-02 GB
       Index, Frequency [Ry]
         0       0.0000000E+00
         1       0.8070090E-01
         2       0.2360680E+00
         3       0.5095254E+00
         4       0.1000000E+01
         5       0.1962611E+01
         6       0.4236068E+01
         7       0.1239144E+02
         8     Infinity

     #####  Compute K_el  #####


       q-point : 1

         Number of PWs for W : 1499
         Total RAM for Vscr :   0.58E+00 GB

         Stoner factor:

            0.15686E+00

         Averaged potential (mu)

           DOS(EF) =     0.9497E+01 [/Ry]
           Frequency [Ry], Coulomb parameter(mu)
                        0  0.4222E+00
               0.8070E-01  0.5165E+00
               0.2361E+00  0.6741E+00
               0.5095E+00  0.9375E+00
               0.1000E+01  0.1378E+01
               0.1963E+01  0.1986E+01
               0.4236E+01  0.2490E+01
               0.1239E+02  0.2694E+01
                 Infinity  0.2726E+01
           Frequency [Ry], Spin-F. parameter(mu)
                        0  0.9797E-01
               0.8070E-01  0.7208E-01
               0.2361E+00  0.5253E-01
               0.5095E+00  0.3621E-01
               0.1000E+01  0.2121E-01
               0.1963E+01  0.9229E-02
               0.4236E+01  0.2557E-02
               0.1239E+02  0.3244E-03
                 Infinity  0.0000E+00

         Verify the Chebyshev interpolation for Coulom

            Frequency   Max. Err.[%]   Ave. Err.[%]
                 0.00000E+00          0.000          0.000
                 0.80701E-01          4.843          0.719
                 0.23607E+00          0.000          0.000
                 0.50953E+00          1.629          0.402
                 0.10000E+01          0.000          0.000
                 0.19626E+01          0.809          0.298
                 0.42361E+01          0.000          0.000
                 0.12391E+02          1.486          0.668
               Infinity          0.000          0.000

         Verify the Chebyshev interpolation for S-F

            Frequency   Max. Err.[%]   Ave. Err.[%]
                 0.00000E+00          0.000          0.000
                 0.80701E-01         12.110          1.359
                 0.23607E+00          0.000          0.000
                 0.50953E+00         11.372          1.518
                 0.10000E+01          0.000          0.000
                 0.19626E+01         30.246          5.142
                 0.42361E+01          0.000          0.000
                 0.12391E+02        200.000        188.529

       q-point : 2

         Number of PWs for W : 1514
         Total RAM for Vscr :   0.59E+00 GB

         Stoner factor:

            0.16055E+00

         Averaged potential (mu)

           DOS(EF) =     0.9497E+01 [/Ry]
           Frequency [Ry], Coulomb parameter(mu)
                        0  0.4143E+00
               0.8070E-01  0.4952E+00
               0.2361E+00  0.5856E+00
               0.5095E+00  0.7160E+00
               0.1000E+01  0.9255E+00
               0.1963E+01  0.1206E+01
               0.4236E+01  0.1435E+01
               0.1239E+02  0.1528E+01
                 Infinity  0.1542E+01
           Frequency [Ry], Spin-F. parameter(mu)
                        0  0.1108E+00
               0.8070E-01  0.7820E-01
               0.2361E+00  0.5832E-01
               0.5095E+00  0.4088E-01
               0.1000E+01  0.2395E-01
               0.1963E+01  0.1034E-01
               0.4236E+01  0.2849E-02
               0.1239E+02  0.3608E-03
                 Infinity  0.0000E+00

         Verify the Chebyshev interpolation for Coulom

            Frequency   Max. Err.[%]   Ave. Err.[%]
                 0.00000E+00          0.000          0.000
                 0.80701E-01          2.038          0.341
                 0.23607E+00          0.000          0.000
                 0.50953E+00          1.550          0.241
                 0.10000E+01          0.000          0.000
                 0.19626E+01          0.949          0.283
                 0.42361E+01          0.000          0.000
                 0.12391E+02          1.318          0.603
               Infinity          0.000          0.000

         Verify the Chebyshev interpolation for S-F

            Frequency   Max. Err.[%]   Ave. Err.[%]
                 0.00000E+00          0.000          0.000
                 0.80701E-01         15.566          1.296
                 0.23607E+00          0.000          0.000
                 0.50953E+00         12.594          1.292
                 0.10000E+01          0.000          0.000
                 0.19626E+01         24.172          4.435
                 0.42361E+01          0.000          0.000
                 0.12391E+02        200.000        175.907

       q-point : 3

         Number of PWs for W : 1513
         Total RAM for Vscr :   0.59E+00 GB

         Stoner factor:

            0.15461E+00

         Averaged potential (mu)

           DOS(EF) =     0.9497E+01 [/Ry]
           Frequency [Ry], Coulomb parameter(mu)
                        0  0.1903E+00
               0.8070E-01  0.1991E+00
               0.2361E+00  0.2142E+00
               0.5095E+00  0.2395E+00
               0.1000E+01  0.2793E+00
               0.1963E+01  0.3323E+00
               0.4236E+01  0.3775E+00
               0.1239E+02  0.3967E+00
                 Infinity  0.3997E+00
           Frequency [Ry], Spin-F. parameter(mu)
                        0  0.4240E-01
               0.8070E-01  0.3648E-01
               0.2361E+00  0.2903E-01
               0.5095E+00  0.2052E-01
               0.1000E+01  0.1201E-01
               0.1963E+01  0.5207E-02
               0.4236E+01  0.1441E-02
               0.1239E+02  0.1828E-03
                 Infinity  0.0000E+00

         Verify the Chebyshev interpolation for Coulom

            Frequency   Max. Err.[%]   Ave. Err.[%]
                 0.00000E+00          0.000          0.000
                 0.80701E-01          2.361          0.416
                 0.23607E+00          0.000          0.000
                 0.50953E+00          1.861          0.357
                 0.10000E+01          0.000          0.000
                 0.19626E+01          0.604          0.162
                 0.42361E+01          0.000          0.000
                 0.12391E+02          1.097          0.511
               Infinity          0.000          0.000

         Verify the Chebyshev interpolation for S-F

            Frequency   Max. Err.[%]   Ave. Err.[%]
                 0.00000E+00          0.000          0.000
                 0.80701E-01          2.707          0.746
                 0.23607E+00          0.000          0.000
                 0.50953E+00          2.662          0.999
                 0.10000E+01          0.000          0.000
                 0.19626E+01          7.753          4.083
                 0.42361E+01          0.000          0.000
                 0.12391E+02        200.000        187.467

       q-point : 4

         Number of PWs for W : 1524
         Total RAM for Vscr :   0.59E+00 GB

         Stoner factor:

            0.15656E+00

         Averaged potential (mu)

           DOS(EF) =     0.9497E+01 [/Ry]
           Frequency [Ry], Coulomb parameter(mu)
                        0  0.2012E+00
               0.8070E-01  0.2107E+00
               0.2361E+00  0.2264E+00
               0.5095E+00  0.2520E+00
               0.1000E+01  0.2929E+00
               0.1963E+01  0.3478E+00
               0.4236E+01  0.3946E+00
               0.1239E+02  0.4145E+00
                 Infinity  0.4176E+00
           Frequency [Ry], Spin-F. parameter(mu)
                        0  0.4452E-01
               0.8070E-01  0.3831E-01
               0.2361E+00  0.3048E-01
               0.5095E+00  0.2151E-01
               0.1000E+01  0.1251E-01
               0.1963E+01  0.5390E-02
               0.4236E+01  0.1486E-02
               0.1239E+02  0.1883E-03
                 Infinity  0.0000E+00

         Verify the Chebyshev interpolation for Coulom

            Frequency   Max. Err.[%]   Ave. Err.[%]
                 0.00000E+00          0.000          0.000
                 0.80701E-01          1.975          0.370
                 0.23607E+00          0.000          0.000
                 0.50953E+00          1.731          0.311
                 0.10000E+01          0.000          0.000
                 0.19626E+01          0.677          0.187
                 0.42361E+01          0.000          0.000
                 0.12391E+02          1.010          0.516
               Infinity          0.000          0.000

         Verify the Chebyshev interpolation for S-F

            Frequency   Max. Err.[%]   Ave. Err.[%]
                 0.00000E+00          0.000          0.000
                 0.80701E-01          3.014          0.763
                 0.23607E+00          0.000          0.000
                 0.50953E+00          2.606          1.019
                 0.10000E+01          0.000          0.000
                 0.19626E+01          7.488          4.038
                 0.42361E+01          0.000          0.000
                 0.12391E+02        200.000        183.214

       q-point : 5

         Number of PWs for W : 1511
         Total RAM for Vscr :   0.58E+00 GB

         Stoner factor:

            0.14859E+00

         Averaged potential (mu)

           DOS(EF) =     0.9497E+01 [/Ry]
           Frequency [Ry], Coulomb parameter(mu)
                        0  0.2264E+00
               0.8070E-01  0.2409E+00
               0.2361E+00  0.2723E+00
               0.5095E+00  0.3272E+00
               0.1000E+01  0.4147E+00
               0.1963E+01  0.5314E+00
               0.4236E+01  0.6291E+00
               0.1239E+02  0.6696E+00
                 Infinity  0.6759E+00
           Frequency [Ry], Spin-F. parameter(mu)
                        0  0.5278E-01
               0.8070E-01  0.4576E-01
               0.2361E+00  0.3545E-01
               0.5095E+00  0.2421E-01
               0.1000E+01  0.1381E-01
               0.1963E+01  0.5896E-02
               0.4236E+01  0.1618E-02
               0.1239E+02  0.2048E-03
                 Infinity  0.0000E+00

         Verify the Chebyshev interpolation for Coulom

            Frequency   Max. Err.[%]   Ave. Err.[%]
                 0.00000E+00          0.000          0.000
                 0.80701E-01          4.060          0.650
                 0.23607E+00          0.000          0.000
                 0.50953E+00          1.956          0.425
                 0.10000E+01          0.000          0.000
                 0.19626E+01          0.744          0.190
                 0.42361E+01          0.000          0.000
                 0.12391E+02          1.254          0.575
               Infinity          0.000          0.000

         Verify the Chebyshev interpolation for S-F

            Frequency   Max. Err.[%]   Ave. Err.[%]
                 0.00000E+00          0.000          0.000
                 0.80701E-01          2.188          0.335
                 0.23607E+00          0.000          0.000
                 0.50953E+00          1.405          0.734
                 0.10000E+01          0.000          0.000
                 0.19626E+01          6.067          3.669
                 0.42361E+01          0.000          0.000
                 0.12391E+02        200.000        183.628

       q-point : 6

         Number of PWs for W : 1520
         Total RAM for Vscr :   0.59E+00 GB

         Stoner factor:

            0.15492E+00

         Averaged potential (mu)

           DOS(EF) =     0.9497E+01 [/Ry]
           Frequency [Ry], Coulomb parameter(mu)
                        0  0.2118E+00
               0.8070E-01  0.2219E+00
               0.2361E+00  0.2419E+00
               0.5095E+00  0.2752E+00
               0.1000E+01  0.3280E+00
               0.1963E+01  0.3980E+00
               0.4236E+01  0.4567E+00
               0.1239E+02  0.4811E+00
                 Infinity  0.4849E+00
           Frequency [Ry], Spin-F. parameter(mu)
                        0  0.5070E-01
               0.8070E-01  0.4425E-01
               0.2361E+00  0.3474E-01
               0.5095E+00  0.2407E-01
               0.1000E+01  0.1383E-01
               0.1963E+01  0.5918E-02
               0.4236E+01  0.1627E-02
               0.1239E+02  0.2060E-03
                 Infinity  0.0000E+00

         Verify the Chebyshev interpolation for Coulom

            Frequency   Max. Err.[%]   Ave. Err.[%]
                 0.00000E+00          0.000          0.000
                 0.80701E-01          2.683          0.525
                 0.23607E+00          0.000          0.000
                 0.50953E+00          1.851          0.327
                 0.10000E+01          0.000          0.000
                 0.19626E+01          0.734          0.210
                 0.42361E+01          0.000          0.000
                 0.12391E+02          1.156          0.557
               Infinity          0.000          0.000

         Verify the Chebyshev interpolation for S-F

            Frequency   Max. Err.[%]   Ave. Err.[%]
                 0.00000E+00          0.000          0.000
                 0.80701E-01          1.751          0.331
                 0.23607E+00          0.000          0.000
                 0.50953E+00          1.530          0.773
                 0.10000E+01          0.000          0.000
                 0.19626E+01          6.141          3.576
                 0.42361E+01          0.000          0.000
                 0.12391E+02        200.000        174.892

       q-point : 7

         Number of PWs for W : 1503
         Total RAM for Vscr :   0.58E+00 GB

         Stoner factor:

            0.16882E+00

         Averaged potential (mu)

           DOS(EF) =     0.9497E+01 [/Ry]
           Frequency [Ry], Coulomb parameter(mu)
                        0  0.4389E+00
               0.8070E-01  0.6507E+00
               0.2361E+00  0.1048E+01
               0.5095E+00  0.1673E+01
               0.1000E+01  0.2708E+01
               0.1963E+01  0.4121E+01
               0.4236E+01  0.5264E+01
               0.1239E+02  0.5719E+01
                 Infinity  0.5788E+01
           Frequency [Ry], Spin-F. parameter(mu)
                        0  0.1076E+00
               0.8070E-01  0.6627E-01
               0.2361E+00  0.4610E-01
               0.5095E+00  0.3238E-01
               0.1000E+01  0.1933E-01
               0.1963E+01  0.8512E-02
               0.4236E+01  0.2372E-02
               0.1239E+02  0.3016E-03
                 Infinity  0.0000E+00

         Verify the Chebyshev interpolation for Coulom

            Frequency   Max. Err.[%]   Ave. Err.[%]
                 0.00000E+00          0.000          0.000
                 0.80701E-01         11.052          1.487
                 0.23607E+00          0.000          0.000
                 0.50953E+00          2.011          0.440
                 0.10000E+01          0.000          0.000
                 0.19626E+01          1.027          0.370
                 0.42361E+01          0.000          0.000
                 0.12391E+02          1.575          0.722
               Infinity          0.000          0.000

         Verify the Chebyshev interpolation for S-F

            Frequency   Max. Err.[%]   Ave. Err.[%]
                 0.00000E+00          0.000          0.000
                 0.80701E-01         25.536          3.055
                 0.23607E+00          0.000          0.000
                 0.50953E+00         61.621          2.811
                 0.10000E+01          0.000          0.000
                 0.19626E+01         89.565          6.955
                 0.42361E+01          0.000          0.000
                 0.12391E+02        200.000        187.676

       q-point : 8

         Number of PWs for W : 1516
         Total RAM for Vscr :   0.59E+00 GB

         Stoner factor:

            0.16549E+00

         Averaged potential (mu)

           DOS(EF) =     0.9497E+01 [/Ry]
           Frequency [Ry], Coulomb parameter(mu)
                        0  0.3510E+00
               0.8070E-01  0.4508E+00
               0.2361E+00  0.5572E+00
               0.5095E+00  0.6907E+00
               0.1000E+01  0.8984E+00
               0.1963E+01  0.1165E+01
               0.4236E+01  0.1371E+01
               0.1239E+02  0.1452E+01
                 Infinity  0.1465E+01
           Frequency [Ry], Spin-F. parameter(mu)
                        0  0.1045E+00
               0.8070E-01  0.7031E-01
               0.2361E+00  0.5172E-01
               0.5095E+00  0.3637E-01
               0.1000E+01  0.2135E-01
               0.1963E+01  0.9244E-02
               0.4236E+01  0.2551E-02
               0.1239E+02  0.3232E-03
                 Infinity  0.0000E+00

         Verify the Chebyshev interpolation for Coulom

            Frequency   Max. Err.[%]   Ave. Err.[%]
                 0.00000E+00          0.000          0.000
                 0.80701E-01          2.630          0.375
                 0.23607E+00          0.000          0.000
                 0.50953E+00          1.703          0.282
                 0.10000E+01          0.000          0.000
                 0.19626E+01          1.303          0.339
                 0.42361E+01          0.000          0.000
                 0.12391E+02          1.430          0.633
               Infinity          0.000          0.000

         Verify the Chebyshev interpolation for S-F

            Frequency   Max. Err.[%]   Ave. Err.[%]
                 0.00000E+00          0.000          0.000
                 0.80701E-01         20.982          2.604
                 0.23607E+00          0.000          0.000
                 0.50953E+00         22.937          2.130
                 0.10000E+01          0.000          0.000
                 0.19626E+01         46.336          5.741
                 0.42361E+01          0.000          0.000
                 0.12391E+02        200.000        178.361

       q-point : 9

         Number of PWs for W : 1510
         Total RAM for Vscr :   0.58E+00 GB

         Stoner factor:

            0.15917E+00

         Averaged potential (mu)

           DOS(EF) =     0.9497E+01 [/Ry]
           Frequency [Ry], Coulomb parameter(mu)
                        0  0.1806E+00
               0.8070E-01  0.1888E+00
               0.2361E+00  0.2013E+00
               0.5095E+00  0.2222E+00
               0.1000E+01  0.2552E+00
               0.1963E+01  0.2982E+00
               0.4236E+01  0.3348E+00
               0.1239E+02  0.3503E+00
                 Infinity  0.3528E+00
           Frequency [Ry], Spin-F. parameter(mu)
                        0  0.4020E-01
               0.8070E-01  0.3413E-01
               0.2361E+00  0.2732E-01
               0.5095E+00  0.1938E-01
               0.1000E+01  0.1134E-01
               0.1963E+01  0.4920E-02
               0.4236E+01  0.1362E-02
               0.1239E+02  0.1728E-03
                 Infinity  0.0000E+00

         Verify the Chebyshev interpolation for Coulom

            Frequency   Max. Err.[%]   Ave. Err.[%]
                 0.00000E+00          0.000          0.000
                 0.80701E-01          1.969          0.338
                 0.23607E+00          0.000          0.000
                 0.50953E+00          1.864          0.323
                 0.10000E+01          0.000          0.000
                 0.19626E+01          0.569          0.166
                 0.42361E+01          0.000          0.000
                 0.12391E+02          0.996          0.488
               Infinity          0.000          0.000

         Verify the Chebyshev interpolation for S-F

            Frequency   Max. Err.[%]   Ave. Err.[%]
                 0.00000E+00          0.000          0.000
                 0.80701E-01          4.690          1.053
                 0.23607E+00          0.000          0.000
                 0.50953E+00          3.714          1.074
                 0.10000E+01          0.000          0.000
                 0.19626E+01          9.395          4.134
                 0.42361E+01          0.000          0.000
                 0.12391E+02        200.000        185.700

       q-point : 10

         Number of PWs for W : 1536
         Total RAM for Vscr :   0.60E+00 GB

         Stoner factor:

            0.15110E+00

         Averaged potential (mu)

           DOS(EF) =     0.9497E+01 [/Ry]
           Frequency [Ry], Coulomb parameter(mu)
                        0  0.2017E+00
               0.8070E-01  0.2111E+00
               0.2361E+00  0.2246E+00
               0.5095E+00  0.2473E+00
               0.1000E+01  0.2837E+00
               0.1963E+01  0.3318E+00
               0.4236E+01  0.3726E+00
               0.1239E+02  0.3899E+00
                 Infinity  0.3927E+00
           Frequency [Ry], Spin-F. parameter(mu)
                        0  0.4517E-01
               0.8070E-01  0.3845E-01
               0.2361E+00  0.3083E-01
               0.5095E+00  0.2189E-01
               0.1000E+01  0.1278E-01
               0.1963E+01  0.5520E-02
               0.4236E+01  0.1523E-02
               0.1239E+02  0.1930E-03
                 Infinity  0.0000E+00

         Verify the Chebyshev interpolation for Coulom

            Frequency   Max. Err.[%]   Ave. Err.[%]
                 0.00000E+00          0.000          0.000
                 0.80701E-01          1.893          0.300
                 0.23607E+00          0.000          0.000
                 0.50953E+00          1.789          0.296
                 0.10000E+01          0.000          0.000
                 0.19626E+01          0.720          0.195
                 0.42361E+01          0.000          0.000
                 0.12391E+02          0.924          0.497
               Infinity          0.000          0.000

         Verify the Chebyshev interpolation for S-F

            Frequency   Max. Err.[%]   Ave. Err.[%]
                 0.00000E+00          0.000          0.000
                 0.80701E-01          5.702          1.111
                 0.23607E+00          0.000          0.000
                 0.50953E+00          4.213          1.136
                 0.10000E+01          0.000          0.000
                 0.19626E+01          9.613          4.226
                 0.42361E+01          0.000          0.000
                 0.12391E+02        200.000        185.792

       q-point : 11

         Number of PWs for W : 1510
         Total RAM for Vscr :   0.58E+00 GB

         Stoner factor:

            0.15491E+00

         Averaged potential (mu)

           DOS(EF) =     0.9497E+01 [/Ry]
           Frequency [Ry], Coulomb parameter(mu)
                        0  0.2164E+00
               0.8070E-01  0.2287E+00
               0.2361E+00  0.2532E+00
               0.5095E+00  0.2922E+00
               0.1000E+01  0.3529E+00
               0.1963E+01  0.4338E+00
               0.4236E+01  0.5022E+00
               0.1239E+02  0.5309E+00
                 Infinity  0.5353E+00
           Frequency [Ry], Spin-F. parameter(mu)
                        0  0.4710E-01
               0.8070E-01  0.4055E-01
               0.2361E+00  0.3158E-01
               0.5095E+00  0.2217E-01
               0.1000E+01  0.1301E-01
               0.1963E+01  0.5660E-02
               0.4236E+01  0.1569E-02
               0.1239E+02  0.1991E-03
                 Infinity  0.0000E+00

         Verify the Chebyshev interpolation for Coulom

            Frequency   Max. Err.[%]   Ave. Err.[%]
                 0.00000E+00          0.000          0.000
                 0.80701E-01          3.801          0.596
                 0.23607E+00          0.000          0.000
                 0.50953E+00          2.018          0.379
                 0.10000E+01          0.000          0.000
                 0.19626E+01          0.684          0.172
                 0.42361E+01          0.000          0.000
                 0.12391E+02          1.185          0.530
               Infinity          0.000          0.000

         Verify the Chebyshev interpolation for S-F

            Frequency   Max. Err.[%]   Ave. Err.[%]
                 0.00000E+00          0.000          0.000
                 0.80701E-01          2.045          0.449
                 0.23607E+00          0.000          0.000
                 0.50953E+00          2.696          0.930
                 0.10000E+01          0.000          0.000
                 0.19626E+01          9.504          4.057
                 0.42361E+01          0.000          0.000
                 0.12391E+02        200.000        187.806

       q-point : 12

         Number of PWs for W : 1514
         Total RAM for Vscr :   0.59E+00 GB

         Stoner factor:

            0.15897E+00

         Averaged potential (mu)

           DOS(EF) =     0.9497E+01 [/Ry]
           Frequency [Ry], Coulomb parameter(mu)
                        0  0.2320E+00
               0.8070E-01  0.2460E+00
               0.2361E+00  0.2699E+00
               0.5095E+00  0.3078E+00
               0.1000E+01  0.3683E+00
               0.1963E+01  0.4510E+00
               0.4236E+01  0.5219E+00
               0.1239E+02  0.5518E+00
                 Infinity  0.5565E+00
           Frequency [Ry], Spin-F. parameter(mu)
                        0  0.5420E-01
               0.8070E-01  0.4642E-01
               0.2361E+00  0.3644E-01
               0.5095E+00  0.2547E-01
               0.1000E+01  0.1471E-01
               0.1963E+01  0.6296E-02
               0.4236E+01  0.1728E-02
               0.1239E+02  0.2186E-03
                 Infinity  0.0000E+00

         Verify the Chebyshev interpolation for Coulom

            Frequency   Max. Err.[%]   Ave. Err.[%]
                 0.00000E+00          0.000          0.000
                 0.80701E-01          2.447          0.418
                 0.23607E+00          0.000          0.000
                 0.50953E+00          1.722          0.303
                 0.10000E+01          0.000          0.000
                 0.19626E+01          0.705          0.197
                 0.42361E+01          0.000          0.000
                 0.12391E+02          1.120          0.528
               Infinity          0.000          0.000

         Verify the Chebyshev interpolation for S-F

            Frequency   Max. Err.[%]   Ave. Err.[%]
                 0.00000E+00          0.000          0.000
                 0.80701E-01          1.894          0.626
                 0.23607E+00          0.000          0.000
                 0.50953E+00          3.545          0.971
                 0.10000E+01          0.000          0.000
                 0.19626E+01         10.715          3.994
                 0.42361E+01          0.000          0.000
                 0.12391E+02        200.000        180.594

     #####  Clock summary  #####

     make_scrn    :    290.08s CPU    329.08s WALL (      12 calls)
     invert       :    549.62s CPU    595.55s WALL (      24 calls)
     lambda_sf    :    322.17s CPU    346.46s WALL (      12 calls)

     SCTK         :  24m23.56s CPU  27m 8.49s WALL


   This run was terminated on:   3: 4:36  23Nov2019            

=------------------------------------------------------------------------------=
   JOB DONE.
=------------------------------------------------------------------------------=
