
     Program SCTK v.6.4.1 starts on 23Nov2019 at  3: 6:53 

     This program is part of the open-source Quantum ESPRESSO suite
     for quantum simulation of materials; please cite
         "P. Giannozzi et al., J. Phys.:Condens. Matter 21 395502 (2009);
         "P. Giannozzi et al., J. Phys.:Condens. Matter 29 465901 (2017);
          URL http://www.quantum-espresso.org", 
     in publications or presentations arising from this work. More details at
     http://www.quantum-espresso.org/quote

     Parallel version (MPI & OpenMP), running on      32 processor cores
     Number of MPI processes:                 1
     Threads/MPI process:                    32

     MPI processes distributed on     1 nodes

     Reading xml data from directory:

     ./pwscf.save/

     IMPORTANT: XC functional enforced from input :
     Exchange-correlation= PBE
                           (   1   4   3   4   0   0   0)
     Any further DFT definition will be discarded
     Please, verify this is what you really want


     G-vector sticks info
     --------------------
     sticks:   dense  smooth     PW     G-vecs:    dense   smooth      PW
     Sum         559     559    187                12183    12183    2305

     Dense k-grid : 16  16  12
     Number of k(dense) : 210
     [opt_tetra]  Optimized tetrahedron method is used.

     Number of bands :      15
     Number of k times spin :     210
     Number of symmetries :      24
     Lowest band which contains FS :       3
     Highest band which contains FS :       5
     [opt_tetra]  Optimized tetrahedron method is used.

     #####  Read from STDIN  #####

                    Temparature[K] : -0.10000E+00
                         Xi cutoff : -0.10000E+01
                        First band : 1
                         Last band : 15
        # of Matsubara frequencies : 10
                           # of xi : 100
            # of energy for QP-DOS : 50
              Minimum energy scale :  0.10000E-06
       Max energy for QP-DOS [meV] :  0.50000E+01
             Convergense threshold :  0.10000E-14
                      Max itration : 100
                  Spin-fluvtuation : T

     #####  Read from elph*.dat  #####

       k grid for MEs : 4  4  3
       Number of modes : 9


     Dynamical matrices for ( 4, 4, 3)  uniform grid of q-points
     With a half shift
     (  12 q-points):
       N         xq(1)         xq(2)         xq(3) 
       1   0.125000000   0.216506381   0.145819693
       2   0.125000000   0.216506381  -0.437459078
       3   0.125000000   0.505181556   0.145819693
       4   0.125000000   0.505181556  -0.437459078
       5   0.125000000  -0.360843969   0.145819693
       6   0.125000000  -0.360843969  -0.437459078
       7   0.125000000  -0.072168794   0.145819693
       8   0.125000000  -0.072168794  -0.437459078
       9   0.375000000   0.649519144   0.145819693
      10   0.375000000   0.649519144  -0.437459078
      11   0.375000000  -0.216506381   0.145819693
      12   0.375000000  -0.216506381  -0.437459078
     Because shifted q grid is used, q2r will not work !

     #####  Read from vc*.dat  #####

       Dimention of Chebyshev interpolation : 5

     #####  Average matrix in grid  #####

       nindmax : 4
         Total RAM for Vc per process :   0.53E+00 GB
         Total RAM for gg per process :   0.11E+00 GB
         Total RAM for Vc (temporary) per process :   0.21E-02 GB
         Total RAM for gg (temporary) per process :   0.41E-03 GB
       DOS(E_F)[/Ry/cell/spin] :  0.47486E+01
       Number of total points for gap equation : 144

     #####  Integrate gapeq  #####

           mu :     0.33701E+00
       lambda :     0.54577E+00

     #####  Write mu.frmsf and lambda_frmsf  #####

     Max :         0.40259963     Min :         0.22375914
     Max :         1.51439797     Min :         0.23612183

     #####  Clock summary  #####

     read_elph    :      0.06s CPU      0.06s WALL (       1 calls)
     read_Coulomb :      0.00s CPU      0.01s WALL (       1 calls)
     expand_g_v_f :     21.33s CPU      0.90s WALL (       1 calls)
     make_lambda_ :      3.25s CPU      0.13s WALL (       1 calls)

     SCTK         :     30.35s CPU      5.69s WALL


   This run was terminated on:   3: 6:59  23Nov2019            

=------------------------------------------------------------------------------=
   JOB DONE.
=------------------------------------------------------------------------------=
