
     Program SCTK v.6.4.1 starts on 23Nov2019 at  3:18: 4 

     This program is part of the open-source Quantum ESPRESSO suite
     for quantum simulation of materials; please cite
         "P. Giannozzi et al., J. Phys.:Condens. Matter 21 395502 (2009);
         "P. Giannozzi et al., J. Phys.:Condens. Matter 29 465901 (2017);
          URL http://www.quantum-espresso.org", 
     in publications or presentations arising from this work. More details at
     http://www.quantum-espresso.org/quote

     Parallel version (MPI & OpenMP), running on      32 processor cores
     Number of MPI processes:                 1
     Threads/MPI process:                    32

     MPI processes distributed on     1 nodes

     Reading xml data from directory:

     ./pwscf.save/

     IMPORTANT: XC functional enforced from input :
     Exchange-correlation= PBE
                           (   1   4   3   4   0   0   0)
     Any further DFT definition will be discarded
     Please, verify this is what you really want


     G-vector sticks info
     --------------------
     sticks:   dense  smooth     PW     G-vecs:    dense   smooth      PW
     Sum         559     559    187                12183    12183    2305

     Dense k-grid : 16  16  12
     Number of k(dense) : 210
     [opt_tetra]  Optimized tetrahedron method is used.

     Number of bands :      15
     Number of k times spin :     210
     Number of symmetries :      24
     Lowest band which contains FS :       3
     Highest band which contains FS :       5
     [opt_tetra]  Optimized tetrahedron method is used.

     #####  Read from STDIN  #####

                    Temparature[K] : -0.10000E+00
                         Xi cutoff : -0.10000E+01
                        First band : 1
                         Last band : 15
        # of Matsubara frequencies : 10
                           # of xi : 100
            # of energy for QP-DOS : 50
              Minimum energy scale :  0.10000E-06
       Max energy for QP-DOS [meV] :  0.50000E+01
             Convergense threshold :  0.10000E-14
                      Max itration : 100
                  Spin-fluvtuation : T

     #####  Read from elph*.dat  #####

       k grid for MEs : 4  4  3
       Number of modes : 9


     Dynamical matrices for ( 4, 4, 3)  uniform grid of q-points
     With a half shift
     (  12 q-points):
       N         xq(1)         xq(2)         xq(3) 
       1   0.125000000   0.216506381   0.145819693
       2   0.125000000   0.216506381  -0.437459078
       3   0.125000000   0.505181556   0.145819693
       4   0.125000000   0.505181556  -0.437459078
       5   0.125000000  -0.360843969   0.145819693
       6   0.125000000  -0.360843969  -0.437459078
       7   0.125000000  -0.072168794   0.145819693
       8   0.125000000  -0.072168794  -0.437459078
       9   0.375000000   0.649519144   0.145819693
      10   0.375000000   0.649519144  -0.437459078
      11   0.375000000  -0.216506381   0.145819693
      12   0.375000000  -0.216506381  -0.437459078
     Because shifted q grid is used, q2r will not work !

     #####  Read from vc*.dat  #####

       Dimention of Chebyshev interpolation : 5

     #####  Set or read initial delta  #####

       Initial delta is theta function
       DOS(E_F)[/Ry/cell/spin] :  0.47486E+01
       DOS(E_F)[/Ry/cell/spin] :  0.47486E+01
       Number of total points for gap equation : 10707  8792

     #####  Average matrix in grid  #####

         Total RAM for Vc per process :   0.41E-01 GB
         Total RAM for gg per process :   0.15E-02 GB
         Total RAM for Vc (temporary) per process :   0.10E-01 GB
         Total RAM for gg (temporary) per process :   0.37E-03 GB

     #####  Compute renormalization factor : Z  #####

       Averaged Z_{FS} :  0.55852E+00   0.55825E+00

     #####  Compute effective interaction  #####


     #####  Solve gap equation  #####


       Iteration 0

         Residual[Ry] :  0.69844E-04
          Delta [meV] :  0.54503E+02   0.41663E+02

       Iteration 1

         Residual[Ry] :  0.43200E-04
          Delta [meV] :  0.32293E+02   0.22106E+02

       Iteration 2

         Residual[Ry] :  0.12167E-04
          Delta [meV] :  0.15406E+02   0.87027E+01

       Iteration 3

         Residual[Ry] :  0.96794E-05
          Delta [meV] :  0.13604E+02   0.82483E+01

       Iteration 4

         Residual[Ry] :  0.18673E-05
          Delta [meV] :  0.61697E+01   0.50693E+01

       Iteration 5

         Residual[Ry] :  0.10032E-05
          Delta [meV] :  0.45941E+01   0.41702E+01

       Iteration 6

         Residual[Ry] :  0.90768E-06
          Delta [meV] :  0.45222E+01   0.38532E+01

       Iteration 7

         Residual[Ry] :  0.22738E-05
          Delta [meV] :  0.42165E+01   0.12707E+01

       Iteration 8

         Residual[Ry] :  0.15626E-05
          Delta [meV] :  0.43230E+01   0.22661E+01

       Iteration 9

         Residual[Ry] :  0.12845E-05
          Delta [meV] :  0.40491E+01   0.24516E+01

       Iteration 10

         Residual[Ry] :  0.63984E-06
          Delta [meV] :  0.26106E+01   0.30338E+01

       Iteration 11

         Residual[Ry] :  0.39529E-06
          Delta [meV] :  0.28083E+01   0.25574E+01

       Iteration 12

         Residual[Ry] :  0.36937E-06
          Delta [meV] :  0.26391E+01   0.23543E+01

       Iteration 13

         Residual[Ry] :  0.32793E-06
          Delta [meV] :  0.23496E+01   0.21595E+01

       Iteration 14

         Residual[Ry] :  0.33831E-06
          Delta [meV] :  0.19617E+01   0.17775E+01

       Iteration 15

         Residual[Ry] :  0.34138E-06
          Delta [meV] :  0.19586E+01   0.17640E+01

       Iteration 16

         Residual[Ry] :  0.20228E-06
          Delta [meV] :  0.23766E+01   0.27365E+01

       Iteration 17

         Residual[Ry] :  0.13865E-06
          Delta [meV] :  0.21967E+01   0.25507E+01

       Iteration 18

         Residual[Ry] :  0.95302E-07
          Delta [meV] :  0.19011E+01   0.21335E+01

       Iteration 19

         Residual[Ry] :  0.70412E-07
          Delta [meV] :  0.16659E+01   0.17335E+01

       Iteration 20

         Residual[Ry] :  0.65922E-07
          Delta [meV] :  0.14935E+01   0.14836E+01

       Iteration 21

         Residual[Ry] :  0.54668E-07
          Delta [meV] :  0.14099E+01   0.14035E+01

       Iteration 22

         Residual[Ry] :  0.43847E-07
          Delta [meV] :  0.11552E+01   0.11348E+01

       Iteration 23

         Residual[Ry] :  0.42605E-07
          Delta [meV] :  0.10550E+01   0.10420E+01

       Iteration 24

         Residual[Ry] :  0.40986E-07
          Delta [meV] :  0.10880E+01   0.10820E+01

       Iteration 25

         Residual[Ry] :  0.39108E-07
          Delta [meV] :  0.11113E+01   0.11188E+01

       Iteration 26

         Residual[Ry] :  0.37977E-07
          Delta [meV] :  0.11056E+01   0.11115E+01

       Iteration 27

         Residual[Ry] :  0.38867E-07
          Delta [meV] :  0.10738E+01   0.10731E+01

       Iteration 28

         Residual[Ry] :  0.35895E-07
          Delta [meV] :  0.11565E+01   0.11685E+01

       Iteration 29

         Residual[Ry] :  0.38673E-07
          Delta [meV] :  0.11518E+01   0.11475E+01

       Iteration 30

         Residual[Ry] :  0.36761E-07
          Delta [meV] :  0.11154E+01   0.11095E+01

       Iteration 31

         Residual[Ry] :  0.35777E-07
          Delta [meV] :  0.10811E+01   0.10823E+01

       Iteration 32

         Residual[Ry] :  0.26745E-07
          Delta [meV] :  0.10101E+01   0.10200E+01

       Iteration 33

         Residual[Ry] :  0.21802E-07
          Delta [meV] :  0.10208E+01   0.10677E+01

       Iteration 34

         Residual[Ry] :  0.25186E-07
          Delta [meV] :  0.10061E+01   0.10447E+01

       Iteration 35

         Residual[Ry] :  0.26251E-07
          Delta [meV] :  0.10022E+01   0.10406E+01

       Iteration 36

         Residual[Ry] :  0.15475E-07
          Delta [meV] :  0.10778E+01   0.11224E+01

       Iteration 37

         Residual[Ry] :  0.11496E-07
          Delta [meV] :  0.11215E+01   0.11575E+01

       Iteration 38

         Residual[Ry] :  0.71427E-08
          Delta [meV] :  0.11512E+01   0.11939E+01

       Iteration 39

         Residual[Ry] :  0.71545E-08
          Delta [meV] :  0.11499E+01   0.12020E+01

       Iteration 40

         Residual[Ry] :  0.51506E-08
          Delta [meV] :  0.11682E+01   0.12234E+01

       Iteration 41

         Residual[Ry] :  0.20109E-08
          Delta [meV] :  0.11981E+01   0.12590E+01

       Iteration 42

         Residual[Ry] :  0.14072E-08
          Delta [meV] :  0.12004E+01   0.12615E+01

       Iteration 43

         Residual[Ry] :  0.90653E-09
          Delta [meV] :  0.11995E+01   0.12606E+01

       Iteration 44

         Residual[Ry] :  0.51249E-09
          Delta [meV] :  0.11948E+01   0.12548E+01

       Iteration 45

         Residual[Ry] :  0.41449E-09
          Delta [meV] :  0.11923E+01   0.12514E+01

       Iteration 46

         Residual[Ry] :  0.33004E-09
          Delta [meV] :  0.11915E+01   0.12504E+01

       Iteration 47

         Residual[Ry] :  0.23985E-09
          Delta [meV] :  0.11915E+01   0.12504E+01

       Iteration 48

         Residual[Ry] :  0.15573E-09
          Delta [meV] :  0.11916E+01   0.12505E+01

       Iteration 49

         Residual[Ry] :  0.48203E-10
          Delta [meV] :  0.11919E+01   0.12507E+01

       Iteration 50

         Residual[Ry] :  0.38005E-10
          Delta [meV] :  0.11918E+01   0.12507E+01

       Iteration 51

         Residual[Ry] :  0.16350E-10
          Delta [meV] :  0.11919E+01   0.12508E+01

       Iteration 52

         Residual[Ry] :  0.10879E-10
          Delta [meV] :  0.11919E+01   0.12508E+01

       Iteration 53

         Residual[Ry] :  0.87316E-11
          Delta [meV] :  0.11919E+01   0.12508E+01

       Iteration 54

         Residual[Ry] :  0.34770E-11
          Delta [meV] :  0.11919E+01   0.12509E+01

       Iteration 55

         Residual[Ry] :  0.25596E-11
          Delta [meV] :  0.11919E+01   0.12509E+01

       Iteration 56

         Residual[Ry] :  0.18983E-11
          Delta [meV] :  0.11919E+01   0.12509E+01

       Iteration 57

         Residual[Ry] :  0.11283E-11
          Delta [meV] :  0.11919E+01   0.12509E+01

       Iteration 58

         Residual[Ry] :  0.70640E-12
          Delta [meV] :  0.11919E+01   0.12509E+01

       Iteration 59

         Residual[Ry] :  0.46669E-12
          Delta [meV] :  0.11919E+01   0.12509E+01

       Iteration 60

         Residual[Ry] :  0.15630E-12
          Delta [meV] :  0.11919E+01   0.12509E+01

       Iteration 61

         Residual[Ry] :  0.90983E-13
          Delta [meV] :  0.11919E+01   0.12509E+01

       Iteration 62

         Residual[Ry] :  0.68178E-13
          Delta [meV] :  0.11919E+01   0.12509E+01

       Iteration 63

         Residual[Ry] :  0.22040E-13
          Delta [meV] :  0.11919E+01   0.12509E+01

       Iteration 64

         Residual[Ry] :  0.10773E-13
          Delta [meV] :  0.11919E+01   0.12509E+01

       Iteration 65

         Residual[Ry] :  0.84275E-14
          Delta [meV] :  0.11919E+01   0.12509E+01

       Iteration 66

         Residual[Ry] :  0.29669E-14
          Delta [meV] :  0.11919E+01   0.12509E+01

       Iteration 67

         Residual[Ry] :  0.11386E-14
          Delta [meV] :  0.11919E+01   0.12509E+01

       Iteration 68

         Residual[Ry] :  0.74897E-15
          Delta [meV] :  0.11919E+01   0.12509E+01

       Converged ! iter = 68


     #####  Clock summary  #####

     read_elph    :      0.06s CPU      0.06s WALL (       1 calls)
     read_Coulomb :      0.01s CPU      0.01s WALL (       1 calls)
     expand_g_v   :      0.25s CPU      0.03s WALL (       1 calls)
     make_Z       :    180.85s CPU      5.68s WALL (       1 calls)
     make_effint  :    181.44s CPU      5.71s WALL (       1 calls)
     broyden_gape :     19.16s CPU     21.59s WALL (       1 calls)

     SCTK         :   6m28.09s CPU     37.87s WALL


   This run was terminated on:   3:18:42  23Nov2019            

=------------------------------------------------------------------------------=
   JOB DONE.
=------------------------------------------------------------------------------=
