
     Program SCTK v.6.4.1 starts on 23Nov2019 at  3: 8: 5 

     This program is part of the open-source Quantum ESPRESSO suite
     for quantum simulation of materials; please cite
         "P. Giannozzi et al., J. Phys.:Condens. Matter 21 395502 (2009);
         "P. Giannozzi et al., J. Phys.:Condens. Matter 29 465901 (2017);
          URL http://www.quantum-espresso.org", 
     in publications or presentations arising from this work. More details at
     http://www.quantum-espresso.org/quote

     Parallel version (MPI & OpenMP), running on      32 processor cores
     Number of MPI processes:                 1
     Threads/MPI process:                    32

     MPI processes distributed on     1 nodes

     Reading xml data from directory:

     ./pwscf.save/

     IMPORTANT: XC functional enforced from input :
     Exchange-correlation= PBE
                           (   1   4   3   4   0   0   0)
     Any further DFT definition will be discarded
     Please, verify this is what you really want


     G-vector sticks info
     --------------------
     sticks:   dense  smooth     PW     G-vecs:    dense   smooth      PW
     Sum         559     559    187                12183    12183    2305

     Dense k-grid : 16  16  12
     Number of k(dense) : 210
     [opt_tetra]  Optimized tetrahedron method is used.

     Number of bands :      15
     Number of k times spin :     210
     Number of symmetries :      24
     Lowest band which contains FS :       3
     Highest band which contains FS :       5
     [opt_tetra]  Optimized tetrahedron method is used.

     #####  Read from STDIN  #####

                    Temparature[K] : -0.10000E+00
                         Xi cutoff : -0.10000E+01
                        First band : 1
                         Last band : 15
        # of Matsubara frequencies : 10
                           # of xi : 100
            # of energy for QP-DOS : 50
              Minimum energy scale :  0.10000E-06
       Max energy for QP-DOS [meV] :  0.50000E+01
             Convergense threshold :  0.10000E-14
                      Max itration : 100
                  Spin-fluvtuation : T

     #####  Read from elph*.dat  #####

       k grid for MEs : 4  4  3
       Number of modes : 9


     Dynamical matrices for ( 4, 4, 3)  uniform grid of q-points
     With a half shift
     (  12 q-points):
       N         xq(1)         xq(2)         xq(3) 
       1   0.125000000   0.216506381   0.145819693
       2   0.125000000   0.216506381  -0.437459078
       3   0.125000000   0.505181556   0.145819693
       4   0.125000000   0.505181556  -0.437459078
       5   0.125000000  -0.360843969   0.145819693
       6   0.125000000  -0.360843969  -0.437459078
       7   0.125000000  -0.072168794   0.145819693
       8   0.125000000  -0.072168794  -0.437459078
       9   0.375000000   0.649519144   0.145819693
      10   0.375000000   0.649519144  -0.437459078
      11   0.375000000  -0.216506381   0.145819693
      12   0.375000000  -0.216506381  -0.437459078
     Because shifted q grid is used, q2r will not work !

     #####  Read from vc*.dat  #####

       Dimention of Chebyshev interpolation : 5

     #####  Set or read initial delta  #####

       Initial delta is theta function
       DOS(E_F)[/Ry/cell/spin] :  0.47486E+01
       DOS(E_F)[/Ry/cell/spin] :  0.47486E+01
       Number of total points for gap equation : 10707  8792

     #####  Average matrix in grid  #####

         Total RAM for Vc per process :   0.41E-01 GB
         Total RAM for gg per process :   0.15E-02 GB
         Total RAM for Vc (temporary) per process :   0.10E-01 GB
         Total RAM for gg (temporary) per process :   0.37E-03 GB

     #####  Compute renormalization factor : Z  #####

       Averaged Z_{FS} :  0.55852E+00   0.55825E+00

     #####  Compute effective interaction  #####


     #####  Solve gap equation  #####


       Iteration 0

         Residual[Ry] :  0.69786E-04
          Delta [meV] :  0.52522E+02   0.54117E+02

       Iteration 1

         Residual[Ry] :  0.43502E-04
          Delta [meV] :  0.30615E+02   0.32100E+02

       Iteration 2

         Residual[Ry] :  0.12053E-04
          Delta [meV] :  0.13991E+02   0.15376E+02

       Iteration 3

         Residual[Ry] :  0.95927E-05
          Delta [meV] :  0.12224E+02   0.13619E+02

       Iteration 4

         Residual[Ry] :  0.20886E-05
          Delta [meV] :  0.51972E+01   0.68044E+01

       Iteration 5

         Residual[Ry] :  0.12742E-05
          Delta [meV] :  0.33253E+01   0.53235E+01

       Iteration 6

         Residual[Ry] :  0.17157E-05
          Delta [meV] :  0.29792E+01   0.54275E+01

       Iteration 7

         Residual[Ry] :  0.11162E-05
          Delta [meV] :  0.37318E+01   0.51078E+01

       Iteration 8

         Residual[Ry] :  0.73053E-06
          Delta [meV] :  0.44164E+01   0.46596E+01

       Iteration 9

         Residual[Ry] :  0.65064E-06
          Delta [meV] :  0.41375E+01   0.43405E+01

       Iteration 10

         Residual[Ry] :  0.41192E-06
          Delta [meV] :  0.27485E+01   0.24991E+01

       Iteration 11

         Residual[Ry] :  0.41652E-06
          Delta [meV] :  0.21974E+01   0.21166E+01

       Iteration 12

         Residual[Ry] :  0.42758E-06
          Delta [meV] :  0.21382E+01   0.20330E+01

       Iteration 13

         Residual[Ry] :  0.41599E-06
          Delta [meV] :  0.23531E+01   0.23136E+01

       Iteration 14

         Residual[Ry] :  0.40476E-06
          Delta [meV] :  0.24047E+01   0.23125E+01

       Iteration 15

         Residual[Ry] :  0.39570E-06
          Delta [meV] :  0.23825E+01   0.22756E+01

       Iteration 16

         Residual[Ry] :  0.29959E-06
          Delta [meV] :  0.23566E+01   0.22565E+01

       Iteration 17

         Residual[Ry] :  0.20831E-06
          Delta [meV] :  0.20467E+01   0.20904E+01

       Iteration 18

         Residual[Ry] :  0.13452E-06
          Delta [meV] :  0.16832E+01   0.17998E+01

       Iteration 19

         Residual[Ry] :  0.86085E-07
          Delta [meV] :  0.15168E+01   0.16490E+01

       Iteration 20

         Residual[Ry] :  0.67866E-07
          Delta [meV] :  0.15083E+01   0.15899E+01

       Iteration 21

         Residual[Ry] :  0.49154E-07
          Delta [meV] :  0.14799E+01   0.15277E+01

       Iteration 22

         Residual[Ry] :  0.39465E-07
          Delta [meV] :  0.14585E+01   0.15250E+01

       Iteration 23

         Residual[Ry] :  0.34866E-07
          Delta [meV] :  0.14114E+01   0.14896E+01

       Iteration 24

         Residual[Ry] :  0.36305E-07
          Delta [meV] :  0.13618E+01   0.14445E+01

       Iteration 25

         Residual[Ry] :  0.36331E-07
          Delta [meV] :  0.13679E+01   0.14515E+01

       Iteration 26

         Residual[Ry] :  0.36012E-07
          Delta [meV] :  0.13654E+01   0.14484E+01

       Iteration 27

         Residual[Ry] :  0.37319E-07
          Delta [meV] :  0.13442E+01   0.14339E+01

       Iteration 28

         Residual[Ry] :  0.37645E-07
          Delta [meV] :  0.13333E+01   0.14210E+01

       Iteration 29

         Residual[Ry] :  0.35975E-07
          Delta [meV] :  0.13313E+01   0.14238E+01

       Iteration 30

         Residual[Ry] :  0.31751E-07
          Delta [meV] :  0.13432E+01   0.14473E+01

       Iteration 31

         Residual[Ry] :  0.27427E-07
          Delta [meV] :  0.13119E+01   0.14098E+01

       Iteration 32

         Residual[Ry] :  0.18918E-07
          Delta [meV] :  0.12121E+01   0.13065E+01

       Iteration 33

         Residual[Ry] :  0.21000E-07
          Delta [meV] :  0.11659E+01   0.12477E+01

       Iteration 34

         Residual[Ry] :  0.18282E-07
          Delta [meV] :  0.11673E+01   0.12449E+01

       Iteration 35

         Residual[Ry] :  0.16128E-07
          Delta [meV] :  0.12507E+01   0.13265E+01

       Iteration 36

         Residual[Ry] :  0.92047E-08
          Delta [meV] :  0.12119E+01   0.12718E+01

       Iteration 37

         Residual[Ry] :  0.75137E-08
          Delta [meV] :  0.12131E+01   0.12763E+01

       Iteration 38

         Residual[Ry] :  0.38049E-08
          Delta [meV] :  0.11980E+01   0.12571E+01

       Iteration 39

         Residual[Ry] :  0.14222E-08
          Delta [meV] :  0.11864E+01   0.12436E+01

       Iteration 40

         Residual[Ry] :  0.10917E-08
          Delta [meV] :  0.11887E+01   0.12467E+01

       Iteration 41

         Residual[Ry] :  0.73230E-09
          Delta [meV] :  0.11898E+01   0.12482E+01

       Iteration 42

         Residual[Ry] :  0.31972E-09
          Delta [meV] :  0.11923E+01   0.12515E+01

       Iteration 43

         Residual[Ry] :  0.26441E-09
          Delta [meV] :  0.11921E+01   0.12512E+01

       Iteration 44

         Residual[Ry] :  0.16660E-09
          Delta [meV] :  0.11919E+01   0.12509E+01

       Iteration 45

         Residual[Ry] :  0.75921E-10
          Delta [meV] :  0.11915E+01   0.12503E+01

       Iteration 46

         Residual[Ry] :  0.66740E-10
          Delta [meV] :  0.11917E+01   0.12505E+01

       Iteration 47

         Residual[Ry] :  0.35161E-10
          Delta [meV] :  0.11919E+01   0.12508E+01

       Iteration 48

         Residual[Ry] :  0.22389E-10
          Delta [meV] :  0.11919E+01   0.12509E+01

       Iteration 49

         Residual[Ry] :  0.15166E-10
          Delta [meV] :  0.11919E+01   0.12509E+01

       Iteration 50

         Residual[Ry] :  0.61561E-11
          Delta [meV] :  0.11919E+01   0.12509E+01

       Iteration 51

         Residual[Ry] :  0.33657E-11
          Delta [meV] :  0.11919E+01   0.12509E+01

       Iteration 52

         Residual[Ry] :  0.28081E-11
          Delta [meV] :  0.11919E+01   0.12509E+01

       Iteration 53

         Residual[Ry] :  0.16801E-11
          Delta [meV] :  0.11919E+01   0.12509E+01

       Iteration 54

         Residual[Ry] :  0.54002E-12
          Delta [meV] :  0.11919E+01   0.12509E+01

       Iteration 55

         Residual[Ry] :  0.45833E-12
          Delta [meV] :  0.11919E+01   0.12509E+01

       Iteration 56

         Residual[Ry] :  0.33497E-12
          Delta [meV] :  0.11919E+01   0.12509E+01

       Iteration 57

         Residual[Ry] :  0.95882E-13
          Delta [meV] :  0.11919E+01   0.12509E+01

       Iteration 58

         Residual[Ry] :  0.77669E-13
          Delta [meV] :  0.11919E+01   0.12509E+01

       Iteration 59

         Residual[Ry] :  0.62382E-13
          Delta [meV] :  0.11919E+01   0.12509E+01

       Iteration 60

         Residual[Ry] :  0.15753E-13
          Delta [meV] :  0.11919E+01   0.12509E+01

       Iteration 61

         Residual[Ry] :  0.12915E-13
          Delta [meV] :  0.11919E+01   0.12509E+01

       Iteration 62

         Residual[Ry] :  0.94365E-14
          Delta [meV] :  0.11919E+01   0.12509E+01

       Iteration 63

         Residual[Ry] :  0.40456E-14
          Delta [meV] :  0.11919E+01   0.12509E+01

       Iteration 64

         Residual[Ry] :  0.25930E-14
          Delta [meV] :  0.11919E+01   0.12509E+01

       Iteration 65

         Residual[Ry] :  0.19474E-14
          Delta [meV] :  0.11919E+01   0.12509E+01

       Iteration 66

         Residual[Ry] :  0.49266E-15
          Delta [meV] :  0.11919E+01   0.12509E+01

       Converged ! iter = 66


     T[K]-D[meV]     0.00000E+00    0.17393E+01

       Number of total points for gap equation : 10707  8792
       Initial delta is read from file (delta.dat)
       DOS(E_F)[Ry^-1/cell/spin] :  0.47486E+01
       DOS(E_F)[Ry^-1/cell/spin] :  0.47574E+01

     #####  Compute renormalization factor : Z  #####

       Averaged Z_{FS} :  0.54081E+00   0.54055E+00

     #####  Compute effective interaction  #####


     #####  Solve gap equation  #####


       Iteration 0

         Residual[Ry] :  0.33011E-07
          Delta [meV] :  0.11919E+01   0.12509E+01

       Iteration 1

         Residual[Ry] :  0.35640E-07
          Delta [meV] :  0.11868E+01   0.12466E+01

       Iteration 2

         Residual[Ry] :  0.22585E-07
          Delta [meV] :  0.11729E+01   0.12322E+01

       Iteration 3

         Residual[Ry] :  0.18849E-07
          Delta [meV] :  0.11566E+01   0.12112E+01

       Iteration 4

         Residual[Ry] :  0.22601E-07
          Delta [meV] :  0.11470E+01   0.11953E+01

       Iteration 5

         Residual[Ry] :  0.21796E-07
          Delta [meV] :  0.11469E+01   0.11964E+01

       Iteration 6

         Residual[Ry] :  0.13212E-07
          Delta [meV] :  0.11383E+01   0.12035E+01

       Iteration 7

         Residual[Ry] :  0.11765E-07
          Delta [meV] :  0.11300E+01   0.11968E+01

       Iteration 8

         Residual[Ry] :  0.10638E-07
          Delta [meV] :  0.11150E+01   0.11838E+01

       Iteration 9

         Residual[Ry] :  0.10413E-07
          Delta [meV] :  0.11132E+01   0.11816E+01

       Iteration 10

         Residual[Ry] :  0.80543E-08
          Delta [meV] :  0.10833E+01   0.11461E+01

       Iteration 11

         Residual[Ry] :  0.81363E-08
          Delta [meV] :  0.10816E+01   0.11448E+01

       Iteration 12

         Residual[Ry] :  0.81007E-08
          Delta [meV] :  0.10811E+01   0.11443E+01

       Iteration 13

         Residual[Ry] :  0.79704E-08
          Delta [meV] :  0.10818E+01   0.11451E+01

       Iteration 14

         Residual[Ry] :  0.78403E-08
          Delta [meV] :  0.10815E+01   0.11455E+01

       Iteration 15

         Residual[Ry] :  0.72390E-08
          Delta [meV] :  0.10782E+01   0.11442E+01

       Iteration 16

         Residual[Ry] :  0.64686E-08
          Delta [meV] :  0.10733E+01   0.11413E+01

       Iteration 17

         Residual[Ry] :  0.60545E-08
          Delta [meV] :  0.10699E+01   0.11370E+01

       Iteration 18

         Residual[Ry] :  0.36834E-08
          Delta [meV] :  0.10533E+01   0.11139E+01

       Iteration 19

         Residual[Ry] :  0.26082E-08
          Delta [meV] :  0.10476E+01   0.11083E+01

       Iteration 20

         Residual[Ry] :  0.22523E-08
          Delta [meV] :  0.10535E+01   0.11165E+01

       Iteration 21

         Residual[Ry] :  0.12115E-08
          Delta [meV] :  0.10682E+01   0.11347E+01

       Iteration 22

         Residual[Ry] :  0.74018E-09
          Delta [meV] :  0.10736E+01   0.11413E+01

       Iteration 23

         Residual[Ry] :  0.51159E-09
          Delta [meV] :  0.10771E+01   0.11455E+01

       Iteration 24

         Residual[Ry] :  0.38949E-09
          Delta [meV] :  0.10745E+01   0.11421E+01

       Iteration 25

         Residual[Ry] :  0.23951E-09
          Delta [meV] :  0.10742E+01   0.11418E+01

       Iteration 26

         Residual[Ry] :  0.14577E-09
          Delta [meV] :  0.10744E+01   0.11420E+01

       Iteration 27

         Residual[Ry] :  0.10358E-09
          Delta [meV] :  0.10744E+01   0.11421E+01

       Iteration 28

         Residual[Ry] :  0.63694E-10
          Delta [meV] :  0.10748E+01   0.11426E+01

       Iteration 29

         Residual[Ry] :  0.20133E-10
          Delta [meV] :  0.10757E+01   0.11437E+01

       Iteration 30

         Residual[Ry] :  0.82977E-11
          Delta [meV] :  0.10758E+01   0.11439E+01

       Iteration 31

         Residual[Ry] :  0.49248E-11
          Delta [meV] :  0.10758E+01   0.11438E+01

       Iteration 32

         Residual[Ry] :  0.38933E-11
          Delta [meV] :  0.10758E+01   0.11438E+01

       Iteration 33

         Residual[Ry] :  0.29353E-11
          Delta [meV] :  0.10758E+01   0.11438E+01

       Iteration 34

         Residual[Ry] :  0.20503E-11
          Delta [meV] :  0.10758E+01   0.11438E+01

       Iteration 35

         Residual[Ry] :  0.15655E-11
          Delta [meV] :  0.10758E+01   0.11438E+01

       Iteration 36

         Residual[Ry] :  0.48769E-12
          Delta [meV] :  0.10758E+01   0.11438E+01

       Iteration 37

         Residual[Ry] :  0.18547E-12
          Delta [meV] :  0.10758E+01   0.11438E+01

       Iteration 38

         Residual[Ry] :  0.13482E-12
          Delta [meV] :  0.10758E+01   0.11438E+01

       Iteration 39

         Residual[Ry] :  0.52472E-13
          Delta [meV] :  0.10758E+01   0.11438E+01

       Iteration 40

         Residual[Ry] :  0.35061E-13
          Delta [meV] :  0.10758E+01   0.11438E+01

       Iteration 41

         Residual[Ry] :  0.27640E-13
          Delta [meV] :  0.10758E+01   0.11438E+01

       Iteration 42

         Residual[Ry] :  0.13727E-13
          Delta [meV] :  0.10758E+01   0.11438E+01

       Iteration 43

         Residual[Ry] :  0.10291E-13
          Delta [meV] :  0.10758E+01   0.11438E+01

       Iteration 44

         Residual[Ry] :  0.48850E-14
          Delta [meV] :  0.10758E+01   0.11438E+01

       Iteration 45

         Residual[Ry] :  0.10960E-14
          Delta [meV] :  0.10758E+01   0.11438E+01

       Iteration 46

         Residual[Ry] :  0.74888E-15
          Delta [meV] :  0.10758E+01   0.11438E+01

       Converged ! iter = 46


     T[K]-D[meV]:     0.11404E+02    0.15760E+01

       Number of total points for gap equation : 10707  8792
       Initial delta is read from file (delta.dat)
       DOS(E_F)[Ry^-1/cell/spin] :  0.47486E+01
       DOS(E_F)[Ry^-1/cell/spin] :  0.47574E+01

     #####  Compute renormalization factor : Z  #####

       Averaged Z_{FS} :  0.52377E+00   0.52352E+00

     #####  Compute effective interaction  #####


     #####  Solve gap equation  #####


       Iteration 0

         Residual[Ry] :  0.72624E-07
          Delta [meV] :  0.11919E+01   0.12509E+01

       Iteration 1

         Residual[Ry] :  0.86204E-07
          Delta [meV] :  0.11767E+01   0.12370E+01

       Iteration 2

         Residual[Ry] :  0.63244E-07
          Delta [meV] :  0.11377E+01   0.11955E+01

       Iteration 3

         Residual[Ry] :  0.55461E-07
          Delta [meV] :  0.10791E+01   0.11206E+01

       Iteration 4

         Residual[Ry] :  0.66309E-07
          Delta [meV] :  0.10437E+01   0.10658E+01

       Iteration 5

         Residual[Ry] :  0.63692E-07
          Delta [meV] :  0.10436E+01   0.10703E+01

       Iteration 6

         Residual[Ry] :  0.41841E-07
          Delta [meV] :  0.10194E+01   0.10965E+01

       Iteration 7

         Residual[Ry] :  0.39747E-07
          Delta [meV] :  0.99668E+00   0.10762E+01

       Iteration 8

         Residual[Ry] :  0.37219E-07
          Delta [meV] :  0.94540E+00   0.10284E+01

       Iteration 9

         Residual[Ry] :  0.36179E-07
          Delta [meV] :  0.93508E+00   0.10170E+01

       Iteration 10

         Residual[Ry] :  0.25913E-07
          Delta [meV] :  0.79347E+00   0.85360E+00

       Iteration 11

         Residual[Ry] :  0.24557E-07
          Delta [meV] :  0.74572E+00   0.80664E+00

       Iteration 12

         Residual[Ry] :  0.23436E-07
          Delta [meV] :  0.76011E+00   0.82061E+00

       Iteration 13

         Residual[Ry] :  0.22703E-07
          Delta [meV] :  0.75530E+00   0.80746E+00

       Iteration 14

         Residual[Ry] :  0.22116E-07
          Delta [meV] :  0.74186E+00   0.79541E+00

       Iteration 15

         Residual[Ry] :  0.21868E-07
          Delta [meV] :  0.73880E+00   0.79068E+00

       Iteration 16

         Residual[Ry] :  0.22340E-07
          Delta [meV] :  0.73788E+00   0.78465E+00

       Iteration 17

         Residual[Ry] :  0.21051E-07
          Delta [meV] :  0.73478E+00   0.78612E+00

       Iteration 18

         Residual[Ry] :  0.19312E-07
          Delta [meV] :  0.71101E+00   0.75879E+00

       Iteration 19

         Residual[Ry] :  0.10915E-07
          Delta [meV] :  0.57852E+00   0.61944E+00

       Iteration 20

         Residual[Ry] :  0.73037E-08
          Delta [meV] :  0.51204E+00   0.55124E+00

       Iteration 21

         Residual[Ry] :  0.47746E-08
          Delta [meV] :  0.47458E+00   0.51571E+00

       Iteration 22

         Residual[Ry] :  0.34226E-08
          Delta [meV] :  0.47609E+00   0.51964E+00

       Iteration 23

         Residual[Ry] :  0.24058E-08
          Delta [meV] :  0.50514E+00   0.55476E+00

       Iteration 24

         Residual[Ry] :  0.17383E-08
          Delta [meV] :  0.53702E+00   0.58911E+00

       Iteration 25

         Residual[Ry] :  0.10818E-08
          Delta [meV] :  0.57477E+00   0.63070E+00

       Iteration 26

         Residual[Ry] :  0.78363E-09
          Delta [meV] :  0.56310E+00   0.61733E+00

       Iteration 27

         Residual[Ry] :  0.61910E-09
          Delta [meV] :  0.56778E+00   0.62212E+00

       Iteration 28

         Residual[Ry] :  0.38936E-09
          Delta [meV] :  0.56968E+00   0.62433E+00

       Iteration 29

         Residual[Ry] :  0.16793E-09
          Delta [meV] :  0.57133E+00   0.62630E+00

       Iteration 30

         Residual[Ry] :  0.10883E-09
          Delta [meV] :  0.57047E+00   0.62527E+00

       Iteration 31

         Residual[Ry] :  0.72928E-10
          Delta [meV] :  0.57018E+00   0.62489E+00

       Iteration 32

         Residual[Ry] :  0.55384E-10
          Delta [meV] :  0.57053E+00   0.62528E+00

       Iteration 33

         Residual[Ry] :  0.12231E-10
          Delta [meV] :  0.57106E+00   0.62588E+00

       Iteration 34

         Residual[Ry] :  0.83387E-11
          Delta [meV] :  0.57098E+00   0.62579E+00

       Iteration 35

         Residual[Ry] :  0.62960E-11
          Delta [meV] :  0.57096E+00   0.62577E+00

       Iteration 36

         Residual[Ry] :  0.19453E-11
          Delta [meV] :  0.57095E+00   0.62576E+00

       Iteration 37

         Residual[Ry] :  0.15448E-11
          Delta [meV] :  0.57094E+00   0.62575E+00

       Iteration 38

         Residual[Ry] :  0.10809E-11
          Delta [meV] :  0.57093E+00   0.62574E+00

       Iteration 39

         Residual[Ry] :  0.47256E-12
          Delta [meV] :  0.57092E+00   0.62573E+00

       Iteration 40

         Residual[Ry] :  0.16488E-12
          Delta [meV] :  0.57091E+00   0.62572E+00

       Iteration 41

         Residual[Ry] :  0.12866E-12
          Delta [meV] :  0.57091E+00   0.62572E+00

       Iteration 42

         Residual[Ry] :  0.71724E-13
          Delta [meV] :  0.57091E+00   0.62572E+00

       Iteration 43

         Residual[Ry] :  0.17356E-13
          Delta [meV] :  0.57091E+00   0.62572E+00

       Iteration 44

         Residual[Ry] :  0.14324E-13
          Delta [meV] :  0.57091E+00   0.62572E+00

       Iteration 45

         Residual[Ry] :  0.39709E-14
          Delta [meV] :  0.57091E+00   0.62572E+00

       Iteration 46

         Residual[Ry] :  0.28677E-14
          Delta [meV] :  0.57091E+00   0.62572E+00

       Iteration 47

         Residual[Ry] :  0.77439E-15
          Delta [meV] :  0.57091E+00   0.62572E+00

       Converged ! iter = 47


     T[K]-D[meV]:     0.22807E+02    0.83688E+00

       Number of total points for gap equation : 10707  8792
       Initial delta is read from file (delta.dat)
       DOS(E_F)[Ry^-1/cell/spin] :  0.47486E+01
       DOS(E_F)[Ry^-1/cell/spin] :  0.47574E+01

     #####  Compute renormalization factor : Z  #####

       Averaged Z_{FS} :  0.50679E+00   0.50655E+00

     #####  Compute effective interaction  #####


     #####  Solve gap equation  #####


       Iteration 0

         Residual[Ry] :  0.11286E-06
          Delta [meV] :  0.11919E+01   0.12509E+01

       Iteration 1

         Residual[Ry] :  0.13737E-06
          Delta [meV] :  0.11650E+01   0.12246E+01

       Iteration 2

         Residual[Ry] :  0.10802E-06
          Delta [meV] :  0.10994E+01   0.11530E+01

       Iteration 3

         Residual[Ry] :  0.93589E-07
          Delta [meV] :  0.98258E+00   0.10055E+01

       Iteration 4

         Residual[Ry] :  0.11253E-06
          Delta [meV] :  0.90007E+00   0.88428E+00

       Iteration 5

         Residual[Ry] :  0.10966E-06
          Delta [meV] :  0.90003E+00   0.88984E+00

       Iteration 6

         Residual[Ry] :  0.73472E-07
          Delta [meV] :  0.86349E+00   0.95118E+00

       Iteration 7

         Residual[Ry] :  0.71287E-07
          Delta [meV] :  0.83122E+00   0.91986E+00

       Iteration 8

         Residual[Ry] :  0.66450E-07
          Delta [meV] :  0.72547E+00   0.81578E+00

       Iteration 9

         Residual[Ry] :  0.63639E-07
          Delta [meV] :  0.69618E+00   0.78497E+00

       Iteration 10

         Residual[Ry] :  0.49609E-07
          Delta [meV] :  0.49663E+00   0.55878E+00

       Iteration 11

         Residual[Ry] :  0.46586E-07
          Delta [meV] :  0.38375E+00   0.44501E+00

       Iteration 12

         Residual[Ry] :  0.43264E-07
          Delta [meV] :  0.39061E+00   0.45321E+00

       Iteration 13

         Residual[Ry] :  0.31459E-07
          Delta [meV] :  0.34612E+00   0.38634E+00

       Iteration 14

         Residual[Ry] :  0.21288E-07
          Delta [meV] :  0.17585E+00   0.21235E+00

       Iteration 15

         Residual[Ry] :  0.16800E-07
          Delta [meV] :  0.35121E-01   0.73496E-01

       Iteration 16

         Residual[Ry] :  0.16811E-07
          Delta [meV] :  0.12951E-01   0.47471E-01

       Iteration 17

         Residual[Ry] :  0.16813E-07
          Delta [meV] :  0.37446E-02   0.37065E-01

       Iteration 18

         Residual[Ry] :  0.16830E-07
          Delta [meV] :  0.36500E-02   0.37120E-01

       Iteration 19

         Residual[Ry] :  0.15526E-07
          Delta [meV] : -0.25090E-01   0.19492E-03

       Iteration 20

         Residual[Ry] :  0.73615E-08
          Delta [meV] : -0.21876E+00  -0.25640E+00

       Iteration 21

         Residual[Ry] :  0.53126E-08
          Delta [meV] : -0.15945E+00  -0.18518E+00

       Iteration 22

         Residual[Ry] :  0.29312E-08
          Delta [meV] : -0.58424E-01  -0.64223E-01

       Iteration 23

         Residual[Ry] :  0.16693E-08
          Delta [meV] : -0.28669E-01  -0.32736E-01

       Iteration 24

         Residual[Ry] :  0.10322E-08
          Delta [meV] :  0.67160E-03   0.13052E-02

       Iteration 25

         Residual[Ry] :  0.77808E-09
          Delta [meV] : -0.12390E-02  -0.15079E-02

       Iteration 26

         Residual[Ry] :  0.54666E-09
          Delta [meV] :  0.13917E-02   0.14530E-02

       Iteration 27

         Residual[Ry] :  0.35132E-09
          Delta [meV] : -0.33639E-03  -0.34491E-03

       Iteration 28

         Residual[Ry] :  0.18398E-09
          Delta [meV] : -0.25003E-02  -0.27401E-02

       Iteration 29

         Residual[Ry] :  0.14246E-09
          Delta [meV] : -0.17395E-02  -0.19611E-02

       Iteration 30

         Residual[Ry] :  0.83587E-10
          Delta [meV] : -0.72293E-03  -0.85394E-03

       Iteration 31

         Residual[Ry] :  0.28250E-10
          Delta [meV] : -0.13075E-03  -0.18176E-03

       Iteration 32

         Residual[Ry] :  0.14131E-10
          Delta [meV] :  0.39173E-04   0.22642E-04

       Iteration 33

         Residual[Ry] :  0.89814E-11
          Delta [meV] :  0.55691E-04   0.51520E-04

       Iteration 34

         Residual[Ry] :  0.33929E-11
          Delta [meV] :  0.53508E-04   0.62160E-04

       Iteration 35

         Residual[Ry] :  0.25422E-11
          Delta [meV] :  0.45338E-04   0.53986E-04

       Iteration 36

         Residual[Ry] :  0.16220E-11
          Delta [meV] :  0.28535E-04   0.33590E-04

       Iteration 37

         Residual[Ry] :  0.72864E-12
          Delta [meV] :  0.49110E-05   0.56462E-05

       Iteration 38

         Residual[Ry] :  0.58386E-12
          Delta [meV] :  0.55419E-05   0.64437E-05

       Iteration 39

         Residual[Ry] :  0.18780E-12
          Delta [meV] :  0.16675E-05   0.19354E-05

       Iteration 40

         Residual[Ry] :  0.59159E-13
          Delta [meV] : -0.11680E-06  -0.13547E-06

       Iteration 41

         Residual[Ry] :  0.45156E-13
          Delta [meV] : -0.13346E-06  -0.15578E-06

       Iteration 42

         Residual[Ry] :  0.18337E-13
          Delta [meV] : -0.71735E-07  -0.83282E-07

       Iteration 43

         Residual[Ry] :  0.77113E-14
          Delta [meV] : -0.50241E-07  -0.58740E-07

       Iteration 44

         Residual[Ry] :  0.61181E-14
          Delta [meV] : -0.43589E-07  -0.50838E-07

       Iteration 45

         Residual[Ry] :  0.44596E-14
          Delta [meV] : -0.30869E-07  -0.35937E-07

       Iteration 46

         Residual[Ry] :  0.68221E-15
          Delta [meV] :  0.10965E-08   0.14865E-08

       Converged ! iter = 46


     T[K]-D[meV]:     0.34211E+02    0.57465E-08

       Number of total points for gap equation : 10707  8792
       Initial delta is read from file (delta.dat)
       DOS(E_F)[Ry^-1/cell/spin] :  0.47486E+01
       DOS(E_F)[Ry^-1/cell/spin] :  0.47574E+01

     #####  Compute renormalization factor : Z  #####

       Averaged Z_{FS} :  0.53225E+00   0.53199E+00

     #####  Compute effective interaction  #####


     #####  Solve gap equation  #####


       Iteration 0

         Residual[Ry] :  0.52612E-07
          Delta [meV] :  0.11919E+01   0.12509E+01

       Iteration 1

         Residual[Ry] :  0.60319E-07
          Delta [meV] :  0.11824E+01   0.12426E+01

       Iteration 2

         Residual[Ry] :  0.41330E-07
          Delta [meV] :  0.11570E+01   0.12158E+01

       Iteration 3

         Residual[Ry] :  0.35946E-07
          Delta [meV] :  0.11237E+01   0.11728E+01

       Iteration 4

         Residual[Ry] :  0.42926E-07
          Delta [meV] :  0.11048E+01   0.11420E+01

       Iteration 5

         Residual[Ry] :  0.41056E-07
          Delta [meV] :  0.11046E+01   0.11449E+01

       Iteration 6

         Residual[Ry] :  0.26322E-07
          Delta [meV] :  0.10881E+01   0.11590E+01

       Iteration 7

         Residual[Ry] :  0.24460E-07
          Delta [meV] :  0.10727E+01   0.11459E+01

       Iteration 8

         Residual[Ry] :  0.22815E-07
          Delta [meV] :  0.10432E+01   0.11195E+01

       Iteration 9

         Residual[Ry] :  0.22311E-07
          Delta [meV] :  0.10386E+01   0.11143E+01

       Iteration 10

         Residual[Ry] :  0.16451E-07
          Delta [meV] :  0.96186E+00   0.10238E+01

       Iteration 11

         Residual[Ry] :  0.16328E-07
          Delta [meV] :  0.95096E+00   0.10136E+01

       Iteration 12

         Residual[Ry] :  0.16302E-07
          Delta [meV] :  0.95577E+00   0.10184E+01

       Iteration 13

         Residual[Ry] :  0.16404E-07
          Delta [meV] :  0.95570E+00   0.10180E+01

       Iteration 14

         Residual[Ry] :  0.16368E-07
          Delta [meV] :  0.95679E+00   0.10191E+01

       Iteration 15

         Residual[Ry] :  0.16165E-07
          Delta [meV] :  0.95562E+00   0.10189E+01

       Iteration 16

         Residual[Ry] :  0.14071E-07
          Delta [meV] :  0.94518E+00   0.10184E+01

       Iteration 17

         Residual[Ry] :  0.13269E-07
          Delta [meV] :  0.93980E+00   0.10101E+01

       Iteration 18

         Residual[Ry] :  0.99529E-08
          Delta [meV] :  0.90032E+00   0.95929E+00

       Iteration 19

         Residual[Ry] :  0.72850E-08
          Delta [meV] :  0.87807E+00   0.93799E+00

       Iteration 20

         Residual[Ry] :  0.41841E-08
          Delta [meV] :  0.85902E+00   0.92022E+00

       Iteration 21

         Residual[Ry] :  0.35414E-08
          Delta [meV] :  0.87079E+00   0.93393E+00

       Iteration 22

         Residual[Ry] :  0.18278E-08
          Delta [meV] :  0.90427E+00   0.97377E+00

       Iteration 23

         Residual[Ry] :  0.11967E-08
          Delta [meV] :  0.92568E+00   0.99839E+00

       Iteration 24

         Residual[Ry] :  0.82283E-09
          Delta [meV] :  0.91776E+00   0.98918E+00

       Iteration 25

         Residual[Ry] :  0.62071E-09
          Delta [meV] :  0.91407E+00   0.98467E+00

       Iteration 26

         Residual[Ry] :  0.41782E-09
          Delta [meV] :  0.91254E+00   0.98293E+00

       Iteration 27

         Residual[Ry] :  0.26984E-09
          Delta [meV] :  0.91254E+00   0.98296E+00

       Iteration 28

         Residual[Ry] :  0.16024E-09
          Delta [meV] :  0.91232E+00   0.98272E+00

       Iteration 29

         Residual[Ry] :  0.11108E-09
          Delta [meV] :  0.91294E+00   0.98344E+00

       Iteration 30

         Residual[Ry] :  0.13697E-10
          Delta [meV] :  0.91391E+00   0.98456E+00

       Iteration 31

         Residual[Ry] :  0.95542E-11
          Delta [meV] :  0.91398E+00   0.98464E+00

       Iteration 32

         Residual[Ry] :  0.61966E-11
          Delta [meV] :  0.91402E+00   0.98470E+00

       Iteration 33

         Residual[Ry] :  0.51347E-11
          Delta [meV] :  0.91400E+00   0.98468E+00

       Iteration 34

         Residual[Ry] :  0.36244E-11
          Delta [meV] :  0.91399E+00   0.98468E+00

       Iteration 35

         Residual[Ry] :  0.26822E-11
          Delta [meV] :  0.91399E+00   0.98468E+00

       Iteration 36

         Residual[Ry] :  0.92664E-12
          Delta [meV] :  0.91398E+00   0.98467E+00

       Iteration 37

         Residual[Ry] :  0.45895E-12
          Delta [meV] :  0.91398E+00   0.98466E+00

       Iteration 38

         Residual[Ry] :  0.32177E-12
          Delta [meV] :  0.91398E+00   0.98467E+00

       Iteration 39

         Residual[Ry] :  0.68588E-13
          Delta [meV] :  0.91398E+00   0.98467E+00

       Iteration 40

         Residual[Ry] :  0.52156E-13
          Delta [meV] :  0.91398E+00   0.98467E+00

       Iteration 41

         Residual[Ry] :  0.33148E-13
          Delta [meV] :  0.91398E+00   0.98467E+00

       Iteration 42

         Residual[Ry] :  0.20378E-13
          Delta [meV] :  0.91398E+00   0.98467E+00

       Iteration 43

         Residual[Ry] :  0.15196E-13
          Delta [meV] :  0.91398E+00   0.98467E+00

       Iteration 44

         Residual[Ry] :  0.61365E-14
          Delta [meV] :  0.91398E+00   0.98467E+00

       Iteration 45

         Residual[Ry] :  0.16651E-14
          Delta [meV] :  0.91398E+00   0.98467E+00

       Iteration 46

         Residual[Ry] :  0.12047E-14
          Delta [meV] :  0.91398E+00   0.98467E+00

       Iteration 47

         Residual[Ry] :  0.51969E-15
          Delta [meV] :  0.91398E+00   0.98467E+00

       Converged ! iter = 47


     T[K]-D[meV]:     0.17105E+02    0.13295E+01

       Number of total points for gap equation : 10707  8792
       Initial delta is read from file (delta.dat)
       DOS(E_F)[Ry^-1/cell/spin] :  0.47486E+01
       DOS(E_F)[Ry^-1/cell/spin] :  0.47574E+01

     #####  Compute renormalization factor : Z  #####

       Averaged Z_{FS} :  0.51953E+00   0.51928E+00

     #####  Compute effective interaction  #####


     #####  Solve gap equation  #####


       Iteration 0

         Residual[Ry] :  0.82784E-07
          Delta [meV] :  0.11919E+01   0.12509E+01

       Iteration 1

         Residual[Ry] :  0.99292E-07
          Delta [meV] :  0.11737E+01   0.12340E+01

       Iteration 2

         Residual[Ry] :  0.74642E-07
          Delta [meV] :  0.11278E+01   0.11847E+01

       Iteration 3

         Residual[Ry] :  0.65406E-07
          Delta [meV] :  0.10547E+01   0.10917E+01

       Iteration 4

         Residual[Ry] :  0.78329E-07
          Delta [meV] :  0.10089E+01   0.10221E+01

       Iteration 5

         Residual[Ry] :  0.75489E-07
          Delta [meV] :  0.10088E+01   0.10272E+01

       Iteration 6

         Residual[Ry] :  0.49923E-07
          Delta [meV] :  0.98111E+00   0.10611E+01

       Iteration 7

         Residual[Ry] :  0.47783E-07
          Delta [meV] :  0.95523E+00   0.10375E+01

       Iteration 8

         Residual[Ry] :  0.44763E-07
          Delta [meV] :  0.89133E+00   0.97703E+00

       Iteration 9

         Residual[Ry] :  0.43371E-07
          Delta [meV] :  0.87704E+00   0.96150E+00

       Iteration 10

         Residual[Ry] :  0.31688E-07
          Delta [meV] :  0.70985E+00   0.77000E+00

       Iteration 11

         Residual[Ry] :  0.29675E-07
          Delta [meV] :  0.63867E+00   0.69935E+00

       Iteration 12

         Residual[Ry] :  0.27788E-07
          Delta [meV] :  0.65266E+00   0.71308E+00

       Iteration 13

         Residual[Ry] :  0.25080E-07
          Delta [meV] :  0.63834E+00   0.68285E+00

       Iteration 14

         Residual[Ry] :  0.22642E-07
          Delta [meV] :  0.59770E+00   0.64383E+00

       Iteration 15

         Residual[Ry] :  0.20685E-07
          Delta [meV] :  0.56991E+00   0.61452E+00

       Iteration 16

         Residual[Ry] :  0.20448E-07
          Delta [meV] :  0.55961E+00   0.59618E+00

       Iteration 17

         Residual[Ry] :  0.21309E-07
          Delta [meV] :  0.54918E+00   0.57814E+00

       Iteration 18

         Residual[Ry] :  0.20811E-07
          Delta [meV] :  0.53957E+00   0.56671E+00

       Iteration 19

         Residual[Ry] :  0.11712E-07
          Delta [meV] :  0.37201E+00   0.38937E+00

       Iteration 20

         Residual[Ry] :  0.68208E-08
          Delta [meV] :  0.23013E+00   0.24068E+00

       Iteration 21

         Residual[Ry] :  0.43065E-08
          Delta [meV] :  0.10817E+00   0.11325E+00

       Iteration 22

         Residual[Ry] :  0.38308E-08
          Delta [meV] :  0.80577E-01   0.85421E-01

       Iteration 23

         Residual[Ry] :  0.26414E-08
          Delta [meV] :  0.63560E-01   0.68633E-01

       Iteration 24

         Residual[Ry] :  0.20719E-08
          Delta [meV] :  0.52051E-01   0.57834E-01

       Iteration 25

         Residual[Ry] :  0.15981E-08
          Delta [meV] :  0.69782E-01   0.76513E-01

       Iteration 26

         Residual[Ry] :  0.11080E-08
          Delta [meV] :  0.79638E-01   0.87191E-01

       Iteration 27

         Residual[Ry] :  0.65792E-09
          Delta [meV] :  0.78110E-01   0.85831E-01

       Iteration 28

         Residual[Ry] :  0.30722E-09
          Delta [meV] :  0.76406E-01   0.84243E-01

       Iteration 29

         Residual[Ry] :  0.15927E-09
          Delta [meV] :  0.75563E-01   0.83466E-01

       Iteration 30

         Residual[Ry] :  0.78364E-10
          Delta [meV] :  0.74996E-01   0.82975E-01

       Iteration 31

         Residual[Ry] :  0.67291E-10
          Delta [meV] :  0.75074E-01   0.83069E-01

       Iteration 32

         Residual[Ry] :  0.19572E-10
          Delta [meV] :  0.75594E-01   0.83681E-01

       Iteration 33

         Residual[Ry] :  0.19049E-10
          Delta [meV] :  0.75800E-01   0.83902E-01

       Iteration 34

         Residual[Ry] :  0.19152E-10
          Delta [meV] :  0.75964E-01   0.84078E-01

       Iteration 35

         Residual[Ry] :  0.19155E-10
          Delta [meV] :  0.75971E-01   0.84086E-01

       Iteration 36

         Residual[Ry] :  0.19186E-10
          Delta [meV] :  0.75924E-01   0.84034E-01

       Iteration 37

         Residual[Ry] :  0.18515E-10
          Delta [meV] :  0.77008E-01   0.85234E-01

       Iteration 38

         Residual[Ry] :  0.17766E-10
          Delta [meV] :  0.78550E-01   0.86942E-01

       Iteration 39

         Residual[Ry] :  0.15612E-10
          Delta [meV] :  0.83300E-01   0.92201E-01

       Iteration 40

         Residual[Ry] :  0.70555E-11
          Delta [meV] :  0.97514E-01   0.10793E+00

       Iteration 41

         Residual[Ry] :  0.40583E-11
          Delta [meV] :  0.10275E+00   0.11372E+00

       Iteration 42

         Residual[Ry] :  0.29740E-11
          Delta [meV] :  0.10427E+00   0.11540E+00

       Iteration 43

         Residual[Ry] :  0.29438E-11
          Delta [meV] :  0.10791E+00   0.11942E+00

       Iteration 44

         Residual[Ry] :  0.14709E-11
          Delta [meV] :  0.10628E+00   0.11762E+00

       Iteration 45

         Residual[Ry] :  0.11896E-11
          Delta [meV] :  0.10664E+00   0.11802E+00

       Iteration 46

         Residual[Ry] :  0.90450E-12
          Delta [meV] :  0.10639E+00   0.11773E+00

       Iteration 47

         Residual[Ry] :  0.64731E-12
          Delta [meV] :  0.10660E+00   0.11797E+00

       Iteration 48

         Residual[Ry] :  0.35396E-12
          Delta [meV] :  0.10672E+00   0.11810E+00

       Iteration 49

         Residual[Ry] :  0.19050E-12
          Delta [meV] :  0.10669E+00   0.11807E+00

       Iteration 50

         Residual[Ry] :  0.98798E-13
          Delta [meV] :  0.10663E+00   0.11801E+00

       Iteration 51

         Residual[Ry] :  0.51824E-13
          Delta [meV] :  0.10657E+00   0.11794E+00

       Iteration 52

         Residual[Ry] :  0.32409E-13
          Delta [meV] :  0.10659E+00   0.11795E+00

       Iteration 53

         Residual[Ry] :  0.22822E-13
          Delta [meV] :  0.10659E+00   0.11796E+00

       Iteration 54

         Residual[Ry] :  0.75049E-14
          Delta [meV] :  0.10660E+00   0.11797E+00

       Iteration 55

         Residual[Ry] :  0.46504E-14
          Delta [meV] :  0.10660E+00   0.11797E+00

       Iteration 56

         Residual[Ry] :  0.28071E-14
          Delta [meV] :  0.10660E+00   0.11797E+00

       Iteration 57

         Residual[Ry] :  0.19780E-14
          Delta [meV] :  0.10660E+00   0.11797E+00

       Iteration 58

         Residual[Ry] :  0.96464E-15
          Delta [meV] :  0.10660E+00   0.11797E+00

       Converged ! iter = 58


     T[K]-D[meV]:     0.25658E+02    0.15750E+00

       Number of total points for gap equation : 10707  8792
       Initial delta is read from file (delta.dat)
       DOS(E_F)[Ry^-1/cell/spin] :  0.47486E+01
       DOS(E_F)[Ry^-1/cell/spin] :  0.47574E+01

     #####  Compute renormalization factor : Z  #####

       Averaged Z_{FS} :  0.51317E+00   0.51292E+00

     #####  Compute effective interaction  #####


     #####  Solve gap equation  #####


       Iteration 0

         Residual[Ry] :  0.97978E-07
          Delta [meV] :  0.11919E+01   0.12509E+01

       Iteration 1

         Residual[Ry] :  0.11866E-06
          Delta [meV] :  0.11693E+01   0.12293E+01

       Iteration 2

         Residual[Ry] :  0.91623E-07
          Delta [meV] :  0.11132E+01   0.11686E+01

       Iteration 3

         Residual[Ry] :  0.79926E-07
          Delta [meV] :  0.10178E+01   0.10479E+01

       Iteration 4

         Residual[Ry] :  0.95954E-07
          Delta [meV] :  0.95442E+00   0.95345E+00

       Iteration 5

         Residual[Ry] :  0.92983E-07
          Delta [meV] :  0.95437E+00   0.95901E+00

       Iteration 6

         Residual[Ry] :  0.61935E-07
          Delta [meV] :  0.92197E+00   0.10061E+01

       Iteration 7

         Residual[Ry] :  0.59771E-07
          Delta [meV] :  0.89233E+00   0.97818E+00

       Iteration 8

         Residual[Ry] :  0.55934E-07
          Delta [meV] :  0.80819E+00   0.89685E+00

       Iteration 9

         Residual[Ry] :  0.53908E-07
          Delta [meV] :  0.78686E+00   0.87409E+00

       Iteration 10

         Residual[Ry] :  0.40907E-07
          Delta [meV] :  0.59620E+00   0.65729E+00

       Iteration 11

         Residual[Ry] :  0.38309E-07
          Delta [meV] :  0.49770E+00   0.55868E+00

       Iteration 12

         Residual[Ry] :  0.35597E-07
          Delta [meV] :  0.50749E+00   0.56892E+00

       Iteration 13

         Residual[Ry] :  0.28424E-07
          Delta [meV] :  0.47723E+00   0.51620E+00

       Iteration 14

         Residual[Ry] :  0.21610E-07
          Delta [meV] :  0.37102E+00   0.40764E+00

       Iteration 15

         Residual[Ry] :  0.13339E-07
          Delta [meV] :  0.23928E+00   0.27527E+00

       Iteration 16

         Residual[Ry] :  0.11029E-07
          Delta [meV] :  0.20175E+00   0.22895E+00

       Iteration 17

         Residual[Ry] :  0.47988E-08
          Delta [meV] :  0.14231E-01   0.28568E-02

       Iteration 18

         Residual[Ry] :  0.40361E-08
          Delta [meV] : -0.51239E-02  -0.14978E-01

       Iteration 19

         Residual[Ry] :  0.45843E-08
          Delta [meV] : -0.50440E-02  -0.15756E-01

       Iteration 20

         Residual[Ry] :  0.37736E-08
          Delta [meV] : -0.17005E-01  -0.26145E-01

       Iteration 21

         Residual[Ry] :  0.36542E-08
          Delta [meV] : -0.24922E-01  -0.34586E-01

       Iteration 22

         Residual[Ry] :  0.33648E-08
          Delta [meV] : -0.39947E-01  -0.50113E-01

       Iteration 23

         Residual[Ry] :  0.30066E-08
          Delta [meV] : -0.36165E-01  -0.45222E-01

       Iteration 24

         Residual[Ry] :  0.81065E-09
          Delta [meV] : -0.27269E-03  -0.10461E-02

       Iteration 25

         Residual[Ry] :  0.63367E-09
          Delta [meV] :  0.18012E-02   0.17157E-02

       Iteration 26

         Residual[Ry] :  0.41899E-09
          Delta [meV] :  0.61298E-03   0.49701E-03

       Iteration 27

         Residual[Ry] :  0.14540E-09
          Delta [meV] : -0.58303E-03  -0.58650E-03

       Iteration 28

         Residual[Ry] :  0.11970E-09
          Delta [meV] : -0.38347E-03  -0.39337E-03

       Iteration 29

         Residual[Ry] :  0.37746E-10
          Delta [meV] :  0.55134E-04   0.72005E-04

       Iteration 30

         Residual[Ry] :  0.19210E-10
          Delta [meV] :  0.14627E-03   0.16448E-03

       Iteration 31

         Residual[Ry] :  0.14599E-10
          Delta [meV] :  0.81739E-04   0.92782E-04

       Iteration 32

         Residual[Ry] :  0.32989E-11
          Delta [meV] : -0.69988E-04  -0.77068E-04

       Iteration 33

         Residual[Ry] :  0.24774E-11
          Delta [meV] : -0.55178E-04  -0.61117E-04

       Iteration 34

         Residual[Ry] :  0.94687E-12
          Delta [meV] : -0.15213E-04  -0.17537E-04

       Iteration 35

         Residual[Ry] :  0.61416E-12
          Delta [meV] : -0.47599E-05  -0.58482E-05

       Iteration 36

         Residual[Ry] :  0.39224E-12
          Delta [meV] : -0.23901E-05  -0.29990E-05

       Iteration 37

         Residual[Ry] :  0.11568E-12
          Delta [meV] : -0.23517E-05  -0.26269E-05

       Iteration 38

         Residual[Ry] :  0.63664E-13
          Delta [meV] : -0.18515E-05  -0.20080E-05

       Iteration 39

         Residual[Ry] :  0.50606E-13
          Delta [meV] : -0.16720E-05  -0.18298E-05

       Iteration 40

         Residual[Ry] :  0.14988E-13
          Delta [meV] : -0.84056E-06  -0.94737E-06

       Iteration 41

         Residual[Ry] :  0.12334E-13
          Delta [meV] : -0.67277E-06  -0.76219E-06

       Iteration 42

         Residual[Ry] :  0.81721E-14
          Delta [meV] : -0.46424E-06  -0.52405E-06

       Iteration 43

         Residual[Ry] :  0.23976E-14
          Delta [meV] : -0.53398E-07  -0.57633E-07

       Iteration 44

         Residual[Ry] :  0.20115E-14
          Delta [meV] : -0.62691E-07  -0.68679E-07

       Iteration 45

         Residual[Ry] :  0.10374E-14
          Delta [meV] : -0.35304E-07  -0.38704E-07

       Iteration 46

         Residual[Ry] :  0.33036E-15
          Delta [meV] : -0.10321E-07  -0.11166E-07

       Converged ! iter = 46


     T[K]-D[meV]:     0.29934E+02    0.13895E-07

       Number of total points for gap equation : 10707  8792
       Initial delta is read from file (delta.dat)
       DOS(E_F)[Ry^-1/cell/spin] :  0.47486E+01
       DOS(E_F)[Ry^-1/cell/spin] :  0.47574E+01

     #####  Compute renormalization factor : Z  #####

       Averaged Z_{FS} :  0.51635E+00   0.51611E+00

     #####  Compute effective interaction  #####


     #####  Solve gap equation  #####


       Iteration 0

         Residual[Ry] :  0.90403E-07
          Delta [meV] :  0.11919E+01   0.12509E+01

       Iteration 1

         Residual[Ry] :  0.10904E-06
          Delta [meV] :  0.11715E+01   0.12316E+01

       Iteration 2

         Residual[Ry] :  0.83180E-07
          Delta [meV] :  0.11204E+01   0.11766E+01

       Iteration 3

         Residual[Ry] :  0.72752E-07
          Delta [meV] :  0.10362E+01   0.10698E+01

       Iteration 4

         Residual[Ry] :  0.87240E-07
          Delta [meV] :  0.98180E+00   0.98808E+00

       Iteration 5

         Residual[Ry] :  0.84304E-07
          Delta [meV] :  0.98173E+00   0.99344E+00

       Iteration 6

         Residual[Ry] :  0.55968E-07
          Delta [meV] :  0.95162E+00   0.10338E+01

       Iteration 7

         Residual[Ry] :  0.53813E-07
          Delta [meV] :  0.92372E+00   0.10079E+01

       Iteration 8

         Residual[Ry] :  0.50400E-07
          Delta [meV] :  0.84987E+00   0.93722E+00

       Iteration 9

         Residual[Ry] :  0.48708E-07
          Delta [meV] :  0.83220E+00   0.91820E+00

       Iteration 10

         Residual[Ry] :  0.36289E-07
          Delta [meV] :  0.65113E+00   0.71167E+00

       Iteration 11

         Residual[Ry] :  0.33935E-07
          Delta [meV] :  0.56468E+00   0.62546E+00

       Iteration 12

         Residual[Ry] :  0.31583E-07
          Delta [meV] :  0.57666E+00   0.63749E+00

       Iteration 13

         Residual[Ry] :  0.26769E-07
          Delta [meV] :  0.55400E+00   0.59457E+00

       Iteration 14

         Residual[Ry] :  0.22224E-07
          Delta [meV] :  0.48271E+00   0.52314E+00

       Iteration 15

         Residual[Ry] :  0.17199E-07
          Delta [meV] :  0.40608E+00   0.44546E+00

       Iteration 16

         Residual[Ry] :  0.16059E-07
          Delta [meV] :  0.38560E+00   0.41626E+00

       Iteration 17

         Residual[Ry] :  0.16142E-07
          Delta [meV] :  0.30081E+00   0.30477E+00

       Iteration 18

         Residual[Ry] :  0.16565E-07
          Delta [meV] :  0.30198E+00   0.30662E+00

       Iteration 19

         Residual[Ry] :  0.13864E-07
          Delta [meV] :  0.27814E+00   0.28616E+00

       Iteration 20

         Residual[Ry] :  0.85981E-08
          Delta [meV] :  0.14189E+00   0.14097E+00

       Iteration 21

         Residual[Ry] :  0.55146E-08
          Delta [meV] :  0.11795E-01   0.46470E-02

       Iteration 22

         Residual[Ry] :  0.46466E-08
          Delta [meV] : -0.22527E-01  -0.30676E-01

       Iteration 23

         Residual[Ry] :  0.30380E-08
          Delta [meV] : -0.63047E-01  -0.71353E-01

       Iteration 24

         Residual[Ry] :  0.24760E-08
          Delta [meV] : -0.42451E-01  -0.48950E-01

       Iteration 25

         Residual[Ry] :  0.11177E-08
          Delta [meV] : -0.22412E-01  -0.25673E-01

       Iteration 26

         Residual[Ry] :  0.57370E-09
          Delta [meV] : -0.90083E-02  -0.10448E-01

       Iteration 27

         Residual[Ry] :  0.43474E-09
          Delta [meV] : -0.91649E-02  -0.10522E-01

       Iteration 28

         Residual[Ry] :  0.22235E-09
          Delta [meV] : -0.77515E-02  -0.86871E-02

       Iteration 29

         Residual[Ry] :  0.16099E-09
          Delta [meV] : -0.68913E-02  -0.77192E-02

       Iteration 30

         Residual[Ry] :  0.10704E-09
          Delta [meV] : -0.56243E-02  -0.62692E-02

       Iteration 31

         Residual[Ry] :  0.87172E-10
          Delta [meV] : -0.50855E-02  -0.56699E-02

       Iteration 32

         Residual[Ry] :  0.28583E-10
          Delta [meV] : -0.28569E-02  -0.31878E-02

       Iteration 33

         Residual[Ry] :  0.23082E-10
          Delta [meV] : -0.22935E-02  -0.25623E-02

       Iteration 34

         Residual[Ry] :  0.20841E-10
          Delta [meV] : -0.20060E-02  -0.22438E-02

       Iteration 35

         Residual[Ry] :  0.14010E-10
          Delta [meV] : -0.10873E-02  -0.12240E-02

       Iteration 36

         Residual[Ry] :  0.10429E-10
          Delta [meV] : -0.61374E-03  -0.69444E-03

       Iteration 37

         Residual[Ry] :  0.61725E-11
          Delta [meV] : -0.39851E-03  -0.44915E-03

       Iteration 38

         Residual[Ry] :  0.91924E-12
          Delta [meV] : -0.71744E-04  -0.78190E-04

       Iteration 39

         Residual[Ry] :  0.74232E-12
          Delta [meV] : -0.59676E-04  -0.65245E-04

       Iteration 40

         Residual[Ry] :  0.20306E-12
          Delta [meV] : -0.10486E-04  -0.11706E-04

       Iteration 41

         Residual[Ry] :  0.14944E-12
          Delta [meV] : -0.50922E-05  -0.57149E-05

       Iteration 42

         Residual[Ry] :  0.78159E-13
          Delta [meV] : -0.16459E-05  -0.18450E-05

       Iteration 43

         Residual[Ry] :  0.28654E-13
          Delta [meV] : -0.28548E-06  -0.30254E-06

       Iteration 44

         Residual[Ry] :  0.19008E-13
          Delta [meV] :  0.12774E-07   0.29865E-07

       Iteration 45

         Residual[Ry] :  0.10788E-13
          Delta [meV] : -0.13312E-07  -0.73503E-08

       Iteration 46

         Residual[Ry] :  0.30360E-14
          Delta [meV] : -0.10816E-07  -0.12023E-07

       Iteration 47

         Residual[Ry] :  0.23766E-14
          Delta [meV] : -0.10763E-07  -0.11474E-07

       Iteration 48

         Residual[Ry] :  0.77030E-15
          Delta [meV] : -0.10512E-07  -0.10816E-07

       Converged ! iter = 48


     T[K]-D[meV]:     0.27796E+02    0.14854E-07

       Number of total points for gap equation : 10707  8792
       Initial delta is read from file (delta.dat)
       DOS(E_F)[Ry^-1/cell/spin] :  0.47486E+01
       DOS(E_F)[Ry^-1/cell/spin] :  0.47574E+01

     #####  Compute renormalization factor : Z  #####

       Averaged Z_{FS} :  0.51794E+00   0.51770E+00

     #####  Compute effective interaction  #####


     #####  Solve gap equation  #####


       Iteration 0

         Residual[Ry] :  0.86597E-07
          Delta [meV] :  0.11919E+01   0.12509E+01

       Iteration 1

         Residual[Ry] :  0.10418E-06
          Delta [meV] :  0.11726E+01   0.12328E+01

       Iteration 2

         Residual[Ry] :  0.78919E-07
          Delta [meV] :  0.11241E+01   0.11806E+01

       Iteration 3

         Residual[Ry] :  0.69097E-07
          Delta [meV] :  0.10454E+01   0.10808E+01

       Iteration 4

         Residual[Ry] :  0.82804E-07
          Delta [meV] :  0.99540E+00   0.10052E+01

       Iteration 5

         Residual[Ry] :  0.79908E-07
          Delta [meV] :  0.99532E+00   0.10104E+01

       Iteration 6

         Residual[Ry] :  0.52952E-07
          Delta [meV] :  0.96641E+00   0.10475E+01

       Iteration 7

         Residual[Ry] :  0.50804E-07
          Delta [meV] :  0.93949E+00   0.10227E+01

       Iteration 8

         Residual[Ry] :  0.47590E-07
          Delta [meV] :  0.87066E+00   0.95722E+00

       Iteration 9

         Residual[Ry] :  0.46052E-07
          Delta [meV] :  0.85472E+00   0.93998E+00

       Iteration 10

         Residual[Ry] :  0.33975E-07
          Delta [meV] :  0.68002E+00   0.74033E+00

       Iteration 11

         Residual[Ry] :  0.31776E-07
          Delta [meV] :  0.60083E+00   0.66155E+00

       Iteration 12

         Residual[Ry] :  0.29641E-07
          Delta [meV] :  0.61391E+00   0.67450E+00

       Iteration 13

         Residual[Ry] :  0.25932E-07
          Delta [meV] :  0.59538E+00   0.63761E+00

       Iteration 14

         Residual[Ry] :  0.22486E-07
          Delta [meV] :  0.54027E+00   0.58342E+00

       Iteration 15

         Residual[Ry] :  0.19194E-07
          Delta [meV] :  0.49138E+00   0.53326E+00

       Iteration 16

         Residual[Ry] :  0.18581E-07
          Delta [meV] :  0.47721E+00   0.51081E+00

       Iteration 17

         Residual[Ry] :  0.19524E-07
          Delta [meV] :  0.44120E+00   0.45883E+00

       Iteration 18

         Residual[Ry] :  0.19478E-07
          Delta [meV] :  0.44060E+00   0.45813E+00

       Iteration 19

         Residual[Ry] :  0.12246E-07
          Delta [meV] :  0.31902E+00   0.33449E+00

       Iteration 20

         Residual[Ry] :  0.74268E-08
          Delta [meV] :  0.16001E+00   0.16098E+00

       Iteration 21

         Residual[Ry] :  0.51004E-08
          Delta [meV] :  0.15546E-01   0.10652E-01

       Iteration 22

         Residual[Ry] :  0.44706E-08
          Delta [meV] : -0.10707E-01  -0.16823E-01

       Iteration 23

         Residual[Ry] :  0.29084E-08
          Delta [meV] : -0.53711E-01  -0.60360E-01

       Iteration 24

         Residual[Ry] :  0.23737E-08
          Delta [meV] : -0.31503E-01  -0.36249E-01

       Iteration 25

         Residual[Ry] :  0.12919E-08
          Delta [meV] : -0.26016E-01  -0.29333E-01

       Iteration 26

         Residual[Ry] :  0.62701E-09
          Delta [meV] : -0.97212E-02  -0.11231E-01

       Iteration 27

         Residual[Ry] :  0.46131E-09
          Delta [meV] : -0.11460E-01  -0.13161E-01

       Iteration 28

         Residual[Ry] :  0.25150E-09
          Delta [meV] : -0.12256E-01  -0.13823E-01

       Iteration 29

         Residual[Ry] :  0.15341E-09
          Delta [meV] : -0.11867E-01  -0.13260E-01

       Iteration 30

         Residual[Ry] :  0.10616E-09
          Delta [meV] : -0.11287E-01  -0.12539E-01

       Iteration 31

         Residual[Ry] :  0.91042E-10
          Delta [meV] : -0.10804E-01  -0.12004E-01

       Iteration 32

         Residual[Ry] :  0.36772E-10
          Delta [meV] : -0.80792E-02  -0.89768E-02

       Iteration 33

         Residual[Ry] :  0.34743E-10
          Delta [meV] : -0.74905E-02  -0.83225E-02

       Iteration 34

         Residual[Ry] :  0.33278E-10
          Delta [meV] : -0.70396E-02  -0.78266E-02

       Iteration 35

         Residual[Ry] :  0.27028E-10
          Delta [meV] : -0.47848E-02  -0.53385E-02

       Iteration 36

         Residual[Ry] :  0.22978E-10
          Delta [meV] : -0.40965E-02  -0.45691E-02

       Iteration 37

         Residual[Ry] :  0.51558E-11
          Delta [meV] : -0.61224E-03  -0.67471E-03

       Iteration 38

         Residual[Ry] :  0.37755E-11
          Delta [meV] : -0.50295E-03  -0.55330E-03

       Iteration 39

         Residual[Ry] :  0.11459E-11
          Delta [meV] : -0.11953E-03  -0.13055E-03

       Iteration 40

         Residual[Ry] :  0.65469E-12
          Delta [meV] : -0.98109E-04  -0.10821E-03

       Iteration 41

         Residual[Ry] :  0.41236E-12
          Delta [meV] : -0.45466E-04  -0.50242E-04

       Iteration 42

         Residual[Ry] :  0.28320E-12
          Delta [meV] : -0.33206E-04  -0.36647E-04

       Iteration 43

         Residual[Ry] :  0.10728E-12
          Delta [meV] :  0.17449E-05   0.19065E-05

       Iteration 44

         Residual[Ry] :  0.86077E-13
          Delta [meV] :  0.96532E-06   0.10567E-05

       Iteration 45

         Residual[Ry] :  0.19253E-13
          Delta [meV] : -0.21544E-06  -0.23626E-06

       Iteration 46

         Residual[Ry] :  0.10782E-13
          Delta [meV] :  0.14274E-06   0.16363E-06

       Iteration 47

         Residual[Ry] :  0.77590E-14
          Delta [meV] : -0.22595E-07  -0.20663E-07

       Iteration 48

         Residual[Ry] :  0.16649E-14
          Delta [meV] : -0.38843E-07  -0.41617E-07

       Iteration 49

         Residual[Ry] :  0.13290E-14
          Delta [meV] : -0.65666E-07  -0.71608E-07

       Iteration 50

         Residual[Ry] :  0.57713E-15
          Delta [meV] :  0.38891E-08   0.50174E-08

       Converged ! iter = 50


     T[K]-D[meV]:     0.26727E+02    0.86290E-08

       Number of total points for gap equation : 10707  8792
       Initial delta is read from file (delta.dat)
       DOS(E_F)[Ry^-1/cell/spin] :  0.47486E+01
       DOS(E_F)[Ry^-1/cell/spin] :  0.47574E+01

     #####  Compute renormalization factor : Z  #####

       Averaged Z_{FS} :  0.51873E+00   0.51849E+00

     #####  Compute effective interaction  #####


     #####  Solve gap equation  #####


       Iteration 0

         Residual[Ry] :  0.84691E-07
          Delta [meV] :  0.11919E+01   0.12509E+01

       Iteration 1

         Residual[Ry] :  0.10174E-06
          Delta [meV] :  0.11731E+01   0.12334E+01

       Iteration 2

         Residual[Ry] :  0.76782E-07
          Delta [meV] :  0.11260E+01   0.11827E+01

       Iteration 3

         Residual[Ry] :  0.67255E-07
          Delta [meV] :  0.10500E+01   0.10863E+01

       Iteration 4

         Residual[Ry] :  0.80571E-07
          Delta [meV] :  0.10022E+01   0.10137E+01

       Iteration 5

         Residual[Ry] :  0.77701E-07
          Delta [meV] :  0.10021E+01   0.10189E+01

       Iteration 6

         Residual[Ry] :  0.51439E-07
          Delta [meV] :  0.97378E+00   0.10543E+01

       Iteration 7

         Residual[Ry] :  0.49294E-07
          Delta [meV] :  0.94737E+00   0.10301E+01

       Iteration 8

         Residual[Ry] :  0.46178E-07
          Delta [meV] :  0.88101E+00   0.96715E+00

       Iteration 9

         Residual[Ry] :  0.44714E-07
          Delta [meV] :  0.86590E+00   0.95078E+00

       Iteration 10

         Residual[Ry] :  0.32826E-07
          Delta [meV] :  0.69482E+00   0.75504E+00

       Iteration 11

         Residual[Ry] :  0.30716E-07
          Delta [meV] :  0.61955E+00   0.68024E+00

       Iteration 12

         Residual[Ry] :  0.28702E-07
          Delta [meV] :  0.63311E+00   0.69361E+00

       Iteration 13

         Residual[Ry] :  0.25508E-07
          Delta [meV] :  0.61669E+00   0.65999E+00

       Iteration 14

         Residual[Ry] :  0.22582E-07
          Delta [meV] :  0.56907E+00   0.61369E+00

       Iteration 15

         Residual[Ry] :  0.20013E-07
          Delta [meV] :  0.53169E+00   0.57492E+00

       Iteration 16

         Residual[Ry] :  0.19598E-07
          Delta [meV] :  0.51965E+00   0.55475E+00

       Iteration 17

         Residual[Ry] :  0.20596E-07
          Delta [meV] :  0.49874E+00   0.52226E+00

       Iteration 18

         Residual[Ry] :  0.20301E-07
          Delta [meV] :  0.49380E+00   0.51646E+00

       Iteration 19

         Residual[Ry] :  0.11329E-07
          Delta [meV] :  0.32970E+00   0.34497E+00

       Iteration 20

         Residual[Ry] :  0.70774E-08
          Delta [meV] :  0.18480E+00   0.18949E+00

       Iteration 21

         Residual[Ry] :  0.46608E-08
          Delta [meV] :  0.40688E-01   0.39044E-01

       Iteration 22

         Residual[Ry] :  0.41932E-08
          Delta [meV] :  0.24138E-01   0.22268E-01

       Iteration 23

         Residual[Ry] :  0.27966E-08
          Delta [meV] : -0.16356E-01  -0.19008E-01

       Iteration 24

         Residual[Ry] :  0.22105E-08
          Delta [meV] : -0.57953E-02  -0.67964E-02

       Iteration 25

         Residual[Ry] :  0.12584E-08
          Delta [meV] :  0.57316E-02   0.58476E-02

       Iteration 26

         Residual[Ry] :  0.66634E-09
          Delta [meV] :  0.14646E-01   0.15719E-01

       Iteration 27

         Residual[Ry] :  0.49102E-09
          Delta [meV] :  0.12026E-01   0.12853E-01

       Iteration 28

         Residual[Ry] :  0.17552E-09
          Delta [meV] :  0.96621E-02   0.10528E-01

       Iteration 29

         Residual[Ry] :  0.94657E-10
          Delta [meV] :  0.81283E-02   0.89831E-02

       Iteration 30

         Residual[Ry] :  0.73168E-10
          Delta [meV] :  0.73968E-02   0.82090E-02

       Iteration 31

         Residual[Ry] :  0.44477E-10
          Delta [meV] :  0.67051E-02   0.74547E-02

       Iteration 32

         Residual[Ry] :  0.21866E-10
          Delta [meV] :  0.58355E-02   0.64991E-02

       Iteration 33

         Residual[Ry] :  0.19390E-10
          Delta [meV] :  0.58081E-02   0.64617E-02

       Iteration 34

         Residual[Ry] :  0.11654E-10
          Delta [meV] :  0.54709E-02   0.60571E-02

       Iteration 35

         Residual[Ry] :  0.11187E-10
          Delta [meV] :  0.52350E-02   0.57966E-02

       Iteration 36

         Residual[Ry] :  0.10139E-10
          Delta [meV] :  0.45237E-02   0.50109E-02

       Iteration 37

         Residual[Ry] :  0.93767E-11
          Delta [meV] :  0.38901E-02   0.43112E-02

       Iteration 38

         Residual[Ry] :  0.78126E-11
          Delta [meV] :  0.30592E-02   0.33909E-02

       Iteration 39

         Residual[Ry] :  0.27445E-11
          Delta [meV] :  0.77478E-03   0.85926E-03

       Iteration 40

         Residual[Ry] :  0.15001E-11
          Delta [meV] : -0.18437E-03  -0.20302E-03

       Iteration 41

         Residual[Ry] :  0.11432E-11
          Delta [meV] : -0.47242E-04  -0.51261E-04

       Iteration 42

         Residual[Ry] :  0.46354E-12
          Delta [meV] :  0.21801E-04   0.24529E-04

       Iteration 43

         Residual[Ry] :  0.28350E-12
          Delta [meV] : -0.52751E-05  -0.57531E-05

       Iteration 44

         Residual[Ry] :  0.20617E-12
          Delta [meV] : -0.63539E-05  -0.70415E-05

       Iteration 45

         Residual[Ry] :  0.10278E-12
          Delta [meV] : -0.27855E-05  -0.30940E-05

       Iteration 46

         Residual[Ry] :  0.25664E-13
          Delta [meV] :  0.31367E-05   0.34699E-05

       Iteration 47

         Residual[Ry] :  0.19657E-13
          Delta [meV] :  0.27652E-05   0.30628E-05

       Iteration 48

         Residual[Ry] :  0.63578E-14
          Delta [meV] :  0.27672E-06   0.30977E-06

       Iteration 49

         Residual[Ry] :  0.35888E-14
          Delta [meV] : -0.43912E-07  -0.45443E-07

       Iteration 50

         Residual[Ry] :  0.22895E-14
          Delta [meV] : -0.27745E-06  -0.30421E-06

       Iteration 51

         Residual[Ry] :  0.17577E-14
          Delta [meV] : -0.14624E-06  -0.15964E-06

       Iteration 52

         Residual[Ry] :  0.51342E-15
          Delta [meV] :  0.31129E-07   0.35098E-07

       Converged ! iter = 52


     T[K]-D[meV]:     0.26192E+02    0.48613E-07

       Number of total points for gap equation : 10707  8792
       Initial delta is read from file (delta.dat)
       DOS(E_F)[Ry^-1/cell/spin] :  0.47486E+01
       DOS(E_F)[Ry^-1/cell/spin] :  0.47574E+01

     #####  Compute renormalization factor : Z  #####

       Averaged Z_{FS} :  0.51913E+00   0.51889E+00

     #####  Compute effective interaction  #####


     #####  Solve gap equation  #####


       Iteration 0

         Residual[Ry] :  0.83738E-07
          Delta [meV] :  0.11919E+01   0.12509E+01

       Iteration 1

         Residual[Ry] :  0.10052E-06
          Delta [meV] :  0.11734E+01   0.12337E+01

       Iteration 2

         Residual[Ry] :  0.75712E-07
          Delta [meV] :  0.11269E+01   0.11837E+01

       Iteration 3

         Residual[Ry] :  0.66331E-07
          Delta [meV] :  0.10523E+01   0.10890E+01

       Iteration 4

         Residual[Ry] :  0.79451E-07
          Delta [meV] :  0.10055E+01   0.10179E+01

       Iteration 5

         Residual[Ry] :  0.76595E-07
          Delta [meV] :  0.10054E+01   0.10230E+01

       Iteration 6

         Residual[Ry] :  0.50681E-07
          Delta [meV] :  0.97745E+00   0.10577E+01

       Iteration 7

         Residual[Ry] :  0.48539E-07
          Delta [meV] :  0.95130E+00   0.10338E+01

       Iteration 8

         Residual[Ry] :  0.45471E-07
          Delta [meV] :  0.88618E+00   0.97210E+00

       Iteration 9

         Residual[Ry] :  0.44043E-07
          Delta [meV] :  0.87148E+00   0.95615E+00

       Iteration 10

         Residual[Ry] :  0.32256E-07
          Delta [meV] :  0.70231E+00   0.76249E+00

       Iteration 11

         Residual[Ry] :  0.30193E-07
          Delta [meV] :  0.62906E+00   0.68975E+00

       Iteration 12

         Residual[Ry] :  0.28241E-07
          Delta [meV] :  0.64284E+00   0.70330E+00

       Iteration 13

         Residual[Ry] :  0.25295E-07
          Delta [meV] :  0.62748E+00   0.67137E+00

       Iteration 14

         Residual[Ry] :  0.22617E-07
          Delta [meV] :  0.58342E+00   0.62879E+00

       Iteration 15

         Residual[Ry] :  0.20368E-07
          Delta [meV] :  0.55107E+00   0.59499E+00

       Iteration 16

         Residual[Ry] :  0.20044E-07
          Delta [meV] :  0.53993E+00   0.57578E+00

       Iteration 17

         Residual[Ry] :  0.20994E-07
          Delta [meV] :  0.52479E+00   0.55108E+00

       Iteration 18

         Residual[Ry] :  0.20593E-07
          Delta [meV] :  0.51747E+00   0.54243E+00

       Iteration 19

         Residual[Ry] :  0.11375E-07
          Delta [meV] :  0.34712E+00   0.36302E+00

       Iteration 20

         Residual[Ry] :  0.69675E-08
          Delta [meV] :  0.20567E+00   0.21316E+00

       Iteration 21

         Residual[Ry] :  0.44401E-08
          Delta [meV] :  0.70402E-01   0.71701E-01

       Iteration 22

         Residual[Ry] :  0.40255E-08
          Delta [meV] :  0.49805E-01   0.51088E-01

       Iteration 23

         Residual[Ry] :  0.27202E-08
          Delta [meV] :  0.23896E-01   0.24805E-01

       Iteration 24

         Residual[Ry] :  0.21426E-08
          Delta [meV] :  0.16931E-01   0.18863E-01

       Iteration 25

         Residual[Ry] :  0.13548E-08
          Delta [meV] :  0.37602E-01   0.40872E-01

       Iteration 26

         Residual[Ry] :  0.79325E-09
          Delta [meV] :  0.43809E-01   0.47765E-01

       Iteration 27

         Residual[Ry] :  0.55203E-09
          Delta [meV] :  0.40478E-01   0.44286E-01

       Iteration 28

         Residual[Ry] :  0.17726E-09
          Delta [meV] :  0.35485E-01   0.39142E-01

       Iteration 29

         Residual[Ry] :  0.99701E-10
          Delta [meV] :  0.34128E-01   0.37757E-01

       Iteration 30

         Residual[Ry] :  0.72907E-10
          Delta [meV] :  0.33147E-01   0.36725E-01

       Iteration 31

         Residual[Ry] :  0.55744E-10
          Delta [meV] :  0.32388E-01   0.35895E-01

       Iteration 32

         Residual[Ry] :  0.37604E-10
          Delta [meV] :  0.30681E-01   0.34022E-01

       Iteration 33

         Residual[Ry] :  0.35589E-10
          Delta [meV] :  0.30648E-01   0.33977E-01

       Iteration 34

         Residual[Ry] :  0.28784E-10
          Delta [meV] :  0.29800E-01   0.33006E-01

       Iteration 35

         Residual[Ry] :  0.25878E-10
          Delta [meV] :  0.28545E-01   0.31601E-01

       Iteration 36

         Residual[Ry] :  0.24914E-10
          Delta [meV] :  0.27283E-01   0.30204E-01

       Iteration 37

         Residual[Ry] :  0.23017E-10
          Delta [meV] :  0.23075E-01   0.25556E-01

       Iteration 38

         Residual[Ry] :  0.20992E-10
          Delta [meV] :  0.18874E-01   0.20904E-01

       Iteration 39

         Residual[Ry] :  0.18153E-10
          Delta [meV] :  0.17754E-01   0.19662E-01

       Iteration 40

         Residual[Ry] :  0.66030E-11
          Delta [meV] :  0.50750E-02   0.56214E-02

       Iteration 41

         Residual[Ry] :  0.29478E-11
          Delta [meV] : -0.36325E-03  -0.39955E-03

       Iteration 42

         Residual[Ry] :  0.22118E-11
          Delta [meV] : -0.56069E-03  -0.61835E-03

       Iteration 43

         Residual[Ry] :  0.99300E-12
          Delta [meV] : -0.27142E-03  -0.30001E-03

       Iteration 44

         Residual[Ry] :  0.63576E-12
          Delta [meV] : -0.65736E-04  -0.72924E-04

       Iteration 45

         Residual[Ry] :  0.50658E-12
          Delta [meV] : -0.21893E-04  -0.24121E-04

       Iteration 46

         Residual[Ry] :  0.27665E-12
          Delta [meV] : -0.18777E-05  -0.20631E-05

       Iteration 47

         Residual[Ry] :  0.68076E-13
          Delta [meV] :  0.22470E-04   0.24881E-04

       Iteration 48

         Residual[Ry] :  0.44379E-13
          Delta [meV] :  0.14271E-04   0.15806E-04

       Iteration 49

         Residual[Ry] :  0.28479E-13
          Delta [meV] :  0.13249E-05   0.14738E-05

       Iteration 50

         Residual[Ry] :  0.94484E-14
          Delta [meV] : -0.12202E-05  -0.13493E-05

       Iteration 51

         Residual[Ry] :  0.55724E-14
          Delta [meV] :  0.34383E-06   0.38639E-06

       Iteration 52

         Residual[Ry] :  0.43814E-14
          Delta [meV] : -0.90738E-06  -0.99967E-06

       Iteration 53

         Residual[Ry] :  0.27039E-14
          Delta [meV] : -0.10008E-05  -0.11041E-05

       Iteration 54

         Residual[Ry] :  0.11602E-14
          Delta [meV] :  0.60354E-07   0.68588E-07

       Iteration 55

         Residual[Ry] :  0.63691E-15
          Delta [meV] :  0.79032E-07   0.88182E-07

       Converged ! iter = 55


     T[K]-D[meV]:     0.25925E+02    0.11792E-06

       Number of total points for gap equation : 10707  8792
       Initial delta is read from file (delta.dat)
       DOS(E_F)[Ry^-1/cell/spin] :  0.47486E+01
       DOS(E_F)[Ry^-1/cell/spin] :  0.47574E+01

     #####  Compute renormalization factor : Z  #####

       Averaged Z_{FS} :  0.51933E+00   0.51909E+00

     #####  Compute effective interaction  #####


     #####  Solve gap equation  #####


       Iteration 0

         Residual[Ry] :  0.83261E-07
          Delta [meV] :  0.11919E+01   0.12509E+01

       Iteration 1

         Residual[Ry] :  0.99904E-07
          Delta [meV] :  0.11736E+01   0.12338E+01

       Iteration 2

         Residual[Ry] :  0.75177E-07
          Delta [meV] :  0.11273E+01   0.11842E+01

       Iteration 3

         Residual[Ry] :  0.65869E-07
          Delta [meV] :  0.10535E+01   0.10904E+01

       Iteration 4

         Residual[Ry] :  0.78890E-07
          Delta [meV] :  0.10072E+01   0.10200E+01

       Iteration 5

         Residual[Ry] :  0.76042E-07
          Delta [meV] :  0.10071E+01   0.10251E+01

       Iteration 6

         Residual[Ry] :  0.50302E-07
          Delta [meV] :  0.97928E+00   0.10594E+01

       Iteration 7

         Residual[Ry] :  0.48161E-07
          Delta [meV] :  0.95327E+00   0.10357E+01

       Iteration 8

         Residual[Ry] :  0.45117E-07
          Delta [meV] :  0.88876E+00   0.97457E+00

       Iteration 9

         Residual[Ry] :  0.43707E-07
          Delta [meV] :  0.87426E+00   0.95883E+00

       Iteration 10

         Residual[Ry] :  0.31972E-07
          Delta [meV] :  0.70607E+00   0.76624E+00

       Iteration 11

         Residual[Ry] :  0.29933E-07
          Delta [meV] :  0.63385E+00   0.69454E+00

       Iteration 12

         Residual[Ry] :  0.28014E-07
          Delta [meV] :  0.64774E+00   0.70818E+00

       Iteration 13

         Residual[Ry] :  0.25187E-07
          Delta [meV] :  0.63290E+00   0.67709E+00

       Iteration 14

         Residual[Ry] :  0.22631E-07
          Delta [meV] :  0.59057E+00   0.63632E+00

       Iteration 15

         Residual[Ry] :  0.20531E-07
          Delta [meV] :  0.56056E+00   0.60482E+00

       Iteration 16

         Residual[Ry] :  0.20251E-07
          Delta [meV] :  0.54985E+00   0.58605E+00

       Iteration 17

         Residual[Ry] :  0.21162E-07
          Delta [meV] :  0.53719E+00   0.56482E+00

       Iteration 18

         Residual[Ry] :  0.20711E-07
          Delta [meV] :  0.52870E+00   0.55476E+00

       Iteration 19

         Residual[Ry] :  0.11520E-07
          Delta [meV] :  0.35891E+00   0.37544E+00

       Iteration 20

         Residual[Ry] :  0.68990E-08
          Delta [meV] :  0.21757E+00   0.22657E+00

       Iteration 21

         Residual[Ry] :  0.43635E-08
          Delta [meV] :  0.88870E-01   0.91998E-01

       Iteration 22

         Residual[Ry] :  0.39284E-08
          Delta [meV] :  0.64449E-01   0.67465E-01

       Iteration 23

         Residual[Ry] :  0.26852E-08
          Delta [meV] :  0.44025E-01   0.46980E-01

       Iteration 24

         Residual[Ry] :  0.21115E-08
          Delta [meV] :  0.33221E-01   0.36982E-01

       Iteration 25

         Residual[Ry] :  0.15299E-08
          Delta [meV] :  0.51971E-01   0.56822E-01

       Iteration 26

         Residual[Ry] :  0.97460E-09
          Delta [meV] :  0.61097E-01   0.66756E-01

       Iteration 27

         Residual[Ry] :  0.62166E-09
          Delta [meV] :  0.58290E-01   0.63941E-01

       Iteration 28

         Residual[Ry] :  0.27318E-09
          Delta [meV] :  0.54846E-01   0.60453E-01

       Iteration 29

         Residual[Ry] :  0.12446E-09
          Delta [meV] :  0.53173E-01   0.58770E-01

       Iteration 30

         Residual[Ry] :  0.71269E-10
          Delta [meV] :  0.52116E-01   0.57693E-01

       Iteration 31

         Residual[Ry] :  0.58201E-10
          Delta [meV] :  0.51774E-01   0.57325E-01

       Iteration 32

         Residual[Ry] :  0.24237E-10
          Delta [meV] :  0.50428E-01   0.55864E-01

       Iteration 33

         Residual[Ry] :  0.21823E-10
          Delta [meV] :  0.50370E-01   0.55792E-01

       Iteration 34

         Residual[Ry] :  0.15011E-10
          Delta [meV] :  0.50037E-01   0.55388E-01

       Iteration 35

         Residual[Ry] :  0.14356E-10
          Delta [meV] :  0.49676E-01   0.54986E-01

       Iteration 36

         Residual[Ry] :  0.14289E-10
          Delta [meV] :  0.49225E-01   0.54489E-01

       Iteration 37

         Residual[Ry] :  0.14266E-10
          Delta [meV] :  0.48789E-01   0.54008E-01

       Iteration 38

         Residual[Ry] :  0.14234E-10
          Delta [meV] :  0.48726E-01   0.53937E-01

       Iteration 39

         Residual[Ry] :  0.11810E-10
          Delta [meV] :  0.40514E-01   0.44851E-01

       Iteration 40

         Residual[Ry] :  0.95304E-11
          Delta [meV] :  0.26824E-01   0.29702E-01

       Iteration 41

         Residual[Ry] :  0.73481E-11
          Delta [meV] :  0.16920E-01   0.18740E-01

       Iteration 42

         Residual[Ry] :  0.45704E-11
          Delta [meV] :  0.87040E-02   0.96408E-02

       Iteration 43

         Residual[Ry] :  0.25389E-11
          Delta [meV] :  0.57590E-02   0.63764E-02

       Iteration 44

         Residual[Ry] :  0.20527E-11
          Delta [meV] :  0.27778E-02   0.30750E-02

       Iteration 45

         Residual[Ry] :  0.15130E-11
          Delta [meV] : -0.41941E-03  -0.46321E-03

       Iteration 46

         Residual[Ry] :  0.96548E-12
          Delta [meV] :  0.40409E-03   0.44829E-03

       Iteration 47

         Residual[Ry] :  0.39206E-12
          Delta [meV] :  0.42211E-03   0.46782E-03

       Iteration 48

         Residual[Ry] :  0.16546E-12
          Delta [meV] :  0.95298E-05   0.10672E-04

       Iteration 49

         Residual[Ry] :  0.13806E-12
          Delta [meV] :  0.10059E-03   0.11139E-03

       Iteration 50

         Residual[Ry] :  0.98471E-13
          Delta [meV] :  0.17814E-04   0.19726E-04

       Iteration 51

         Residual[Ry] :  0.31360E-13
          Delta [meV] : -0.71744E-04  -0.79440E-04

       Iteration 52

         Residual[Ry] :  0.20460E-13
          Delta [meV] : -0.39262E-04  -0.43467E-04

       Iteration 53

         Residual[Ry] :  0.11198E-13
          Delta [meV] : -0.15959E-04  -0.17659E-04

       Iteration 54

         Residual[Ry] :  0.74825E-14
          Delta [meV] : -0.12190E-04  -0.13489E-04

       Iteration 55

         Residual[Ry] :  0.19260E-14
          Delta [meV] : -0.56961E-06  -0.62927E-06

       Iteration 56

         Residual[Ry] :  0.14214E-14
          Delta [meV] :  0.16092E-05   0.17822E-05

       Iteration 57

         Residual[Ry] :  0.79902E-15
          Delta [meV] :  0.18420E-05   0.20394E-05

       Converged ! iter = 57


     T[K]-D[meV]:     0.25792E+02    0.27247E-05

       Number of total points for gap equation : 10707  8792
       Initial delta is read from file (delta.dat)
       DOS(E_F)[Ry^-1/cell/spin] :  0.47486E+01
       DOS(E_F)[Ry^-1/cell/spin] :  0.47574E+01

     #####  Compute renormalization factor : Z  #####

       Averaged Z_{FS} :  0.51943E+00   0.51918E+00

     #####  Compute effective interaction  #####


     #####  Solve gap equation  #####


       Iteration 0

         Residual[Ry] :  0.83023E-07
          Delta [meV] :  0.11919E+01   0.12509E+01

       Iteration 1

         Residual[Ry] :  0.99598E-07
          Delta [meV] :  0.11736E+01   0.12339E+01

       Iteration 2

         Residual[Ry] :  0.74910E-07
          Delta [meV] :  0.11276E+01   0.11844E+01

       Iteration 3

         Residual[Ry] :  0.65637E-07
          Delta [meV] :  0.10541E+01   0.10911E+01

       Iteration 4

         Residual[Ry] :  0.78610E-07
          Delta [meV] :  0.10080E+01   0.10211E+01

       Iteration 5

         Residual[Ry] :  0.75766E-07
          Delta [meV] :  0.10079E+01   0.10262E+01

       Iteration 6

         Residual[Ry] :  0.50112E-07
          Delta [meV] :  0.98019E+00   0.10603E+01

       Iteration 7

         Residual[Ry] :  0.47972E-07
          Delta [meV] :  0.95425E+00   0.10366E+01

       Iteration 8

         Residual[Ry] :  0.44940E-07
          Delta [meV] :  0.89004E+00   0.97580E+00

       Iteration 9

         Residual[Ry] :  0.43539E-07
          Delta [meV] :  0.87565E+00   0.96016E+00

       Iteration 10

         Residual[Ry] :  0.31830E-07
          Delta [meV] :  0.70796E+00   0.76812E+00

       Iteration 11

         Residual[Ry] :  0.29804E-07
          Delta [meV] :  0.63625E+00   0.69694E+00

       Iteration 12

         Residual[Ry] :  0.27901E-07
          Delta [meV] :  0.65020E+00   0.71063E+00

       Iteration 13

         Residual[Ry] :  0.25134E-07
          Delta [meV] :  0.63562E+00   0.67997E+00

       Iteration 14

         Residual[Ry] :  0.22637E-07
          Delta [meV] :  0.59414E+00   0.64008E+00

       Iteration 15

         Residual[Ry] :  0.20609E-07
          Delta [meV] :  0.56525E+00   0.60969E+00

       Iteration 16

         Residual[Ry] :  0.20351E-07
          Delta [meV] :  0.55475E+00   0.59114E+00

       Iteration 17

         Residual[Ry] :  0.21238E-07
          Delta [meV] :  0.54323E+00   0.57153E+00

       Iteration 18

         Residual[Ry] :  0.20763E-07
          Delta [meV] :  0.53418E+00   0.56078E+00

       Iteration 19

         Residual[Ry] :  0.11612E-07
          Delta [meV] :  0.36534E+00   0.38226E+00

       Iteration 20

         Residual[Ry] :  0.68609E-08
          Delta [meV] :  0.22378E+00   0.23355E+00

       Iteration 21

         Residual[Ry] :  0.43329E-08
          Delta [meV] :  0.98474E-01   0.10257E+00

       Iteration 22

         Residual[Ry] :  0.38792E-08
          Delta [meV] :  0.72329E-01   0.76247E-01

       Iteration 23

         Residual[Ry] :  0.26650E-08
          Delta [meV] :  0.53849E-01   0.57856E-01

       Iteration 24

         Residual[Ry] :  0.20929E-08
          Delta [meV] :  0.42354E-01   0.47105E-01

       Iteration 25

         Residual[Ry] :  0.15739E-08
          Delta [meV] :  0.60469E-01   0.66227E-01

       Iteration 26

         Residual[Ry] :  0.10504E-08
          Delta [meV] :  0.70072E-01   0.76646E-01

       Iteration 27

         Residual[Ry] :  0.64341E-09
          Delta [meV] :  0.67899E-01   0.74553E-01

       Iteration 28

         Residual[Ry] :  0.29593E-09
          Delta [meV] :  0.65333E-01   0.72022E-01

       Iteration 29

         Residual[Ry] :  0.14205E-09
          Delta [meV] :  0.63999E-01   0.70709E-01

       Iteration 30

         Residual[Ry] :  0.71491E-10
          Delta [meV] :  0.63060E-01   0.69788E-01

       Iteration 31

         Residual[Ry] :  0.59325E-10
          Delta [meV] :  0.62922E-01   0.69645E-01

       Iteration 32

         Residual[Ry] :  0.13099E-10
          Delta [meV] :  0.62279E-01   0.68967E-01

       Iteration 33

         Residual[Ry] :  0.96320E-11
          Delta [meV] :  0.62313E-01   0.68996E-01

       Iteration 34

         Residual[Ry] :  0.36996E-11
          Delta [meV] :  0.62416E-01   0.69091E-01

       Iteration 35

         Residual[Ry] :  0.19368E-11
          Delta [meV] :  0.62426E-01   0.69098E-01

       Iteration 36

         Residual[Ry] :  0.14109E-11
          Delta [meV] :  0.62406E-01   0.69075E-01

       Iteration 37

         Residual[Ry] :  0.80920E-12
          Delta [meV] :  0.62358E-01   0.69023E-01

       Iteration 38

         Residual[Ry] :  0.81644E-12
          Delta [meV] :  0.62350E-01   0.69015E-01

       Iteration 39

         Residual[Ry] :  0.81319E-12
          Delta [meV] :  0.62355E-01   0.69020E-01

       Iteration 40

         Residual[Ry] :  0.81325E-12
          Delta [meV] :  0.62364E-01   0.69030E-01

       Iteration 41

         Residual[Ry] :  0.81390E-12
          Delta [meV] :  0.62367E-01   0.69033E-01

       Iteration 42

         Residual[Ry] :  0.79739E-12
          Delta [meV] :  0.62319E-01   0.68980E-01

       Iteration 43

         Residual[Ry] :  0.73788E-12
          Delta [meV] :  0.62079E-01   0.68714E-01

       Iteration 44

         Residual[Ry] :  0.70186E-12
          Delta [meV] :  0.61976E-01   0.68601E-01

       Iteration 45

         Residual[Ry] :  0.25511E-12
          Delta [meV] :  0.60291E-01   0.66737E-01

       Iteration 46

         Residual[Ry] :  0.18616E-12
          Delta [meV] :  0.60121E-01   0.66548E-01

       Iteration 47

         Residual[Ry] :  0.11293E-12
          Delta [meV] :  0.59917E-01   0.66323E-01

       Iteration 48

         Residual[Ry] :  0.36100E-13
          Delta [meV] :  0.59747E-01   0.66135E-01

       Iteration 49

         Residual[Ry] :  0.24264E-13
          Delta [meV] :  0.59711E-01   0.66094E-01

       Iteration 50

         Residual[Ry] :  0.18371E-13
          Delta [meV] :  0.59716E-01   0.66100E-01

       Iteration 51

         Residual[Ry] :  0.11590E-13
          Delta [meV] :  0.59727E-01   0.66112E-01

       Iteration 52

         Residual[Ry] :  0.55469E-14
          Delta [meV] :  0.59725E-01   0.66110E-01

       Iteration 53

         Residual[Ry] :  0.28106E-14
          Delta [meV] :  0.59728E-01   0.66113E-01

       Iteration 54

         Residual[Ry] :  0.20359E-14
          Delta [meV] :  0.59727E-01   0.66113E-01

       Iteration 55

         Residual[Ry] :  0.12566E-14
          Delta [meV] :  0.59726E-01   0.66111E-01

       Iteration 56

         Residual[Ry] :  0.33248E-15
          Delta [meV] :  0.59726E-01   0.66111E-01

       Converged ! iter = 56


     T[K]-D[meV]:     0.25725E+02    0.88261E-01

       Number of total points for gap equation : 10707  8792
       Initial delta is read from file (delta.dat)
       DOS(E_F)[Ry^-1/cell/spin] :  0.47486E+01
       DOS(E_F)[Ry^-1/cell/spin] :  0.47574E+01

     #####  Compute renormalization factor : Z  #####

       Averaged Z_{FS} :  0.51938E+00   0.51913E+00

     #####  Compute effective interaction  #####


     #####  Solve gap equation  #####


       Iteration 0

         Residual[Ry] :  0.83142E-07
          Delta [meV] :  0.11919E+01   0.12509E+01

       Iteration 1

         Residual[Ry] :  0.99751E-07
          Delta [meV] :  0.11736E+01   0.12339E+01

       Iteration 2

         Residual[Ry] :  0.75044E-07
          Delta [meV] :  0.11275E+01   0.11843E+01

       Iteration 3

         Residual[Ry] :  0.65753E-07
          Delta [meV] :  0.10538E+01   0.10907E+01

       Iteration 4

         Residual[Ry] :  0.78750E-07
          Delta [meV] :  0.10076E+01   0.10206E+01

       Iteration 5

         Residual[Ry] :  0.75904E-07
          Delta [meV] :  0.10075E+01   0.10257E+01

       Iteration 6

         Residual[Ry] :  0.50207E-07
          Delta [meV] :  0.97974E+00   0.10599E+01

       Iteration 7

         Residual[Ry] :  0.48067E-07
          Delta [meV] :  0.95376E+00   0.10361E+01

       Iteration 8

         Residual[Ry] :  0.45029E-07
          Delta [meV] :  0.88940E+00   0.97518E+00

       Iteration 9

         Residual[Ry] :  0.43623E-07
          Delta [meV] :  0.87496E+00   0.95950E+00

       Iteration 10

         Residual[Ry] :  0.31901E-07
          Delta [meV] :  0.70702E+00   0.76718E+00

       Iteration 11

         Residual[Ry] :  0.29869E-07
          Delta [meV] :  0.63505E+00   0.69574E+00

       Iteration 12

         Residual[Ry] :  0.27957E-07
          Delta [meV] :  0.64897E+00   0.70940E+00

       Iteration 13

         Residual[Ry] :  0.25161E-07
          Delta [meV] :  0.63426E+00   0.67853E+00

       Iteration 14

         Residual[Ry] :  0.22634E-07
          Delta [meV] :  0.59236E+00   0.63820E+00

       Iteration 15

         Residual[Ry] :  0.20570E-07
          Delta [meV] :  0.56291E+00   0.60726E+00

       Iteration 16

         Residual[Ry] :  0.20301E-07
          Delta [meV] :  0.55230E+00   0.58860E+00

       Iteration 17

         Residual[Ry] :  0.21200E-07
          Delta [meV] :  0.54022E+00   0.56819E+00

       Iteration 18

         Residual[Ry] :  0.20738E-07
          Delta [meV] :  0.53145E+00   0.55778E+00

       Iteration 19

         Residual[Ry] :  0.11565E-07
          Delta [meV] :  0.36209E+00   0.37881E+00

       Iteration 20

         Residual[Ry] :  0.68802E-08
          Delta [meV] :  0.22065E+00   0.23004E+00

       Iteration 21

         Residual[Ry] :  0.43477E-08
          Delta [meV] :  0.93654E-01   0.97262E-01

       Iteration 22

         Residual[Ry] :  0.39037E-08
          Delta [meV] :  0.68342E-01   0.71806E-01

       Iteration 23

         Residual[Ry] :  0.26755E-08
          Delta [meV] :  0.48954E-01   0.52433E-01

       Iteration 24

         Residual[Ry] :  0.21025E-08
          Delta [meV] :  0.37713E-01   0.41963E-01

       Iteration 25

         Residual[Ry] :  0.15548E-08
          Delta [meV] :  0.56113E-01   0.61409E-01

       Iteration 26

         Residual[Ry] :  0.10147E-08
          Delta [meV] :  0.65521E-01   0.71629E-01

       Iteration 27

         Residual[Ry] :  0.63353E-09
          Delta [meV] :  0.63023E-01   0.69167E-01

       Iteration 28

         Residual[Ry] :  0.28642E-09
          Delta [meV] :  0.60021E-01   0.66160E-01

       Iteration 29

         Residual[Ry] :  0.13317E-09
          Delta [meV] :  0.58489E-01   0.64633E-01

       Iteration 30

         Residual[Ry] :  0.70844E-10
          Delta [meV] :  0.57463E-01   0.63603E-01

       Iteration 31

         Residual[Ry] :  0.58255E-10
          Delta [meV] :  0.57222E-01   0.63347E-01

       Iteration 32

         Residual[Ry] :  0.18435E-10
          Delta [meV] :  0.56176E-01   0.62219E-01

       Iteration 33

         Residual[Ry] :  0.15563E-10
          Delta [meV] :  0.56159E-01   0.62193E-01

       Iteration 34

         Residual[Ry] :  0.92010E-11
          Delta [meV] :  0.56089E-01   0.62088E-01

       Iteration 35

         Residual[Ry] :  0.83059E-11
          Delta [meV] :  0.55918E-01   0.61895E-01

       Iteration 36

         Residual[Ry] :  0.82369E-11
          Delta [meV] :  0.55723E-01   0.61680E-01

       Iteration 37

         Residual[Ry] :  0.82431E-11
          Delta [meV] :  0.55528E-01   0.61465E-01

       Iteration 38

         Residual[Ry] :  0.82402E-11
          Delta [meV] :  0.55513E-01   0.61448E-01

       Iteration 39

         Residual[Ry] :  0.79936E-11
          Delta [meV] :  0.54036E-01   0.59814E-01

       Iteration 40

         Residual[Ry] :  0.74300E-11
          Delta [meV] :  0.51038E-01   0.56498E-01

       Iteration 41

         Residual[Ry] :  0.62461E-11
          Delta [meV] :  0.47816E-01   0.52932E-01

       Iteration 42

         Residual[Ry] :  0.37871E-11
          Delta [meV] :  0.33819E-01   0.37439E-01

       Iteration 43

         Residual[Ry] :  0.30254E-11
          Delta [meV] :  0.27065E-01   0.29963E-01

       Iteration 44

         Residual[Ry] :  0.26027E-11
          Delta [meV] :  0.24132E-01   0.26716E-01

       Iteration 45

         Residual[Ry] :  0.17768E-11
          Delta [meV] :  0.20698E-01   0.22915E-01

       Iteration 46

         Residual[Ry] :  0.87781E-12
          Delta [meV] :  0.19307E-01   0.21373E-01

       Iteration 47

         Residual[Ry] :  0.76932E-12
          Delta [meV] :  0.16272E-01   0.18013E-01

       Iteration 48

         Residual[Ry] :  0.59180E-12
          Delta [meV] :  0.13888E-01   0.15374E-01

       Iteration 49

         Residual[Ry] :  0.41992E-12
          Delta [meV] :  0.10027E-01   0.11101E-01

       Iteration 50

         Residual[Ry] :  0.28424E-12
          Delta [meV] :  0.72301E-02   0.80044E-02

       Iteration 51

         Residual[Ry] :  0.13935E-12
          Delta [meV] :  0.37888E-02   0.41946E-02

       Iteration 52

         Residual[Ry] :  0.70162E-13
          Delta [meV] :  0.17371E-02   0.19232E-02

       Iteration 53

         Residual[Ry] :  0.50230E-13
          Delta [meV] :  0.10503E-02   0.11628E-02

       Iteration 54

         Residual[Ry] :  0.29504E-13
          Delta [meV] :  0.69889E-03   0.77374E-03

       Iteration 55

         Residual[Ry] :  0.11535E-13
          Delta [meV] :  0.24263E-03   0.26859E-03

       Iteration 56

         Residual[Ry] :  0.86357E-14
          Delta [meV] :  0.19635E-03   0.21736E-03

       Iteration 57

         Residual[Ry] :  0.43315E-14
          Delta [meV] :  0.12417E-03   0.13745E-03

       Iteration 58

         Residual[Ry] :  0.30735E-14
          Delta [meV] :  0.81993E-04   0.90766E-04

       Iteration 59

         Residual[Ry] :  0.17289E-14
          Delta [meV] :  0.53553E-04   0.59284E-04

       Iteration 60

         Residual[Ry] :  0.76563E-15
          Delta [meV] :  0.15064E-04   0.16677E-04

       Converged ! iter = 60


     T[K]-D[meV]:     0.25758E+02    0.22265E-04


     Transition temperature [K]     0.25741E+02


     #####  Clock summary  #####

     read_elph    :      0.06s CPU      0.06s WALL (       1 calls)
     read_Coulomb :      0.01s CPU      0.01s WALL (       1 calls)

     SCTK         :      2h 9m CPU   8m 0.39s WALL


   This run was terminated on:   3:16: 6  23Nov2019            

=------------------------------------------------------------------------------=
   JOB DONE.
=------------------------------------------------------------------------------=
