
     Program SCTK v.6.7GPU starts on  6Dec2023 at  0:15:31 

     This program is part of the open-source Quantum ESPRESSO suite
     for quantum simulation of materials; please cite
         "P. Giannozzi et al., J. Phys.:Condens. Matter 21 395502 (2009);
         "P. Giannozzi et al., J. Phys.:Condens. Matter 29 465901 (2017);
         "P. Giannozzi et al., J. Chem. Phys. 152 154105 (2020);
          URL http://www.quantum-espresso.org", 
     in publications or presentations arising from this work. More details at
     http://www.quantum-espresso.org/quote

     Parallel version (MPI & OpenMP), running on    2016 processor cores
     Number of MPI processes:              1008
     Threads/MPI process:                     2

     MPI processes distributed on    16 nodes
     K-points division:     npool     =      72
     band groups division:  nbgrp     =      14

     git hash : 10e0a5ee9318627f72d1a1858850d2a8ac1a75b0


     Reading xml data from directory:

     ./pwscf.save/

     IMPORTANT: XC functional enforced from input :
     Exchange-correlation= PBE
                           (   1   4   3   4   0   0   0)
     Any further DFT definition will be discarded
     Please, verify this is what you really want

 
     G-vector sticks info
     --------------------
     sticks:   dense  smooth     PW     G-vecs:    dense   smooth      PW
     Sum         433     433    151                 5985     5985    1211
 
     Using Slab Decomposition
 
     Dense k-grid : 24  24  24
     Number of k(dense) : 413
     [opt_tetra]  Optimized tetrahedron method is used.
 
     Number of bands :      28
     Number of k times spin :     413
     Number of symmetries :      48
     Lowest band which contains FS :       7
     Highest band which contains FS :       8
     [opt_tetra]  Optimized tetrahedron method is used.

     #####  Read from STDIN  #####

                      q grid : 6  6  6
         # of Chebyshev int. : 5
                 The first q : 1
                  The last q : 0
                      laddxc : 0
                         lsf : 1
       Cutoff kinetic energy :  0.14000E+03


     Dynamical matrices for ( 6, 6, 6)  uniform grid of q-points
     With a half shift
     (  28 q-points):
       N         xq(1)         xq(2)         xq(3) 
       1  -0.083333333   0.083333333   0.083333333
       2  -0.250000000   0.250000000  -0.083333333
       3  -0.416666667   0.416666667  -0.250000000
       4   0.416666667  -0.416666667   0.583333333
       5   0.250000000  -0.250000000   0.416666667
       6   0.083333333  -0.083333333   0.250000000
       7  -0.083333333   0.416666667   0.083333333
       8  -0.250000000   0.583333333  -0.083333333
       9   0.583333333  -0.250000000   0.750000000
      10   0.416666667  -0.083333333   0.583333333
      11   0.250000000   0.083333333   0.416666667
      12  -0.083333333   0.750000000   0.083333333
      13   0.750000000  -0.083333333   0.916666667
      14   0.583333333   0.083333333   0.750000000
      15   0.416666667   0.250000000   0.583333333
      16  -0.083333333  -0.916666667   0.083333333
      17  -0.250000000  -0.750000000  -0.083333333
      18  -0.083333333  -0.583333333   0.083333333
      19  -0.250000000   0.250000000   0.250000000
      20  -0.416666667   0.416666667   0.083333333
      21   0.416666667  -0.416666667   0.916666667
      22   0.250000000  -0.250000000   0.750000000
      23  -0.250000000   0.583333333   0.250000000
      24   0.583333333  -0.250000000   1.083333333
      25   0.416666667  -0.083333333   0.916666667
      26  -0.250000000  -1.083333333   0.250000000
      27  -0.416666667   0.416666667   0.416666667
      28   0.416666667  -0.416666667   1.250000000
     Because shifted q grid is used, q2r will not work !
     Exchange parallelized over bands (  14 band groups)

     EXX grid:     5985 G-vectors     FFT dimensions: (  25,  25,  25)

     #####  Read gvectors.dat & evc.dat  #####

       Total RAM for input WFC :   0.75E+02 GB

     #####  FFT wfc(G) -> wfc(r)  #####

       Total RAM for WFC(r) :   0.22E+03 GB

     #####  Generate f_xc  #####


     #####  Set frequency grid  #####

       Index, Frequency [Ry]
         0       0.0000000E+00
         1       0.8070090E-01
         2       0.2360680E+00
         3       0.5095254E+00
         4       0.1000000E+01
         5       0.1962611E+01
         6       0.4236068E+01
         7       0.1239144E+02
         8     Infinity

     #####  Compute K_el  #####


       q-point : 1

         Number of PWs for W : 6036
         Total RAM for Vscr :   0.93E+01 GB
         Total RAM for rho  :   0.75E+02 GB
         Total RAM for weight on coarse grid :   0.28E-01 GB
         Total RAM for Weight on dense grid :   0.14E+01 GB

         Stoner factor:

            0.17072E+00
         Total RAM for Kel :   0.31E-01 GB

         Averaged potential (mu)

           DOS(EF) =     0.7160E+01 [/Ry]
           Frequency [Ry], Coulomb parameter(mu)
                        0  0.4916E+00
               0.8070E-01  0.1033E+01
               0.2361E+00  0.2778E+01
               0.5095E+00  0.7066E+01
               0.1000E+01  0.1460E+02
               0.1963E+01  0.2308E+02
               0.4236E+01  0.2994E+02
               0.1239E+02  0.3421E+02
                 Infinity  0.3515E+02
           Frequency [Ry], Spin-F. parameter(mu)
                        0  0.6946E-01
               0.8070E-01  0.4003E-01
               0.2361E+00  0.2577E-01
               0.5095E+00  0.1826E-01
               0.1000E+01  0.1249E-01
               0.1963E+01  0.6932E-02
               0.4236E+01  0.2444E-02
               0.1239E+02  0.3525E-03
                 Infinity  0.0000E+00

         Verify the Chebyshev interpolation for Coulom

            Frequency   Max. Err.[%]   Ave. Err.[%]
                 0.00000E+00          0.000          0.000
                 0.80701E-01         18.960          1.632
                 0.23607E+00          0.000          0.000
                 0.50953E+00          4.080          0.878
                 0.10000E+01          0.000          0.000
                 0.19626E+01          3.889          0.697
                 0.42361E+01          0.000          0.000
                 0.12391E+02          5.178          0.957
               Infinity          0.000          0.000

         Verify the Chebyshev interpolation for S-F

            Frequency   Max. Err.[%]   Ave. Err.[%]
                 0.00000E+00          0.000          0.000
                 0.80701E-01         31.866          1.623
                 0.23607E+00          0.000          0.000
                 0.50953E+00        134.922          1.790
                 0.10000E+01          0.000          0.000
                 0.19626E+01         75.264          2.879
                 0.42361E+01          0.000          0.000
                 0.12391E+02        200.000         35.282

       q-point : 2

         Number of PWs for W : 6040
         Total RAM for Vscr :   0.93E+01 GB
         Total RAM for rho  :   0.75E+02 GB
         Total RAM for weight on coarse grid :   0.28E-01 GB
         Total RAM for Weight on dense grid :   0.14E+01 GB

         Stoner factor:

            0.18196E+00
         Total RAM for Kel :   0.31E-01 GB

         Averaged potential (mu)

           DOS(EF) =     0.7160E+01 [/Ry]
           Frequency [Ry], Coulomb parameter(mu)
                        0  0.2575E+00
               0.8070E-01  0.3097E+00
               0.2361E+00  0.4426E+00
               0.5095E+00  0.7227E+00
               0.1000E+01  0.1157E+01
               0.1963E+01  0.1617E+01
               0.4236E+01  0.1983E+01
               0.1239E+02  0.2207E+01
                 Infinity  0.2256E+01
           Frequency [Ry], Spin-F. parameter(mu)
                        0  0.4731E-01
               0.8070E-01  0.3805E-01
               0.2361E+00  0.2769E-01
               0.5095E+00  0.1945E-01
               0.1000E+01  0.1283E-01
               0.1963E+01  0.6880E-02
               0.4236E+01  0.2370E-02
               0.1239E+02  0.3387E-03
                 Infinity  0.0000E+00

         Verify the Chebyshev interpolation for Coulom

            Frequency   Max. Err.[%]   Ave. Err.[%]
                 0.00000E+00          0.000          0.000
                 0.80701E-01          5.609          0.686
                 0.23607E+00          0.000          0.000
                 0.50953E+00          2.450          0.617
                 0.10000E+01          0.000          0.000
                 0.19626E+01          3.932          0.698
                 0.42361E+01          0.000          0.000
                 0.12391E+02          5.369          1.045
               Infinity          0.000          0.000

         Verify the Chebyshev interpolation for S-F

            Frequency   Max. Err.[%]   Ave. Err.[%]
                 0.00000E+00          0.000          0.000
                 0.80701E-01          2.443          0.906
                 0.23607E+00          0.000          0.000
                 0.50953E+00          4.267          1.015
                 0.10000E+01          0.000          0.000
                 0.19626E+01         15.250          2.096
                 0.42361E+01          0.000          0.000
                 0.12391E+02        200.000         27.623

       q-point : 3

         Number of PWs for W : 6038
         Total RAM for Vscr :   0.93E+01 GB
         Total RAM for rho  :   0.75E+02 GB
         Total RAM for weight on coarse grid :   0.28E-01 GB
         Total RAM for Weight on dense grid :   0.14E+01 GB

         Stoner factor:

            0.18664E+00
         Total RAM for Kel :   0.31E-01 GB

         Averaged potential (mu)

           DOS(EF) =     0.7160E+01 [/Ry]
           Frequency [Ry], Coulomb parameter(mu)
                        0  0.2244E+00
               0.8070E-01  0.2511E+00
               0.2361E+00  0.3009E+00
               0.5095E+00  0.3838E+00
               0.1000E+01  0.4995E+00
               0.1963E+01  0.6273E+00
               0.4236E+01  0.7370E+00
               0.1239E+02  0.8062E+00
                 Infinity  0.8216E+00
           Frequency [Ry], Spin-F. parameter(mu)
                        0  0.5037E-01
               0.8070E-01  0.4155E-01
               0.2361E+00  0.3141E-01
               0.5095E+00  0.2215E-01
               0.1000E+01  0.1427E-01
               0.1963E+01  0.7466E-02
               0.4236E+01  0.2545E-02
               0.1239E+02  0.3634E-03
                 Infinity  0.0000E+00

         Verify the Chebyshev interpolation for Coulom

            Frequency   Max. Err.[%]   Ave. Err.[%]
                 0.00000E+00          0.000          0.000
                 0.80701E-01          1.796          0.355
                 0.23607E+00          0.000          0.000
                 0.50953E+00          2.535          0.466
                 0.10000E+01          0.000          0.000
                 0.19626E+01          4.222          0.748
                 0.42361E+01          0.000          0.000
                 0.12391E+02          5.850          1.043
               Infinity          0.000          0.000

         Verify the Chebyshev interpolation for S-F

            Frequency   Max. Err.[%]   Ave. Err.[%]
                 0.00000E+00          0.000          0.000
                 0.80701E-01          2.255          0.765
                 0.23607E+00          0.000          0.000
                 0.50953E+00          2.683          1.009
                 0.10000E+01          0.000          0.000
                 0.19626E+01          6.942          2.157
                 0.42361E+01          0.000          0.000
                 0.12391E+02        200.000         22.603

       q-point : 4

         Number of PWs for W : 6038
         Total RAM for Vscr :   0.93E+01 GB
         Total RAM for rho  :   0.75E+02 GB
         Total RAM for weight on coarse grid :   0.28E-01 GB
         Total RAM for Weight on dense grid :   0.14E+01 GB

         Stoner factor:

            0.17818E+00
         Total RAM for Kel :   0.31E-01 GB

         Averaged potential (mu)

           DOS(EF) =     0.7160E+01 [/Ry]
           Frequency [Ry], Coulomb parameter(mu)
                        0  0.1834E+00
               0.8070E-01  0.1978E+00
               0.2361E+00  0.2223E+00
               0.5095E+00  0.2574E+00
               0.1000E+01  0.3035E+00
               0.1963E+01  0.3574E+00
               0.4236E+01  0.4093E+00
               0.1239E+02  0.4455E+00
                 Infinity  0.4539E+00
           Frequency [Ry], Spin-F. parameter(mu)
                        0  0.4755E-01
               0.8070E-01  0.3988E-01
               0.2361E+00  0.3055E-01
               0.5095E+00  0.2188E-01
               0.1000E+01  0.1421E-01
               0.1963E+01  0.7455E-02
               0.4236E+01  0.2552E-02
               0.1239E+02  0.3655E-03
                 Infinity  0.0000E+00

         Verify the Chebyshev interpolation for Coulom

            Frequency   Max. Err.[%]   Ave. Err.[%]
                 0.00000E+00          0.000          0.000
                 0.80701E-01          1.676          0.397
                 0.23607E+00          0.000          0.000
                 0.50953E+00          2.508          0.500
                 0.10000E+01          0.000          0.000
                 0.19626E+01          4.394          0.787
                 0.42361E+01          0.000          0.000
                 0.12391E+02          6.333          1.088
               Infinity          0.000          0.000

         Verify the Chebyshev interpolation for S-F

            Frequency   Max. Err.[%]   Ave. Err.[%]
                 0.00000E+00          0.000          0.000
                 0.80701E-01          1.876          0.767
                 0.23607E+00          0.000          0.000
                 0.50953E+00          2.546          0.965
                 0.10000E+01          0.000          0.000
                 0.19626E+01          6.546          2.119
                 0.42361E+01          0.000          0.000
                 0.12391E+02        200.000         22.834

       q-point : 5

         Number of PWs for W : 6043
         Total RAM for Vscr :   0.93E+01 GB
         Total RAM for rho  :   0.76E+02 GB
         Total RAM for weight on coarse grid :   0.28E-01 GB
         Total RAM for Weight on dense grid :   0.14E+01 GB

         Stoner factor:

            0.18356E+00
         Total RAM for Kel :   0.31E-01 GB

         Averaged potential (mu)

           DOS(EF) =     0.7160E+01 [/Ry]
           Frequency [Ry], Coulomb parameter(mu)
                        0  0.2225E+00
               0.8070E-01  0.2486E+00
               0.2361E+00  0.3061E+00
               0.5095E+00  0.4100E+00
               0.1000E+01  0.5601E+00
               0.1963E+01  0.7236E+00
               0.4236E+01  0.8608E+00
               0.1239E+02  0.9468E+00
                 Infinity  0.9658E+00
           Frequency [Ry], Spin-F. parameter(mu)
                        0  0.4625E-01
               0.8070E-01  0.3888E-01
               0.2361E+00  0.2949E-01
               0.5095E+00  0.2097E-01
               0.1000E+01  0.1369E-01
               0.1963E+01  0.7245E-02
               0.4236E+01  0.2483E-02
               0.1239E+02  0.3548E-03
                 Infinity  0.0000E+00

         Verify the Chebyshev interpolation for Coulom

            Frequency   Max. Err.[%]   Ave. Err.[%]
                 0.00000E+00          0.000          0.000
                 0.80701E-01          2.037          0.381
                 0.23607E+00          0.000          0.000
                 0.50953E+00          2.528          0.473
                 0.10000E+01          0.000          0.000
                 0.19626E+01          4.144          0.737
                 0.42361E+01          0.000          0.000
                 0.12391E+02          5.752          1.045
               Infinity          0.000          0.000

         Verify the Chebyshev interpolation for S-F

            Frequency   Max. Err.[%]   Ave. Err.[%]
                 0.00000E+00          0.000          0.000
                 0.80701E-01          3.064          0.962
                 0.23607E+00          0.000          0.000
                 0.50953E+00          3.267          1.096
                 0.10000E+01          0.000          0.000
                 0.19626E+01          6.696          2.235
                 0.42361E+01          0.000          0.000
                 0.12391E+02        200.000         21.800

       q-point : 6

         Number of PWs for W : 6031
         Total RAM for Vscr :   0.93E+01 GB
         Total RAM for rho  :   0.75E+02 GB
         Total RAM for weight on coarse grid :   0.28E-01 GB
         Total RAM for Weight on dense grid :   0.14E+01 GB

         Stoner factor:

            0.17649E+00
         Total RAM for Kel :   0.31E-01 GB

         Averaged potential (mu)

           DOS(EF) =     0.7160E+01 [/Ry]
           Frequency [Ry], Coulomb parameter(mu)
                        0  0.2983E+00
               0.8070E-01  0.3885E+00
               0.2361E+00  0.6581E+00
               0.5095E+00  0.1272E+01
               0.1000E+01  0.2266E+01
               0.1963E+01  0.3334E+01
               0.4236E+01  0.4186E+01
               0.1239E+02  0.4711E+01
                 Infinity  0.4827E+01
           Frequency [Ry], Spin-F. parameter(mu)
                        0  0.5050E-01
               0.8070E-01  0.3908E-01
               0.2361E+00  0.2723E-01
               0.5095E+00  0.1898E-01
               0.1000E+01  0.1260E-01
               0.1963E+01  0.6803E-02
               0.4236E+01  0.2355E-02
               0.1239E+02  0.3373E-03
                 Infinity  0.0000E+00

         Verify the Chebyshev interpolation for Coulom

            Frequency   Max. Err.[%]   Ave. Err.[%]
                 0.00000E+00          0.000          0.000
                 0.80701E-01          8.606          0.957
                 0.23607E+00          0.000          0.000
                 0.50953E+00          2.752          0.725
                 0.10000E+01          0.000          0.000
                 0.19626E+01          3.967          0.687
                 0.42361E+01          0.000          0.000
                 0.12391E+02          5.304          1.037
               Infinity          0.000          0.000

         Verify the Chebyshev interpolation for S-F

            Frequency   Max. Err.[%]   Ave. Err.[%]
                 0.00000E+00          0.000          0.000
                 0.80701E-01          2.740          0.989
                 0.23607E+00          0.000          0.000
                 0.50953E+00         14.419          1.094
                 0.10000E+01          0.000          0.000
                 0.19626E+01         32.241          2.248
                 0.42361E+01          0.000          0.000
                 0.12391E+02        200.000         32.826

       q-point : 7

         Number of PWs for W : 6041
         Total RAM for Vscr :   0.93E+01 GB
         Total RAM for rho  :   0.75E+02 GB
         Total RAM for weight on coarse grid :   0.28E-01 GB
         Total RAM for Weight on dense grid :   0.14E+01 GB

         Stoner factor:

            0.18371E+00
         Total RAM for Kel :   0.31E-01 GB

         Averaged potential (mu)

           DOS(EF) =     0.7160E+01 [/Ry]
           Frequency [Ry], Coulomb parameter(mu)
                        0  0.2067E+00
               0.8070E-01  0.2297E+00
               0.2361E+00  0.2941E+00
               0.5095E+00  0.4265E+00
               0.1000E+01  0.6276E+00
               0.1963E+01  0.8432E+00
               0.4236E+01  0.1021E+01
               0.1239E+02  0.1132E+01
                 Infinity  0.1157E+01
           Frequency [Ry], Spin-F. parameter(mu)
                        0  0.4196E-01
               0.8070E-01  0.3577E-01
               0.2361E+00  0.2710E-01
               0.5095E+00  0.1940E-01
               0.1000E+01  0.1280E-01
               0.1963E+01  0.6802E-02
               0.4236E+01  0.2327E-02
               0.1239E+02  0.3317E-03
                 Infinity  0.0000E+00

         Verify the Chebyshev interpolation for Coulom

            Frequency   Max. Err.[%]   Ave. Err.[%]
                 0.00000E+00          0.000          0.000
                 0.80701E-01          3.053          0.487
                 0.23607E+00          0.000          0.000
                 0.50953E+00          2.566          0.534
                 0.10000E+01          0.000          0.000
                 0.19626E+01          4.142          0.713
                 0.42361E+01          0.000          0.000
                 0.12391E+02          5.603          1.046
               Infinity          0.000          0.000

         Verify the Chebyshev interpolation for S-F

            Frequency   Max. Err.[%]   Ave. Err.[%]
                 0.00000E+00          0.000          0.000
                 0.80701E-01          5.146          1.164
                 0.23607E+00          0.000          0.000
                 0.50953E+00          4.926          1.157
                 0.10000E+01          0.000          0.000
                 0.19626E+01          7.359          2.210
                 0.42361E+01          0.000          0.000
                 0.12391E+02        153.622         22.596

       q-point : 8

         Number of PWs for W : 6037
         Total RAM for Vscr :   0.93E+01 GB
         Total RAM for rho  :   0.75E+02 GB
         Total RAM for weight on coarse grid :   0.28E-01 GB
         Total RAM for Weight on dense grid :   0.14E+01 GB

         Stoner factor:

            0.18862E+00
         Total RAM for Kel :   0.31E-01 GB

         Averaged potential (mu)

           DOS(EF) =     0.7160E+01 [/Ry]
           Frequency [Ry], Coulomb parameter(mu)
                        0  0.1938E+00
               0.8070E-01  0.2091E+00
               0.2361E+00  0.2440E+00
               0.5095E+00  0.3046E+00
               0.1000E+01  0.3889E+00
               0.1963E+01  0.4801E+00
               0.4236E+01  0.5563E+00
               0.1239E+02  0.6021E+00
                 Infinity  0.6118E+00
           Frequency [Ry], Spin-F. parameter(mu)
                        0  0.4342E-01
               0.8070E-01  0.3744E-01
               0.2361E+00  0.2881E-01
               0.5095E+00  0.2057E-01
               0.1000E+01  0.1340E-01
               0.1963E+01  0.7077E-02
               0.4236E+01  0.2429E-02
               0.1239E+02  0.3478E-03
                 Infinity  0.0000E+00

         Verify the Chebyshev interpolation for Coulom

            Frequency   Max. Err.[%]   Ave. Err.[%]
                 0.00000E+00          0.000          0.000
                 0.80701E-01          1.972          0.391
                 0.23607E+00          0.000          0.000
                 0.50953E+00          2.499          0.475
                 0.10000E+01          0.000          0.000
                 0.19626E+01          4.164          0.758
                 0.42361E+01          0.000          0.000
                 0.12391E+02          5.842          1.047
               Infinity          0.000          0.000

         Verify the Chebyshev interpolation for S-F

            Frequency   Max. Err.[%]   Ave. Err.[%]
                 0.00000E+00          0.000          0.000
                 0.80701E-01          3.389          1.031
                 0.23607E+00          0.000          0.000
                 0.50953E+00          3.988          1.092
                 0.10000E+01          0.000          0.000
                 0.19626E+01          9.597          2.221
                 0.42361E+01          0.000          0.000
                 0.12391E+02        125.301         21.443

       q-point : 9

         Number of PWs for W : 6019
         Total RAM for Vscr :   0.93E+01 GB
         Total RAM for rho  :   0.75E+02 GB
         Total RAM for weight on coarse grid :   0.28E-01 GB
         Total RAM for Weight on dense grid :   0.14E+01 GB

         Stoner factor:

            0.17425E+00
         Total RAM for Kel :   0.31E-01 GB

         Averaged potential (mu)

           DOS(EF) =     0.7160E+01 [/Ry]
           Frequency [Ry], Coulomb parameter(mu)
                        0  0.1383E+00
               0.8070E-01  0.1440E+00
               0.2361E+00  0.1549E+00
               0.5095E+00  0.1701E+00
               0.1000E+01  0.1892E+00
               0.1963E+01  0.2120E+00
               0.4236E+01  0.2352E+00
               0.1239E+02  0.2515E+00
                 Infinity  0.2552E+00
           Frequency [Ry], Spin-F. parameter(mu)
                        0  0.4432E-01
               0.8070E-01  0.3855E-01
               0.2361E+00  0.3017E-01
               0.5095E+00  0.2184E-01
               0.1000E+01  0.1424E-01
               0.1963E+01  0.7470E-02
               0.4236E+01  0.2553E-02
               0.1239E+02  0.3654E-03
                 Infinity  0.0000E+00

         Verify the Chebyshev interpolation for Coulom

            Frequency   Max. Err.[%]   Ave. Err.[%]
                 0.00000E+00          0.000          0.000
                 0.80701E-01          1.658          0.425
                 0.23607E+00          0.000          0.000
                 0.50953E+00          2.431          0.529
                 0.10000E+01          0.000          0.000
                 0.19626E+01          4.265          0.822
                 0.42361E+01          0.000          0.000
                 0.12391E+02          6.336          1.108
               Infinity          0.000          0.000

         Verify the Chebyshev interpolation for S-F

            Frequency   Max. Err.[%]   Ave. Err.[%]
                 0.00000E+00          0.000          0.000
                 0.80701E-01          2.500          0.903
                 0.23607E+00          0.000          0.000
                 0.50953E+00          2.695          1.006
                 0.10000E+01          0.000          0.000
                 0.19626E+01          6.735          2.139
                 0.42361E+01          0.000          0.000
                 0.12391E+02        136.138         21.393

       q-point : 10

         Number of PWs for W : 6042
         Total RAM for Vscr :   0.93E+01 GB
         Total RAM for rho  :   0.75E+02 GB
         Total RAM for weight on coarse grid :   0.28E-01 GB
         Total RAM for Weight on dense grid :   0.14E+01 GB

         Stoner factor:

            0.18527E+00
         Total RAM for Kel :   0.31E-01 GB

         Averaged potential (mu)

           DOS(EF) =     0.7160E+01 [/Ry]
           Frequency [Ry], Coulomb parameter(mu)
                        0  0.1804E+00
               0.8070E-01  0.1913E+00
               0.2361E+00  0.2153E+00
               0.5095E+00  0.2542E+00
               0.1000E+01  0.3057E+00
               0.1963E+01  0.3620E+00
               0.4236E+01  0.4107E+00
               0.1239E+02  0.4402E+00
                 Infinity  0.4465E+00
           Frequency [Ry], Spin-F. parameter(mu)
                        0  0.4248E-01
               0.8070E-01  0.3708E-01
               0.2361E+00  0.2893E-01
               0.5095E+00  0.2091E-01
               0.1000E+01  0.1371E-01
               0.1963E+01  0.7247E-02
               0.4236E+01  0.2486E-02
               0.1239E+02  0.3560E-03
                 Infinity  0.0000E+00

         Verify the Chebyshev interpolation for Coulom

            Frequency   Max. Err.[%]   Ave. Err.[%]
                 0.00000E+00          0.000          0.000
                 0.80701E-01          2.103          0.442
                 0.23607E+00          0.000          0.000
                 0.50953E+00          2.563          0.510
                 0.10000E+01          0.000          0.000
                 0.19626E+01          4.261          0.779
                 0.42361E+01          0.000          0.000
                 0.12391E+02          5.952          1.051
               Infinity          0.000          0.000

         Verify the Chebyshev interpolation for S-F

            Frequency   Max. Err.[%]   Ave. Err.[%]
                 0.00000E+00          0.000          0.000
                 0.80701E-01          3.720          1.079
                 0.23607E+00          0.000          0.000
                 0.50953E+00          3.960          1.110
                 0.10000E+01          0.000          0.000
                 0.19626E+01          9.270          2.256
                 0.42361E+01          0.000          0.000
                 0.12391E+02        111.891         20.678

       q-point : 11

         Number of PWs for W : 6031
         Total RAM for Vscr :   0.93E+01 GB
         Total RAM for rho  :   0.75E+02 GB
         Total RAM for weight on coarse grid :   0.28E-01 GB
         Total RAM for Weight on dense grid :   0.14E+01 GB

         Stoner factor:

            0.18360E+00
         Total RAM for Kel :   0.31E-01 GB

         Averaged potential (mu)

           DOS(EF) =     0.7160E+01 [/Ry]
           Frequency [Ry], Coulomb parameter(mu)
                        0  0.2042E+00
               0.8070E-01  0.2248E+00
               0.2361E+00  0.2783E+00
               0.5095E+00  0.3804E+00
               0.1000E+01  0.5296E+00
               0.1963E+01  0.6885E+00
               0.4236E+01  0.8175E+00
               0.1239E+02  0.8957E+00
                 Infinity  0.9127E+00
           Frequency [Ry], Spin-F. parameter(mu)
                        0  0.4261E-01
               0.8070E-01  0.3658E-01
               0.2361E+00  0.2796E-01
               0.5095E+00  0.2005E-01
               0.1000E+01  0.1321E-01
               0.1963E+01  0.7023E-02
               0.4236E+01  0.2406E-02
               0.1239E+02  0.3432E-03
                 Infinity  0.0000E+00

         Verify the Chebyshev interpolation for Coulom

            Frequency   Max. Err.[%]   Ave. Err.[%]
                 0.00000E+00          0.000          0.000
                 0.80701E-01          2.134          0.410
                 0.23607E+00          0.000          0.000
                 0.50953E+00          2.516          0.490
                 0.10000E+01          0.000          0.000
                 0.19626E+01          3.966          0.737
                 0.42361E+01          0.000          0.000
                 0.12391E+02          5.463          1.065
               Infinity          0.000          0.000

         Verify the Chebyshev interpolation for S-F

            Frequency   Max. Err.[%]   Ave. Err.[%]
                 0.00000E+00          0.000          0.000
                 0.80701E-01          4.039          1.186
                 0.23607E+00          0.000          0.000
                 0.50953E+00          4.100          1.152
                 0.10000E+01          0.000          0.000
                 0.19626E+01          7.314          2.227
                 0.42361E+01          0.000          0.000
                 0.12391E+02        122.318         21.504

       q-point : 12

         Number of PWs for W : 6032
         Total RAM for Vscr :   0.93E+01 GB
         Total RAM for rho  :   0.75E+02 GB
         Total RAM for weight on coarse grid :   0.28E-01 GB
         Total RAM for Weight on dense grid :   0.14E+01 GB

         Stoner factor:

            0.18570E+00
         Total RAM for Kel :   0.31E-01 GB

         Averaged potential (mu)

           DOS(EF) =     0.7160E+01 [/Ry]
           Frequency [Ry], Coulomb parameter(mu)
                        0  0.1815E+00
               0.8070E-01  0.1932E+00
               0.2361E+00  0.2172E+00
               0.5095E+00  0.2557E+00
               0.1000E+01  0.3079E+00
               0.1963E+01  0.3668E+00
               0.4236E+01  0.4199E+00
               0.1239E+02  0.4541E+00
                 Infinity  0.4616E+00
           Frequency [Ry], Spin-F. parameter(mu)
                        0  0.4516E-01
               0.8070E-01  0.3893E-01
               0.2361E+00  0.3029E-01
               0.5095E+00  0.2186E-01
               0.1000E+01  0.1425E-01
               0.1963E+01  0.7479E-02
               0.4236E+01  0.2561E-02
               0.1239E+02  0.3673E-03
                 Infinity  0.0000E+00

         Verify the Chebyshev interpolation for Coulom

            Frequency   Max. Err.[%]   Ave. Err.[%]
                 0.00000E+00          0.000          0.000
                 0.80701E-01          1.737          0.394
                 0.23607E+00          0.000          0.000
                 0.50953E+00          2.420          0.479
                 0.10000E+01          0.000          0.000
                 0.19626E+01          4.263          0.748
                 0.42361E+01          0.000          0.000
                 0.12391E+02          5.896          0.992
               Infinity          0.000          0.000

         Verify the Chebyshev interpolation for S-F

            Frequency   Max. Err.[%]   Ave. Err.[%]
                 0.00000E+00          0.000          0.000
                 0.80701E-01          2.374          0.861
                 0.23607E+00          0.000          0.000
                 0.50953E+00          2.891          0.994
                 0.10000E+01          0.000          0.000
                 0.19626E+01          7.396          2.183
                 0.42361E+01          0.000          0.000
                 0.12391E+02        199.245         22.941

       q-point : 13

         Number of PWs for W : 6010
         Total RAM for Vscr :   0.92E+01 GB
         Total RAM for rho  :   0.75E+02 GB
         Total RAM for weight on coarse grid :   0.28E-01 GB
         Total RAM for Weight on dense grid :   0.14E+01 GB

         Stoner factor:

            0.17257E+00
         Total RAM for Kel :   0.31E-01 GB

         Averaged potential (mu)

           DOS(EF) =     0.7160E+01 [/Ry]
           Frequency [Ry], Coulomb parameter(mu)
                        0  0.1243E+00
               0.8070E-01  0.1289E+00
               0.2361E+00  0.1363E+00
               0.5095E+00  0.1463E+00
               0.1000E+01  0.1592E+00
               0.1963E+01  0.1748E+00
               0.4236E+01  0.1911E+00
               0.1239E+02  0.2023E+00
                 Infinity  0.2047E+00
           Frequency [Ry], Spin-F. parameter(mu)
                        0  0.4457E-01
               0.8070E-01  0.3843E-01
               0.2361E+00  0.3013E-01
               0.5095E+00  0.2183E-01
               0.1000E+01  0.1416E-01
               0.1963E+01  0.7378E-02
               0.4236E+01  0.2516E-02
               0.1239E+02  0.3606E-03
                 Infinity  0.0000E+00

         Verify the Chebyshev interpolation for Coulom

            Frequency   Max. Err.[%]   Ave. Err.[%]
                 0.00000E+00          0.000          0.000
                 0.80701E-01          1.479          0.357
                 0.23607E+00          0.000          0.000
                 0.50953E+00          2.283          0.487
                 0.10000E+01          0.000          0.000
                 0.19626E+01          4.132          0.784
                 0.42361E+01          0.000          0.000
                 0.12391E+02          5.871          1.005
               Infinity          0.000          0.000

         Verify the Chebyshev interpolation for S-F

            Frequency   Max. Err.[%]   Ave. Err.[%]
                 0.00000E+00          0.000          0.000
                 0.80701E-01          2.085          0.795
                 0.23607E+00          0.000          0.000
                 0.50953E+00          2.635          0.942
                 0.10000E+01          0.000          0.000
                 0.19626E+01          6.984          2.098
                 0.42361E+01          0.000          0.000
                 0.12391E+02        200.000         23.368

       q-point : 14

         Number of PWs for W : 6007
         Total RAM for Vscr :   0.92E+01 GB
         Total RAM for rho  :   0.75E+02 GB
         Total RAM for weight on coarse grid :   0.28E-01 GB
         Total RAM for Weight on dense grid :   0.14E+01 GB

         Stoner factor:

            0.17755E+00
         Total RAM for Kel :   0.31E-01 GB

         Averaged potential (mu)

           DOS(EF) =     0.7160E+01 [/Ry]
           Frequency [Ry], Coulomb parameter(mu)
                        0  0.1466E+00
               0.8070E-01  0.1526E+00
               0.2361E+00  0.1648E+00
               0.5095E+00  0.1829E+00
               0.1000E+01  0.2062E+00
               0.1963E+01  0.2335E+00
               0.4236E+01  0.2601E+00
               0.1239E+02  0.2777E+00
                 Infinity  0.2815E+00
           Frequency [Ry], Spin-F. parameter(mu)
                        0  0.4542E-01
               0.8070E-01  0.3978E-01
               0.2361E+00  0.3130E-01
               0.5095E+00  0.2265E-01
               0.1000E+01  0.1471E-01
               0.1963E+01  0.7671E-02
               0.4236E+01  0.2612E-02
               0.1239E+02  0.3736E-03
                 Infinity  0.0000E+00

         Verify the Chebyshev interpolation for Coulom

            Frequency   Max. Err.[%]   Ave. Err.[%]
                 0.00000E+00          0.000          0.000
                 0.80701E-01          1.707          0.421
                 0.23607E+00          0.000          0.000
                 0.50953E+00          2.433          0.523
                 0.10000E+01          0.000          0.000
                 0.19626E+01          4.148          0.798
                 0.42361E+01          0.000          0.000
                 0.12391E+02          6.027          1.041
               Infinity          0.000          0.000

         Verify the Chebyshev interpolation for S-F

            Frequency   Max. Err.[%]   Ave. Err.[%]
                 0.00000E+00          0.000          0.000
                 0.80701E-01          3.107          0.964
                 0.23607E+00          0.000          0.000
                 0.50953E+00          3.472          1.049
                 0.10000E+01          0.000          0.000
                 0.19626E+01          8.139          2.199
                 0.42361E+01          0.000          0.000
                 0.12391E+02        126.689         20.828

       q-point : 15

         Number of PWs for W : 6029
         Total RAM for Vscr :   0.93E+01 GB
         Total RAM for rho  :   0.75E+02 GB
         Total RAM for weight on coarse grid :   0.28E-01 GB
         Total RAM for Weight on dense grid :   0.14E+01 GB

         Stoner factor:

            0.18335E+00
         Total RAM for Kel :   0.31E-01 GB

         Averaged potential (mu)

           DOS(EF) =     0.7160E+01 [/Ry]
           Frequency [Ry], Coulomb parameter(mu)
                        0  0.1799E+00
               0.8070E-01  0.1934E+00
               0.2361E+00  0.2193E+00
               0.5095E+00  0.2590E+00
               0.1000E+01  0.3118E+00
               0.1963E+01  0.3713E+00
               0.4236E+01  0.4250E+00
               0.1239E+02  0.4597E+00
                 Infinity  0.4674E+00
           Frequency [Ry], Spin-F. parameter(mu)
                        0  0.4538E-01
               0.8070E-01  0.3866E-01
               0.2361E+00  0.2986E-01
               0.5095E+00  0.2148E-01
               0.1000E+01  0.1401E-01
               0.1963E+01  0.7358E-02
               0.4236E+01  0.2513E-02
               0.1239E+02  0.3592E-03
                 Infinity  0.0000E+00

         Verify the Chebyshev interpolation for Coulom

            Frequency   Max. Err.[%]   Ave. Err.[%]
                 0.00000E+00          0.000          0.000
                 0.80701E-01          1.831          0.419
                 0.23607E+00          0.000          0.000
                 0.50953E+00          2.453          0.502
                 0.10000E+01          0.000          0.000
                 0.19626E+01          4.203          0.779
                 0.42361E+01          0.000          0.000
                 0.12391E+02          6.034          1.066
               Infinity          0.000          0.000

         Verify the Chebyshev interpolation for S-F

            Frequency   Max. Err.[%]   Ave. Err.[%]
                 0.00000E+00          0.000          0.000
                 0.80701E-01          2.185          0.854
                 0.23607E+00          0.000          0.000
                 0.50953E+00          2.553          0.986
                 0.10000E+01          0.000          0.000
                 0.19626E+01          6.553          2.122
                 0.42361E+01          0.000          0.000
                 0.12391E+02        173.257         21.890

       q-point : 16

         Number of PWs for W : 6010
         Total RAM for Vscr :   0.92E+01 GB
         Total RAM for rho  :   0.75E+02 GB
         Total RAM for weight on coarse grid :   0.28E-01 GB
         Total RAM for Weight on dense grid :   0.14E+01 GB

         Stoner factor:

            0.18000E+00
         Total RAM for Kel :   0.31E-01 GB

         Averaged potential (mu)

           DOS(EF) =     0.7160E+01 [/Ry]
           Frequency [Ry], Coulomb parameter(mu)
                        0  0.1594E+00
               0.8070E-01  0.1685E+00
               0.2361E+00  0.1839E+00
               0.5095E+00  0.2056E+00
               0.1000E+01  0.2341E+00
               0.1963E+01  0.2678E+00
               0.4236E+01  0.3010E+00
               0.1239E+02  0.3239E+00
                 Infinity  0.3291E+00
           Frequency [Ry], Spin-F. parameter(mu)
                        0  0.4469E-01
               0.8070E-01  0.3782E-01
               0.2361E+00  0.2941E-01
               0.5095E+00  0.2133E-01
               0.1000E+01  0.1393E-01
               0.1963E+01  0.7331E-02
               0.4236E+01  0.2528E-02
               0.1239E+02  0.3644E-03
                 Infinity  0.0000E+00

         Verify the Chebyshev interpolation for Coulom

            Frequency   Max. Err.[%]   Ave. Err.[%]
                 0.00000E+00          0.000          0.000
                 0.80701E-01          1.555          0.369
                 0.23607E+00          0.000          0.000
                 0.50953E+00          2.351          0.477
                 0.10000E+01          0.000          0.000
                 0.19626E+01          4.184          0.747
                 0.42361E+01          0.000          0.000
                 0.12391E+02          5.854          0.963
               Infinity          0.000          0.000

         Verify the Chebyshev interpolation for S-F

            Frequency   Max. Err.[%]   Ave. Err.[%]
                 0.00000E+00          0.000          0.000
                 0.80701E-01          1.979          0.675
                 0.23607E+00          0.000          0.000
                 0.50953E+00          2.750          0.896
                 0.10000E+01          0.000          0.000
                 0.19626E+01          7.275          2.091
                 0.42361E+01          0.000          0.000
                 0.12391E+02        200.000         25.502

       q-point : 17

         Number of PWs for W : 6035
         Total RAM for Vscr :   0.93E+01 GB
         Total RAM for rho  :   0.75E+02 GB
         Total RAM for weight on coarse grid :   0.28E-01 GB
         Total RAM for Weight on dense grid :   0.14E+01 GB

         Stoner factor:

            0.18581E+00
         Total RAM for Kel :   0.31E-01 GB

         Averaged potential (mu)

           DOS(EF) =     0.7160E+01 [/Ry]
           Frequency [Ry], Coulomb parameter(mu)
                        0  0.1750E+00
               0.8070E-01  0.1858E+00
               0.2361E+00  0.2073E+00
               0.5095E+00  0.2412E+00
               0.1000E+01  0.2867E+00
               0.1963E+01  0.3383E+00
               0.4236E+01  0.3857E+00
               0.1239E+02  0.4165E+00
                 Infinity  0.4234E+00
           Frequency [Ry], Spin-F. parameter(mu)
                        0  0.4413E-01
               0.8070E-01  0.3815E-01
               0.2361E+00  0.2975E-01
               0.5095E+00  0.2143E-01
               0.1000E+01  0.1391E-01
               0.1963E+01  0.7282E-02
               0.4236E+01  0.2490E-02
               0.1239E+02  0.3569E-03
                 Infinity  0.0000E+00

         Verify the Chebyshev interpolation for Coulom

            Frequency   Max. Err.[%]   Ave. Err.[%]
                 0.00000E+00          0.000          0.000
                 0.80701E-01          1.745          0.397
                 0.23607E+00          0.000          0.000
                 0.50953E+00          2.355          0.498
                 0.10000E+01          0.000          0.000
                 0.19626E+01          4.187          0.767
                 0.42361E+01          0.000          0.000
                 0.12391E+02          5.842          1.018
               Infinity          0.000          0.000

         Verify the Chebyshev interpolation for S-F

            Frequency   Max. Err.[%]   Ave. Err.[%]
                 0.00000E+00          0.000          0.000
                 0.80701E-01          2.572          0.840
                 0.23607E+00          0.000          0.000
                 0.50953E+00          3.042          0.988
                 0.10000E+01          0.000          0.000
                 0.19626E+01          7.017          2.134
                 0.42361E+01          0.000          0.000
                 0.12391E+02        169.728         22.374

       q-point : 18

         Number of PWs for W : 6048
         Total RAM for Vscr :   0.94E+01 GB
         Total RAM for rho  :   0.76E+02 GB
         Total RAM for weight on coarse grid :   0.28E-01 GB
         Total RAM for Weight on dense grid :   0.14E+01 GB

         Stoner factor:

            0.18612E+00
         Total RAM for Kel :   0.31E-01 GB

         Averaged potential (mu)

           DOS(EF) =     0.7160E+01 [/Ry]
           Frequency [Ry], Coulomb parameter(mu)
                        0  0.1826E+00
               0.8070E-01  0.1953E+00
               0.2361E+00  0.2261E+00
               0.5095E+00  0.2818E+00
               0.1000E+01  0.3615E+00
               0.1963E+01  0.4492E+00
               0.4236E+01  0.5251E+00
               0.1239E+02  0.5732E+00
                 Infinity  0.5838E+00
           Frequency [Ry], Spin-F. parameter(mu)
                        0  0.4148E-01
               0.8070E-01  0.3607E-01
               0.2361E+00  0.2824E-01
               0.5095E+00  0.2054E-01
               0.1000E+01  0.1354E-01
               0.1963E+01  0.7150E-02
               0.4236E+01  0.2439E-02
               0.1239E+02  0.3477E-03
                 Infinity  0.0000E+00

         Verify the Chebyshev interpolation for Coulom

            Frequency   Max. Err.[%]   Ave. Err.[%]
                 0.00000E+00          0.000          0.000
                 0.80701E-01          1.940          0.365
                 0.23607E+00          0.000          0.000
                 0.50953E+00          2.488          0.462
                 0.10000E+01          0.000          0.000
                 0.19626E+01          4.169          0.742
                 0.42361E+01          0.000          0.000
                 0.12391E+02          5.727          1.026
               Infinity          0.000          0.000

         Verify the Chebyshev interpolation for S-F

            Frequency   Max. Err.[%]   Ave. Err.[%]
                 0.00000E+00          0.000          0.000
                 0.80701E-01          4.019          1.023
                 0.23607E+00          0.000          0.000
                 0.50953E+00          5.270          1.140
                 0.10000E+01          0.000          0.000
                 0.19626E+01         14.263          2.319
                 0.42361E+01          0.000          0.000
                 0.12391E+02        174.555         21.976

       q-point : 19

         Number of PWs for W : 6045
         Total RAM for Vscr :   0.94E+01 GB
         Total RAM for rho  :   0.76E+02 GB
         Total RAM for weight on coarse grid :   0.28E-01 GB
         Total RAM for Weight on dense grid :   0.14E+01 GB

         Stoner factor:

            0.18383E+00
         Total RAM for Kel :   0.31E-01 GB

         Averaged potential (mu)

           DOS(EF) =     0.7160E+01 [/Ry]
           Frequency [Ry], Coulomb parameter(mu)
                        0  0.2629E+00
               0.8070E-01  0.3137E+00
               0.2361E+00  0.4258E+00
               0.5095E+00  0.6494E+00
               0.1000E+01  0.9929E+00
               0.1963E+01  0.1367E+01
               0.4236E+01  0.1680E+01
               0.1239E+02  0.1884E+01
                 Infinity  0.1930E+01
           Frequency [Ry], Spin-F. parameter(mu)
                        0  0.4958E-01
               0.8070E-01  0.3960E-01
               0.2361E+00  0.2909E-01
               0.5095E+00  0.2027E-01
               0.1000E+01  0.1315E-01
               0.1963E+01  0.6942E-02
               0.4236E+01  0.2372E-02
               0.1239E+02  0.3383E-03
                 Infinity  0.0000E+00

         Verify the Chebyshev interpolation for Coulom

            Frequency   Max. Err.[%]   Ave. Err.[%]
                 0.00000E+00          0.000          0.000
                 0.80701E-01          3.721          0.532
                 0.23607E+00          0.000          0.000
                 0.50953E+00          2.503          0.542
                 0.10000E+01          0.000          0.000
                 0.19626E+01          3.978          0.699
                 0.42361E+01          0.000          0.000
                 0.12391E+02          5.476          1.006
               Infinity          0.000          0.000

         Verify the Chebyshev interpolation for S-F

            Frequency   Max. Err.[%]   Ave. Err.[%]
                 0.00000E+00          0.000          0.000
                 0.80701E-01          3.307          0.875
                 0.23607E+00          0.000          0.000
                 0.50953E+00          3.358          1.102
                 0.10000E+01          0.000          0.000
                 0.19626E+01          8.141          2.230
                 0.42361E+01          0.000          0.000
                 0.12391E+02        200.000         24.258

       q-point : 20

         Number of PWs for W : 6036
         Total RAM for Vscr :   0.93E+01 GB
         Total RAM for rho  :   0.75E+02 GB
         Total RAM for weight on coarse grid :   0.28E-01 GB
         Total RAM for Weight on dense grid :   0.14E+01 GB

         Stoner factor:

            0.18645E+00
         Total RAM for Kel :   0.31E-01 GB

         Averaged potential (mu)

           DOS(EF) =     0.7160E+01 [/Ry]
           Frequency [Ry], Coulomb parameter(mu)
                        0  0.1985E+00
               0.8070E-01  0.2150E+00
               0.2361E+00  0.2544E+00
               0.5095E+00  0.3237E+00
               0.1000E+01  0.4202E+00
               0.1963E+01  0.5230E+00
               0.4236E+01  0.6057E+00
               0.1239E+02  0.6533E+00
                 Infinity  0.6632E+00
           Frequency [Ry], Spin-F. parameter(mu)
                        0  0.4212E-01
               0.8070E-01  0.3635E-01
               0.2361E+00  0.2796E-01
               0.5095E+00  0.2004E-01
               0.1000E+01  0.1315E-01
               0.1963E+01  0.6982E-02
               0.4236E+01  0.2401E-02
               0.1239E+02  0.3437E-03
                 Infinity  0.0000E+00

         Verify the Chebyshev interpolation for Coulom

            Frequency   Max. Err.[%]   Ave. Err.[%]
                 0.00000E+00          0.000          0.000
                 0.80701E-01          2.206          0.412
                 0.23607E+00          0.000          0.000
                 0.50953E+00          2.652          0.473
                 0.10000E+01          0.000          0.000
                 0.19626E+01          4.127          0.750
                 0.42361E+01          0.000          0.000
                 0.12391E+02          5.806          1.043
               Infinity          0.000          0.000

         Verify the Chebyshev interpolation for S-F

            Frequency   Max. Err.[%]   Ave. Err.[%]
                 0.00000E+00          0.000          0.000
                 0.80701E-01          4.024          1.192
                 0.23607E+00          0.000          0.000
                 0.50953E+00          4.107          1.166
                 0.10000E+01          0.000          0.000
                 0.19626E+01          8.883          2.300
                 0.42361E+01          0.000          0.000
                 0.12391E+02        118.725         20.761

       q-point : 21

         Number of PWs for W : 6019
         Total RAM for Vscr :   0.93E+01 GB
         Total RAM for rho  :   0.75E+02 GB
         Total RAM for weight on coarse grid :   0.28E-01 GB
         Total RAM for Weight on dense grid :   0.14E+01 GB

         Stoner factor:

            0.16777E+00
         Total RAM for Kel :   0.31E-01 GB

         Averaged potential (mu)

           DOS(EF) =     0.7160E+01 [/Ry]
           Frequency [Ry], Coulomb parameter(mu)
                        0  0.1225E+00
               0.8070E-01  0.1261E+00
               0.2361E+00  0.1331E+00
               0.5095E+00  0.1426E+00
               0.1000E+01  0.1546E+00
               0.1963E+01  0.1692E+00
               0.4236E+01  0.1848E+00
               0.1239E+02  0.1959E+00
                 Infinity  0.1985E+00
           Frequency [Ry], Spin-F. parameter(mu)
                        0  0.4371E-01
               0.8070E-01  0.3833E-01
               0.2361E+00  0.3029E-01
               0.5095E+00  0.2203E-01
               0.1000E+01  0.1438E-01
               0.1963E+01  0.7516E-02
               0.4236E+01  0.2553E-02
               0.1239E+02  0.3642E-03
                 Infinity  0.0000E+00

         Verify the Chebyshev interpolation for Coulom

            Frequency   Max. Err.[%]   Ave. Err.[%]
                 0.00000E+00          0.000          0.000
                 0.80701E-01          1.652          0.416
                 0.23607E+00          0.000          0.000
                 0.50953E+00          2.501          0.530
                 0.10000E+01          0.000          0.000
                 0.19626E+01          4.417          0.835
                 0.42361E+01          0.000          0.000
                 0.12391E+02          6.412          1.125
               Infinity          0.000          0.000

         Verify the Chebyshev interpolation for S-F

            Frequency   Max. Err.[%]   Ave. Err.[%]
                 0.00000E+00          0.000          0.000
                 0.80701E-01          3.751          0.974
                 0.23607E+00          0.000          0.000
                 0.50953E+00          3.876          1.094
                 0.10000E+01          0.000          0.000
                 0.19626E+01          9.093          2.260
                 0.42361E+01          0.000          0.000
                 0.12391E+02        129.604         20.516

       q-point : 22

         Number of PWs for W : 6038
         Total RAM for Vscr :   0.93E+01 GB
         Total RAM for rho  :   0.75E+02 GB
         Total RAM for weight on coarse grid :   0.28E-01 GB
         Total RAM for Weight on dense grid :   0.14E+01 GB

         Stoner factor:

            0.18253E+00
         Total RAM for Kel :   0.31E-01 GB

         Averaged potential (mu)

           DOS(EF) =     0.7160E+01 [/Ry]
           Frequency [Ry], Coulomb parameter(mu)
                        0  0.1633E+00
               0.8070E-01  0.1718E+00
               0.2361E+00  0.1899E+00
               0.5095E+00  0.2175E+00
               0.1000E+01  0.2533E+00
               0.1963E+01  0.2936E+00
               0.4236E+01  0.3299E+00
               0.1239E+02  0.3526E+00
                 Infinity  0.3575E+00
           Frequency [Ry], Spin-F. parameter(mu)
                        0  0.4348E-01
               0.8070E-01  0.3803E-01
               0.2361E+00  0.2970E-01
               0.5095E+00  0.2146E-01
               0.1000E+01  0.1398E-01
               0.1963E+01  0.7328E-02
               0.4236E+01  0.2502E-02
               0.1239E+02  0.3579E-03
                 Infinity  0.0000E+00

         Verify the Chebyshev interpolation for Coulom

            Frequency   Max. Err.[%]   Ave. Err.[%]
                 0.00000E+00          0.000          0.000
                 0.80701E-01          1.903          0.459
                 0.23607E+00          0.000          0.000
                 0.50953E+00          2.486          0.518
                 0.10000E+01          0.000          0.000
                 0.19626E+01          4.157          0.779
                 0.42361E+01          0.000          0.000
                 0.12391E+02          6.003          1.027
               Infinity          0.000          0.000

         Verify the Chebyshev interpolation for S-F

            Frequency   Max. Err.[%]   Ave. Err.[%]
                 0.00000E+00          0.000          0.000
                 0.80701E-01          3.405          1.080
                 0.23607E+00          0.000          0.000
                 0.50953E+00          3.109          1.064
                 0.10000E+01          0.000          0.000
                 0.19626E+01          6.824          2.214
                 0.42361E+01          0.000          0.000
                 0.12391E+02        161.971         21.207

       q-point : 23

         Number of PWs for W : 6027
         Total RAM for Vscr :   0.93E+01 GB
         Total RAM for rho  :   0.75E+02 GB
         Total RAM for weight on coarse grid :   0.28E-01 GB
         Total RAM for Weight on dense grid :   0.14E+01 GB

         Stoner factor:

            0.18657E+00
         Total RAM for Kel :   0.31E-01 GB

         Averaged potential (mu)

           DOS(EF) =     0.7160E+01 [/Ry]
           Frequency [Ry], Coulomb parameter(mu)
                        0  0.1996E+00
               0.8070E-01  0.2150E+00
               0.2361E+00  0.2478E+00
               0.5095E+00  0.3017E+00
               0.1000E+01  0.3752E+00
               0.1963E+01  0.4560E+00
               0.4236E+01  0.5257E+00
               0.1239E+02  0.5687E+00
                 Infinity  0.5781E+00
           Frequency [Ry], Spin-F. parameter(mu)
                        0  0.4528E-01
               0.8070E-01  0.3890E-01
               0.2361E+00  0.2996E-01
               0.5095E+00  0.2146E-01
               0.1000E+01  0.1400E-01
               0.1963E+01  0.7395E-02
               0.4236E+01  0.2539E-02
               0.1239E+02  0.3638E-03
                 Infinity  0.0000E+00

         Verify the Chebyshev interpolation for Coulom

            Frequency   Max. Err.[%]   Ave. Err.[%]
                 0.00000E+00          0.000          0.000
                 0.80701E-01          2.072          0.417
                 0.23607E+00          0.000          0.000
                 0.50953E+00          2.610          0.485
                 0.10000E+01          0.000          0.000
                 0.19626E+01          4.161          0.758
                 0.42361E+01          0.000          0.000
                 0.12391E+02          5.993          1.038
               Infinity          0.000          0.000

         Verify the Chebyshev interpolation for S-F

            Frequency   Max. Err.[%]   Ave. Err.[%]
                 0.00000E+00          0.000          0.000
                 0.80701E-01          3.136          1.021
                 0.23607E+00          0.000          0.000
                 0.50953E+00          3.174          1.066
                 0.10000E+01          0.000          0.000
                 0.19626E+01          6.673          2.208
                 0.42361E+01          0.000          0.000
                 0.12391E+02        158.930         21.501

       q-point : 24

         Number of PWs for W : 6018
         Total RAM for Vscr :   0.93E+01 GB
         Total RAM for rho  :   0.75E+02 GB
         Total RAM for weight on coarse grid :   0.28E-01 GB
         Total RAM for Weight on dense grid :   0.14E+01 GB

         Stoner factor:

            0.16533E+00
         Total RAM for Kel :   0.31E-01 GB

         Averaged potential (mu)

           DOS(EF) =     0.7160E+01 [/Ry]
           Frequency [Ry], Coulomb parameter(mu)
                        0  0.1031E+00
               0.8070E-01  0.1057E+00
               0.2361E+00  0.1104E+00
               0.5095E+00  0.1168E+00
               0.1000E+01  0.1246E+00
               0.1963E+01  0.1341E+00
               0.4236E+01  0.1445E+00
               0.1239E+02  0.1519E+00
                 Infinity  0.1535E+00
           Frequency [Ry], Spin-F. parameter(mu)
                        0  0.4452E-01
               0.8070E-01  0.3887E-01
               0.2361E+00  0.3042E-01
               0.5095E+00  0.2188E-01
               0.1000E+01  0.1416E-01
               0.1963E+01  0.7371E-02
               0.4236E+01  0.2507E-02
               0.1239E+02  0.3582E-03
                 Infinity  0.0000E+00

         Verify the Chebyshev interpolation for Coulom

            Frequency   Max. Err.[%]   Ave. Err.[%]
                 0.00000E+00          0.000          0.000
                 0.80701E-01          1.465          0.384
                 0.23607E+00          0.000          0.000
                 0.50953E+00          2.149          0.504
                 0.10000E+01          0.000          0.000
                 0.19626E+01          3.970          0.808
                 0.42361E+01          0.000          0.000
                 0.12391E+02          5.735          1.046
               Infinity          0.000          0.000

         Verify the Chebyshev interpolation for S-F

            Frequency   Max. Err.[%]   Ave. Err.[%]
                 0.00000E+00          0.000          0.000
                 0.80701E-01          2.710          0.952
                 0.23607E+00          0.000          0.000
                 0.50953E+00          3.175          1.045
                 0.10000E+01          0.000          0.000
                 0.19626E+01          7.425          2.183
                 0.42361E+01          0.000          0.000
                 0.12391E+02        124.484         20.988

       q-point : 25

         Number of PWs for W : 6021
         Total RAM for Vscr :   0.93E+01 GB
         Total RAM for rho  :   0.75E+02 GB
         Total RAM for weight on coarse grid :   0.28E-01 GB
         Total RAM for Weight on dense grid :   0.14E+01 GB

         Stoner factor:

            0.17662E+00
         Total RAM for Kel :   0.31E-01 GB

         Averaged potential (mu)

           DOS(EF) =     0.7160E+01 [/Ry]
           Frequency [Ry], Coulomb parameter(mu)
                        0  0.1439E+00
               0.8070E-01  0.1496E+00
               0.2361E+00  0.1605E+00
               0.5095E+00  0.1761E+00
               0.1000E+01  0.1959E+00
               0.1963E+01  0.2188E+00
               0.4236E+01  0.2408E+00
               0.1239E+02  0.2551E+00
                 Infinity  0.2582E+00
           Frequency [Ry], Spin-F. parameter(mu)
                        0  0.4620E-01
               0.8070E-01  0.4029E-01
               0.2361E+00  0.3158E-01
               0.5095E+00  0.2275E-01
               0.1000E+01  0.1470E-01
               0.1963E+01  0.7647E-02
               0.4236E+01  0.2607E-02
               0.1239E+02  0.3732E-03
                 Infinity  0.0000E+00

         Verify the Chebyshev interpolation for Coulom

            Frequency   Max. Err.[%]   Ave. Err.[%]
                 0.00000E+00          0.000          0.000
                 0.80701E-01          1.597          0.411
                 0.23607E+00          0.000          0.000
                 0.50953E+00          2.314          0.512
                 0.10000E+01          0.000          0.000
                 0.19626E+01          4.076          0.786
                 0.42361E+01          0.000          0.000
                 0.12391E+02          5.725          1.007
               Infinity          0.000          0.000

         Verify the Chebyshev interpolation for S-F

            Frequency   Max. Err.[%]   Ave. Err.[%]
                 0.00000E+00          0.000          0.000
                 0.80701E-01          2.330          0.928
                 0.23607E+00          0.000          0.000
                 0.50953E+00          2.678          0.995
                 0.10000E+01          0.000          0.000
                 0.19626E+01          6.972          2.130
                 0.42361E+01          0.000          0.000
                 0.12391E+02        141.179         21.928

       q-point : 26

         Number of PWs for W : 6004
         Total RAM for Vscr :   0.92E+01 GB
         Total RAM for rho  :   0.75E+02 GB
         Total RAM for weight on coarse grid :   0.28E-01 GB
         Total RAM for Weight on dense grid :   0.14E+01 GB

         Stoner factor:

            0.16949E+00
         Total RAM for Kel :   0.31E-01 GB

         Averaged potential (mu)

           DOS(EF) =     0.7160E+01 [/Ry]
           Frequency [Ry], Coulomb parameter(mu)
                        0  0.1197E+00
               0.8070E-01  0.1236E+00
               0.2361E+00  0.1304E+00
               0.5095E+00  0.1397E+00
               0.1000E+01  0.1514E+00
               0.1963E+01  0.1659E+00
               0.4236E+01  0.1813E+00
               0.1239E+02  0.1921E+00
                 Infinity  0.1945E+00
           Frequency [Ry], Spin-F. parameter(mu)
                        0  0.4454E-01
               0.8070E-01  0.3870E-01
               0.2361E+00  0.3049E-01
               0.5095E+00  0.2215E-01
               0.1000E+01  0.1442E-01
               0.1963E+01  0.7540E-02
               0.4236E+01  0.2576E-02
               0.1239E+02  0.3693E-03
                 Infinity  0.0000E+00

         Verify the Chebyshev interpolation for Coulom

            Frequency   Max. Err.[%]   Ave. Err.[%]
                 0.00000E+00          0.000          0.000
                 0.80701E-01          1.606          0.377
                 0.23607E+00          0.000          0.000
                 0.50953E+00          2.393          0.498
                 0.10000E+01          0.000          0.000
                 0.19626E+01          4.162          0.778
                 0.42361E+01          0.000          0.000
                 0.12391E+02          5.831          0.979
               Infinity          0.000          0.000

         Verify the Chebyshev interpolation for S-F

            Frequency   Max. Err.[%]   Ave. Err.[%]
                 0.00000E+00          0.000          0.000
                 0.80701E-01          2.331          0.821
                 0.23607E+00          0.000          0.000
                 0.50953E+00          2.843          1.005
                 0.10000E+01          0.000          0.000
                 0.19626E+01          6.748          2.170
                 0.42361E+01          0.000          0.000
                 0.12391E+02        175.889         21.951

       q-point : 27

         Number of PWs for W : 6035
         Total RAM for Vscr :   0.93E+01 GB
         Total RAM for rho  :   0.75E+02 GB
         Total RAM for weight on coarse grid :   0.28E-01 GB
         Total RAM for Weight on dense grid :   0.14E+01 GB

         Stoner factor:

            0.18165E+00
         Total RAM for Kel :   0.31E-01 GB

         Averaged potential (mu)

           DOS(EF) =     0.7160E+01 [/Ry]
           Frequency [Ry], Coulomb parameter(mu)
                        0  0.2085E+00
               0.8070E-01  0.2286E+00
               0.2361E+00  0.2653E+00
               0.5095E+00  0.3207E+00
               0.1000E+01  0.3961E+00
               0.1963E+01  0.4811E+00
               0.4236E+01  0.5560E+00
               0.1239E+02  0.6036E+00
                 Infinity  0.6142E+00
           Frequency [Ry], Spin-F. parameter(mu)
                        0  0.4912E-01
               0.8070E-01  0.4119E-01
               0.2361E+00  0.3134E-01
               0.5095E+00  0.2238E-01
               0.1000E+01  0.1453E-01
               0.1963E+01  0.7621E-02
               0.4236E+01  0.2605E-02
               0.1239E+02  0.3726E-03
                 Infinity  0.0000E+00

         Verify the Chebyshev interpolation for Coulom

            Frequency   Max. Err.[%]   Ave. Err.[%]
                 0.00000E+00          0.000          0.000
                 0.80701E-01          1.915          0.398
                 0.23607E+00          0.000          0.000
                 0.50953E+00          2.524          0.468
                 0.10000E+01          0.000          0.000
                 0.19626E+01          4.305          0.743
                 0.42361E+01          0.000          0.000
                 0.12391E+02          6.271          1.019
               Infinity          0.000          0.000

         Verify the Chebyshev interpolation for S-F

            Frequency   Max. Err.[%]   Ave. Err.[%]
                 0.00000E+00          0.000          0.000
                 0.80701E-01          1.912          0.853
                 0.23607E+00          0.000          0.000
                 0.50953E+00          2.567          1.011
                 0.10000E+01          0.000          0.000
                 0.19626E+01          6.708          2.192
                 0.42361E+01          0.000          0.000
                 0.12391E+02        200.000         22.878

       q-point : 28

         Number of PWs for W : 6016
         Total RAM for Vscr :   0.93E+01 GB
         Total RAM for rho  :   0.75E+02 GB
         Total RAM for weight on coarse grid :   0.28E-01 GB
         Total RAM for Weight on dense grid :   0.14E+01 GB

         Stoner factor:

            0.16259E+00
         Total RAM for Kel :   0.31E-01 GB

         Averaged potential (mu)

           DOS(EF) =     0.7160E+01 [/Ry]
           Frequency [Ry], Coulomb parameter(mu)
                        0  0.9775E-01
               0.8070E-01  0.1003E+00
               0.2361E+00  0.1045E+00
               0.5095E+00  0.1098E+00
               0.1000E+01  0.1161E+00
               0.1963E+01  0.1238E+00
               0.4236E+01  0.1322E+00
               0.1239E+02  0.1381E+00
                 Infinity  0.1394E+00
           Frequency [Ry], Spin-F. parameter(mu)
                        0  0.4687E-01
               0.8070E-01  0.3989E-01
               0.2361E+00  0.3070E-01
               0.5095E+00  0.2194E-01
               0.1000E+01  0.1421E-01
               0.1963E+01  0.7431E-02
               0.4236E+01  0.2538E-02
               0.1239E+02  0.3633E-03
                 Infinity  0.0000E+00

         Verify the Chebyshev interpolation for Coulom

            Frequency   Max. Err.[%]   Ave. Err.[%]
                 0.00000E+00          0.000          0.000
                 0.80701E-01          1.427          0.350
                 0.23607E+00          0.000          0.000
                 0.50953E+00          2.177          0.476
                 0.10000E+01          0.000          0.000
                 0.19626E+01          3.934          0.779
                 0.42361E+01          0.000          0.000
                 0.12391E+02          5.453          0.988
               Infinity          0.000          0.000

         Verify the Chebyshev interpolation for S-F

            Frequency   Max. Err.[%]   Ave. Err.[%]
                 0.00000E+00          0.000          0.000
                 0.80701E-01          1.885          0.813
                 0.23607E+00          0.000          0.000
                 0.50953E+00          2.619          0.980
                 0.10000E+01          0.000          0.000
                 0.19626E+01          6.722          2.124
                 0.42361E+01          0.000          0.000
                 0.12391E+02        155.505         21.770

     #####  Clock summary  #####

     make_scrn    :   9372.46s CPU   6831.00s WALL (      28 calls)
     invert       :  71942.13s CPU  39780.81s WALL (      56 calls)
     make_kel     :   9217.20s CPU   6392.62s WALL (      28 calls)
     lambda_sf    :  36056.43s CPU  19976.05s WALL (      28 calls)

     #####  In make_scrn #####

     fermi_factor :      3.07s CPU      2.45s WALL (      28 calls)
     zgemm(make_s :   3314.66s CPU   1694.13s WALL (  225792 calls)

     #####  In make_kel #####

     zgemm(make_k :   3596.96s CPU   1825.82s WALL (  451584 calls)

     #####  In make_scrn and make_kel #####

     wfc*wfc=rho  :   2014.38s CPU   1041.88s WALL (   56448 calls)
     fft[rho]     :   3094.42s CPU   1565.28s WALL (   56448 calls)
 
     SCTK         :   1d 1h 9m CPU     14h44m WALL

 
   This run was terminated on:  14:59:57   6Dec2023            

=------------------------------------------------------------------------------=
   JOB DONE.
=------------------------------------------------------------------------------=
