 &plot nbnd=  15, nks=    78 /
            0.000000  0.000000  0.000000
   -4.786    4.717    8.086    8.086    9.318   14.081   14.081   15.941   17.754   20.480
   23.931   23.931   26.616   26.616   26.781
            0.050000  0.028868  0.000000
   -4.742    4.760    7.854    7.976    9.357   14.060   14.279   16.033   17.594   20.706
   23.695   23.817   25.414   26.021   27.281
            0.100000  0.057735  0.000000
   -4.610    4.888    7.229    7.689    9.476   13.941   14.832   16.318   17.134   21.336
   23.142   23.534   24.196   25.189   27.691
            0.150000  0.086603  0.000000
   -4.391    5.100    6.359    7.306    9.678   13.703   15.653   16.429   16.709   22.248
   22.544   23.167   23.182   24.423   27.804
            0.200000  0.115470  0.000000
   -4.086    5.364    5.395    6.897    9.956   13.407   15.552   16.661   17.011   22.099
   22.331   22.830   23.335   23.750   27.740
            0.250000  0.144338  0.000000
   -3.697    4.322    5.768    6.510   10.298   13.116   14.581   17.031   17.795   21.672
   22.018   22.517   23.178   24.414   27.645
            0.300000  0.173205  0.000000
   -3.224    3.281    6.171    6.213   10.687   12.876   13.582   16.721   18.996   21.164
   22.271   22.337   22.709   25.306   27.561
            0.350000  0.202073  0.000000
   -2.673    2.268    5.896    6.713   11.081   12.614   12.729   16.191   20.161   20.786
   22.136   22.343   22.953   25.848   27.463
            0.400000  0.230940  0.000000
   -2.047    1.304    5.695    7.235   11.406   11.740   12.733   15.590   20.526   21.040
   22.082   22.275   23.731   26.027   27.236
            0.450000  0.259808  0.000000
   -1.367    0.418    5.572    7.694   11.063   11.582   12.898   15.061   20.372   21.333
   21.925   22.804   24.565   25.882   26.916
            0.500000  0.288675  0.000000
   -0.856   -0.162    5.531    7.898   10.786   11.628   13.022   14.825   20.321   21.371
   21.873   23.101   25.286   25.411   26.776
            0.466667  0.346411  0.000000
   -0.805   -0.109    5.171    7.963   10.759   12.014   13.058   14.909   19.402   21.030
   22.831   22.961   24.961   25.539   27.122
            0.433333  0.404145  0.000000
   -0.651    0.045    4.311    8.157   10.659   12.883   13.165   15.200   18.205   20.283
   22.239   23.869   24.669   26.068   28.110
            0.400000  0.461880  0.000000
   -0.394    0.284    3.275    8.478   10.441   13.341   13.670   15.815   17.264   19.576
   21.562   22.632   26.451   26.616   29.372
            0.366667  0.519616  0.000000
   -0.036    0.535    2.295    8.926   10.056   13.581   14.000   16.543   16.686   19.441
   20.889   21.479   27.041   28.111   30.275
            0.333333  0.577350  0.000000
    0.422    0.422    1.819    9.498    9.498   13.878   13.878   16.499   16.774   20.266
   20.266   20.656   27.220   29.361   29.361
            0.305556  0.529239  0.000000
   -0.178    0.881    2.054    8.935   10.066   13.502   14.158   16.615   16.691   19.803
   19.965   21.736   27.068   28.599   29.858
            0.277778  0.481126  0.000000
   -0.896    1.407    2.530    8.330   10.713   12.976   14.452   16.461   16.936   19.408
   19.774   23.146   26.594   27.866   29.875
            0.250000  0.433013  0.000000
   -1.595    1.999    3.110    7.721   11.435   12.390   14.739   16.095   17.427   19.097
   19.901   24.450   25.823   27.187   29.608
            0.222222  0.384900  0.000000
   -2.243    2.654    3.758    7.137   11.803   12.223   14.989   15.658   18.060   18.877
   20.260   24.849   25.360   26.578   29.222
            0.194444  0.336787  0.000000
   -2.826    3.368    4.451    6.596   11.248   13.069   15.169   15.219   18.730   18.818
   20.757   23.818   25.591   26.055   28.810
            0.166667  0.288676  0.000000
   -3.339    4.134    5.169    6.112   10.747   13.953   14.824   15.257   18.571   19.688
   21.324   22.919   25.127   25.636   28.416
            0.138889  0.240563  0.000000
   -3.777    4.940    5.694    5.889   10.310   14.501   14.853   15.252   18.231   20.662
   21.913   22.387   24.247   25.344   28.063
            0.111111  0.192450  0.000000
   -4.138    5.346    5.768    6.577    9.948   14.265   15.160   15.730   17.620   21.733
   22.349   22.459   23.242   25.207   27.764
            0.083333  0.144337  0.000000
   -4.420    5.072    6.582    7.189    9.665   14.124   14.964   16.529   16.900   22.115
   22.694   22.894   23.101   25.265   27.525
            0.055556  0.096226  0.000000
   -4.623    4.875    7.321    7.673    9.467   14.071   14.633   16.328   17.179   21.275
   23.218   23.522   24.136   25.561   27.347
            0.027778  0.048113  0.000000
   -4.745    4.757    7.874    7.981    9.354   14.072   14.254   16.027   17.606   20.690
   23.714   23.822   25.439   26.108   27.205
            0.000000  0.000000  0.000000
   -4.786    4.717    8.086    8.086    9.318   14.081   14.081   15.941   17.754   20.480
   23.931   23.931   26.616   26.616   26.781
            0.000000  0.000000  0.062337
   -4.741    4.347    8.104    8.104    9.791   14.096   14.096   15.932   17.756   20.522
   23.478   23.478   25.872   25.872   26.687
            0.000000  0.000000  0.124674
   -4.611    3.523    8.152    8.152   10.925   14.138   14.138   15.905   17.755   20.646
   22.581   22.581   24.911   24.911   26.420
            0.000000  0.000000  0.187011
   -4.403    2.586    8.225    8.225   12.373   14.200   14.200   15.869   17.754   20.841
   21.670   21.670   24.062   24.062   26.009
            0.000000  0.000000  0.249348
   -4.136    1.     Bands written to file bands.out

     BANDS        :      1.30s CPU      1.53s WALL


   This run was terminated on:   1:56:37  28Jun2022            

=------------------------------------------------------------------------------=
   JOB DONE.
=------------------------------------------------------------------------------=
[macloud2:952373] 23 more processes have sent help message help-common-ofi.txt / package_rank failed
[macloud2:952373] Set MCA parameter "orte_base_help_aggregate" to 0 to see all help / error messages
[macloud2:952373] 23 more processes have sent help message help-mpi-btl-openib.txt / error in device init
 22.419   23.481
            0.050000  0.028868  0.436359
   -3.460    0.266    8.250    8.346   14.418   14.614   15.378   17.692   17.840   19.583
   19.907   21.820   22.339   22.730   23.541
            0.100000  0.057735  0.436359
   -3.341    0.416    7.679    8.046   14.404   14.476   15.183   17.800   18.150   19.108
   19.833   22.288   22.537   23.477   23.761
            0.150000  0.086603  0.436359
   -3.143    0.665    6.875    7.648   13.350   14.319   16.026   17.949   18.585   18.658
   19.410   22.805   23.179   24.293   24.451
            0.200000  0.115470  0.436359
   -2.865    1.011    5.948    7.225   12.149   14.172   17.061   18.029   18.094   19.012
   19.311   23.163   23.892   25.232   25.570
            0.250000  0.144338  0.436359
   -2.510    1.449    4.971    6.825   10.939   13.999   17.665   17.796   18.234   19.023
   20.048   23.404   24.382   26.397   26.800
            0.300000  0.173205  0.436359
   -2.078    1.972    3.991    6.476    9.760   13.832   17.307   17.398   19.343   19.496
   20.824   23.591   24.505   27.537   28.118
            0.350000  0.202073  0.436359
   -1.570    2.569    3.037    6.193    8.641   13.688   17.027   17.033   19.769   20.795
   21.592   23.723   24.298   28.343   29.499
            0.400000  0.230940  0.436359
   -0.992    2.131    3.212    5.986    7.620   13.579   16.759   16.825   20.216   22.050
   22.311   23.767   23.918   28.616   29.751
            0.450000  0.259808  0.436359
   -0.360    1.297    3.819    5.861    6.784   13.512   16.591   16.704   20.593   22.926
   23.086   23.547   23.676   28.582   28.913
            0.500000  0.288675  0.436359
    0.122    0.748    4.121    5.819    6.405   13.489   16.534   16.664   20.751   23.320
   23.385   23.467   23.527   28.533   28.539
            0.466667  0.346411  0.436359
    0.170    0.796    4.184    5.526    6.419   13.881   14.953   18.343   20.795   22.690
   23.086   23.433   24.316   28.440   28.518
            0.433333  0.404145  0.436359
    0.314    0.936    4.372    4.792    6.441   13.493   14.908   20.040   20.921   21.899
   22.448   23.647   25.137   28.272   28.448
            0.400000  0.461880  0.436359
    0.555    1.158    3.866    4.686    6.400   12.315   16.321   21.121   21.143   21.309
   21.562   24.338   25.952   28.128   28.302
            0.366667  0.519616  0.436359
    0.890    1.403    2.956    5.125    6.180   11.549   17.930   20.421   20.566   21.376
   21.755   25.815   26.736   27.983   28.041
            0.333333  0.577350  0.436359
    1.320    1.321    2.490    5.688    5.688   11.295   19.417   19.742   19.742   21.650
   21.650   27.298   27.510   27.510   27.802
            0.305556  0.529239  0.436359
    0.751    1.750    2.716    5.097    6.253   11.448   18.704   19.207   20.971   21.352
   21.850   26.871   26.873   27.032   27.652
            0.277778  0.481126  0.436359
    0.077    2.243    3.162    4.419    6.902   11.856   17.934   18.706   20.947   21.969
   22.130   26.109   26.218   26.440   27.587
            0.250000  0.433013  0.436359
   -0.575    2.799    3.703    3.719    7.636   12.449   17.220   18.237   20.482   21.960
   22.977   25.152   25.440   26.251   27.678
            0.222222  0.384900  0.436359
   -1.175    3.041    3.413    4.306    8.451   13.182   16.574   17.797   19.998   21.811
   23.426   24.045   24.718   26.283   27.852
            0.194444  0.336787  0.436359
   -1.712    2.413    4.081    4.955    9.345   14.022   16.004   17.381   19.523   21.562
   22.852   23.555   24.063   26.438   27.770
            0.166667  0.288676  0.436359
   -2.183    1.849    4.798    5.632   10.312   14.944   15.517   16.978   19.079   21.266
   21.647   23.486   23.497   26.542   27.133
            0.138889  0.240563  0.436359
   -2.583    1.360    5.551    6.314   11.343   15.119   15.924   16.567   18.689   20.494
   20.966   22.998   23.342   26.116   26.349
            0.111111  0.192450  0.436359
   -2.912    0.953    6.322    6.970   12.421   14.814   16.119   16.919   18.376   19.473
   20.682   22.613   23.109   25.053   25.668
            0.083333  0.144337  0.436359
   -3.169    0.632    7.079    7.562   13.516   14.603   15.604   17.737   18.295   18.670
   20.420   22.351   22.749   24.209   24.628
            0.055556  0.096226  0.436359
   -3.353    0.401    7.761    8.039   14.478   14.561   15.052   17.782   18.129   18.958
   20.170   22.246   22.247   23.544   23.736
            0.027778  0.048113  0.436359
   -3.463    0.262    8.267    8.352   14.423   14.592   15.404   17.690   17.832   19.577
   19.928   21.806   22.321   22.724   23.536
            0.000000  0.000000  0.436359
   -3.500    0.216    8.462    8.462   14.408   14.408   15.756   17.654   17.740   19.803
   19.803   21.637   22.419   22.419   23.481
            0.500000  0.288675  0.436359
    0.122    0.748    4.121    5.819    6.405   13.489   16.534   16.664   20.751   23.320
   23.385   23.467   23.527   28.533   28.539
            0.500000  0.288675  0.374021
    0.052    0.689    4.279    5.804    6.557   13.388   16.682   16.778   20.056   22.187
   23.505   23.912   24.258   28.358   28.770
            0.500000  0.288675  0.311685
   -0.125    0.536    4.717    5.761    6.989   13.141   17.039   17.115   18.683   20.906
   23.441   24.539   24.849   27.812   29.423
            0.500000  0.288675  0.249348
   -0.344    0.337    5.358    5.702    7.644   12.840   17.178   17.342   17.664   19.778
   23.355   24.938   25.179   26.888   29.594
            0.500000  0.288675  0.187011
   -0.552    0.140    5.638    6.123    8.459   12.539   15.713   16.999   18.407   19.395
   23.259   25.140   25.338   25.672   28.591
            0.500000  0.288675  0.124674
   -0.716   -0.022    5.582    6.924    9.366   12.244   14.406   16.050   19.324   19.733
   23.176   24.319   25.233   25.398   27.683
            0.500000  0.288675  0.062337
   -0.820   -0.126    5.544    7.607   10.258   11.911   13.416   15.181   20.146   20.388
   22.959   23.121   25.273   25.412   27.023
            0.500000  0.288675  0.000000
   -0.856   -0.162    5.531    7.898   10.786   11.628   13.022   14.825   20.321   21.371
   21.873   23.101   25.286   25.411   26.776
            0.333333  0.577350  0.436359
    1.320    1.321    2.490    5.688    5.688   11.295   19.417   19.742   19.742   21.650
   21.650   27.298   27.510   27.510   27.802
            0.333333  0.577350  0.374021
    1.259    1.259    2.451    5.839    5.839   11.437   19.380   19.529   19.529   21.428
   21.428   27.231   27.231   27.293   27.525
            0.333333  0.577350  0.311685
    1.100    1.100    2.347    6.260    6.260   11.852   18.838   18.838   19.274   21.027
   21.027   26.077   27.272   27.272   27.284
            0.333333  0.577350  0.249348
    0.901    0.901    2.205    6.887    6.887   12.508   17.738   17.738   19.098   20.721
   20.721   24.480   27.263   27.598   27.598
            0.333333  0.577350  0.187011
    0.708    0.708    2.057    7.650    7.650   13.363   16.476   16.476   18.833   20.516
   20.516   22.965   27.246   28.090   28.090
            0.333333  0.577350  0.124674
    0.554    0.554    1.931    8.464    8.464   14.373   15.257   15.257   18.400   20.376
   20.376   21.707   27.229   28.647   28.647
            0.333333  0.577350  0.062337
    0.456    0.456    1.848    9.181    9.181   14.283   14.283   15.485   17.671   20.293
   20.293   20.911   27.222   29.143   29.143
            0.333333  0.577350  0.000000
    0.422    0.422    1.819    9.498    9.498   13.878   13.878   16.499   16.774   20.266
   20.266   20.656   27.220   29.361   29.361
