
     Program SCTK v.7.4.1 starts on 17Mar2026 at 22:58: 4 

     This program is part of the open-source Quantum ESPRESSO suite
     for quantum simulation of materials; please cite
         "P. Giannozzi et al., J. Phys.:Condens. Matter 21 395502 (2009);
         "P. Giannozzi et al., J. Phys.:Condens. Matter 29 465901 (2017);
         "P. Giannozzi et al., J. Chem. Phys. 152 154105 (2020);
          URL http://www.quantum-espresso.org", 
     in publications or presentations arising from this work. More details at
     http://www.quantum-espresso.org/quote

     Parallel version (MPI & OpenMP), running on      64 processor cores
     Number of MPI processes:                 1
     Threads/MPI process:                    64

     MPI processes distributed on     1 nodes
     228078 MiB available memory on the printing compute node when the environment starts
 

     git hash : f4957a819c2e4d3c4ba8eba13085a27c144c6693


     Reading xml data from directory:

     ./pwscf.save/
     file B.pbe-n-kjpaw_psl.0.1.upf: wavefunction(s)  2P renormalized
     file Mg.pbe-n-kjpaw_psl.0.3.0.upf: wavefunction(s)  3S renormalized

     IMPORTANT: XC functional enforced from input :
     Exchange-correlation= PBE
                           (   1   4   3   4   0   0   0)
     Any further DFT definition will be discarded
     Please, verify this is what you really want

 
     G-vector sticks info
     --------------------
     sticks:   dense  smooth     PW     G-vecs:    dense   smooth      PW
     Sum         649     313    121                15395     5449    1179
 
     Using Slab Decomposition
 

     Check: negative core charge=   -0.000006
     Dense k-grid : 16  16  12
     Number of k(dense) : 210
     [opt_tetra]  Optimized tetrahedron method is used.
 
     Number of bands :      15
     Number of k times spin :     210
     Number of symmetries :      24
     Lowest band which contains FS :       3
     Highest band which contains FS :       5
     [opt_tetra]  Optimized tetrahedron method is used.

     #####  Read from STDIN  #####

                    Temparature[K] : -0.10000E+00
                         Xi cutoff : -0.10000E+01
                        First band : 1
                         Last band : 15
        # of Matsubara frequencies : 10
                           # of xi : 100
            # of energy for QP-DOS : 50
              Minimum energy scale :  0.10000E-06
       Max energy for QP-DOS [meV] :  0.50000E+01
             Convergense threshold :  0.10000E-14
                      Max itration : 100
                  Spin-fluctuation :  T
                      SCDFT kernel : 1
                         Z_Coulomb :  F
                   Min. freq.[THz] :  0.00000E+00
                  Min. freq. ratio : -0.10000E+01
                   Bisection steps : 10
                Bisection min. [K] : -0.10000E+01
                Bisection max. [K] : -0.10000E+01
             Q_{FFLO} [fractional] :  0.00000E+00 0.00000E+00 0.00000E+00
                 Q_{FFLO} [Ang^-1] :  0.00000E+00
               Delta initial guess : random-nodeless

     #####  Read from elph*.dat  #####

       k grid for MEs : 4  4  3
       Number of modes : 9


     Dynamical matrices for ( 4, 4, 3)  uniform grid of q-points
     With a half shift  0  0  1
     (   8 q-points):
       N         xq(1)         xq(2)         xq(3) 
       1   0.000000000   0.000000000   0.145452854
       2   0.000000000   0.000000000  -0.436358562
       3   0.000000000   0.288675135   0.145452854
       4   0.000000000   0.288675135  -0.436358562
       5   0.000000000  -0.577350269   0.145452854
       6   0.000000000  -0.577350269  -0.436358562
       7   0.250000000   0.433012702   0.145452854
       8   0.250000000   0.433012702  -0.436358562
     Because shifted q grid is used, q2r will not work !

     #####  Read from vc*.dat  #####

       Dimention of Chebyshev interpolation : 5

     #####  Average matrix in grid  #####

       nindmax : 48
         Total RAM for Vc per process :   0.53E+00 GB
         Total RAM for gg per process :   0.11E+00 GB
         Total RAM for Vc (temporary) per process :   0.14E-02 GB
         Total RAM for gg (temporary) per process :   0.28E-03 GB

     #####  Read gap function  #####

       Number of total points for gap equation : 10713  10610

     #####  Compute renormalization factor : Z  #####


     #####  Integrate gapeq  #####


     #####  Write delta.frmsf  #####

     Max :         3.16003274     Min :         0.34355073
     Max :         2.15037511     Min :         0.28798313

     #####  Clock summary  #####

     read_elph    :      2.13s CPU      0.03s WALL (       1 calls)
     read_Coulomb :      4.96s CPU      0.08s WALL (       1 calls)
     expand_g_v_f :   3357.96s CPU     53.96s WALL (       1 calls)
     make_Z_f     :     59.55s CPU      0.96s WALL (       1 calls)
     gapeq_rhs_f  :     56.29s CPU      0.89s WALL (       1 calls)
 
     SCTK         :  59m35.24s CPU     57.55s WALL

 
   This run was terminated on:  22:59: 1  17Mar2026            

=------------------------------------------------------------------------------=
   JOB DONE.
=------------------------------------------------------------------------------=
