
     Program SCTK v.7.4.1 starts on 17Mar2026 at 22:51:56 

     This program is part of the open-source Quantum ESPRESSO suite
     for quantum simulation of materials; please cite
         "P. Giannozzi et al., J. Phys.:Condens. Matter 21 395502 (2009);
         "P. Giannozzi et al., J. Phys.:Condens. Matter 29 465901 (2017);
         "P. Giannozzi et al., J. Chem. Phys. 152 154105 (2020);
          URL http://www.quantum-espresso.org", 
     in publications or presentations arising from this work. More details at
     http://www.quantum-espresso.org/quote

     Parallel version (MPI & OpenMP), running on      64 processor cores
     Number of MPI processes:                 1
     Threads/MPI process:                    64

     MPI processes distributed on     1 nodes
     228058 MiB available memory on the printing compute node when the environment starts
 

     git hash : f4957a819c2e4d3c4ba8eba13085a27c144c6693


     Reading xml data from directory:

     ./pwscf.save/
     file B.pbe-n-kjpaw_psl.0.1.upf: wavefunction(s)  2P renormalized
     file Mg.pbe-n-kjpaw_psl.0.3.0.upf: wavefunction(s)  3S renormalized

     IMPORTANT: XC functional enforced from input :
     Exchange-correlation= PBE
                           (   1   4   3   4   0   0   0)
     Any further DFT definition will be discarded
     Please, verify this is what you really want

 
     G-vector sticks info
     --------------------
     sticks:   dense  smooth     PW     G-vecs:    dense   smooth      PW
     Sum         649     313    121                15395     5449    1179
 
     Using Slab Decomposition
 

     Check: negative core charge=   -0.000006
     Dense k-grid : 16  16  12
     Number of k(dense) : 210
     [opt_tetra]  Optimized tetrahedron method is used.
 
     Number of bands :      15
     Number of k times spin :     210
     Number of symmetries :      24
     Lowest band which contains FS :       3
     Highest band which contains FS :       5
     [opt_tetra]  Optimized tetrahedron method is used.

     #####  Read from STDIN  #####

                      q grid : 4  4  3
         # of Chebyshev int. : 5
                 The first q : 1
                  The last q : 0
                      laddxc : 0
                         lsf : 1
       Cutoff kinetic energy :  0.70000E+02


     Dynamical matrices for ( 4, 4, 3)  uniform grid of q-points
     With a half shift  0  0  1
     (   8 q-points):
       N         xq(1)         xq(2)         xq(3) 
       1   0.000000000   0.000000000   0.145452854
       2   0.000000000   0.000000000  -0.436358562
       3   0.000000000   0.288675135   0.145452854
       4   0.000000000   0.288675135  -0.436358562
       5   0.000000000  -0.577350269   0.145452854
       6   0.000000000  -0.577350269  -0.436358562
       7   0.250000000   0.433012702   0.145452854
       8   0.250000000   0.433012702  -0.436358562
     Because shifted q grid is used, q2r will not work !

     EXX grid:     1907 G-vectors     FFT dimensions: (  15,  15,  18)
     Real-space augmentation: initializing EXX grid
     Message from routine real_space_q:
     integrated real space q too different from target q
     Largest difference:   1.317019 for atom type # 2

     #####  Read gvectors.dat & evc.dat  #####

       Total RAM for input WFC :   0.16E-01 GB

     #####  FFT wfc(G) -> wfc(r)  #####

       Total RAM for WFC(r) :   0.19E+00 GB
       Total RAM for <beta|WFC> :   0.11E-02 GB

     #####  Generate f_xc  #####


     #####  Set frequency grid  #####

       Index, Frequency [Ry]
         0       0.0000000E+00
         1       0.8070090E-01
         2       0.2360680E+00
         3       0.5095254E+00
         4       0.1000000E+01
         5       0.1962611E+01
         6       0.4236068E+01
         7       0.1239144E+02
         8     Infinity

     #####  Compute K_el  #####


       q-point : 1

         Number of PWs for W : 1920
         Total RAM for Vscr :   0.94E+00 GB
         Total RAM for rho  :   0.91E-01 GB
         Total RAM for weight on coarse grid :   0.14E-02 GB
         Total RAM for Weight on dense grid :   0.88E-01 GB

         Stoner criteria:
           (I_{xc} Pi_0)_{00} :  0.16248E+00
           EigMax(I_{xc} Pi_0) :  0.29658E+00
             Iteration for power method :     16
         Total RAM for Kel :   0.16E-02 GB

         Averaged potential (mu)

           DOS(EF) =     0.9554E+01 [/Ry]
           Frequency [Ry], Coulomb parameter(mu)
                        0  0.5007E+00
               0.8070E-01  0.1160E+01
               0.2361E+00  0.2198E+01
               0.5095E+00  0.3831E+01
               0.1000E+01  0.6419E+01
               0.1963E+01  0.9796E+01
               0.4236E+01  0.1243E+02
               0.1239E+02  0.1346E+02
                 Infinity  0.1362E+02
           Frequency [Ry], Spin-F. parameter(mu)
                        0  0.1100E+00
               0.8070E-01  0.5047E-01
               0.2361E+00  0.3933E-01
               0.5095E+00  0.2930E-01
               0.1000E+01  0.1802E-01
               0.1963E+01  0.8025E-02
               0.4236E+01  0.2243E-02
               0.1239E+02  0.2853E-03
                 Infinity  0.0000E+00

         Verify the Chebyshev interpolation for Coulom

            Frequency   Max. Err.[%]   Ave. Err.[%]
                 0.00000E+00          0.000          0.000
                 0.80701E-01         13.092          1.460
                 0.23607E+00          0.000          0.000
                 0.50953E+00          2.387          0.341
                 0.10000E+01          0.000          0.000
                 0.19626E+01          1.177          0.335
                 0.42361E+01          0.000          0.000
                 0.12391E+02          1.608          0.572
               Infinity          0.000          0.000

         Verify the Chebyshev interpolation for S-F

            Frequency   Max. Err.[%]   Ave. Err.[%]
                 0.00000E+00          0.000          0.000
                 0.80701E-01         68.144          5.363
                 0.23607E+00          0.000          0.000
                 0.50953E+00        200.000          4.140
                 0.10000E+01          0.000          0.000
                 0.19626E+01        130.943          7.770
                 0.42361E+01          0.000          0.000
                 0.12391E+02        200.000        186.064

       q-point : 2

         Number of PWs for W : 1913
         Total RAM for Vscr :   0.94E+00 GB
         Total RAM for rho  :   0.91E-01 GB
         Total RAM for weight on coarse grid :   0.14E-02 GB
         Total RAM for Weight on dense grid :   0.88E-01 GB

         Stoner criteria:
           (I_{xc} Pi_0)_{00} :  0.15805E+00
           EigMax(I_{xc} Pi_0) :  0.33268E+00
             Iteration for power method :     13
         Total RAM for Kel :   0.16E-02 GB

         Averaged potential (mu)

           DOS(EF) =     0.9554E+01 [/Ry]
           Frequency [Ry], Coulomb parameter(mu)
                        0  0.4182E+00
               0.8070E-01  0.6169E+00
               0.2361E+00  0.7126E+00
               0.5095E+00  0.8521E+00
               0.1000E+01  0.1079E+01
               0.1963E+01  0.1368E+01
               0.4236E+01  0.1589E+01
               0.1239E+02  0.1676E+01
                 Infinity  0.1689E+01
           Frequency [Ry], Spin-F. parameter(mu)
                        0  0.8155E-01
               0.8070E-01  0.4484E-01
               0.2361E+00  0.3732E-01
               0.5095E+00  0.2875E-01
               0.1000E+01  0.1793E-01
               0.1963E+01  0.8035E-02
               0.4236E+01  0.2252E-02
               0.1239E+02  0.2867E-03
                 Infinity  0.0000E+00

         Verify the Chebyshev interpolation for Coulom

            Frequency   Max. Err.[%]   Ave. Err.[%]
                 0.00000E+00          0.000          0.000
                 0.80701E-01         13.719          1.320
                 0.23607E+00          0.000          0.000
                 0.50953E+00          2.325          0.380
                 0.10000E+01          0.000          0.000
                 0.19626E+01          1.555          0.323
                 0.42361E+01          0.000          0.000
                 0.12391E+02          1.550          0.548
               Infinity          0.000          0.000

         Verify the Chebyshev interpolation for S-F

            Frequency   Max. Err.[%]   Ave. Err.[%]
                 0.00000E+00          0.000          0.000
                 0.80701E-01         48.654          3.946
                 0.23607E+00          0.000          0.000
                 0.50953E+00         38.210          2.447
                 0.10000E+01          0.000          0.000
                 0.19626E+01         60.013          6.102
                 0.42361E+01          0.000          0.000
                 0.12391E+02        200.000        180.980

       q-point : 3

         Number of PWs for W : 1916
         Total RAM for Vscr :   0.94E+00 GB
         Total RAM for rho  :   0.91E-01 GB
         Total RAM for weight on coarse grid :   0.14E-02 GB
         Total RAM for Weight on dense grid :   0.88E-01 GB

         Stoner criteria:
           (I_{xc} Pi_0)_{00} :  0.14857E+00
           EigMax(I_{xc} Pi_0) :  0.27866E+00
             Iteration for power method :     18
         Total RAM for Kel :   0.16E-02 GB

         Averaged potential (mu)

           DOS(EF) =     0.9554E+01 [/Ry]
           Frequency [Ry], Coulomb parameter(mu)
                        0  0.4297E+00
               0.8070E-01  0.5043E+00
               0.2361E+00  0.6467E+00
               0.5095E+00  0.8711E+00
               0.1000E+01  0.1237E+01
               0.1963E+01  0.1739E+01
               0.4236E+01  0.2161E+01
               0.1239E+02  0.2334E+01
                 Infinity  0.2360E+01
           Frequency [Ry], Spin-F. parameter(mu)
                        0  0.8929E-01
               0.8070E-01  0.6908E-01
               0.2361E+00  0.4933E-01
               0.5095E+00  0.3360E-01
               0.1000E+01  0.1956E-01
               0.1963E+01  0.8472E-02
               0.4236E+01  0.2341E-02
               0.1239E+02  0.2968E-03
                 Infinity  0.0000E+00

         Verify the Chebyshev interpolation for Coulom

            Frequency   Max. Err.[%]   Ave. Err.[%]
                 0.00000E+00          0.000          0.000
                 0.80701E-01          5.921          0.911
                 0.23607E+00          0.000          0.000
                 0.50953E+00          1.809          0.441
                 0.10000E+01          0.000          0.000
                 0.19626E+01          0.735          0.257
                 0.42361E+01          0.000          0.000
                 0.12391E+02          1.386          0.646
               Infinity          0.000          0.000

         Verify the Chebyshev interpolation for S-F

            Frequency   Max. Err.[%]   Ave. Err.[%]
                 0.00000E+00          0.000          0.000
                 0.80701E-01          3.646          0.514
                 0.23607E+00          0.000          0.000
                 0.50953E+00          8.282          1.093
                 0.10000E+01          0.000          0.000
                 0.19626E+01         19.316          4.363
                 0.42361E+01          0.000          0.000
                 0.12391E+02        200.000        186.262

       q-point : 4

         Number of PWs for W : 1902
         Total RAM for Vscr :   0.93E+00 GB
         Total RAM for rho  :   0.90E-01 GB
         Total RAM for weight on coarse grid :   0.14E-02 GB
         Total RAM for Weight on dense grid :   0.88E-01 GB

         Stoner criteria:
           (I_{xc} Pi_0)_{00} :  0.15675E+00
           EigMax(I_{xc} Pi_0) :  0.28394E+00
             Iteration for power method :     13
         Total RAM for Kel :   0.16E-02 GB

         Averaged potential (mu)

           DOS(EF) =     0.9554E+01 [/Ry]
           Frequency [Ry], Coulomb parameter(mu)
                        0  0.3761E+00
               0.8070E-01  0.4285E+00
               0.2361E+00  0.5062E+00
               0.5095E+00  0.6125E+00
               0.1000E+01  0.7822E+00
               0.1963E+01  0.1013E+01
               0.4236E+01  0.1205E+01
               0.1239E+02  0.1284E+01
                 Infinity  0.1297E+01
           Frequency [Ry], Spin-F. parameter(mu)
                        0  0.9084E-01
               0.8070E-01  0.7006E-01
               0.2361E+00  0.5141E-01
               0.5095E+00  0.3569E-01
               0.1000E+01  0.2080E-01
               0.1963E+01  0.8944E-02
               0.4236E+01  0.2456E-02
               0.1239E+02  0.3108E-03
                 Infinity  0.0000E+00

         Verify the Chebyshev interpolation for Coulom

            Frequency   Max. Err.[%]   Ave. Err.[%]
                 0.00000E+00          0.000          0.000
                 0.80701E-01          2.497          0.567
                 0.23607E+00          0.000          0.000
                 0.50953E+00          1.569          0.276
                 0.10000E+01          0.000          0.000
                 0.19626E+01          0.807          0.260
                 0.42361E+01          0.000          0.000
                 0.12391E+02          1.274          0.598
               Infinity          0.000          0.000

         Verify the Chebyshev interpolation for S-F

            Frequency   Max. Err.[%]   Ave. Err.[%]
                 0.00000E+00          0.000          0.000
                 0.80701E-01          4.743          0.564
                 0.23607E+00          0.000          0.000
                 0.50953E+00          8.167          0.936
                 0.10000E+01          0.000          0.000
                 0.19626E+01         18.816          3.809
                 0.42361E+01          0.000          0.000
                 0.12391E+02        200.000        169.346

       q-point : 5

         Number of PWs for W : 1897
         Total RAM for Vscr :   0.92E+00 GB
         Total RAM for rho  :   0.90E-01 GB
         Total RAM for weight on coarse grid :   0.14E-02 GB
         Total RAM for Weight on dense grid :   0.88E-01 GB

         Stoner criteria:
           (I_{xc} Pi_0)_{00} :  0.15485E+00
           EigMax(I_{xc} Pi_0) :  0.24747E+00
             Iteration for power method :     13
         Total RAM for Kel :   0.16E-02 GB

         Averaged potential (mu)

           DOS(EF) =     0.9554E+01 [/Ry]
           Frequency [Ry], Coulomb parameter(mu)
                        0  0.1773E+00
               0.8070E-01  0.1860E+00
               0.2361E+00  0.2000E+00
               0.5095E+00  0.2212E+00
               0.1000E+01  0.2535E+00
               0.1963E+01  0.2965E+00
               0.4236E+01  0.3335E+00
               0.1239E+02  0.3493E+00
                 Infinity  0.3518E+00
           Frequency [Ry], Spin-F. parameter(mu)
                        0  0.3619E-01
               0.8070E-01  0.3061E-01
               0.2361E+00  0.2425E-01
               0.5095E+00  0.1738E-01
               0.1000E+01  0.1035E-01
               0.1963E+01  0.4553E-02
               0.4236E+01  0.1271E-02
               0.1239E+02  0.1618E-03
                 Infinity  0.0000E+00

         Verify the Chebyshev interpolation for Coulom

            Frequency   Max. Err.[%]   Ave. Err.[%]
                 0.00000E+00          0.000          0.000
                 0.80701E-01          3.343          0.507
                 0.23607E+00          0.000          0.000
                 0.50953E+00          2.037          0.368
                 0.10000E+01          0.000          0.000
                 0.19626E+01          0.670          0.163
                 0.42361E+01          0.000          0.000
                 0.12391E+02          1.092          0.494
               Infinity          0.000          0.000

         Verify the Chebyshev interpolation for S-F

            Frequency   Max. Err.[%]   Ave. Err.[%]
                 0.00000E+00          0.000          0.000
                 0.80701E-01          3.454          0.791
                 0.23607E+00          0.000          0.000
                 0.50953E+00          3.263          1.076
                 0.10000E+01          0.000          0.000
                 0.19626E+01          8.791          4.214
                 0.42361E+01          0.000          0.000
                 0.12391E+02        200.000        186.804

       q-point : 6

         Number of PWs for W : 1904
         Total RAM for Vscr :   0.93E+00 GB
         Total RAM for rho  :   0.91E-01 GB
         Total RAM for weight on coarse grid :   0.14E-02 GB
         Total RAM for Weight on dense grid :   0.88E-01 GB

         Stoner criteria:
           (I_{xc} Pi_0)_{00} :  0.15805E+00
           EigMax(I_{xc} Pi_0) :  0.23687E+00
             Iteration for power method :     36
         Total RAM for Kel :   0.16E-02 GB

         Averaged potential (mu)

           DOS(EF) =     0.9554E+01 [/Ry]
           Frequency [Ry], Coulomb parameter(mu)
                        0  0.1874E+00
               0.8070E-01  0.1989E+00
               0.2361E+00  0.2155E+00
               0.5095E+00  0.2405E+00
               0.1000E+01  0.2791E+00
               0.1963E+01  0.3310E+00
               0.4236E+01  0.3758E+00
               0.1239E+02  0.3950E+00
                 Infinity  0.3980E+00
           Frequency [Ry], Spin-F. parameter(mu)
                        0  0.3924E-01
               0.8070E-01  0.3282E-01
               0.2361E+00  0.2592E-01
               0.5095E+00  0.1831E-01
               0.1000E+01  0.1070E-01
               0.1963E+01  0.4637E-02
               0.4236E+01  0.1285E-02
               0.1239E+02  0.1631E-03
                 Infinity  0.0000E+00

         Verify the Chebyshev interpolation for Coulom

            Frequency   Max. Err.[%]   Ave. Err.[%]
                 0.00000E+00          0.000          0.000
                 0.80701E-01          2.360          0.381
                 0.23607E+00          0.000          0.000
                 0.50953E+00          1.982          0.316
                 0.10000E+01          0.000          0.000
                 0.19626E+01          0.844          0.188
                 0.42361E+01          0.000          0.000
                 0.12391E+02          0.976          0.499
               Infinity          0.000          0.000

         Verify the Chebyshev interpolation for S-F

            Frequency   Max. Err.[%]   Ave. Err.[%]
                 0.00000E+00          0.000          0.000
                 0.80701E-01          3.561          0.887
                 0.23607E+00          0.000          0.000
                 0.50953E+00          3.062          1.079
                 0.10000E+01          0.000          0.000
                 0.19626E+01          9.448          4.114
                 0.42361E+01          0.000          0.000
                 0.12391E+02        200.000        182.073

       q-point : 7

         Number of PWs for W : 1921
         Total RAM for Vscr :   0.94E+00 GB
         Total RAM for rho  :   0.91E-01 GB
         Total RAM for weight on coarse grid :   0.14E-02 GB
         Total RAM for Weight on dense grid :   0.88E-01 GB

         Stoner criteria:
           (I_{xc} Pi_0)_{00} :  0.14848E+00
           EigMax(I_{xc} Pi_0) :  0.24692E+00
             Iteration for power method :     23
         Total RAM for Kel :   0.16E-02 GB

         Averaged potential (mu)

           DOS(EF) =     0.9554E+01 [/Ry]
           Frequency [Ry], Coulomb parameter(mu)
                        0  0.2014E+00
               0.8070E-01  0.2112E+00
               0.2361E+00  0.2289E+00
               0.5095E+00  0.2594E+00
               0.1000E+01  0.3078E+00
               0.1963E+01  0.3719E+00
               0.4236E+01  0.4266E+00
               0.1239E+02  0.4499E+00
                 Infinity  0.4536E+00
           Frequency [Ry], Spin-F. parameter(mu)
                        0  0.4051E-01
               0.8070E-01  0.3508E-01
               0.2361E+00  0.2793E-01
               0.5095E+00  0.1964E-01
               0.1000E+01  0.1142E-01
               0.1963E+01  0.4940E-02
               0.4236E+01  0.1367E-02
               0.1239E+02  0.1735E-03
                 Infinity  0.0000E+00

         Verify the Chebyshev interpolation for Coulom

            Frequency   Max. Err.[%]   Ave. Err.[%]
                 0.00000E+00          0.000          0.000
                 0.80701E-01          2.249          0.394
                 0.23607E+00          0.000          0.000
                 0.50953E+00          1.857          0.356
                 0.10000E+01          0.000          0.000
                 0.19626E+01          0.805          0.166
                 0.42361E+01          0.000          0.000
                 0.12391E+02          1.035          0.500
               Infinity          0.000          0.000

         Verify the Chebyshev interpolation for S-F

            Frequency   Max. Err.[%]   Ave. Err.[%]
                 0.00000E+00          0.000          0.000
                 0.80701E-01          2.406          0.688
                 0.23607E+00          0.000          0.000
                 0.50953E+00          2.008          0.857
                 0.10000E+01          0.000          0.000
                 0.19626E+01          6.174          3.731
                 0.42361E+01          0.000          0.000
                 0.12391E+02        200.000        183.550

       q-point : 8

         Number of PWs for W : 1912
         Total RAM for Vscr :   0.94E+00 GB
         Total RAM for rho  :   0.91E-01 GB
         Total RAM for weight on coarse grid :   0.14E-02 GB
         Total RAM for Weight on dense grid :   0.88E-01 GB

         Stoner criteria:
           (I_{xc} Pi_0)_{00} :  0.15588E+00
           EigMax(I_{xc} Pi_0) :  0.25539E+00
             Iteration for power method :     34
         Total RAM for Kel :   0.16E-02 GB

         Averaged potential (mu)

           DOS(EF) =     0.9554E+01 [/Ry]
           Frequency [Ry], Coulomb parameter(mu)
                        0  0.2072E+00
               0.8070E-01  0.2166E+00
               0.2361E+00  0.2322E+00
               0.5095E+00  0.2585E+00
               0.1000E+01  0.3004E+00
               0.1963E+01  0.3560E+00
               0.4236E+01  0.4033E+00
               0.1239E+02  0.4233E+00
                 Infinity  0.4265E+00
           Frequency [Ry], Spin-F. parameter(mu)
                        0  0.4416E-01
               0.8070E-01  0.3802E-01
               0.2361E+00  0.3025E-01
               0.5095E+00  0.2132E-01
               0.1000E+01  0.1240E-01
               0.1963E+01  0.5355E-02
               0.4236E+01  0.1479E-02
               0.1239E+02  0.1876E-03
                 Infinity  0.0000E+00

         Verify the Chebyshev interpolation for Coulom

            Frequency   Max. Err.[%]   Ave. Err.[%]
                 0.00000E+00          0.000          0.000
                 0.80701E-01          1.741          0.331
                 0.23607E+00          0.000          0.000
                 0.50953E+00          1.673          0.298
                 0.10000E+01          0.000          0.000
                 0.19626E+01          0.661          0.186
                 0.42361E+01          0.000          0.000
                 0.12391E+02          1.014          0.514
               Infinity          0.000          0.000

         Verify the Chebyshev interpolation for S-F

            Frequency   Max. Err.[%]   Ave. Err.[%]
                 0.00000E+00          0.000          0.000
                 0.80701E-01          2.854          0.781
                 0.23607E+00          0.000          0.000
                 0.50953E+00          2.467          0.927
                 0.10000E+01          0.000          0.000
                 0.19626E+01          6.743          3.806
                 0.42361E+01          0.000          0.000
                 0.12391E+02        200.000        179.178

     #####  Clock summary  #####

     make_scrn    :   1185.53s CPU     28.90s WALL (       8 calls)
     invert       :   4128.72s CPU     65.56s WALL (      16 calls)
     make_kel     :   1320.78s CPU     23.66s WALL (       8 calls)
     lambda_sf    :   9640.32s CPU    153.61s WALL (       8 calls)

     #####  In make_scrn #####

     fermi_factor :    259.18s CPU     11.32s WALL (       8 calls)
     zgemm(make_s :    401.49s CPU      6.39s WALL (     960 calls)

     #####  In make_kel #####

     zgemm(make_k :    899.08s CPU     16.91s WALL (    1920 calls)

     #####  In make_scrn and make_kel #####

     wfc*wfc=rho  :    386.79s CPU      6.10s WALL (     240 calls)
     fft[rho]     :    308.13s CPU      4.90s WALL (     240 calls)

     #####  In wfc*wfc=rho #####

 
     SCTK         :      4h 0m CPU   4m 4.42s WALL

 
   This run was terminated on:  22:56: 0  17Mar2026            

=------------------------------------------------------------------------------=
   JOB DONE.
=------------------------------------------------------------------------------=
