
     Program SCTK v.7.4.1 starts on 13Mar2026 at 12: 9:59 

     This program is part of the open-source Quantum ESPRESSO suite
     for quantum simulation of materials; please cite
         "P. Giannozzi et al., J. Phys.:Condens. Matter 21 395502 (2009);
         "P. Giannozzi et al., J. Phys.:Condens. Matter 29 465901 (2017);
         "P. Giannozzi et al., J. Chem. Phys. 152 154105 (2020);
          URL http://www.quantum-espresso.org", 
     in publications or presentations arising from this work. More details at
     http://www.quantum-espresso.org/quote

     Parallel version (MPI & OpenMP), running on      64 processor cores
     Number of MPI processes:                 1
     Threads/MPI process:                    64

     MPI processes distributed on     1 nodes
     228851 MiB available memory on the printing compute node when the environment starts
 

     git hash : 9a2374026cdeae3bd0a3457996eb8bceae8760dd


     Reading xml data from directory:

     ./pwscf.save/
     file B.pbe-n-kjpaw_psl.0.1.upf: wavefunction(s)  2P renormalized
     file Mg.pbe-n-kjpaw_psl.0.3.0.upf: wavefunction(s)  3S renormalized

     IMPORTANT: XC functional enforced from input :
     Exchange-correlation= PBE
                           (   1   4   3   4   0   0   0)
     Any further DFT definition will be discarded
     Please, verify this is what you really want

 
     G-vector sticks info
     --------------------
     sticks:   dense  smooth     PW     G-vecs:    dense   smooth      PW
     Sum         649     313    121                15395     5449    1155
 
     Using Slab Decomposition
 

     Check: negative core charge=   -0.000006
     Dense k-grid : 16  16  12
     Number of k(dense) : 210
     [opt_tetra]  Optimized tetrahedron method is used.
 
     Number of bands :      15
     Number of k times spin :     210
     Number of symmetries :      24
     Lowest band which contains FS :       3
     Highest band which contains FS :       5
     [opt_tetra]  Optimized tetrahedron method is used.

     #####  Read from STDIN  #####

                    Temparature[K] : -0.10000E+00
                         Xi cutoff : -0.10000E+01
                        First band : 1
                         Last band : 15
        # of Matsubara frequencies : 10
                           # of xi : 100
            # of energy for QP-DOS : 50
              Minimum energy scale :  0.10000E-06
       Max energy for QP-DOS [meV] :  0.50000E+01
             Convergense threshold :  0.10000E-14
                      Max itration : 100
                  Spin-fluctuation :  T
                      SCDFT kernel : 1
                         Z_Coulomb :  F
                   Min. freq.[THz] :  0.00000E+00
                  Min. freq. ratio : -0.10000E+01
                   Bisection steps : 10
                Bisection min. [K] : -0.10000E+01
                Bisection max. [K] : -0.10000E+01
             Q_{FFLO} [fractional] :  0.00000E+00 0.00000E+00 0.00000E+00
                 Q_{FFLO} [Ang^-1] :  0.00000E+00
               Delta initial guess : random-nodeless

     #####  Read from elph*.dat  #####

       k grid for MEs : 4  4  3
       Number of modes : 9


     Dynamical matrices for ( 4, 4, 3)  uniform grid of q-points
     With a half shift
     (  12 q-points):
       N         xq(1)         xq(2)         xq(3) 
       1   0.125000000   0.216506351   0.145452854
       2   0.125000000   0.216506351  -0.436358562
       3   0.125000000   0.505181486   0.145452854
       4   0.125000000   0.505181486  -0.436358562
       5   0.125000000  -0.360843918   0.145452854
       6   0.125000000  -0.360843918  -0.436358562
       7   0.125000000  -0.072168784   0.145452854
       8   0.125000000  -0.072168784  -0.436358562
       9   0.375000000   0.649519053   0.145452854
      10   0.375000000   0.649519053  -0.436358562
      11   0.375000000  -0.216506351   0.145452854
      12   0.375000000  -0.216506351  -0.436358562
     Because shifted q grid is used, q2r will not work !

     #####  Read from vc*.dat  #####

       Dimention of Chebyshev interpolation : 5

     #####  Set or read initial delta  #####

       Initial delta is theta function
       Number of symmetries conserving q_FFLO :    24
       DOS(E_F)[/Ry/cell/spin] :  0.47769E+01
       DOS(E_F)[/Ry/cell/spin] :  0.47769E+01
       Number of total points for gap equation : 10713  8800

     #####  Average matrix in grid  #####

         Total RAM for Vc per process :   0.41E-01 GB
         Total RAM for gg per process :   0.15E-02 GB
         Total RAM for Vc (temporary) per process :   0.10E-01 GB
         Total RAM for gg (temporary) per process :   0.37E-03 GB

     #####  Compute renormalization factor : Z  #####

       Averaged Z_{FS} :  0.53308E+00   0.53298E+00

     #####  Compute effective interaction  #####


     #####  Solve gap equation  #####


       Iteration 1

         Residual[Ry] :  0.68876E-04
          Delta [meV] :  0.53168E+02   0.50507E+02

       Iteration 2

         Residual[Ry] :  0.29873E-04
          Delta [meV] :  0.34389E+02   0.30176E+02

       Iteration 3

         Residual[Ry] :  0.94386E-05
          Delta [meV] :  0.20073E+02   0.15725E+02

       Iteration 4

         Residual[Ry] :  0.74729E-05
          Delta [meV] :  0.16527E+02   0.13135E+02

       Iteration 5

         Residual[Ry] :  0.13426E-05
          Delta [meV] :  0.57868E+01   0.44549E+01

       Iteration 6

         Residual[Ry] :  0.11993E-05
          Delta [meV] :  0.48685E+01   0.31059E+01

       Iteration 7

         Residual[Ry] :  0.13943E-05
          Delta [meV] :  0.49501E+01   0.28045E+01

       Iteration 8

         Residual[Ry] :  0.64694E-06
          Delta [meV] :  0.45456E+01   0.40451E+01

       Iteration 9

         Residual[Ry] :  0.51426E-06
          Delta [meV] :  0.42908E+01   0.41057E+01

       Iteration 10

         Residual[Ry] :  0.38973E-06
          Delta [meV] :  0.37532E+01   0.36195E+01

       Iteration 11

         Residual[Ry] :  0.22684E-06
          Delta [meV] :  0.25878E+01   0.27143E+01

       Iteration 12

         Residual[Ry] :  0.18616E-06
          Delta [meV] :  0.24516E+01   0.25485E+01

       Iteration 13

         Residual[Ry] :  0.97733E-07
          Delta [meV] :  0.17723E+01   0.18993E+01

       Iteration 14

         Residual[Ry] :  0.60729E-07
          Delta [meV] :  0.14247E+01   0.14822E+01

       Iteration 15

         Residual[Ry] :  0.46775E-07
          Delta [meV] :  0.12962E+01   0.13664E+01

       Iteration 16

         Residual[Ry] :  0.35441E-07
          Delta [meV] :  0.11658E+01   0.12413E+01

       Iteration 17

         Residual[Ry] :  0.33715E-07
          Delta [meV] :  0.11547E+01   0.12216E+01

       Iteration 18

         Residual[Ry] :  0.34303E-07
          Delta [meV] :  0.11359E+01   0.12023E+01

       Iteration 19

         Residual[Ry] :  0.34027E-07
          Delta [meV] :  0.11389E+01   0.12051E+01

       Iteration 20

         Residual[Ry] :  0.30527E-07
          Delta [meV] :  0.11510E+01   0.12108E+01

       Iteration 21

         Residual[Ry] :  0.26921E-07
          Delta [meV] :  0.11394E+01   0.11954E+01

       Iteration 22

         Residual[Ry] :  0.18885E-07
          Delta [meV] :  0.11099E+01   0.11624E+01

       Iteration 23

         Residual[Ry] :  0.12070E-07
          Delta [meV] :  0.10796E+01   0.11219E+01

       Iteration 24

         Residual[Ry] :  0.10806E-07
          Delta [meV] :  0.10783E+01   0.11181E+01

       Iteration 25

         Residual[Ry] :  0.83482E-08
          Delta [meV] :  0.10785E+01   0.11181E+01

       Iteration 26

         Residual[Ry] :  0.48257E-08
          Delta [meV] :  0.10709E+01   0.11097E+01

       Iteration 27

         Residual[Ry] :  0.33163E-08
          Delta [meV] :  0.10665E+01   0.11047E+01

       Iteration 28

         Residual[Ry] :  0.23949E-08
          Delta [meV] :  0.10680E+01   0.11064E+01

       Iteration 29

         Residual[Ry] :  0.93375E-09
          Delta [meV] :  0.10724E+01   0.11111E+01

       Iteration 30

         Residual[Ry] :  0.73846E-09
          Delta [meV] :  0.10726E+01   0.11111E+01

       Iteration 31

         Residual[Ry] :  0.30099E-09
          Delta [meV] :  0.10732E+01   0.11117E+01

       Iteration 32

         Residual[Ry] :  0.19210E-09
          Delta [meV] :  0.10733E+01   0.11119E+01

       Iteration 33

         Residual[Ry] :  0.12849E-09
          Delta [meV] :  0.10734E+01   0.11119E+01

       Iteration 34

         Residual[Ry] :  0.76030E-10
          Delta [meV] :  0.10735E+01   0.11121E+01

       Iteration 35

         Residual[Ry] :  0.49387E-10
          Delta [meV] :  0.10736E+01   0.11121E+01

       Iteration 36

         Residual[Ry] :  0.30588E-10
          Delta [meV] :  0.10736E+01   0.11122E+01

       Iteration 37

         Residual[Ry] :  0.25091E-10
          Delta [meV] :  0.10736E+01   0.11122E+01

       Iteration 38

         Residual[Ry] :  0.99237E-11
          Delta [meV] :  0.10736E+01   0.11121E+01

       Iteration 39

         Residual[Ry] :  0.42581E-11
          Delta [meV] :  0.10736E+01   0.11121E+01

       Iteration 40

         Residual[Ry] :  0.32637E-11
          Delta [meV] :  0.10736E+01   0.11121E+01

       Iteration 41

         Residual[Ry] :  0.10492E-11
          Delta [meV] :  0.10736E+01   0.11121E+01

       Iteration 42

         Residual[Ry] :  0.57423E-12
          Delta [meV] :  0.10736E+01   0.11121E+01

       Iteration 43

         Residual[Ry] :  0.42064E-12
          Delta [meV] :  0.10736E+01   0.11121E+01

       Iteration 44

         Residual[Ry] :  0.15997E-12
          Delta [meV] :  0.10736E+01   0.11121E+01

       Iteration 45

         Residual[Ry] :  0.96540E-13
          Delta [meV] :  0.10736E+01   0.11121E+01

       Iteration 46

         Residual[Ry] :  0.70758E-13
          Delta [meV] :  0.10736E+01   0.11121E+01

       Iteration 47

         Residual[Ry] :  0.22060E-13
          Delta [meV] :  0.10736E+01   0.11121E+01

       Iteration 48

         Residual[Ry] :  0.17051E-13
          Delta [meV] :  0.10736E+01   0.11121E+01

       Iteration 49

         Residual[Ry] :  0.73797E-14
          Delta [meV] :  0.10736E+01   0.11121E+01

       Iteration 50

         Residual[Ry] :  0.43706E-14
          Delta [meV] :  0.10736E+01   0.11121E+01

       Iteration 51

         Residual[Ry] :  0.32315E-14
          Delta [meV] :  0.10736E+01   0.11121E+01

       Iteration 52

         Residual[Ry] :  0.90263E-15
          Delta [meV] :  0.10736E+01   0.11121E+01

       Converged ! iter = 52


     T[K]-D[meV]     0.00000E+00    0.10928E+01

       Initial delta is read from file (./pwscf_delta.dat)
       Number of total points for gap equation : 10713  8800
       DOS(E_F)[Ry^-1/cell/spin] :  0.47769E+01
       DOS(E_F)[Ry^-1/cell/spin] :  0.47859E+01

     #####  Compute renormalization factor : Z  #####

       Averaged Z_{FS} :  0.52263E+00   0.52254E+00

     #####  Compute effective interaction  #####


     #####  Solve gap equation  #####


       Iteration 1

         Residual[Ry] :  0.35696E-07
          Delta [meV] :  0.10736E+01   0.11121E+01

       Iteration 2

         Residual[Ry] :  0.22632E-07
          Delta [meV] :  0.10652E+01   0.11041E+01

       Iteration 3

         Residual[Ry] :  0.19356E-07
          Delta [meV] :  0.10482E+01   0.10874E+01

       Iteration 4

         Residual[Ry] :  0.17429E-07
          Delta [meV] :  0.10282E+01   0.10679E+01

       Iteration 5

         Residual[Ry] :  0.10506E-07
          Delta [meV] :  0.90348E+00   0.94787E+00

       Iteration 6

         Residual[Ry] :  0.11180E-07
          Delta [meV] :  0.88881E+00   0.93592E+00

       Iteration 7

         Residual[Ry] :  0.10246E-07
          Delta [meV] :  0.89497E+00   0.93958E+00

       Iteration 8

         Residual[Ry] :  0.91509E-08
          Delta [meV] :  0.89076E+00   0.93302E+00

       Iteration 9

         Residual[Ry] :  0.73915E-08
          Delta [meV] :  0.86087E+00   0.89912E+00

       Iteration 10

         Residual[Ry] :  0.72483E-08
          Delta [meV] :  0.83918E+00   0.87560E+00

       Iteration 11

         Residual[Ry] :  0.74215E-08
          Delta [meV] :  0.83397E+00   0.87054E+00

       Iteration 12

         Residual[Ry] :  0.69836E-08
          Delta [meV] :  0.84623E+00   0.88260E+00

       Iteration 13

         Residual[Ry] :  0.67722E-08
          Delta [meV] :  0.84069E+00   0.87678E+00

       Iteration 14

         Residual[Ry] :  0.50606E-08
          Delta [meV] :  0.80972E+00   0.84350E+00

       Iteration 15

         Residual[Ry] :  0.44746E-08
          Delta [meV] :  0.79225E+00   0.82493E+00

       Iteration 16

         Residual[Ry] :  0.35171E-08
          Delta [meV] :  0.78128E+00   0.81309E+00

       Iteration 17

         Residual[Ry] :  0.19538E-08
          Delta [meV] :  0.75216E+00   0.78204E+00

       Iteration 18

         Residual[Ry] :  0.17466E-08
          Delta [meV] :  0.74157E+00   0.77130E+00

       Iteration 19

         Residual[Ry] :  0.14891E-08
          Delta [meV] :  0.73217E+00   0.76105E+00

       Iteration 20

         Residual[Ry] :  0.11735E-08
          Delta [meV] :  0.73618E+00   0.76493E+00

       Iteration 21

         Residual[Ry] :  0.63078E-09
          Delta [meV] :  0.73438E+00   0.76250E+00

       Iteration 22

         Residual[Ry] :  0.36854E-09
          Delta [meV] :  0.73183E+00   0.76031E+00

       Iteration 23

         Residual[Ry] :  0.24924E-09
          Delta [meV] :  0.72994E+00   0.75846E+00

       Iteration 24

         Residual[Ry] :  0.10547E-09
          Delta [meV] :  0.72935E+00   0.75810E+00

       Iteration 25

         Residual[Ry] :  0.54390E-10
          Delta [meV] :  0.72933E+00   0.75809E+00

       Iteration 26

         Residual[Ry] :  0.34989E-10
          Delta [meV] :  0.72938E+00   0.75810E+00

       Iteration 27

         Residual[Ry] :  0.15184E-10
          Delta [meV] :  0.72939E+00   0.75807E+00

       Iteration 28

         Residual[Ry] :  0.11644E-10
          Delta [meV] :  0.72941E+00   0.75809E+00

       Iteration 29

         Residual[Ry] :  0.59699E-11
          Delta [meV] :  0.72944E+00   0.75812E+00

       Iteration 30

         Residual[Ry] :  0.32953E-11
          Delta [meV] :  0.72945E+00   0.75813E+00

       Iteration 31

         Residual[Ry] :  0.16742E-11
          Delta [meV] :  0.72946E+00   0.75815E+00

       Iteration 32

         Residual[Ry] :  0.13911E-11
          Delta [meV] :  0.72946E+00   0.75814E+00

       Iteration 33

         Residual[Ry] :  0.85823E-12
          Delta [meV] :  0.72946E+00   0.75814E+00

       Iteration 34

         Residual[Ry] :  0.27685E-12
          Delta [meV] :  0.72945E+00   0.75814E+00

       Iteration 35

         Residual[Ry] :  0.22483E-12
          Delta [meV] :  0.72945E+00   0.75813E+00

       Iteration 36

         Residual[Ry] :  0.10124E-12
          Delta [meV] :  0.72945E+00   0.75813E+00

       Iteration 37

         Residual[Ry] :  0.62000E-13
          Delta [meV] :  0.72945E+00   0.75813E+00

       Iteration 38

         Residual[Ry] :  0.44628E-13
          Delta [meV] :  0.72945E+00   0.75813E+00

       Iteration 39

         Residual[Ry] :  0.15269E-13
          Delta [meV] :  0.72945E+00   0.75813E+00

       Iteration 40

         Residual[Ry] :  0.96706E-14
          Delta [meV] :  0.72945E+00   0.75813E+00

       Iteration 41

         Residual[Ry] :  0.66762E-14
          Delta [meV] :  0.72945E+00   0.75813E+00

       Iteration 42

         Residual[Ry] :  0.30548E-14
          Delta [meV] :  0.72945E+00   0.75813E+00

       Iteration 43

         Residual[Ry] :  0.18646E-14
          Delta [meV] :  0.72945E+00   0.75813E+00

       Iteration 44

         Residual[Ry] :  0.14620E-14
          Delta [meV] :  0.72945E+00   0.75813E+00

       Iteration 45

         Residual[Ry] :  0.57010E-15
          Delta [meV] :  0.72945E+00   0.75813E+00

       Converged ! iter = 45

       Super current [a.u.] :             NaN            NaN

     T[K]-D[meV]:     0.71649E+01    0.74379E+00

       Initial delta is read from file (./pwscf_delta.dat)
       Number of total points for gap equation : 10713  8800
       DOS(E_F)[Ry^-1/cell/spin] :  0.47769E+01
       DOS(E_F)[Ry^-1/cell/spin] :  0.47859E+01

     #####  Compute renormalization factor : Z  #####

       Averaged Z_{FS} :  0.51250E+00   0.51241E+00

     #####  Compute effective interaction  #####


     #####  Solve gap equation  #####


       Iteration 1

         Residual[Ry] :  0.91264E-07
          Delta [meV] :  0.10736E+01   0.11121E+01

       Iteration 2

         Residual[Ry] :  0.60780E-07
          Delta [meV] :  0.10507E+01   0.10891E+01

       Iteration 3

         Residual[Ry] :  0.53143E-07
          Delta [meV] :  0.10051E+01   0.10421E+01

       Iteration 4

         Residual[Ry] :  0.48362E-07
          Delta [meV] :  0.95111E+00   0.98499E+00

       Iteration 5

         Residual[Ry] :  0.34314E-07
          Delta [meV] :  0.57692E+00   0.57894E+00

       Iteration 6

         Residual[Ry] :  0.39204E-07
          Delta [meV] :  0.56840E+00   0.55890E+00

       Iteration 7

         Residual[Ry] :  0.26346E-07
          Delta [meV] :  0.52359E+00   0.54294E+00

       Iteration 8

         Residual[Ry] :  0.22792E-07
          Delta [meV] :  0.48879E+00   0.51568E+00

       Iteration 9

         Residual[Ry] :  0.20140E-07
          Delta [meV] :  0.42441E+00   0.45021E+00

       Iteration 10

         Residual[Ry] :  0.18158E-07
          Delta [meV] :  0.26336E+00   0.28877E+00

       Iteration 11

         Residual[Ry] :  0.18593E-07
          Delta [meV] :  0.24723E+00   0.27296E+00

       Iteration 12

         Residual[Ry] :  0.17494E-07
          Delta [meV] :  0.26965E+00   0.29279E+00

       Iteration 13

         Residual[Ry] :  0.16577E-07
          Delta [meV] :  0.25319E+00   0.27549E+00

       Iteration 14

         Residual[Ry] :  0.14616E-07
          Delta [meV] :  0.24389E+00   0.26112E+00

       Iteration 15

         Residual[Ry] :  0.13473E-07
          Delta [meV] :  0.18600E+00   0.20095E+00

       Iteration 16

         Residual[Ry] :  0.11246E-07
          Delta [meV] :  0.10594E+00   0.11345E+00

       Iteration 17

         Residual[Ry] :  0.92221E-08
          Delta [meV] :  0.95845E-01   0.10307E+00

       Iteration 18

         Residual[Ry] :  0.53891E-08
          Delta [meV] :  0.35582E-01   0.38575E-01

       Iteration 19

         Residual[Ry] :  0.48234E-08
          Delta [meV] :  0.23543E-01   0.28637E-01

       Iteration 20

         Residual[Ry] :  0.34395E-08
          Delta [meV] :  0.10055E-01   0.98500E-02

       Iteration 21

         Residual[Ry] :  0.17230E-08
          Delta [meV] :  0.78792E-02   0.88588E-02

       Iteration 22

         Residual[Ry] :  0.56813E-09
          Delta [meV] :  0.73539E-03   0.16682E-02

       Iteration 23

         Residual[Ry] :  0.38916E-09
          Delta [meV] :  0.45363E-03   0.56734E-03

       Iteration 24

         Residual[Ry] :  0.19986E-09
          Delta [meV] :  0.45988E-03   0.64621E-03

       Iteration 25

         Residual[Ry] :  0.10431E-09
          Delta [meV] :  0.29105E-03   0.24966E-03

       Iteration 26

         Residual[Ry] :  0.79478E-10
          Delta [meV] :  0.31481E-03   0.27139E-03

       Iteration 27

         Residual[Ry] :  0.25781E-10
          Delta [meV] :  0.11757E-03   0.11750E-03

       Iteration 28

         Residual[Ry] :  0.20238E-10
          Delta [meV] :  0.80192E-04   0.87720E-04

       Iteration 29

         Residual[Ry] :  0.11040E-10
          Delta [meV] :  0.20695E-04   0.20050E-04

       Iteration 30

         Residual[Ry] :  0.48321E-11
          Delta [meV] :  0.36900E-04   0.39031E-04

       Iteration 31

         Residual[Ry] :  0.35977E-11
          Delta [meV] :  0.37474E-04   0.39296E-04

       Iteration 32

         Residual[Ry] :  0.25159E-11
          Delta [meV] :  0.22336E-04   0.22981E-04

       Iteration 33

         Residual[Ry] :  0.88987E-12
          Delta [meV] :  0.13346E-05   0.18122E-05

       Iteration 34

         Residual[Ry] :  0.70594E-12
          Delta [meV] :  0.14601E-05   0.17342E-05

       Iteration 35

         Residual[Ry] :  0.34913E-12
          Delta [meV] :  0.62144E-06   0.53460E-06

       Iteration 36

         Residual[Ry] :  0.21580E-12
          Delta [meV] :  0.96598E-06   0.10065E-05

       Iteration 37

         Residual[Ry] :  0.14407E-12
          Delta [meV] :  0.96635E-06   0.10263E-05

       Iteration 38

         Residual[Ry] :  0.78261E-13
          Delta [meV] :  0.56550E-06   0.59199E-06

       Iteration 39

         Residual[Ry] :  0.23926E-13
          Delta [meV] :  0.10700E-06   0.99350E-07

       Iteration 40

         Residual[Ry] :  0.18787E-13
          Delta [meV] :  0.64374E-07   0.58495E-07

       Iteration 41

         Residual[Ry] :  0.60095E-14
          Delta [meV] :  0.27446E-07   0.30068E-07

       Iteration 42

         Residual[Ry] :  0.44417E-14
          Delta [meV] :  0.30892E-07   0.33425E-07

       Iteration 43

         Residual[Ry] :  0.29623E-14
          Delta [meV] :  0.20354E-07   0.22075E-07

       Iteration 44

         Residual[Ry] :  0.28833E-15
          Delta [meV] :  0.56352E-09   0.65085E-09

       Converged ! iter = 44

       Super current [a.u.] :             NaN            NaN

     T[K]-D[meV]:     0.14330E+02    0.60719E-09

       Initial delta is read from file (./pwscf_delta.dat)
       Number of total points for gap equation : 10713  8800
       DOS(E_F)[Ry^-1/cell/spin] :  0.47769E+01
       DOS(E_F)[Ry^-1/cell/spin] :  0.47859E+01

     #####  Compute renormalization factor : Z  #####

       Averaged Z_{FS} :  0.52263E+00   0.52254E+00

     #####  Compute effective interaction  #####


     #####  Solve gap equation  #####


       Iteration 1

         Residual[Ry] :  0.35696E-07
          Delta [meV] :  0.10736E+01   0.11121E+01

       Iteration 2

         Residual[Ry] :  0.22632E-07
          Delta [meV] :  0.10652E+01   0.11041E+01

       Iteration 3

         Residual[Ry] :  0.19356E-07
          Delta [meV] :  0.10482E+01   0.10874E+01

       Iteration 4

         Residual[Ry] :  0.17429E-07
          Delta [meV] :  0.10282E+01   0.10679E+01

       Iteration 5

         Residual[Ry] :  0.10506E-07
          Delta [meV] :  0.90348E+00   0.94787E+00

       Iteration 6

         Residual[Ry] :  0.11180E-07
          Delta [meV] :  0.88881E+00   0.93592E+00

       Iteration 7

         Residual[Ry] :  0.10246E-07
          Delta [meV] :  0.89497E+00   0.93958E+00

       Iteration 8

         Residual[Ry] :  0.91509E-08
          Delta [meV] :  0.89076E+00   0.93302E+00

       Iteration 9

         Residual[Ry] :  0.73915E-08
          Delta [meV] :  0.86087E+00   0.89912E+00

       Iteration 10

         Residual[Ry] :  0.72483E-08
          Delta [meV] :  0.83918E+00   0.87560E+00

       Iteration 11

         Residual[Ry] :  0.74215E-08
          Delta [meV] :  0.83397E+00   0.87054E+00

       Iteration 12

         Residual[Ry] :  0.69836E-08
          Delta [meV] :  0.84623E+00   0.88260E+00

       Iteration 13

         Residual[Ry] :  0.67722E-08
          Delta [meV] :  0.84069E+00   0.87678E+00

       Iteration 14

         Residual[Ry] :  0.50606E-08
          Delta [meV] :  0.80972E+00   0.84350E+00

       Iteration 15

         Residual[Ry] :  0.44746E-08
          Delta [meV] :  0.79225E+00   0.82493E+00

       Iteration 16

         Residual[Ry] :  0.35171E-08
          Delta [meV] :  0.78128E+00   0.81309E+00

       Iteration 17

         Residual[Ry] :  0.19538E-08
          Delta [meV] :  0.75216E+00   0.78204E+00

       Iteration 18

         Residual[Ry] :  0.17466E-08
          Delta [meV] :  0.74157E+00   0.77130E+00

       Iteration 19

         Residual[Ry] :  0.14891E-08
          Delta [meV] :  0.73217E+00   0.76105E+00

       Iteration 20

         Residual[Ry] :  0.11735E-08
          Delta [meV] :  0.73618E+00   0.76493E+00

       Iteration 21

         Residual[Ry] :  0.63078E-09
          Delta [meV] :  0.73438E+00   0.76250E+00

       Iteration 22

         Residual[Ry] :  0.36854E-09
          Delta [meV] :  0.73183E+00   0.76031E+00

       Iteration 23

         Residual[Ry] :  0.24924E-09
          Delta [meV] :  0.72994E+00   0.75846E+00

       Iteration 24

         Residual[Ry] :  0.10547E-09
          Delta [meV] :  0.72935E+00   0.75810E+00

       Iteration 25

         Residual[Ry] :  0.54390E-10
          Delta [meV] :  0.72933E+00   0.75809E+00

       Iteration 26

         Residual[Ry] :  0.34989E-10
          Delta [meV] :  0.72938E+00   0.75810E+00

       Iteration 27

         Residual[Ry] :  0.15184E-10
          Delta [meV] :  0.72939E+00   0.75807E+00

       Iteration 28

         Residual[Ry] :  0.11644E-10
          Delta [meV] :  0.72941E+00   0.75809E+00

       Iteration 29

         Residual[Ry] :  0.59699E-11
          Delta [meV] :  0.72944E+00   0.75812E+00

       Iteration 30

         Residual[Ry] :  0.32953E-11
          Delta [meV] :  0.72945E+00   0.75813E+00

       Iteration 31

         Residual[Ry] :  0.16742E-11
          Delta [meV] :  0.72946E+00   0.75815E+00

       Iteration 32

         Residual[Ry] :  0.13911E-11
          Delta [meV] :  0.72946E+00   0.75814E+00

       Iteration 33

         Residual[Ry] :  0.85823E-12
          Delta [meV] :  0.72946E+00   0.75814E+00

       Iteration 34

         Residual[Ry] :  0.27685E-12
          Delta [meV] :  0.72945E+00   0.75814E+00

       Iteration 35

         Residual[Ry] :  0.22483E-12
          Delta [meV] :  0.72945E+00   0.75813E+00

       Iteration 36

         Residual[Ry] :  0.10124E-12
          Delta [meV] :  0.72945E+00   0.75813E+00

       Iteration 37

         Residual[Ry] :  0.62000E-13
          Delta [meV] :  0.72945E+00   0.75813E+00

       Iteration 38

         Residual[Ry] :  0.44628E-13
          Delta [meV] :  0.72945E+00   0.75813E+00

       Iteration 39

         Residual[Ry] :  0.15269E-13
          Delta [meV] :  0.72945E+00   0.75813E+00

       Iteration 40

         Residual[Ry] :  0.96706E-14
          Delta [meV] :  0.72945E+00   0.75813E+00

       Iteration 41

         Residual[Ry] :  0.66762E-14
          Delta [meV] :  0.72945E+00   0.75813E+00

       Iteration 42

         Residual[Ry] :  0.30548E-14
          Delta [meV] :  0.72945E+00   0.75813E+00

       Iteration 43

         Residual[Ry] :  0.18646E-14
          Delta [meV] :  0.72945E+00   0.75813E+00

       Iteration 44

         Residual[Ry] :  0.14620E-14
          Delta [meV] :  0.72945E+00   0.75813E+00

       Iteration 45

         Residual[Ry] :  0.57010E-15
          Delta [meV] :  0.72945E+00   0.75813E+00

       Converged ! iter = 45

       Super current [a.u.] :             NaN            NaN

     T[K]-D[meV]:     0.71649E+01    0.74379E+00

       Initial delta is read from file (./pwscf_delta.dat)
       Number of total points for gap equation : 10713  8800
       DOS(E_F)[Ry^-1/cell/spin] :  0.47769E+01
       DOS(E_F)[Ry^-1/cell/spin] :  0.47859E+01

     #####  Compute renormalization factor : Z  #####

       Averaged Z_{FS} :  0.51753E+00   0.51744E+00

     #####  Compute effective interaction  #####


     #####  Solve gap equation  #####


       Iteration 1

         Residual[Ry] :  0.64790E-07
          Delta [meV] :  0.10736E+01   0.11121E+01

       Iteration 2

         Residual[Ry] :  0.42325E-07
          Delta [meV] :  0.10578E+01   0.10966E+01

       Iteration 3

         Residual[Ry] :  0.36816E-07
          Delta [meV] :  0.10261E+01   0.10646E+01

       Iteration 4

         Residual[Ry] :  0.33481E-07
          Delta [meV] :  0.98853E+00   0.10259E+01

       Iteration 5

         Residual[Ry] :  0.20114E-07
          Delta [meV] :  0.71160E+00   0.73614E+00

       Iteration 6

         Residual[Ry] :  0.21467E-07
          Delta [meV] :  0.68803E+00   0.70615E+00

       Iteration 7

         Residual[Ry] :  0.19607E-07
          Delta [meV] :  0.69121E+00   0.71477E+00

       Iteration 8

         Residual[Ry] :  0.17447E-07
          Delta [meV] :  0.67822E+00   0.70639E+00

       Iteration 9

         Residual[Ry] :  0.15279E-07
          Delta [meV] :  0.62346E+00   0.65335E+00

       Iteration 10

         Residual[Ry] :  0.14439E-07
          Delta [meV] :  0.52430E+00   0.55744E+00

       Iteration 11

         Residual[Ry] :  0.14852E-07
          Delta [meV] :  0.50650E+00   0.54014E+00

       Iteration 12

         Residual[Ry] :  0.13888E-07
          Delta [meV] :  0.53895E+00   0.57032E+00

       Iteration 13

         Residual[Ry] :  0.13368E-07
          Delta [meV] :  0.52155E+00   0.55289E+00

       Iteration 14

         Residual[Ry] :  0.11716E-07
          Delta [meV] :  0.50660E+00   0.53296E+00

       Iteration 15

         Residual[Ry] :  0.11017E-07
          Delta [meV] :  0.44960E+00   0.47427E+00

       Iteration 16

         Residual[Ry] :  0.10052E-07
          Delta [meV] :  0.37890E+00   0.40058E+00

       Iteration 17

         Residual[Ry] :  0.80390E-08
          Delta [meV] :  0.30436E+00   0.32254E+00

       Iteration 18

         Residual[Ry] :  0.54153E-08
          Delta [meV] :  0.21361E+00   0.22562E+00

       Iteration 19

         Residual[Ry] :  0.49165E-08
          Delta [meV] :  0.15761E+00   0.16574E+00

       Iteration 20

         Residual[Ry] :  0.45567E-08
          Delta [meV] :  0.10512E+00   0.11010E+00

       Iteration 21

         Residual[Ry] :  0.36489E-08
          Delta [meV] :  0.50687E-01   0.52729E-01

       Iteration 22

         Residual[Ry] :  0.18488E-08
          Delta [meV] :  0.84633E-02   0.98047E-02

       Iteration 23

         Residual[Ry] :  0.11647E-08
          Delta [meV] :  0.12078E-01   0.13444E-01

       Iteration 24

         Residual[Ry] :  0.54664E-09
          Delta [meV] :  0.47717E-02   0.43332E-02

       Iteration 25

         Residual[Ry] :  0.32455E-09
          Delta [meV] :  0.13311E-02   0.14845E-02

       Iteration 26

         Residual[Ry] :  0.22416E-09
          Delta [meV] :  0.18554E-03   0.32184E-03

       Iteration 27

         Residual[Ry] :  0.13117E-09
          Delta [meV] :  0.14282E-02   0.14526E-02

       Iteration 28

         Residual[Ry] :  0.67234E-10
          Delta [meV] :  0.19181E-02   0.19213E-02

       Iteration 29

         Residual[Ry] :  0.48606E-10
          Delta [meV] :  0.13895E-02   0.14099E-02

       Iteration 30

         Residual[Ry] :  0.19590E-10
          Delta [meV] :  0.28543E-03   0.32105E-03

       Iteration 31

         Residual[Ry] :  0.15277E-10
          Delta [meV] :  0.18323E-03   0.20631E-03

       Iteration 32

         Residual[Ry] :  0.42505E-11
          Delta [meV] :  0.17510E-03   0.18373E-03

       Iteration 33

         Residual[Ry] :  0.35062E-11
          Delta [meV] :  0.14114E-03   0.14785E-03

       Iteration 34

         Residual[Ry] :  0.10340E-11
          Delta [meV] :  0.23423E-04   0.24399E-04

       Iteration 35

         Residual[Ry] :  0.79871E-12
          Delta [meV] :  0.14582E-04   0.15190E-04

       Iteration 36

         Residual[Ry] :  0.31797E-12
          Delta [meV] :  0.56285E-06   0.57697E-06

       Iteration 37

         Residual[Ry] :  0.24624E-12
          Delta [meV] :  0.20777E-05   0.21976E-05

       Iteration 38

         Residual[Ry] :  0.14963E-12
          Delta [meV] :  0.19274E-05   0.20252E-05

       Iteration 39

         Residual[Ry] :  0.48016E-13
          Delta [meV] :  0.13196E-05   0.13614E-05

       Iteration 40

         Residual[Ry] :  0.38577E-13
          Delta [meV] :  0.98805E-06   0.10184E-05

       Iteration 41

         Residual[Ry] :  0.99767E-14
          Delta [meV] :  0.15681E-06   0.16568E-06

       Iteration 42

         Residual[Ry] :  0.82171E-14
          Delta [meV] :  0.12380E-06   0.13156E-06

       Iteration 43

         Residual[Ry] :  0.11713E-14
          Delta [meV] :  0.21907E-07   0.24137E-07

       Iteration 44

         Residual[Ry] :  0.82975E-15
          Delta [meV] :  0.13426E-07   0.14487E-07

       Converged ! iter = 44

       Super current [a.u.] :             NaN            NaN

     T[K]-D[meV]:     0.10747E+02    0.13956E-07

       Initial delta is read from file (./pwscf_delta.dat)
       Number of total points for gap equation : 10713  8800
       DOS(E_F)[Ry^-1/cell/spin] :  0.47769E+01
       DOS(E_F)[Ry^-1/cell/spin] :  0.47859E+01

     #####  Compute renormalization factor : Z  #####

       Averaged Z_{FS} :  0.52007E+00   0.51998E+00

     #####  Compute effective interaction  #####


     #####  Solve gap equation  #####


       Iteration 1

         Residual[Ry] :  0.50434E-07
          Delta [meV] :  0.10736E+01   0.11121E+01

       Iteration 2

         Residual[Ry] :  0.32491E-07
          Delta [meV] :  0.10615E+01   0.11004E+01

       Iteration 3

         Residual[Ry] :  0.28073E-07
          Delta [meV] :  0.10372E+01   0.10762E+01

       Iteration 4

         Residual[Ry] :  0.25421E-07
          Delta [meV] :  0.10084E+01   0.10472E+01

       Iteration 5

         Residual[Ry] :  0.13344E-07
          Delta [meV] :  0.80036E+00   0.83634E+00

       Iteration 6

         Residual[Ry] :  0.12455E-07
          Delta [meV] :  0.77437E+00   0.80863E+00

       Iteration 7

         Residual[Ry] :  0.12562E-07
          Delta [meV] :  0.73708E+00   0.76648E+00

       Iteration 8

         Residual[Ry] :  0.13071E-07
          Delta [meV] :  0.73196E+00   0.76005E+00

       Iteration 9

         Residual[Ry] :  0.11672E-07
          Delta [meV] :  0.71814E+00   0.74924E+00

       Iteration 10

         Residual[Ry] :  0.10931E-07
          Delta [meV] :  0.68240E+00   0.71852E+00

       Iteration 11

         Residual[Ry] :  0.11259E-07
          Delta [meV] :  0.67097E+00   0.70812E+00

       Iteration 12

         Residual[Ry] :  0.10563E-07
          Delta [meV] :  0.69131E+00   0.72662E+00

       Iteration 13

         Residual[Ry] :  0.10188E-07
          Delta [meV] :  0.68958E+00   0.72372E+00

       Iteration 14

         Residual[Ry] :  0.88711E-08
          Delta [meV] :  0.63734E+00   0.66975E+00

       Iteration 15

         Residual[Ry] :  0.77398E-08
          Delta [meV] :  0.59609E+00   0.62418E+00

       Iteration 16

         Residual[Ry] :  0.71882E-08
          Delta [meV] :  0.59750E+00   0.62582E+00

       Iteration 17

         Residual[Ry] :  0.53134E-08
          Delta [meV] :  0.56497E+00   0.59209E+00

       Iteration 18

         Residual[Ry] :  0.38896E-08
          Delta [meV] :  0.50227E+00   0.52358E+00

       Iteration 19

         Residual[Ry] :  0.34748E-08
          Delta [meV] :  0.45945E+00   0.48049E+00

       Iteration 20

         Residual[Ry] :  0.31451E-08
          Delta [meV] :  0.42447E+00   0.44380E+00

       Iteration 21

         Residual[Ry] :  0.24608E-08
          Delta [meV] :  0.36500E+00   0.38153E+00

       Iteration 22

         Residual[Ry] :  0.20110E-08
          Delta [meV] :  0.37543E+00   0.39170E+00

       Iteration 23

         Residual[Ry] :  0.12529E-08
          Delta [meV] :  0.38687E+00   0.40408E+00

       Iteration 24

         Residual[Ry] :  0.61395E-09
          Delta [meV] :  0.39339E+00   0.41021E+00

       Iteration 25

         Residual[Ry] :  0.38036E-09
          Delta [meV] :  0.37420E+00   0.39029E+00

       Iteration 26

         Residual[Ry] :  0.22905E-09
          Delta [meV] :  0.36242E+00   0.37832E+00

       Iteration 27

         Residual[Ry] :  0.11820E-09
          Delta [meV] :  0.35431E+00   0.37009E+00

       Iteration 28

         Residual[Ry] :  0.76300E-10
          Delta [meV] :  0.35447E+00   0.37029E+00

       Iteration 29

         Residual[Ry] :  0.36930E-10
          Delta [meV] :  0.35599E+00   0.37186E+00

       Iteration 30

         Residual[Ry] :  0.23321E-10
          Delta [meV] :  0.35657E+00   0.37245E+00

       Iteration 31

         Residual[Ry] :  0.14100E-10
          Delta [meV] :  0.35683E+00   0.37270E+00

       Iteration 32

         Residual[Ry] :  0.80644E-11
          Delta [meV] :  0.35700E+00   0.37287E+00

       Iteration 33

         Residual[Ry] :  0.49241E-11
          Delta [meV] :  0.35712E+00   0.37300E+00

       Iteration 34

         Residual[Ry] :  0.20458E-11
          Delta [meV] :  0.35722E+00   0.37310E+00

       Iteration 35

         Residual[Ry] :  0.14638E-11
          Delta [meV] :  0.35722E+00   0.37311E+00

       Iteration 36

         Residual[Ry] :  0.10231E-11
          Delta [meV] :  0.35720E+00   0.37309E+00

       Iteration 37

         Residual[Ry] :  0.47310E-12
          Delta [meV] :  0.35717E+00   0.37306E+00

       Iteration 38

         Residual[Ry] :  0.25143E-12
          Delta [meV] :  0.35715E+00   0.37304E+00

       Iteration 39

         Residual[Ry] :  0.20651E-12
          Delta [meV] :  0.35715E+00   0.37304E+00

       Iteration 40

         Residual[Ry] :  0.15482E-12
          Delta [meV] :  0.35715E+00   0.37304E+00

       Iteration 41

         Residual[Ry] :  0.57211E-13
          Delta [meV] :  0.35715E+00   0.37304E+00

       Iteration 42

         Residual[Ry] :  0.41961E-13
          Delta [meV] :  0.35715E+00   0.37304E+00

       Iteration 43

         Residual[Ry] :  0.23310E-13
          Delta [meV] :  0.35715E+00   0.37304E+00

       Iteration 44

         Residual[Ry] :  0.10035E-13
          Delta [meV] :  0.35715E+00   0.37304E+00

       Iteration 45

         Residual[Ry] :  0.78495E-14
          Delta [meV] :  0.35715E+00   0.37304E+00

       Iteration 46

         Residual[Ry] :  0.24628E-14
          Delta [meV] :  0.35715E+00   0.37304E+00

       Iteration 47

         Residual[Ry] :  0.18711E-14
          Delta [meV] :  0.35715E+00   0.37304E+00

       Iteration 48

         Residual[Ry] :  0.96129E-15
          Delta [meV] :  0.35715E+00   0.37304E+00

       Converged ! iter = 48

       Super current [a.u.] :             NaN            NaN

     T[K]-D[meV]:     0.89561E+01    0.36509E+00

       Initial delta is read from file (./pwscf_delta.dat)
       Number of total points for gap equation : 10713  8800
       DOS(E_F)[Ry^-1/cell/spin] :  0.47769E+01
       DOS(E_F)[Ry^-1/cell/spin] :  0.47859E+01

     #####  Compute renormalization factor : Z  #####

       Averaged Z_{FS} :  0.51880E+00   0.51871E+00

     #####  Compute effective interaction  #####


     #####  Solve gap equation  #####


       Iteration 1

         Residual[Ry] :  0.57686E-07
          Delta [meV] :  0.10736E+01   0.11121E+01

       Iteration 2

         Residual[Ry] :  0.37436E-07
          Delta [meV] :  0.10597E+01   0.10985E+01

       Iteration 3

         Residual[Ry] :  0.32469E-07
          Delta [meV] :  0.10316E+01   0.10704E+01

       Iteration 4

         Residual[Ry] :  0.29474E-07
          Delta [meV] :  0.99842E+00   0.10365E+01

       Iteration 5

         Residual[Ry] :  0.16452E-07
          Delta [meV] :  0.75385E+00   0.78425E+00

       Iteration 6

         Residual[Ry] :  0.16546E-07
          Delta [meV] :  0.72784E+00   0.75398E+00

       Iteration 7

         Residual[Ry] :  0.17009E-07
          Delta [meV] :  0.72417E+00   0.74858E+00

       Iteration 8

         Residual[Ry] :  0.15629E-07
          Delta [meV] :  0.72073E+00   0.74818E+00

       Iteration 9

         Residual[Ry] :  0.13561E-07
          Delta [meV] :  0.67716E+00   0.70744E+00

       Iteration 10

         Residual[Ry] :  0.12767E-07
          Delta [meV] :  0.60386E+00   0.63845E+00

       Iteration 11

         Residual[Ry] :  0.13147E-07
          Delta [meV] :  0.58896E+00   0.62407E+00

       Iteration 12

         Residual[Ry] :  0.12252E-07
          Delta [meV] :  0.62069E+00   0.65361E+00

       Iteration 13

         Residual[Ry] :  0.11867E-07
          Delta [meV] :  0.60714E+00   0.64008E+00

       Iteration 14

         Residual[Ry] :  0.10148E-07
          Delta [meV] :  0.58059E+00   0.60881E+00

       Iteration 15

         Residual[Ry] :  0.94671E-08
          Delta [meV] :  0.52645E+00   0.55288E+00

       Iteration 16

         Residual[Ry] :  0.86443E-08
          Delta [meV] :  0.48313E+00   0.50827E+00

       Iteration 17

         Residual[Ry] :  0.57345E-08
          Delta [meV] :  0.36746E+00   0.38815E+00

       Iteration 18

         Residual[Ry] :  0.46711E-08
          Delta [meV] :  0.33376E+00   0.34991E+00

       Iteration 19

         Residual[Ry] :  0.43826E-08
          Delta [meV] :  0.27117E+00   0.28459E+00

       Iteration 20

         Residual[Ry] :  0.41639E-08
          Delta [meV] :  0.23634E+00   0.24718E+00

       Iteration 21

         Residual[Ry] :  0.36480E-08
          Delta [meV] :  0.17234E+00   0.18038E+00

       Iteration 22

         Residual[Ry] :  0.21009E-08
          Delta [meV] :  0.36736E-01   0.38035E-01

       Iteration 23

         Residual[Ry] :  0.12695E-08
          Delta [meV] :  0.39155E-02   0.43646E-02

       Iteration 24

         Residual[Ry] :  0.68988E-09
          Delta [meV] :  0.14474E-02   0.17082E-02

       Iteration 25

         Residual[Ry] :  0.31832E-09
          Delta [meV] :  0.81117E-02   0.83311E-02

       Iteration 26

         Residual[Ry] :  0.18616E-09
          Delta [meV] :  0.68192E-02   0.71615E-02

       Iteration 27

         Residual[Ry] :  0.13616E-09
          Delta [meV] :  0.28112E-02   0.29673E-02

       Iteration 28

         Residual[Ry] :  0.46995E-10
          Delta [meV] :  0.48186E-02   0.50161E-02

       Iteration 29

         Residual[Ry] :  0.37939E-10
          Delta [meV] :  0.35807E-02   0.37251E-02

       Iteration 30

         Residual[Ry] :  0.15849E-10
          Delta [meV] :  0.46430E-03   0.48900E-03

       Iteration 31

         Residual[Ry] :  0.11025E-10
          Delta [meV] :  0.28281E-03   0.30349E-03

       Iteration 32

         Residual[Ry] :  0.59167E-11
          Delta [meV] :  0.24297E-04   0.29832E-04

       Iteration 33

         Residual[Ry] :  0.34727E-11
          Delta [meV] :  0.35784E-04   0.35403E-04

       Iteration 34

         Residual[Ry] :  0.17968E-11
          Delta [meV] :  0.86285E-04   0.91354E-04

       Iteration 35

         Residual[Ry] :  0.14100E-11
          Delta [meV] :  0.71780E-04   0.75713E-04

       Iteration 36

         Residual[Ry] :  0.43988E-12
          Delta [meV] :  0.29768E-04   0.30918E-04

       Iteration 37

         Residual[Ry] :  0.37017E-12
          Delta [meV] :  0.24952E-04   0.25933E-04

       Iteration 38

         Residual[Ry] :  0.10612E-12
          Delta [meV] :  0.22291E-05   0.23887E-05

       Iteration 39

         Residual[Ry] :  0.83010E-13
          Delta [meV] :  0.13703E-05   0.14886E-05

       Iteration 40

         Residual[Ry] :  0.28864E-13
          Delta [meV] :  0.22250E-06   0.22443E-06

       Iteration 41

         Residual[Ry] :  0.19288E-13
          Delta [meV] :  0.27867E-06   0.29587E-06

       Iteration 42

         Residual[Ry] :  0.11086E-13
          Delta [meV] :  0.21860E-06   0.23268E-06

       Iteration 43

         Residual[Ry] :  0.59014E-14
          Delta [meV] :  0.14995E-06   0.15588E-06

       Iteration 44

         Residual[Ry] :  0.36719E-14
          Delta [meV] :  0.10749E-06   0.11023E-06

       Iteration 45

         Residual[Ry] :  0.23925E-14
          Delta [meV] :  0.84410E-07   0.86920E-07

       Iteration 46

         Residual[Ry] :  0.44463E-15
          Delta [meV] :  0.35730E-07   0.37246E-07

       Converged ! iter = 46

       Super current [a.u.] :             NaN            NaN

     T[K]-D[meV]:     0.98517E+01    0.36488E-07

       Initial delta is read from file (./pwscf_delta.dat)
       Number of total points for gap equation : 10713  8800
       DOS(E_F)[Ry^-1/cell/spin] :  0.47769E+01
       DOS(E_F)[Ry^-1/cell/spin] :  0.47859E+01

     #####  Compute renormalization factor : Z  #####

       Averaged Z_{FS} :  0.51944E+00   0.51934E+00

     #####  Compute effective interaction  #####


     #####  Solve gap equation  #####


       Iteration 1

         Residual[Ry] :  0.54076E-07
          Delta [meV] :  0.10736E+01   0.11121E+01

       Iteration 2

         Residual[Ry] :  0.34968E-07
          Delta [meV] :  0.10606E+01   0.10995E+01

       Iteration 3

         Residual[Ry] :  0.30274E-07
          Delta [meV] :  0.10344E+01   0.10733E+01

       Iteration 4

         Residual[Ry] :  0.27450E-07
          Delta [meV] :  0.10034E+01   0.10419E+01

       Iteration 5

         Residual[Ry] :  0.14795E-07
          Delta [meV] :  0.77657E+00   0.80982E+00

       Iteration 6

         Residual[Ry] :  0.14313E-07
          Delta [meV] :  0.75017E+00   0.78039E+00

       Iteration 7

         Residual[Ry] :  0.15193E-07
          Delta [meV] :  0.73332E+00   0.75900E+00

       Iteration 8

         Residual[Ry] :  0.14588E-07
          Delta [meV] :  0.73395E+00   0.76103E+00

       Iteration 9

         Residual[Ry] :  0.12668E-07
          Delta [meV] :  0.70105E+00   0.73142E+00

       Iteration 10

         Residual[Ry] :  0.11864E-07
          Delta [meV] :  0.64347E+00   0.67873E+00

       Iteration 11

         Residual[Ry] :  0.12222E-07
          Delta [meV] :  0.63030E+00   0.66618E+00

       Iteration 12

         Residual[Ry] :  0.11375E-07
          Delta [meV] :  0.65982E+00   0.69352E+00

       Iteration 13

         Residual[Ry] :  0.11049E-07
          Delta [meV] :  0.64982E+00   0.68333E+00

       Iteration 14

         Residual[Ry] :  0.91401E-08
          Delta [meV] :  0.60360E+00   0.63213E+00

       Iteration 15

         Residual[Ry] :  0.86087E-08
          Delta [meV] :  0.56584E+00   0.59343E+00

       Iteration 16

         Residual[Ry] :  0.70867E-08
          Delta [meV] :  0.51356E+00   0.53978E+00

       Iteration 17

         Residual[Ry] :  0.45590E-08
          Delta [meV] :  0.43902E+00   0.46080E+00

       Iteration 18

         Residual[Ry] :  0.41031E-08
          Delta [meV] :  0.39586E+00   0.41412E+00

       Iteration 19

         Residual[Ry] :  0.39233E-08
          Delta [meV] :  0.34433E+00   0.36041E+00

       Iteration 20

         Residual[Ry] :  0.35783E-08
          Delta [meV] :  0.30934E+00   0.32331E+00

       Iteration 21

         Residual[Ry] :  0.26565E-08
          Delta [meV] :  0.22980E+00   0.24108E+00

       Iteration 22

         Residual[Ry] :  0.17207E-08
          Delta [meV] :  0.19063E+00   0.19863E+00

       Iteration 23

         Residual[Ry] :  0.99382E-09
          Delta [meV] :  0.17689E+00   0.18430E+00

       Iteration 24

         Residual[Ry] :  0.41610E-09
          Delta [meV] :  0.16274E+00   0.16974E+00

       Iteration 25

         Residual[Ry] :  0.29188E-09
          Delta [meV] :  0.15909E+00   0.16619E+00

       Iteration 26

         Residual[Ry] :  0.15328E-09
          Delta [meV] :  0.14613E+00   0.15291E+00

       Iteration 27

         Residual[Ry] :  0.11459E-09
          Delta [meV] :  0.14093E+00   0.14742E+00

       Iteration 28

         Residual[Ry] :  0.46762E-10
          Delta [meV] :  0.12745E+00   0.13326E+00

       Iteration 29

         Residual[Ry] :  0.38211E-10
          Delta [meV] :  0.12543E+00   0.13115E+00

       Iteration 30

         Residual[Ry] :  0.14325E-10
          Delta [meV] :  0.12025E+00   0.12575E+00

       Iteration 31

         Residual[Ry] :  0.10537E-10
          Delta [meV] :  0.11921E+00   0.12467E+00

       Iteration 32

         Residual[Ry] :  0.81758E-11
          Delta [meV] :  0.11793E+00   0.12334E+00

       Iteration 33

         Residual[Ry] :  0.71071E-11
          Delta [meV] :  0.11677E+00   0.12213E+00

       Iteration 34

         Residual[Ry] :  0.63950E-11
          Delta [meV] :  0.11570E+00   0.12100E+00

       Iteration 35

         Residual[Ry] :  0.53394E-11
          Delta [meV] :  0.11498E+00   0.12025E+00

       Iteration 36

         Residual[Ry] :  0.23050E-11
          Delta [meV] :  0.11154E+00   0.11666E+00

       Iteration 37

         Residual[Ry] :  0.19053E-11
          Delta [meV] :  0.11162E+00   0.11674E+00

       Iteration 38

         Residual[Ry] :  0.76365E-12
          Delta [meV] :  0.11116E+00   0.11626E+00

       Iteration 39

         Residual[Ry] :  0.42376E-12
          Delta [meV] :  0.11103E+00   0.11612E+00

       Iteration 40

         Residual[Ry] :  0.30855E-12
          Delta [meV] :  0.11099E+00   0.11609E+00

       Iteration 41

         Residual[Ry] :  0.21763E-12
          Delta [meV] :  0.11099E+00   0.11608E+00

       Iteration 42

         Residual[Ry] :  0.85336E-13
          Delta [meV] :  0.11091E+00   0.11600E+00

       Iteration 43

         Residual[Ry] :  0.68531E-13
          Delta [meV] :  0.11090E+00   0.11598E+00

       Iteration 44

         Residual[Ry] :  0.47356E-13
          Delta [meV] :  0.11089E+00   0.11597E+00

       Iteration 45

         Residual[Ry] :  0.15202E-13
          Delta [meV] :  0.11087E+00   0.11595E+00

       Iteration 46

         Residual[Ry] :  0.11131E-13
          Delta [meV] :  0.11087E+00   0.11596E+00

       Iteration 47

         Residual[Ry] :  0.72729E-14
          Delta [meV] :  0.11087E+00   0.11596E+00

       Iteration 48

         Residual[Ry] :  0.39433E-14
          Delta [meV] :  0.11087E+00   0.11596E+00

       Iteration 49

         Residual[Ry] :  0.18288E-14
          Delta [meV] :  0.11087E+00   0.11596E+00

       Iteration 50

         Residual[Ry] :  0.12639E-14
          Delta [meV] :  0.11087E+00   0.11596E+00

       Iteration 51

         Residual[Ry] :  0.66012E-15
          Delta [meV] :  0.11087E+00   0.11596E+00

       Converged ! iter = 51

       Super current [a.u.] :             NaN            NaN

     T[K]-D[meV]:     0.94039E+01    0.11341E+00

       Initial delta is read from file (./pwscf_delta.dat)
       Number of total points for gap equation : 10713  8800
       DOS(E_F)[Ry^-1/cell/spin] :  0.47769E+01
       DOS(E_F)[Ry^-1/cell/spin] :  0.47859E+01

     #####  Compute renormalization factor : Z  #####

       Averaged Z_{FS} :  0.51912E+00   0.51903E+00

     #####  Compute effective interaction  #####


     #####  Solve gap equation  #####


       Iteration 1

         Residual[Ry] :  0.55885E-07
          Delta [meV] :  0.10736E+01   0.11121E+01

       Iteration 2

         Residual[Ry] :  0.36204E-07
          Delta [meV] :  0.10601E+01   0.10990E+01

       Iteration 3

         Residual[Ry] :  0.31373E-07
          Delta [meV] :  0.10330E+01   0.10718E+01

       Iteration 4

         Residual[Ry] :  0.28463E-07
          Delta [meV] :  0.10009E+01   0.10392E+01

       Iteration 5

         Residual[Ry] :  0.15602E-07
          Delta [meV] :  0.76507E+00   0.79691E+00

       Iteration 6

         Residual[Ry] :  0.15396E-07
          Delta [meV] :  0.73878E+00   0.76696E+00

       Iteration 7

         Residual[Ry] :  0.16178E-07
          Delta [meV] :  0.72957E+00   0.75445E+00

       Iteration 8

         Residual[Ry] :  0.15133E-07
          Delta [meV] :  0.72853E+00   0.75575E+00

       Iteration 9

         Residual[Ry] :  0.13119E-07
          Delta [meV] :  0.68960E+00   0.71992E+00

       Iteration 10

         Residual[Ry] :  0.12319E-07
          Delta [meV] :  0.62373E+00   0.65865E+00

       Iteration 11

         Residual[Ry] :  0.12689E-07
          Delta [meV] :  0.60970E+00   0.64517E+00

       Iteration 12

         Residual[Ry] :  0.11816E-07
          Delta [meV] :  0.64071E+00   0.67400E+00

       Iteration 13

         Residual[Ry] :  0.11462E-07
          Delta [meV] :  0.62867E+00   0.66191E+00

       Iteration 14

         Residual[Ry] :  0.96733E-08
          Delta [meV] :  0.59516E+00   0.62363E+00

       Iteration 15

         Residual[Ry] :  0.90421E-08
          Delta [meV] :  0.54538E+00   0.57231E+00

       Iteration 16

         Residual[Ry] :  0.81266E-08
          Delta [meV] :  0.50599E+00   0.53184E+00

       Iteration 17

         Residual[Ry] :  0.51351E-08
          Delta [meV] :  0.39640E+00   0.41793E+00

       Iteration 18

         Residual[Ry] :  0.44047E-08
          Delta [meV] :  0.36936E+00   0.38663E+00

       Iteration 19

         Residual[Ry] :  0.41753E-08
          Delta [meV] :  0.31359E+00   0.32873E+00

       Iteration 20

         Residual[Ry] :  0.39587E-08
          Delta [meV] :  0.27754E+00   0.29022E+00

       Iteration 21

         Residual[Ry] :  0.33328E-08
          Delta [meV] :  0.21109E+00   0.22096E+00

       Iteration 22

         Residual[Ry] :  0.19818E-08
          Delta [meV] :  0.92244E-01   0.96362E-01

       Iteration 23

         Residual[Ry] :  0.12324E-08
          Delta [meV] :  0.62597E-01   0.64851E-01

       Iteration 24

         Residual[Ry] :  0.52449E-09
          Delta [meV] :  0.42348E-01   0.43736E-01

       Iteration 25

         Residual[Ry] :  0.31870E-09
          Delta [meV] :  0.39166E-01   0.40760E-01

       Iteration 26

         Residual[Ry] :  0.17801E-09
          Delta [meV] :  0.31416E-01   0.32921E-01

       Iteration 27

         Residual[Ry] :  0.13626E-09
          Delta [meV] :  0.25380E-01   0.26584E-01

       Iteration 28

         Residual[Ry] :  0.49960E-10
          Delta [meV] :  0.96728E-02   0.10083E-01

       Iteration 29

         Residual[Ry] :  0.39036E-10
          Delta [meV] :  0.74803E-02   0.77994E-02

       Iteration 30

         Residual[Ry] :  0.19750E-10
          Delta [meV] :  0.52331E-02   0.54707E-02

       Iteration 31

         Residual[Ry] :  0.90826E-11
          Delta [meV] :  0.28886E-02   0.30268E-02

       Iteration 32

         Residual[Ry] :  0.71901E-11
          Delta [meV] :  0.26530E-02   0.27767E-02

       Iteration 33

         Residual[Ry] :  0.42188E-11
          Delta [meV] :  0.17840E-02   0.18637E-02

       Iteration 34

         Residual[Ry] :  0.36262E-11
          Delta [meV] :  0.14828E-02   0.15492E-02

       Iteration 35

         Residual[Ry] :  0.20953E-11
          Delta [meV] :  0.77429E-03   0.80953E-03

       Iteration 36

         Residual[Ry] :  0.11748E-11
          Delta [meV] :  0.30712E-03   0.32150E-03

       Iteration 37

         Residual[Ry] :  0.85285E-12
          Delta [meV] :  0.16354E-03   0.17132E-03

       Iteration 38

         Residual[Ry] :  0.48349E-12
          Delta [meV] :  0.91733E-04   0.96055E-04

       Iteration 39

         Residual[Ry] :  0.17466E-12
          Delta [meV] :  0.34438E-04   0.35978E-04

       Iteration 40

         Residual[Ry] :  0.12795E-12
          Delta [meV] :  0.25404E-04   0.26537E-04

       Iteration 41

         Residual[Ry] :  0.56295E-13
          Delta [meV] :  0.14435E-04   0.15098E-04

       Iteration 42

         Residual[Ry] :  0.26724E-13
          Delta [meV] :  0.77307E-05   0.80977E-05

       Iteration 43

         Residual[Ry] :  0.20537E-13
          Delta [meV] :  0.60826E-05   0.63702E-05

       Iteration 44

         Residual[Ry] :  0.89889E-14
          Delta [meV] :  0.26727E-05   0.27935E-05

       Iteration 45

         Residual[Ry] :  0.68148E-14
          Delta [meV] :  0.18705E-05   0.19531E-05

       Iteration 46

         Residual[Ry] :  0.38342E-14
          Delta [meV] :  0.97684E-06   0.10189E-05

       Iteration 47

         Residual[Ry] :  0.21339E-14
          Delta [meV] :  0.33887E-06   0.35334E-06

       Iteration 48

         Residual[Ry] :  0.13441E-14
          Delta [meV] :  0.26520E-06   0.27755E-06

       Iteration 49

         Residual[Ry] :  0.94810E-15
          Delta [meV] :  0.41406E-07   0.43646E-07

       Converged ! iter = 49

       Super current [a.u.] :             NaN            NaN

     T[K]-D[meV]:     0.96278E+01    0.42526E-07

       Initial delta is read from file (./pwscf_delta.dat)
       Number of total points for gap equation : 10713  8800
       DOS(E_F)[Ry^-1/cell/spin] :  0.47769E+01
       DOS(E_F)[Ry^-1/cell/spin] :  0.47859E+01

     #####  Compute renormalization factor : Z  #####

       Averaged Z_{FS} :  0.51928E+00   0.51919E+00

     #####  Compute effective interaction  #####


     #####  Solve gap equation  #####


       Iteration 1

         Residual[Ry] :  0.54982E-07
          Delta [meV] :  0.10736E+01   0.11121E+01

       Iteration 2

         Residual[Ry] :  0.35586E-07
          Delta [meV] :  0.10604E+01   0.10992E+01

       Iteration 3

         Residual[Ry] :  0.30824E-07
          Delta [meV] :  0.10337E+01   0.10726E+01

       Iteration 4

         Residual[Ry] :  0.27957E-07
          Delta [meV] :  0.10022E+01   0.10405E+01

       Iteration 5

         Residual[Ry] :  0.15193E-07
          Delta [meV] :  0.77079E+00   0.80334E+00

       Iteration 6

         Residual[Ry] :  0.14844E-07
          Delta [meV] :  0.74442E+00   0.77362E+00

       Iteration 7

         Residual[Ry] :  0.15709E-07
          Delta [meV] :  0.73166E+00   0.75689E+00

       Iteration 8

         Residual[Ry] :  0.14869E-07
          Delta [meV] :  0.73161E+00   0.75873E+00

       Iteration 9

         Residual[Ry] :  0.12895E-07
          Delta [meV] :  0.69548E+00   0.72582E+00

       Iteration 10

         Residual[Ry] :  0.12093E-07
          Delta [meV] :  0.63362E+00   0.66871E+00

       Iteration 11

         Residual[Ry] :  0.12457E-07
          Delta [meV] :  0.62002E+00   0.65569E+00

       Iteration 12

         Residual[Ry] :  0.11595E-07
          Delta [meV] :  0.65043E+00   0.68391E+00

       Iteration 13

         Residual[Ry] :  0.11256E-07
          Delta [meV] :  0.63932E+00   0.67269E+00

       Iteration 14

         Residual[Ry] :  0.94126E-08
          Delta [meV] :  0.60048E+00   0.62899E+00

       Iteration 15

         Residual[Ry] :  0.88259E-08
          Delta [meV] :  0.55525E+00   0.58249E+00

       Iteration 16

         Residual[Ry] :  0.77463E-08
          Delta [meV] :  0.51402E+00   0.54016E+00

       Iteration 17

         Residual[Ry] :  0.48361E-08
          Delta [meV] :  0.41562E+00   0.43743E+00

       Iteration 18

         Residual[Ry] :  0.42613E-08
          Delta [meV] :  0.38591E+00   0.40370E+00

       Iteration 19

         Residual[Ry] :  0.40599E-08
          Delta [meV] :  0.33215E+00   0.34796E+00

       Iteration 20

         Residual[Ry] :  0.38259E-08
          Delta [meV] :  0.29755E+00   0.31105E+00

       Iteration 21

         Residual[Ry] :  0.31061E-08
          Delta [meV] :  0.23144E+00   0.24231E+00

       Iteration 22

         Residual[Ry] :  0.19454E-08
          Delta [meV] :  0.14028E+00   0.14662E+00

       Iteration 23

         Residual[Ry] :  0.12080E-08
          Delta [meV] :  0.11635E+00   0.12110E+00

       Iteration 24

         Residual[Ry] :  0.48962E-09
          Delta [meV] :  0.95255E-01   0.99080E-01

       Iteration 25

         Residual[Ry] :  0.31824E-09
          Delta [meV] :  0.90436E-01   0.94368E-01

       Iteration 26

         Residual[Ry] :  0.18375E-09
          Delta [meV] :  0.79570E-01   0.83280E-01

       Iteration 27

         Residual[Ry] :  0.14487E-09
          Delta [meV] :  0.72240E-01   0.75583E-01

       Iteration 28

         Residual[Ry] :  0.67092E-10
          Delta [meV] :  0.51163E-01   0.53461E-01

       Iteration 29

         Residual[Ry] :  0.57257E-10
          Delta [meV] :  0.47028E-01   0.49144E-01

       Iteration 30

         Residual[Ry] :  0.27601E-10
          Delta [meV] :  0.34131E-01   0.35689E-01

       Iteration 31

         Residual[Ry] :  0.21470E-10
          Delta [meV] :  0.27558E-01   0.28825E-01

       Iteration 32

         Residual[Ry] :  0.19873E-10
          Delta [meV] :  0.25831E-01   0.27015E-01

       Iteration 33

         Residual[Ry] :  0.16897E-10
          Delta [meV] :  0.19772E-01   0.20676E-01

       Iteration 34

         Residual[Ry] :  0.15216E-10
          Delta [meV] :  0.16579E-01   0.17336E-01

       Iteration 35

         Residual[Ry] :  0.91122E-11
          Delta [meV] :  0.85012E-02   0.88877E-02

       Iteration 36

         Residual[Ry] :  0.44113E-11
          Delta [meV] :  0.87610E-03   0.91654E-03

       Iteration 37

         Residual[Ry] :  0.35349E-11
          Delta [meV] :  0.38523E-03   0.40352E-03

       Iteration 38

         Residual[Ry] :  0.11935E-11
          Delta [meV] :  0.60643E-03   0.63477E-03

       Iteration 39

         Residual[Ry] :  0.74080E-12
          Delta [meV] :  0.26803E-03   0.28060E-03

       Iteration 40

         Residual[Ry] :  0.58487E-12
          Delta [meV] :  0.31400E-03   0.32853E-03

       Iteration 41

         Residual[Ry] :  0.24858E-12
          Delta [meV] :  0.15884E-03   0.16610E-03

       Iteration 42

         Residual[Ry] :  0.15507E-12
          Delta [meV] :  0.62858E-04   0.65715E-04

       Iteration 43

         Residual[Ry] :  0.11455E-12
          Delta [meV] :  0.55082E-04   0.57564E-04

       Iteration 44

         Residual[Ry] :  0.73454E-13
          Delta [meV] :  0.42036E-04   0.43934E-04

       Iteration 45

         Residual[Ry] :  0.23912E-13
          Delta [meV] :  0.28574E-06   0.30035E-06

       Iteration 46

         Residual[Ry] :  0.18631E-13
          Delta [meV] :  0.73259E-06   0.76679E-06

       Iteration 47

         Residual[Ry] :  0.10911E-13
          Delta [meV] :  0.15219E-05   0.15911E-05

       Iteration 48

         Residual[Ry] :  0.48548E-14
          Delta [meV] :  0.10002E-05   0.10464E-05

       Iteration 49

         Residual[Ry] :  0.29394E-14
          Delta [meV] :  0.45823E-06   0.48025E-06

       Iteration 50

         Residual[Ry] :  0.20320E-14
          Delta [meV] :  0.25265E-06   0.26512E-06

       Iteration 51

         Residual[Ry] :  0.53899E-15
          Delta [meV] :  0.26231E-07   0.27690E-07

       Converged ! iter = 51

       Super current [a.u.] :             NaN            NaN

     T[K]-D[meV]:     0.95159E+01    0.26961E-07

       Initial delta is read from file (./pwscf_delta.dat)
       Number of total points for gap equation : 10713  8800
       DOS(E_F)[Ry^-1/cell/spin] :  0.47769E+01
       DOS(E_F)[Ry^-1/cell/spin] :  0.47859E+01

     #####  Compute renormalization factor : Z  #####

       Averaged Z_{FS} :  0.51936E+00   0.51926E+00

     #####  Compute effective interaction  #####


     #####  Solve gap equation  #####


       Iteration 1

         Residual[Ry] :  0.54529E-07
          Delta [meV] :  0.10736E+01   0.11121E+01

       Iteration 2

         Residual[Ry] :  0.35277E-07
          Delta [meV] :  0.10605E+01   0.10993E+01

       Iteration 3

         Residual[Ry] :  0.30549E-07
          Delta [meV] :  0.10340E+01   0.10729E+01

       Iteration 4

         Residual[Ry] :  0.27703E-07
          Delta [meV] :  0.10028E+01   0.10412E+01

       Iteration 5

         Residual[Ry] :  0.14992E-07
          Delta [meV] :  0.77367E+00   0.80657E+00

       Iteration 6

         Residual[Ry] :  0.14576E-07
          Delta [meV] :  0.74728E+00   0.77699E+00

       Iteration 7

         Residual[Ry] :  0.15457E-07
          Delta [meV] :  0.73255E+00   0.75798E+00

       Iteration 8

         Residual[Ry] :  0.14731E-07
          Delta [meV] :  0.73288E+00   0.75998E+00

       Iteration 9

         Residual[Ry] :  0.12782E-07
          Delta [meV] :  0.69831E+00   0.72866E+00

       Iteration 10

         Residual[Ry] :  0.11978E-07
          Delta [meV] :  0.63855E+00   0.67373E+00

       Iteration 11

         Residual[Ry] :  0.12340E-07
          Delta [meV] :  0.62517E+00   0.66094E+00

       Iteration 12

         Residual[Ry] :  0.11485E-07
          Delta [meV] :  0.65517E+00   0.68876E+00

       Iteration 13

         Residual[Ry] :  0.11153E-07
          Delta [meV] :  0.64459E+00   0.67803E+00

       Iteration 14

         Residual[Ry] :  0.92771E-08
          Delta [meV] :  0.60236E+00   0.63088E+00

       Iteration 15

         Residual[Ry] :  0.87173E-08
          Delta [meV] :  0.56043E+00   0.58784E+00

       Iteration 16

         Residual[Ry] :  0.74732E-08
          Delta [meV] :  0.51560E+00   0.54181E+00

       Iteration 17

         Residual[Ry] :  0.46893E-08
          Delta [meV] :  0.42672E+00   0.44857E+00

       Iteration 18

         Residual[Ry] :  0.41847E-08
          Delta [meV] :  0.39231E+00   0.41034E+00

       Iteration 19

         Residual[Ry] :  0.39963E-08
          Delta [meV] :  0.33910E+00   0.35513E+00

       Iteration 20

         Residual[Ry] :  0.37347E-08
          Delta [meV] :  0.30581E+00   0.31961E+00

       Iteration 21

         Residual[Ry] :  0.29497E-08
          Delta [meV] :  0.23919E+00   0.25055E+00

       Iteration 22

         Residual[Ry] :  0.18991E-08
          Delta [meV] :  0.16706E+00   0.17454E+00

       Iteration 23

         Residual[Ry] :  0.11288E-08
          Delta [meV] :  0.14577E+00   0.15180E+00

       Iteration 24

         Residual[Ry] :  0.47027E-09
          Delta [meV] :  0.12834E+00   0.13370E+00

       Iteration 25

         Residual[Ry] :  0.30700E-09
          Delta [meV] :  0.12376E+00   0.12924E+00

       Iteration 26

         Residual[Ry] :  0.17658E-09
          Delta [meV] :  0.11298E+00   0.11822E+00

       Iteration 27

         Residual[Ry] :  0.13697E-09
          Delta [meV] :  0.10612E+00   0.11101E+00

       Iteration 28

         Residual[Ry] :  0.59654E-10
          Delta [meV] :  0.86597E-01   0.90523E-01

       Iteration 29

         Residual[Ry] :  0.51870E-10
          Delta [meV] :  0.83873E-01   0.87684E-01

       Iteration 30

         Residual[Ry] :  0.23080E-10
          Delta [meV] :  0.71357E-01   0.74625E-01

       Iteration 31

         Residual[Ry] :  0.20430E-10
          Delta [meV] :  0.68026E-01   0.71148E-01

       Iteration 32

         Residual[Ry] :  0.19175E-10
          Delta [meV] :  0.65835E-01   0.68855E-01

       Iteration 33

         Residual[Ry] :  0.17696E-10
          Delta [meV] :  0.61317E-01   0.64127E-01

       Iteration 34

         Residual[Ry] :  0.16759E-10
          Delta [meV] :  0.58983E-01   0.61687E-01

       Iteration 35

         Residual[Ry] :  0.10922E-10
          Delta [meV] :  0.44519E-01   0.46561E-01

       Iteration 36

         Residual[Ry] :  0.84500E-11
          Delta [meV] :  0.31696E-01   0.33154E-01

       Iteration 37

         Residual[Ry] :  0.72059E-11
          Delta [meV] :  0.25366E-01   0.26533E-01

       Iteration 38

         Residual[Ry] :  0.49188E-11
          Delta [meV] :  0.15376E-01   0.16083E-01

       Iteration 39

         Residual[Ry] :  0.31682E-11
          Delta [meV] :  0.11108E-01   0.11619E-01

       Iteration 40

         Residual[Ry] :  0.19474E-11
          Delta [meV] :  0.66647E-02   0.69706E-02

       Iteration 41

         Residual[Ry] :  0.16197E-11
          Delta [meV] :  0.72202E-02   0.75525E-02

       Iteration 42

         Residual[Ry] :  0.11440E-11
          Delta [meV] :  0.64459E-02   0.67430E-02

       Iteration 43

         Residual[Ry] :  0.68906E-12
          Delta [meV] :  0.44012E-02   0.46040E-02

       Iteration 44

         Residual[Ry] :  0.50294E-12
          Delta [meV] :  0.28355E-02   0.29660E-02

       Iteration 45

         Residual[Ry] :  0.35134E-12
          Delta [meV] :  0.13627E-02   0.14251E-02

       Iteration 46

         Residual[Ry] :  0.21520E-12
          Delta [meV] :  0.27868E-03   0.29126E-03

       Iteration 47

         Residual[Ry] :  0.11615E-12
          Delta [meV] :  0.24530E-03   0.25651E-03

       Iteration 48

         Residual[Ry] :  0.48116E-13
          Delta [meV] :  0.21068E-03   0.22035E-03

       Iteration 49

         Residual[Ry] :  0.37430E-13
          Delta [meV] :  0.10466E-03   0.10947E-03

       Iteration 50

         Residual[Ry] :  0.26344E-13
          Delta [meV] :  0.59093E-04   0.61810E-04

       Iteration 51

         Residual[Ry] :  0.71635E-14
          Delta [meV] :  0.33706E-05   0.35253E-05

       Iteration 52

         Residual[Ry] :  0.54997E-14
          Delta [meV] :  0.25638E-05   0.26801E-05

       Iteration 53

         Residual[Ry] :  0.25049E-14
          Delta [meV] :  0.20015E-05   0.20954E-05

       Iteration 54

         Residual[Ry] :  0.84000E-15
          Delta [meV] :  0.26344E-05   0.27564E-05

       Converged ! iter = 54

       Super current [a.u.] :             NaN            NaN

     T[K]-D[meV]:     0.94599E+01    0.26954E-05

       Initial delta is read from file (./pwscf_delta.dat)
       Number of total points for gap equation : 10713  8800
       DOS(E_F)[Ry^-1/cell/spin] :  0.47769E+01
       DOS(E_F)[Ry^-1/cell/spin] :  0.47859E+01

     #####  Compute renormalization factor : Z  #####

       Averaged Z_{FS} :  0.51940E+00   0.51930E+00

     #####  Compute effective interaction  #####


     #####  Solve gap equation  #####


       Iteration 1

         Residual[Ry] :  0.54303E-07
          Delta [meV] :  0.10736E+01   0.11121E+01

       Iteration 2

         Residual[Ry] :  0.35123E-07
          Delta [meV] :  0.10605E+01   0.10994E+01

       Iteration 3

         Residual[Ry] :  0.30412E-07
          Delta [meV] :  0.10342E+01   0.10731E+01

       Iteration 4

         Residual[Ry] :  0.27577E-07
          Delta [meV] :  0.10031E+01   0.10415E+01

       Iteration 5

         Residual[Ry] :  0.14893E-07
          Delta [meV] :  0.77512E+00   0.80820E+00

       Iteration 6

         Residual[Ry] :  0.14444E-07
          Delta [meV] :  0.74872E+00   0.77868E+00

       Iteration 7

         Residual[Ry] :  0.15327E-07
          Delta [meV] :  0.73295E+00   0.75850E+00

       Iteration 8

         Residual[Ry] :  0.14660E-07
          Delta [meV] :  0.73344E+00   0.76053E+00

       Iteration 9

         Residual[Ry] :  0.12725E-07
          Delta [meV] :  0.69969E+00   0.73005E+00

       Iteration 10

         Residual[Ry] :  0.11921E-07
          Delta [meV] :  0.64101E+00   0.67623E+00

       Iteration 11

         Residual[Ry] :  0.12281E-07
          Delta [meV] :  0.62774E+00   0.66356E+00

       Iteration 12

         Residual[Ry] :  0.11430E-07
          Delta [meV] :  0.65751E+00   0.69115E+00

       Iteration 13

         Residual[Ry] :  0.11101E-07
          Delta [meV] :  0.64721E+00   0.68069E+00

       Iteration 14

         Residual[Ry] :  0.92086E-08
          Delta [meV] :  0.60306E+00   0.63159E+00

       Iteration 15

         Residual[Ry] :  0.86630E-08
          Delta [meV] :  0.56310E+00   0.59060E+00

       Iteration 16

         Residual[Ry] :  0.72984E-08
          Delta [meV] :  0.51519E+00   0.54142E+00

       Iteration 17

         Residual[Ry] :  0.46206E-08
          Delta [meV] :  0.43273E+00   0.45456E+00

       Iteration 18

         Residual[Ry] :  0.41445E-08
          Delta [meV] :  0.39456E+00   0.41269E+00

       Iteration 19

         Residual[Ry] :  0.39612E-08
          Delta [meV] :  0.34177E+00   0.35784E+00

       Iteration 20

         Residual[Ry] :  0.36706E-08
          Delta [meV] :  0.30865E+00   0.32255E+00

       Iteration 21

         Residual[Ry] :  0.28363E-08
          Delta [meV] :  0.23873E+00   0.25023E+00

       Iteration 22

         Residual[Ry] :  0.18436E-08
          Delta [meV] :  0.17954E+00   0.18745E+00

       Iteration 23

         Residual[Ry] :  0.10410E-08
          Delta [meV] :  0.15994E+00   0.16653E+00

       Iteration 24

         Residual[Ry] :  0.45405E-09
          Delta [meV] :  0.14567E+00   0.15185E+00

       Iteration 25

         Residual[Ry] :  0.29534E-09
          Delta [meV] :  0.14112E+00   0.14741E+00

       Iteration 26

         Residual[Ry] :  0.17039E-09
          Delta [meV] :  0.13040E+00   0.13643E+00

       Iteration 27

         Residual[Ry] :  0.12942E-09
          Delta [meV] :  0.12389E+00   0.12959E+00

       Iteration 28

         Residual[Ry] :  0.52490E-10
          Delta [meV] :  0.10630E+00   0.11114E+00

       Iteration 29

         Residual[Ry] :  0.45308E-10
          Delta [meV] :  0.10458E+00   0.10935E+00

       Iteration 30

         Residual[Ry] :  0.19120E-10
          Delta [meV] :  0.96360E-01   0.10077E+00

       Iteration 31

         Residual[Ry] :  0.15342E-10
          Delta [meV] :  0.93551E-01   0.97843E-01

       Iteration 32

         Residual[Ry] :  0.13959E-10
          Delta [meV] :  0.92172E-01   0.96400E-01

       Iteration 33

         Residual[Ry] :  0.12533E-10
          Delta [meV] :  0.89198E-01   0.93288E-01

       Iteration 34

         Residual[Ry] :  0.11734E-10
          Delta [meV] :  0.87829E-01   0.91856E-01

       Iteration 35

         Residual[Ry] :  0.73132E-11
          Delta [meV] :  0.80998E-01   0.84715E-01

       Iteration 36

         Residual[Ry] :  0.49598E-11
          Delta [meV] :  0.75333E-01   0.78794E-01

       Iteration 37

         Residual[Ry] :  0.38835E-11
          Delta [meV] :  0.73612E-01   0.76994E-01

       Iteration 38

         Residual[Ry] :  0.20900E-11
          Delta [meV] :  0.70913E-01   0.74172E-01

       Iteration 39

         Residual[Ry] :  0.13433E-11
          Delta [meV] :  0.71116E-01   0.74384E-01

       Iteration 40

         Residual[Ry] :  0.74846E-12
          Delta [meV] :  0.70819E-01   0.74073E-01

       Iteration 41

         Residual[Ry] :  0.61028E-12
          Delta [meV] :  0.70699E-01   0.73948E-01

       Iteration 42

         Residual[Ry] :  0.37152E-12
          Delta [meV] :  0.70555E-01   0.73797E-01

       Iteration 43

         Residual[Ry] :  0.21667E-12
          Delta [meV] :  0.70284E-01   0.73515E-01

       Iteration 44

         Residual[Ry] :  0.15421E-12
          Delta [meV] :  0.70182E-01   0.73408E-01

       Iteration 45

         Residual[Ry] :  0.89175E-13
          Delta [meV] :  0.70083E-01   0.73304E-01

       Iteration 46

         Residual[Ry] :  0.48161E-13
          Delta [meV] :  0.70042E-01   0.73261E-01

       Iteration 47

         Residual[Ry] :  0.23224E-13
          Delta [meV] :  0.70040E-01   0.73259E-01

       Iteration 48

         Residual[Ry] :  0.14822E-13
          Delta [meV] :  0.70028E-01   0.73247E-01

       Iteration 49

         Residual[Ry] :  0.11670E-13
          Delta [meV] :  0.70032E-01   0.73251E-01

       Iteration 50

         Residual[Ry] :  0.57790E-14
          Delta [meV] :  0.70034E-01   0.73253E-01

       Iteration 51

         Residual[Ry] :  0.24980E-14
          Delta [meV] :  0.70035E-01   0.73254E-01

       Iteration 52

         Residual[Ry] :  0.19164E-14
          Delta [meV] :  0.70035E-01   0.73254E-01

       Iteration 53

         Residual[Ry] :  0.43359E-15
          Delta [meV] :  0.70036E-01   0.73254E-01

       Converged ! iter = 53

       Super current [a.u.] :             NaN            NaN

     T[K]-D[meV]:     0.94319E+01    0.71645E-01

       Initial delta is read from file (./pwscf_delta.dat)
       Number of total points for gap equation : 10713  8800
       DOS(E_F)[Ry^-1/cell/spin] :  0.47769E+01
       DOS(E_F)[Ry^-1/cell/spin] :  0.47859E+01

     #####  Compute renormalization factor : Z  #####

       Averaged Z_{FS} :  0.51938E+00   0.51928E+00

     #####  Compute effective interaction  #####


     #####  Solve gap equation  #####


       Iteration 1

         Residual[Ry] :  0.54416E-07
          Delta [meV] :  0.10736E+01   0.11121E+01

       Iteration 2

         Residual[Ry] :  0.35200E-07
          Delta [meV] :  0.10605E+01   0.10994E+01

       Iteration 3

         Residual[Ry] :  0.30481E-07
          Delta [meV] :  0.10341E+01   0.10730E+01

       Iteration 4

         Residual[Ry] :  0.27640E-07
          Delta [meV] :  0.10029E+01   0.10414E+01

       Iteration 5

         Residual[Ry] :  0.14943E-07
          Delta [meV] :  0.77439E+00   0.80738E+00

       Iteration 6

         Residual[Ry] :  0.14510E-07
          Delta [meV] :  0.74800E+00   0.77783E+00

       Iteration 7

         Residual[Ry] :  0.15393E-07
          Delta [meV] :  0.73275E+00   0.75824E+00

       Iteration 8

         Residual[Ry] :  0.14696E-07
          Delta [meV] :  0.73317E+00   0.76026E+00

       Iteration 9

         Residual[Ry] :  0.12754E-07
          Delta [meV] :  0.69900E+00   0.72936E+00

       Iteration 10

         Residual[Ry] :  0.11950E-07
          Delta [meV] :  0.63978E+00   0.67498E+00

       Iteration 11

         Residual[Ry] :  0.12311E-07
          Delta [meV] :  0.62645E+00   0.66225E+00

       Iteration 12

         Residual[Ry] :  0.11458E-07
          Delta [meV] :  0.65634E+00   0.68996E+00

       Iteration 13

         Residual[Ry] :  0.11127E-07
          Delta [meV] :  0.64590E+00   0.67936E+00

       Iteration 14

         Residual[Ry] :  0.92428E-08
          Delta [meV] :  0.60273E+00   0.63126E+00

       Iteration 15

         Residual[Ry] :  0.86901E-08
          Delta [meV] :  0.56175E+00   0.58921E+00

       Iteration 16

         Residual[Ry] :  0.73898E-08
          Delta [meV] :  0.51552E+00   0.54175E+00

       Iteration 17

         Residual[Ry] :  0.46543E-08
          Delta [meV] :  0.42969E+00   0.45153E+00

       Iteration 18

         Residual[Ry] :  0.41648E-08
          Delta [meV] :  0.39354E+00   0.41162E+00

       Iteration 19

         Residual[Ry] :  0.39791E-08
          Delta [meV] :  0.34049E+00   0.35655E+00

       Iteration 20

         Residual[Ry] :  0.37051E-08
          Delta [meV] :  0.30740E+00   0.32126E+00

       Iteration 21

         Residual[Ry] :  0.28980E-08
          Delta [meV] :  0.23967E+00   0.25112E+00

       Iteration 22

         Residual[Ry] :  0.18764E-08
          Delta [meV] :  0.17349E+00   0.18120E+00

       Iteration 23

         Residual[Ry] :  0.10893E-08
          Delta [meV] :  0.15287E+00   0.15918E+00

       Iteration 24

         Residual[Ry] :  0.46352E-09
          Delta [meV] :  0.13696E+00   0.14273E+00

       Iteration 25

         Residual[Ry] :  0.30178E-09
          Delta [meV] :  0.13242E+00   0.13829E+00

       Iteration 26

         Residual[Ry] :  0.17388E-09
          Delta [meV] :  0.12171E+00   0.12735E+00

       Iteration 27

         Residual[Ry] :  0.13364E-09
          Delta [meV] :  0.11502E+00   0.12032E+00

       Iteration 28

         Residual[Ry] :  0.56211E-10
          Delta [meV] :  0.96375E-01   0.10075E+00

       Iteration 29

         Residual[Ry] :  0.48755E-10
          Delta [meV] :  0.94146E-01   0.98430E-01

       Iteration 30

         Residual[Ry] :  0.21045E-10
          Delta [meV] :  0.83680E-01   0.87512E-01

       Iteration 31

         Residual[Ry] :  0.18055E-10
          Delta [meV] :  0.80660E-01   0.84362E-01

       Iteration 32

         Residual[Ry] :  0.16748E-10
          Delta [meV] :  0.78831E-01   0.82447E-01

       Iteration 33

         Residual[Ry] :  0.15328E-10
          Delta [meV] :  0.75077E-01   0.78519E-01

       Iteration 34

         Residual[Ry] :  0.14462E-10
          Delta [meV] :  0.73254E-01   0.76613E-01

       Iteration 35

         Residual[Ry] :  0.91523E-11
          Delta [meV] :  0.62208E-01   0.65063E-01

       Iteration 36

         Residual[Ry] :  0.68764E-11
          Delta [meV] :  0.53432E-01   0.55888E-01

       Iteration 37

         Residual[Ry] :  0.56474E-11
          Delta [meV] :  0.49198E-01   0.51460E-01

       Iteration 38

         Residual[Ry] :  0.36590E-11
          Delta [meV] :  0.43170E-01   0.45155E-01

       Iteration 39

         Residual[Ry] :  0.22849E-11
          Delta [meV] :  0.41242E-01   0.43138E-01

       Iteration 40

         Residual[Ry] :  0.13843E-11
          Delta [meV] :  0.39169E-01   0.40970E-01

       Iteration 41

         Residual[Ry] :  0.11549E-11
          Delta [meV] :  0.39267E-01   0.41074E-01

       Iteration 42

         Residual[Ry] :  0.82234E-12
          Delta [meV] :  0.38807E-01   0.40592E-01

       Iteration 43

         Residual[Ry] :  0.51086E-12
          Delta [meV] :  0.37643E-01   0.39375E-01

       Iteration 44

         Residual[Ry] :  0.39932E-12
          Delta [meV] :  0.36779E-01   0.38471E-01

       Iteration 45

         Residual[Ry] :  0.28507E-12
          Delta [meV] :  0.35829E-01   0.37477E-01

       Iteration 46

         Residual[Ry] :  0.16721E-12
          Delta [meV] :  0.34875E-01   0.36480E-01

       Iteration 47

         Residual[Ry] :  0.93993E-13
          Delta [meV] :  0.34824E-01   0.36426E-01

       Iteration 48

         Residual[Ry] :  0.38766E-13
          Delta [meV] :  0.34500E-01   0.36087E-01

       Iteration 49

         Residual[Ry] :  0.30193E-13
          Delta [meV] :  0.34593E-01   0.36185E-01

       Iteration 50

         Residual[Ry] :  0.20813E-13
          Delta [meV] :  0.34649E-01   0.36243E-01

       Iteration 51

         Residual[Ry] :  0.72556E-14
          Delta [meV] :  0.34699E-01   0.36296E-01

       Iteration 52

         Residual[Ry] :  0.46094E-14
          Delta [meV] :  0.34697E-01   0.36293E-01

       Iteration 53

         Residual[Ry] :  0.27399E-14
          Delta [meV] :  0.34688E-01   0.36284E-01

       Iteration 54

         Residual[Ry] :  0.14214E-14
          Delta [meV] :  0.34687E-01   0.36282E-01

       Iteration 55

         Residual[Ry] :  0.82515E-15
          Delta [meV] :  0.34688E-01   0.36283E-01

       Converged ! iter = 55

       Super current [a.u.] :             NaN            NaN

     T[K]-D[meV]:     0.94459E+01    0.35485E-01


     Transition temperature [K]     0.94529E+01


     #####  Clock summary  #####

     read_elph    :      2.66s CPU      0.04s WALL (       1 calls)
     read_Coulomb :      4.45s CPU      0.10s WALL (       1 calls)
 
     SCTK         :  56m59.92s CPU     56.32s WALL

 
   This run was terminated on:  12:10:55  13Mar2026            

=------------------------------------------------------------------------------=
   JOB DONE.
=------------------------------------------------------------------------------=
