
     Program SCTK v.6.7GPU starts on 27Nov2023 at 19:50:12 

     This program is part of the open-source Quantum ESPRESSO suite
     for quantum simulation of materials; please cite
         "P. Giannozzi et al., J. Phys.:Condens. Matter 21 395502 (2009);
         "P. Giannozzi et al., J. Phys.:Condens. Matter 29 465901 (2017);
         "P. Giannozzi et al., J. Chem. Phys. 152 154105 (2020);
          URL http://www.quantum-espresso.org", 
     in publications or presentations arising from this work. More details at
     http://www.quantum-espresso.org/quote

     Parallel version (MPI & OpenMP), running on     504 processor cores
     Number of MPI processes:               252
     Threads/MPI process:                     2

     MPI processes distributed on     4 nodes
     K-points division:     npool     =       9
     band groups division:  nbgrp     =      28

     git hash : 10e0a5ee9318627f72d1a1858850d2a8ac1a75b0


     Reading xml data from directory:

     ./pwscf.save/

     IMPORTANT: XC functional enforced from input :
     Exchange-correlation= PBE
                           (   1   4   3   4   0   0   0)
     Any further DFT definition will be discarded
     Please, verify this is what you really want

 
     G-vector sticks info
     --------------------
     sticks:   dense  smooth     PW     G-vecs:    dense   smooth      PW
     Sum         433     433    151                 5985     5985    1211
 
     Using Slab Decomposition
 
     Dense k-grid : 24  24  24
     Number of k(dense) : 413
     [opt_tetra]  Optimized tetrahedron method is used.
 
     Number of bands :      28
     Number of k times spin :     413
     Number of symmetries :      48
     Lowest band which contains FS :       7
     Highest band which contains FS :       8
     [opt_tetra]  Optimized tetrahedron method is used.

     #####  Read from STDIN  #####

                      q grid : 6  6  6
         # of Chebyshev int. : 5
                 The first q : 1
                  The last q : 0
                      laddxc : 0
                         lsf : 0
       Cutoff kinetic energy :  0.14000E+03


     Dynamical matrices for ( 6, 6, 6)  uniform grid of q-points
     With a half shift
     (  28 q-points):
       N         xq(1)         xq(2)         xq(3) 
       1  -0.083333333   0.083333333   0.083333333
       2  -0.250000000   0.250000000  -0.083333333
       3  -0.416666667   0.416666667  -0.250000000
       4   0.416666667  -0.416666667   0.583333333
       5   0.250000000  -0.250000000   0.416666667
       6   0.083333333  -0.083333333   0.250000000
       7  -0.083333333   0.416666667   0.083333333
       8  -0.250000000   0.583333333  -0.083333333
       9   0.583333333  -0.250000000   0.750000000
      10   0.416666667  -0.083333333   0.583333333
      11   0.250000000   0.083333333   0.416666667
      12  -0.083333333   0.750000000   0.083333333
      13   0.750000000  -0.083333333   0.916666667
      14   0.583333333   0.083333333   0.750000000
      15   0.416666667   0.250000000   0.583333333
      16  -0.083333333  -0.916666667   0.083333333
      17  -0.250000000  -0.750000000  -0.083333333
      18  -0.083333333  -0.583333333   0.083333333
      19  -0.250000000   0.250000000   0.250000000
      20  -0.416666667   0.416666667   0.083333333
      21   0.416666667  -0.416666667   0.916666667
      22   0.250000000  -0.250000000   0.750000000
      23  -0.250000000   0.583333333   0.250000000
      24   0.583333333  -0.250000000   1.083333333
      25   0.416666667  -0.083333333   0.916666667
      26  -0.250000000  -1.083333333   0.250000000
      27  -0.416666667   0.416666667   0.416666667
      28   0.416666667  -0.416666667   1.250000000
     Because shifted q grid is used, q2r will not work !
     Exchange parallelized over bands (  28 band groups)

     EXX grid:     5985 G-vectors     FFT dimensions: (  25,  25,  25)

     #####  Read gvectors.dat & evc.dat  #####

       Total RAM for input WFC :   0.75E+02 GB

     #####  FFT wfc(G) -> wfc(r)  #####

       Total RAM for WFC(r) :   0.11E+03 GB

     #####  Set frequency grid  #####

       Index, Frequency [Ry]
         0       0.0000000E+00
         1       0.8070090E-01
         2       0.2360680E+00
         3       0.5095254E+00
         4       0.1000000E+01
         5       0.1962611E+01
         6       0.4236068E+01
         7       0.1239144E+02
         8     Infinity

     #####  Compute K_el  #####


       q-point : 1

         Number of PWs for W : 6036
         Total RAM for Vscr :   0.47E+01 GB
         Total RAM for rho  :   0.38E+02 GB
         Total RAM for weight on coarse grid :   0.28E-01 GB
         Total RAM for Weight on dense grid :   0.14E+01 GB
         Total RAM for Kel :   0.16E-01 GB

         Averaged potential (mu)

           DOS(EF) =     0.7160E+01 [/Ry]
           Frequency [Ry], Coulomb parameter(mu)
                        0  0.4916E+00
               0.8070E-01  0.1033E+01
               0.2361E+00  0.2778E+01
               0.5095E+00  0.7066E+01
               0.1000E+01  0.1460E+02
               0.1963E+01  0.2308E+02
               0.4236E+01  0.2994E+02
               0.1239E+02  0.3421E+02
                 Infinity  0.3515E+02

         Verify the Chebyshev interpolation for Coulom

            Frequency   Max. Err.[%]   Ave. Err.[%]
                 0.00000E+00          0.000          0.000
                 0.80701E-01         18.960          1.632
                 0.23607E+00          0.000          0.000
                 0.50953E+00          4.080          0.878
                 0.10000E+01          0.000          0.000
                 0.19626E+01          3.889          0.697
                 0.42361E+01          0.000          0.000
                 0.12391E+02          5.178          0.957
               Infinity          0.000          0.000

       q-point : 2

         Number of PWs for W : 6040
         Total RAM for Vscr :   0.47E+01 GB
         Total RAM for rho  :   0.38E+02 GB
         Total RAM for weight on coarse grid :   0.28E-01 GB
         Total RAM for Weight on dense grid :   0.14E+01 GB
         Total RAM for Kel :   0.16E-01 GB

         Averaged potential (mu)

           DOS(EF) =     0.7160E+01 [/Ry]
           Frequency [Ry], Coulomb parameter(mu)
                        0  0.2575E+00
               0.8070E-01  0.3097E+00
               0.2361E+00  0.4426E+00
               0.5095E+00  0.7227E+00
               0.1000E+01  0.1157E+01
               0.1963E+01  0.1617E+01
               0.4236E+01  0.1983E+01
               0.1239E+02  0.2207E+01
                 Infinity  0.2256E+01

         Verify the Chebyshev interpolation for Coulom

            Frequency   Max. Err.[%]   Ave. Err.[%]
                 0.00000E+00          0.000          0.000
                 0.80701E-01          5.609          0.686
                 0.23607E+00          0.000          0.000
                 0.50953E+00          2.450          0.617
                 0.10000E+01          0.000          0.000
                 0.19626E+01          3.932          0.698
                 0.42361E+01          0.000          0.000
                 0.12391E+02          5.369          1.045
               Infinity          0.000          0.000

       q-point : 3

         Number of PWs for W : 6038
         Total RAM for Vscr :   0.47E+01 GB
         Total RAM for rho  :   0.38E+02 GB
         Total RAM for weight on coarse grid :   0.28E-01 GB
         Total RAM for Weight on dense grid :   0.14E+01 GB
         Total RAM for Kel :   0.16E-01 GB

         Averaged potential (mu)

           DOS(EF) =     0.7160E+01 [/Ry]
           Frequency [Ry], Coulomb parameter(mu)
                        0  0.2244E+00
               0.8070E-01  0.2511E+00
               0.2361E+00  0.3009E+00
               0.5095E+00  0.3838E+00
               0.1000E+01  0.4995E+00
               0.1963E+01  0.6273E+00
               0.4236E+01  0.7370E+00
               0.1239E+02  0.8062E+00
                 Infinity  0.8216E+00

         Verify the Chebyshev interpolation for Coulom

            Frequency   Max. Err.[%]   Ave. Err.[%]
                 0.00000E+00          0.000          0.000
                 0.80701E-01          1.796          0.355
                 0.23607E+00          0.000          0.000
                 0.50953E+00          2.535          0.466
                 0.10000E+01          0.000          0.000
                 0.19626E+01          4.222          0.748
                 0.42361E+01          0.000          0.000
                 0.12391E+02          5.850          1.043
               Infinity          0.000          0.000

       q-point : 4

         Number of PWs for W : 6038
         Total RAM for Vscr :   0.47E+01 GB
         Total RAM for rho  :   0.38E+02 GB
         Total RAM for weight on coarse grid :   0.28E-01 GB
         Total RAM for Weight on dense grid :   0.14E+01 GB
         Total RAM for Kel :   0.16E-01 GB

         Averaged potential (mu)

           DOS(EF) =     0.7160E+01 [/Ry]
           Frequency [Ry], Coulomb parameter(mu)
                        0  0.1834E+00
               0.8070E-01  0.1978E+00
               0.2361E+00  0.2223E+00
               0.5095E+00  0.2574E+00
               0.1000E+01  0.3035E+00
               0.1963E+01  0.3574E+00
               0.4236E+01  0.4093E+00
               0.1239E+02  0.4455E+00
                 Infinity  0.4539E+00

         Verify the Chebyshev interpolation for Coulom

            Frequency   Max. Err.[%]   Ave. Err.[%]
                 0.00000E+00          0.000          0.000
                 0.80701E-01          1.676          0.397
                 0.23607E+00          0.000          0.000
                 0.50953E+00          2.508          0.500
                 0.10000E+01          0.000          0.000
                 0.19626E+01          4.394          0.787
                 0.42361E+01          0.000          0.000
                 0.12391E+02          6.333          1.088
               Infinity          0.000          0.000

       q-point : 5

         Number of PWs for W : 6043
         Total RAM for Vscr :   0.47E+01 GB
         Total RAM for rho  :   0.38E+02 GB
         Total RAM for weight on coarse grid :   0.28E-01 GB
         Total RAM for Weight on dense grid :   0.14E+01 GB
         Total RAM for Kel :   0.16E-01 GB

         Averaged potential (mu)

           DOS(EF) =     0.7160E+01 [/Ry]
           Frequency [Ry], Coulomb parameter(mu)
                        0  0.2225E+00
               0.8070E-01  0.2486E+00
               0.2361E+00  0.3061E+00
               0.5095E+00  0.4100E+00
               0.1000E+01  0.5601E+00
               0.1963E+01  0.7236E+00
               0.4236E+01  0.8608E+00
               0.1239E+02  0.9468E+00
                 Infinity  0.9658E+00

         Verify the Chebyshev interpolation for Coulom

            Frequency   Max. Err.[%]   Ave. Err.[%]
                 0.00000E+00          0.000          0.000
                 0.80701E-01          2.037          0.381
                 0.23607E+00          0.000          0.000
                 0.50953E+00          2.528          0.473
                 0.10000E+01          0.000          0.000
                 0.19626E+01          4.144          0.737
                 0.42361E+01          0.000          0.000
                 0.12391E+02          5.752          1.045
               Infinity          0.000          0.000

       q-point : 6

         Number of PWs for W : 6031
         Total RAM for Vscr :   0.47E+01 GB
         Total RAM for rho  :   0.38E+02 GB
         Total RAM for weight on coarse grid :   0.28E-01 GB
         Total RAM for Weight on dense grid :   0.14E+01 GB
         Total RAM for Kel :   0.16E-01 GB

         Averaged potential (mu)

           DOS(EF) =     0.7160E+01 [/Ry]
           Frequency [Ry], Coulomb parameter(mu)
                        0  0.2983E+00
               0.8070E-01  0.3885E+00
               0.2361E+00  0.6581E+00
               0.5095E+00  0.1272E+01
               0.1000E+01  0.2266E+01
               0.1963E+01  0.3334E+01
               0.4236E+01  0.4186E+01
               0.1239E+02  0.4711E+01
                 Infinity  0.4827E+01

         Verify the Chebyshev interpolation for Coulom

            Frequency   Max. Err.[%]   Ave. Err.[%]
                 0.00000E+00          0.000          0.000
                 0.80701E-01          8.606          0.957
                 0.23607E+00          0.000          0.000
                 0.50953E+00          2.752          0.725
                 0.10000E+01          0.000          0.000
                 0.19626E+01          3.967          0.687
                 0.42361E+01          0.000          0.000
                 0.12391E+02          5.304          1.037
               Infinity          0.000          0.000

       q-point : 7

         Number of PWs for W : 6041
         Total RAM for Vscr :   0.47E+01 GB
         Total RAM for rho  :   0.38E+02 GB
         Total RAM for weight on coarse grid :   0.28E-01 GB
         Total RAM for Weight on dense grid :   0.14E+01 GB
         Total RAM for Kel :   0.16E-01 GB

         Averaged potential (mu)

           DOS(EF) =     0.7160E+01 [/Ry]
           Frequency [Ry], Coulomb parameter(mu)
                        0  0.2067E+00
               0.8070E-01  0.2297E+00
               0.2361E+00  0.2941E+00
               0.5095E+00  0.4265E+00
               0.1000E+01  0.6276E+00
               0.1963E+01  0.8432E+00
               0.4236E+01  0.1021E+01
               0.1239E+02  0.1132E+01
                 Infinity  0.1157E+01

         Verify the Chebyshev interpolation for Coulom

            Frequency   Max. Err.[%]   Ave. Err.[%]
                 0.00000E+00          0.000          0.000
                 0.80701E-01          3.053          0.487
                 0.23607E+00          0.000          0.000
                 0.50953E+00          2.566          0.534
                 0.10000E+01          0.000          0.000
                 0.19626E+01          4.142          0.713
                 0.42361E+01          0.000          0.000
                 0.12391E+02          5.603          1.046
               Infinity          0.000          0.000

       q-point : 8

         Number of PWs for W : 6037
         Total RAM for Vscr :   0.47E+01 GB
         Total RAM for rho  :   0.38E+02 GB
         Total RAM for weight on coarse grid :   0.28E-01 GB
         Total RAM for Weight on dense grid :   0.14E+01 GB
         Total RAM for Kel :   0.16E-01 GB

         Averaged potential (mu)

           DOS(EF) =     0.7160E+01 [/Ry]
           Frequency [Ry], Coulomb parameter(mu)
                        0  0.1938E+00
               0.8070E-01  0.2091E+00
               0.2361E+00  0.2440E+00
               0.5095E+00  0.3046E+00
               0.1000E+01  0.3889E+00
               0.1963E+01  0.4801E+00
               0.4236E+01  0.5563E+00
               0.1239E+02  0.6021E+00
                 Infinity  0.6118E+00

         Verify the Chebyshev interpolation for Coulom

            Frequency   Max. Err.[%]   Ave. Err.[%]
                 0.00000E+00          0.000          0.000
                 0.80701E-01          1.972          0.391
                 0.23607E+00          0.000          0.000
                 0.50953E+00          2.499          0.475
                 0.10000E+01          0.000          0.000
                 0.19626E+01          4.164          0.758
                 0.42361E+01          0.000          0.000
                 0.12391E+02          5.842          1.047
               Infinity          0.000          0.000

       q-point : 9

         Number of PWs for W : 6019
         Total RAM for Vscr :   0.46E+01 GB
         Total RAM for rho  :   0.38E+02 GB
         Total RAM for weight on coarse grid :   0.28E-01 GB
         Total RAM for Weight on dense grid :   0.14E+01 GB
         Total RAM for Kel :   0.16E-01 GB

         Averaged potential (mu)

           DOS(EF) =     0.7160E+01 [/Ry]
           Frequency [Ry], Coulomb parameter(mu)
                        0  0.1383E+00
               0.8070E-01  0.1440E+00
               0.2361E+00  0.1549E+00
               0.5095E+00  0.1701E+00
               0.1000E+01  0.1892E+00
               0.1963E+01  0.2120E+00
               0.4236E+01  0.2352E+00
               0.1239E+02  0.2515E+00
                 Infinity  0.2552E+00

         Verify the Chebyshev interpolation for Coulom

            Frequency   Max. Err.[%]   Ave. Err.[%]
                 0.00000E+00          0.000          0.000
                 0.80701E-01          1.658          0.425
                 0.23607E+00          0.000          0.000
                 0.50953E+00          2.431          0.529
                 0.10000E+01          0.000          0.000
                 0.19626E+01          4.265          0.822
                 0.42361E+01          0.000          0.000
                 0.12391E+02          6.336          1.108
               Infinity          0.000          0.000

       q-point : 10

         Number of PWs for W : 6042
         Total RAM for Vscr :   0.47E+01 GB
         Total RAM for rho  :   0.38E+02 GB
         Total RAM for weight on coarse grid :   0.28E-01 GB
         Total RAM for Weight on dense grid :   0.14E+01 GB
         Total RAM for Kel :   0.16E-01 GB

         Averaged potential (mu)

           DOS(EF) =     0.7160E+01 [/Ry]
           Frequency [Ry], Coulomb parameter(mu)
                        0  0.1804E+00
               0.8070E-01  0.1913E+00
               0.2361E+00  0.2153E+00
               0.5095E+00  0.2542E+00
               0.1000E+01  0.3057E+00
               0.1963E+01  0.3620E+00
               0.4236E+01  0.4107E+00
               0.1239E+02  0.4402E+00
                 Infinity  0.4465E+00

         Verify the Chebyshev interpolation for Coulom

            Frequency   Max. Err.[%]   Ave. Err.[%]
                 0.00000E+00          0.000          0.000
                 0.80701E-01          2.103          0.442
                 0.23607E+00          0.000          0.000
                 0.50953E+00          2.563          0.510
                 0.10000E+01          0.000          0.000
                 0.19626E+01          4.261          0.779
                 0.42361E+01          0.000          0.000
                 0.12391E+02          5.952          1.051
               Infinity          0.000          0.000

       q-point : 11

         Number of PWs for W : 6031
         Total RAM for Vscr :   0.47E+01 GB
         Total RAM for rho  :   0.38E+02 GB
         Total RAM for weight on coarse grid :   0.28E-01 GB
         Total RAM for Weight on dense grid :   0.14E+01 GB
         Total RAM for Kel :   0.16E-01 GB

         Averaged potential (mu)

           DOS(EF) =     0.7160E+01 [/Ry]
           Frequency [Ry], Coulomb parameter(mu)
                        0  0.2042E+00
               0.8070E-01  0.2248E+00
               0.2361E+00  0.2783E+00
               0.5095E+00  0.3804E+00
               0.1000E+01  0.5296E+00
               0.1963E+01  0.6885E+00
               0.4236E+01  0.8175E+00
               0.1239E+02  0.8957E+00
                 Infinity  0.9127E+00

         Verify the Chebyshev interpolation for Coulom

            Frequency   Max. Err.[%]   Ave. Err.[%]
                 0.00000E+00          0.000          0.000
                 0.80701E-01          2.134          0.410
                 0.23607E+00          0.000          0.000
                 0.50953E+00          2.516          0.490
                 0.10000E+01          0.000          0.000
                 0.19626E+01          3.966          0.737
                 0.42361E+01          0.000          0.000
                 0.12391E+02          5.463          1.065
               Infinity          0.000          0.000

       q-point : 12

         Number of PWs for W : 6032
         Total RAM for Vscr :   0.47E+01 GB
         Total RAM for rho  :   0.38E+02 GB
         Total RAM for weight on coarse grid :   0.28E-01 GB
         Total RAM for Weight on dense grid :   0.14E+01 GB
         Total RAM for Kel :   0.16E-01 GB

         Averaged potential (mu)

           DOS(EF) =     0.7160E+01 [/Ry]
           Frequency [Ry], Coulomb parameter(mu)
                        0  0.1815E+00
               0.8070E-01  0.1932E+00
               0.2361E+00  0.2172E+00
               0.5095E+00  0.2557E+00
               0.1000E+01  0.3079E+00
               0.1963E+01  0.3668E+00
               0.4236E+01  0.4199E+00
               0.1239E+02  0.4541E+00
                 Infinity  0.4616E+00

         Verify the Chebyshev interpolation for Coulom

            Frequency   Max. Err.[%]   Ave. Err.[%]
                 0.00000E+00          0.000          0.000
                 0.80701E-01          1.737          0.394
                 0.23607E+00          0.000          0.000
                 0.50953E+00          2.420          0.479
                 0.10000E+01          0.000          0.000
                 0.19626E+01          4.263          0.748
                 0.42361E+01          0.000          0.000
                 0.12391E+02          5.896          0.992
               Infinity          0.000          0.000

       q-point : 13

         Number of PWs for W : 6010
         Total RAM for Vscr :   0.46E+01 GB
         Total RAM for rho  :   0.38E+02 GB
         Total RAM for weight on coarse grid :   0.28E-01 GB
         Total RAM for Weight on dense grid :   0.14E+01 GB
         Total RAM for Kel :   0.16E-01 GB

         Averaged potential (mu)

           DOS(EF) =     0.7160E+01 [/Ry]
           Frequency [Ry], Coulomb parameter(mu)
                        0  0.1243E+00
               0.8070E-01  0.1289E+00
               0.2361E+00  0.1363E+00
               0.5095E+00  0.1463E+00
               0.1000E+01  0.1592E+00
               0.1963E+01  0.1748E+00
               0.4236E+01  0.1911E+00
               0.1239E+02  0.2023E+00
                 Infinity  0.2047E+00

         Verify the Chebyshev interpolation for Coulom

            Frequency   Max. Err.[%]   Ave. Err.[%]
                 0.00000E+00          0.000          0.000
                 0.80701E-01          1.479          0.357
                 0.23607E+00          0.000          0.000
                 0.50953E+00          2.283          0.487
                 0.10000E+01          0.000          0.000
                 0.19626E+01          4.132          0.784
                 0.42361E+01          0.000          0.000
                 0.12391E+02          5.871          1.005
               Infinity          0.000          0.000

       q-point : 14

         Number of PWs for W : 6007
         Total RAM for Vscr :   0.46E+01 GB
         Total RAM for rho  :   0.38E+02 GB
         Total RAM for weight on coarse grid :   0.28E-01 GB
         Total RAM for Weight on dense grid :   0.14E+01 GB
         Total RAM for Kel :   0.16E-01 GB

         Averaged potential (mu)

           DOS(EF) =     0.7160E+01 [/Ry]
           Frequency [Ry], Coulomb parameter(mu)
                        0  0.1466E+00
               0.8070E-01  0.1526E+00
               0.2361E+00  0.1648E+00
               0.5095E+00  0.1829E+00
               0.1000E+01  0.2062E+00
               0.1963E+01  0.2335E+00
               0.4236E+01  0.2601E+00
               0.1239E+02  0.2777E+00
                 Infinity  0.2815E+00

         Verify the Chebyshev interpolation for Coulom

            Frequency   Max. Err.[%]   Ave. Err.[%]
                 0.00000E+00          0.000          0.000
                 0.80701E-01          1.707          0.421
                 0.23607E+00          0.000          0.000
                 0.50953E+00          2.433          0.523
                 0.10000E+01          0.000          0.000
                 0.19626E+01          4.148          0.798
                 0.42361E+01          0.000          0.000
                 0.12391E+02          6.027          1.041
               Infinity          0.000          0.000

       q-point : 15

         Number of PWs for W : 6029
         Total RAM for Vscr :   0.47E+01 GB
         Total RAM for rho  :   0.38E+02 GB
         Total RAM for weight on coarse grid :   0.28E-01 GB
         Total RAM for Weight on dense grid :   0.14E+01 GB
         Total RAM for Kel :   0.16E-01 GB

         Averaged potential (mu)

           DOS(EF) =     0.7160E+01 [/Ry]
           Frequency [Ry], Coulomb parameter(mu)
                        0  0.1799E+00
               0.8070E-01  0.1934E+00
               0.2361E+00  0.2193E+00
               0.5095E+00  0.2590E+00
               0.1000E+01  0.3118E+00
               0.1963E+01  0.3713E+00
               0.4236E+01  0.4250E+00
               0.1239E+02  0.4597E+00
                 Infinity  0.4674E+00

         Verify the Chebyshev interpolation for Coulom

            Frequency   Max. Err.[%]   Ave. Err.[%]
                 0.00000E+00          0.000          0.000
                 0.80701E-01          1.831          0.419
                 0.23607E+00          0.000          0.000
                 0.50953E+00          2.453          0.502
                 0.10000E+01          0.000          0.000
                 0.19626E+01          4.203          0.779
                 0.42361E+01          0.000          0.000
                 0.12391E+02          6.034          1.066
               Infinity          0.000          0.000

       q-point : 16

         Number of PWs for W : 6010
         Total RAM for Vscr :   0.46E+01 GB
         Total RAM for rho  :   0.38E+02 GB
         Total RAM for weight on coarse grid :   0.28E-01 GB
         Total RAM for Weight on dense grid :   0.14E+01 GB
         Total RAM for Kel :   0.16E-01 GB

         Averaged potential (mu)

           DOS(EF) =     0.7160E+01 [/Ry]
           Frequency [Ry], Coulomb parameter(mu)
                        0  0.1594E+00
               0.8070E-01  0.1685E+00
               0.2361E+00  0.1839E+00
               0.5095E+00  0.2056E+00
               0.1000E+01  0.2341E+00
               0.1963E+01  0.2678E+00
               0.4236E+01  0.3010E+00
               0.1239E+02  0.3239E+00
                 Infinity  0.3291E+00

         Verify the Chebyshev interpolation for Coulom

            Frequency   Max. Err.[%]   Ave. Err.[%]
                 0.00000E+00          0.000          0.000
                 0.80701E-01          1.555          0.369
                 0.23607E+00          0.000          0.000
                 0.50953E+00          2.351          0.477
                 0.10000E+01          0.000          0.000
                 0.19626E+01          4.184          0.747
                 0.42361E+01          0.000          0.000
                 0.12391E+02          5.854          0.963
               Infinity          0.000          0.000

       q-point : 17

         Number of PWs for W : 6035
         Total RAM for Vscr :   0.47E+01 GB
         Total RAM for rho  :   0.38E+02 GB
         Total RAM for weight on coarse grid :   0.28E-01 GB
         Total RAM for Weight on dense grid :   0.14E+01 GB
         Total RAM for Kel :   0.16E-01 GB

         Averaged potential (mu)

           DOS(EF) =     0.7160E+01 [/Ry]
           Frequency [Ry], Coulomb parameter(mu)
                        0  0.1750E+00
               0.8070E-01  0.1858E+00
               0.2361E+00  0.2073E+00
               0.5095E+00  0.2412E+00
               0.1000E+01  0.2867E+00
               0.1963E+01  0.3383E+00
               0.4236E+01  0.3857E+00
               0.1239E+02  0.4166E+00
                 Infinity  0.4234E+00

         Verify the Chebyshev interpolation for Coulom

            Frequency   Max. Err.[%]   Ave. Err.[%]
                 0.00000E+00          0.000          0.000
                 0.80701E-01          1.745          0.397
                 0.23607E+00          0.000          0.000
                 0.50953E+00          2.355          0.498
                 0.10000E+01          0.000          0.000
                 0.19626E+01          4.187          0.767
                 0.42361E+01          0.000          0.000
                 0.12391E+02          5.842          1.018
               Infinity          0.000          0.000

       q-point : 18

         Number of PWs for W : 6048
         Total RAM for Vscr :   0.47E+01 GB
         Total RAM for rho  :   0.38E+02 GB
         Total RAM for weight on coarse grid :   0.28E-01 GB
         Total RAM for Weight on dense grid :   0.14E+01 GB
         Total RAM for Kel :   0.16E-01 GB

         Averaged potential (mu)

           DOS(EF) =     0.7160E+01 [/Ry]
           Frequency [Ry], Coulomb parameter(mu)
                        0  0.1826E+00
               0.8070E-01  0.1953E+00
               0.2361E+00  0.2261E+00
               0.5095E+00  0.2818E+00
               0.1000E+01  0.3615E+00
               0.1963E+01  0.4492E+00
               0.4236E+01  0.5251E+00
               0.1239E+02  0.5732E+00
                 Infinity  0.5838E+00

         Verify the Chebyshev interpolation for Coulom

            Frequency   Max. Err.[%]   Ave. Err.[%]
                 0.00000E+00          0.000          0.000
                 0.80701E-01          1.940          0.365
                 0.23607E+00          0.000          0.000
                 0.50953E+00          2.488          0.462
                 0.10000E+01          0.000          0.000
                 0.19626E+01          4.169          0.742
                 0.42361E+01          0.000          0.000
                 0.12391E+02          5.727          1.026
               Infinity          0.000          0.000

       q-point : 19

         Number of PWs for W : 6045
         Total RAM for Vscr :   0.47E+01 GB
         Total RAM for rho  :   0.38E+02 GB
         Total RAM for weight on coarse grid :   0.28E-01 GB
         Total RAM for Weight on dense grid :   0.14E+01 GB
         Total RAM for Kel :   0.16E-01 GB

         Averaged potential (mu)

           DOS(EF) =     0.7160E+01 [/Ry]
           Frequency [Ry], Coulomb parameter(mu)
                        0  0.2629E+00
               0.8070E-01  0.3137E+00
               0.2361E+00  0.4258E+00
               0.5095E+00  0.6494E+00
               0.1000E+01  0.9929E+00
               0.1963E+01  0.1367E+01
               0.4236E+01  0.1680E+01
               0.1239E+02  0.1884E+01
                 Infinity  0.1930E+01

         Verify the Chebyshev interpolation for Coulom

            Frequency   Max. Err.[%]   Ave. Err.[%]
                 0.00000E+00          0.000          0.000
                 0.80701E-01          3.721          0.532
                 0.23607E+00          0.000          0.000
                 0.50953E+00          2.503          0.542
                 0.10000E+01          0.000          0.000
                 0.19626E+01          3.978          0.699
                 0.42361E+01          0.000          0.000
                 0.12391E+02          5.476          1.006
               Infinity          0.000          0.000

       q-point : 20

         Number of PWs for W : 6036
         Total RAM for Vscr :   0.47E+01 GB
         Total RAM for rho  :   0.38E+02 GB
         Total RAM for weight on coarse grid :   0.28E-01 GB
         Total RAM for Weight on dense grid :   0.14E+01 GB
         Total RAM for Kel :   0.16E-01 GB

         Averaged potential (mu)

           DOS(EF) =     0.7160E+01 [/Ry]
           Frequency [Ry], Coulomb parameter(mu)
                        0  0.1985E+00
               0.8070E-01  0.2150E+00
               0.2361E+00  0.2544E+00
               0.5095E+00  0.3237E+00
               0.1000E+01  0.4202E+00
               0.1963E+01  0.5230E+00
               0.4236E+01  0.6057E+00
               0.1239E+02  0.6533E+00
                 Infinity  0.6632E+00

         Verify the Chebyshev interpolation for Coulom

            Frequency   Max. Err.[%]   Ave. Err.[%]
                 0.00000E+00          0.000          0.000
                 0.80701E-01          2.206          0.412
                 0.23607E+00          0.000          0.000
                 0.50953E+00          2.652          0.473
                 0.10000E+01          0.000          0.000
                 0.19626E+01          4.127          0.750
                 0.42361E+01          0.000          0.000
                 0.12391E+02          5.806          1.043
               Infinity          0.000          0.000

       q-point : 21

         Number of PWs for W : 6019
         Total RAM for Vscr :   0.46E+01 GB
         Total RAM for rho  :   0.38E+02 GB
         Total RAM for weight on coarse grid :   0.28E-01 GB
         Total RAM for Weight on dense grid :   0.14E+01 GB
         Total RAM for Kel :   0.16E-01 GB

         Averaged potential (mu)

           DOS(EF) =     0.7160E+01 [/Ry]
           Frequency [Ry], Coulomb parameter(mu)
                        0  0.1225E+00
               0.8070E-01  0.1261E+00
               0.2361E+00  0.1331E+00
               0.5095E+00  0.1426E+00
               0.1000E+01  0.1546E+00
               0.1963E+01  0.1692E+00
               0.4236E+01  0.1848E+00
               0.1239E+02  0.1959E+00
                 Infinity  0.1985E+00

         Verify the Chebyshev interpolation for Coulom

            Frequency   Max. Err.[%]   Ave. Err.[%]
                 0.00000E+00          0.000          0.000
                 0.80701E-01          1.652          0.416
                 0.23607E+00          0.000          0.000
                 0.50953E+00          2.501          0.530
                 0.10000E+01          0.000          0.000
                 0.19626E+01          4.417          0.835
                 0.42361E+01          0.000          0.000
                 0.12391E+02          6.412          1.125
               Infinity          0.000          0.000

       q-point : 22

         Number of PWs for W : 6038
         Total RAM for Vscr :   0.47E+01 GB
         Total RAM for rho  :   0.38E+02 GB
         Total RAM for weight on coarse grid :   0.28E-01 GB
         Total RAM for Weight on dense grid :   0.14E+01 GB
         Total RAM for Kel :   0.16E-01 GB

         Averaged potential (mu)

           DOS(EF) =     0.7160E+01 [/Ry]
           Frequency [Ry], Coulomb parameter(mu)
                        0  0.1633E+00
               0.8070E-01  0.1718E+00
               0.2361E+00  0.1899E+00
               0.5095E+00  0.2175E+00
               0.1000E+01  0.2533E+00
               0.1963E+01  0.2936E+00
               0.4236E+01  0.3299E+00
               0.1239E+02  0.3526E+00
                 Infinity  0.3575E+00

         Verify the Chebyshev interpolation for Coulom

            Frequency   Max. Err.[%]   Ave. Err.[%]
                 0.00000E+00          0.000          0.000
                 0.80701E-01          1.903          0.459
                 0.23607E+00          0.000          0.000
                 0.50953E+00          2.486          0.518
                 0.10000E+01          0.000          0.000
                 0.19626E+01          4.157          0.779
                 0.42361E+01          0.000          0.000
                 0.12391E+02          6.003          1.027
               Infinity          0.000          0.000

       q-point : 23

         Number of PWs for W : 6027
         Total RAM for Vscr :   0.46E+01 GB
         Total RAM for rho  :   0.38E+02 GB
         Total RAM for weight on coarse grid :   0.28E-01 GB
         Total RAM for Weight on dense grid :   0.14E+01 GB
         Total RAM for Kel :   0.16E-01 GB

         Averaged potential (mu)

           DOS(EF) =     0.7160E+01 [/Ry]
           Frequency [Ry], Coulomb parameter(mu)
                        0  0.1996E+00
               0.8070E-01  0.2150E+00
               0.2361E+00  0.2478E+00
               0.5095E+00  0.3017E+00
               0.1000E+01  0.3752E+00
               0.1963E+01  0.4560E+00
               0.4236E+01  0.5257E+00
               0.1239E+02  0.5687E+00
                 Infinity  0.5781E+00

         Verify the Chebyshev interpolation for Coulom

            Frequency   Max. Err.[%]   Ave. Err.[%]
                 0.00000E+00          0.000          0.000
                 0.80701E-01          2.072          0.417
                 0.23607E+00          0.000          0.000
                 0.50953E+00          2.610          0.485
                 0.10000E+01          0.000          0.000
                 0.19626E+01          4.161          0.758
                 0.42361E+01          0.000          0.000
                 0.12391E+02          5.993          1.038
               Infinity          0.000          0.000

       q-point : 24

         Number of PWs for W : 6018
         Total RAM for Vscr :   0.46E+01 GB
         Total RAM for rho  :   0.38E+02 GB
         Total RAM for weight on coarse grid :   0.28E-01 GB
         Total RAM for Weight on dense grid :   0.14E+01 GB
         Total RAM for Kel :   0.16E-01 GB

         Averaged potential (mu)

           DOS(EF) =     0.7160E+01 [/Ry]
           Frequency [Ry], Coulomb parameter(mu)
                        0  0.1031E+00
               0.8070E-01  0.1057E+00
               0.2361E+00  0.1104E+00
               0.5095E+00  0.1168E+00
               0.1000E+01  0.1246E+00
               0.1963E+01  0.1341E+00
               0.4236E+01  0.1445E+00
               0.1239E+02  0.1519E+00
                 Infinity  0.1535E+00

         Verify the Chebyshev interpolation for Coulom

            Frequency   Max. Err.[%]   Ave. Err.[%]
                 0.00000E+00          0.000          0.000
                 0.80701E-01          1.465          0.384
                 0.23607E+00          0.000          0.000
                 0.50953E+00          2.149          0.504
                 0.10000E+01          0.000          0.000
                 0.19626E+01          3.970          0.808
                 0.42361E+01          0.000          0.000
                 0.12391E+02          5.735          1.046
               Infinity          0.000          0.000

       q-point : 25

         Number of PWs for W : 6021
         Total RAM for Vscr :   0.46E+01 GB
         Total RAM for rho  :   0.38E+02 GB
         Total RAM for weight on coarse grid :   0.28E-01 GB
         Total RAM for Weight on dense grid :   0.14E+01 GB
         Total RAM for Kel :   0.16E-01 GB

         Averaged potential (mu)

           DOS(EF) =     0.7160E+01 [/Ry]
           Frequency [Ry], Coulomb parameter(mu)
                        0  0.1439E+00
               0.8070E-01  0.1496E+00
               0.2361E+00  0.1605E+00
               0.5095E+00  0.1761E+00
               0.1000E+01  0.1959E+00
               0.1963E+01  0.2188E+00
               0.4236E+01  0.2408E+00
               0.1239E+02  0.2551E+00
                 Infinity  0.2582E+00

         Verify the Chebyshev interpolation for Coulom

            Frequency   Max. Err.[%]   Ave. Err.[%]
                 0.00000E+00          0.000          0.000
                 0.80701E-01          1.597          0.411
                 0.23607E+00          0.000          0.000
                 0.50953E+00          2.314          0.512
                 0.10000E+01          0.000          0.000
                 0.19626E+01          4.076          0.786
                 0.42361E+01          0.000          0.000
                 0.12391E+02          5.725          1.007
               Infinity          0.000          0.000

       q-point : 26

         Number of PWs for W : 6004
         Total RAM for Vscr :   0.46E+01 GB
         Total RAM for rho  :   0.38E+02 GB
         Total RAM for weight on coarse grid :   0.28E-01 GB
         Total RAM for Weight on dense grid :   0.14E+01 GB
         Total RAM for Kel :   0.16E-01 GB

         Averaged potential (mu)

           DOS(EF) =     0.7160E+01 [/Ry]
           Frequency [Ry], Coulomb parameter(mu)
                        0  0.1197E+00
               0.8070E-01  0.1236E+00
               0.2361E+00  0.1304E+00
               0.5095E+00  0.1397E+00
               0.1000E+01  0.1514E+00
               0.1963E+01  0.1659E+00
               0.4236E+01  0.1813E+00
               0.1239E+02  0.1921E+00
                 Infinity  0.1945E+00

         Verify the Chebyshev interpolation for Coulom

            Frequency   Max. Err.[%]   Ave. Err.[%]
                 0.00000E+00          0.000          0.000
                 0.80701E-01          1.606          0.377
                 0.23607E+00          0.000          0.000
                 0.50953E+00          2.393          0.498
                 0.10000E+01          0.000          0.000
                 0.19626E+01          4.162          0.778
                 0.42361E+01          0.000          0.000
                 0.12391E+02          5.831          0.979
               Infinity          0.000          0.000

       q-point : 27

         Number of PWs for W : 6035
         Total RAM for Vscr :   0.47E+01 GB
         Total RAM for rho  :   0.38E+02 GB
         Total RAM for weight on coarse grid :   0.28E-01 GB
         Total RAM for Weight on dense grid :   0.14E+01 GB
         Total RAM for Kel :   0.16E-01 GB

         Averaged potential (mu)

           DOS(EF) =     0.7160E+01 [/Ry]
           Frequency [Ry], Coulomb parameter(mu)
                        0  0.2085E+00
               0.8070E-01  0.2286E+00
               0.2361E+00  0.2653E+00
               0.5095E+00  0.3207E+00
               0.1000E+01  0.3961E+00
               0.1963E+01  0.4811E+00
               0.4236E+01  0.5560E+00
               0.1239E+02  0.6036E+00
                 Infinity  0.6142E+00

         Verify the Chebyshev interpolation for Coulom

            Frequency   Max. Err.[%]   Ave. Err.[%]
                 0.00000E+00          0.000          0.000
                 0.80701E-01          1.915          0.398
                 0.23607E+00          0.000          0.000
                 0.50953E+00          2.524          0.468
                 0.10000E+01          0.000          0.000
                 0.19626E+01          4.305          0.743
                 0.42361E+01          0.000          0.000
                 0.12391E+02          6.271          1.019
               Infinity          0.000          0.000

       q-point : 28

         Number of PWs for W : 6016
         Total RAM for Vscr :   0.46E+01 GB
         Total RAM for rho  :   0.38E+02 GB
         Total RAM for weight on coarse grid :   0.28E-01 GB
         Total RAM for Weight on dense grid :   0.14E+01 GB
         Total RAM for Kel :   0.16E-01 GB

         Averaged potential (mu)

           DOS(EF) =     0.7160E+01 [/Ry]
           Frequency [Ry], Coulomb parameter(mu)
                        0  0.9775E-01
               0.8070E-01  0.1003E+00
               0.2361E+00  0.1045E+00
               0.5095E+00  0.1098E+00
               0.1000E+01  0.1161E+00
               0.1963E+01  0.1238E+00
               0.4236E+01  0.1322E+00
               0.1239E+02  0.1381E+00
                 Infinity  0.1394E+00

         Verify the Chebyshev interpolation for Coulom

            Frequency   Max. Err.[%]   Ave. Err.[%]
                 0.00000E+00          0.000          0.000
                 0.80701E-01          1.427          0.350
                 0.23607E+00          0.000          0.000
                 0.50953E+00          2.177          0.476
                 0.10000E+01          0.000          0.000
                 0.19626E+01          3.934          0.779
                 0.42361E+01          0.000          0.000
                 0.12391E+02          5.453          0.988
               Infinity          0.000          0.000

     #####  Clock summary  #####

     make_scrn    :   9283.76s CPU   6430.64s WALL (      28 calls)
     invert       :  26746.04s CPU  14753.19s WALL (      28 calls)
     make_kel     :   6426.35s CPU   4402.82s WALL (      28 calls)

     #####  In make_scrn #####

     fermi_factor :     11.26s CPU      5.83s WALL (      28 calls)
     zgemm(make_s :   4393.55s CPU   2251.06s WALL (  112896 calls)

     #####  In make_kel #####

     zgemm(make_k :   2475.54s CPU   1253.22s WALL (  112896 calls)

     #####  In make_scrn and make_kel #####

     wfc*wfc=rho  :   1312.94s CPU    975.77s WALL (   28224 calls)
     fft[rho]     :   3100.22s CPU   1573.33s WALL (   28224 calls)
 
     SCTK         :     11h48m CPU      7h 7m WALL

 
   This run was terminated on:   2:57:36  28Nov2023            

=------------------------------------------------------------------------------=
   JOB DONE.
=------------------------------------------------------------------------------=
